[    1444ms] [WARNING] WARN Dropping "fit-x" because spec has discrete width. @ http://localhost:8501/static/js/embed.BwU7eQR9.js:0
[    1458ms] [WARNING] WARN Dropping "fit-x" because spec has discrete width. @ http://localhost:8501/static/js/embed.BwU7eQR9.js:0
[    1461ms] [WARNING] WARN Infinite extent for field "pl_bi_start": [Infinity, -Infinity] @ http://localhost:8501/static/js/embed.BwU7eQR9.js:0
[    1461ms] [WARNING] WARN Infinite extent for field "pl_bi_end": [Infinity, -Infinity] @ http://localhost:8501/static/js/embed.BwU7eQR9.js:0
[    1461ms] [WARNING] WARN Infinite extent for field "median_pct": [Infinity, -Infinity] @ http://localhost:8501/static/js/embed.BwU7eQR9.js:0
[    1464ms] [WARNING] WARN Dropping "fit-x" because spec has discrete width. @ http://localhost:8501/static/js/embed.BwU7eQR9.js:0
[    1466ms] [WARNING] WARN Infinite extent for field "pl_bi_start": [Infinity, -Infinity] @ http://localhost:8501/static/js/embed.BwU7eQR9.js:0
[    1466ms] [WARNING] WARN Infinite extent for field "pl_bi_end": [Infinity, -Infinity] @ http://localhost:8501/static/js/embed.BwU7eQR9.js:0
[    1466ms] [WARNING] WARN Infinite extent for field "actual_median_pct": [Infinity, -Infinity] @ http://localhost:8501/static/js/embed.BwU7eQR9.js:0
[    1468ms] [WARNING] WARN Dropping "fit-x" because spec has discrete width. @ http://localhost:8501/static/js/embed.BwU7eQR9.js:0
[    1470ms] [WARNING] WARN Infinite extent for field "volume_bi_start": [Infinity, -Infinity] @ http://localhost:8501/static/js/embed.BwU7eQR9.js:0
[    1470ms] [WARNING] WARN Infinite extent for field "volume_bi_end": [Infinity, -Infinity] @ http://localhost:8501/static/js/embed.BwU7eQR9.js:0
[    1470ms] [WARNING] WARN Infinite extent for field "median_spread": [Infinity, -Infinity] @ http://localhost:8501/static/js/embed.BwU7eQR9.js:0
[   61216ms] [WARNING] WARN Dropping "fit-x" because spec has discrete width. @ http://localhost:8501/static/js/embed.BwU7eQR9.js:0
[   61253ms] [WARNING] WARN Dropping "fit-x" because spec has discrete width. @ http://localhost:8501/static/js/embed.BwU7eQR9.js:0
[   61255ms] [WARNING] WARN Infinite extent for field "pl_bi_start": [Infinity, -Infinity] @ http://localhost:8501/static/js/embed.BwU7eQR9.js:0
[   61255ms] [WARNING] WARN Infinite extent for field "pl_bi_end": [Infinity, -Infinity] @ http://localhost:8501/static/js/embed.BwU7eQR9.js:0
[   61255ms] [WARNING] WARN Infinite extent for field "median_pct": [Infinity, -Infinity] @ http://localhost:8501/static/js/embed.BwU7eQR9.js:0
[   61257ms] [WARNING] WARN Dropping "fit-x" because spec has discrete width. @ http://localhost:8501/static/js/embed.BwU7eQR9.js:0
[   61259ms] [WARNING] WARN Infinite extent for field "pl_bi_start": [Infinity, -Infinity] @ http://localhost:8501/static/js/embed.BwU7eQR9.js:0
[   61259ms] [WARNING] WARN Infinite extent for field "pl_bi_end": [Infinity, -Infinity] @ http://localhost:8501/static/js/embed.BwU7eQR9.js:0
[   61259ms] [WARNING] WARN Infinite extent for field "actual_median_pct": [Infinity, -Infinity] @ http://localhost:8501/static/js/embed.BwU7eQR9.js:0
[   61277ms] [WARNING] WARN Dropping "fit-x" because spec has discrete width. @ http://localhost:8501/static/js/embed.BwU7eQR9.js:0
[   61279ms] [WARNING] WARN Infinite extent for field "volume_bi_start": [Infinity, -Infinity] @ http://localhost:8501/static/js/embed.BwU7eQR9.js:0
[   61279ms] [WARNING] WARN Infinite extent for field "volume_bi_end": [Infinity, -Infinity] @ http://localhost:8501/static/js/embed.BwU7eQR9.js:0
[   61279ms] [WARNING] WARN Infinite extent for field "median_spread": [Infinity, -Infinity] @ http://localhost:8501/static/js/embed.BwU7eQR9.js:0
[  104577ms] [WARNING] WARN Dropping "fit-x" because spec has discrete width. @ http://localhost:8501/static/js/embed.BwU7eQR9.js:0
[  104583ms] [WARNING] WARN Dropping "fit-x" because spec has discrete width. @ http://localhost:8501/static/js/embed.BwU7eQR9.js:0
[  104585ms] [WARNING] WARN Infinite extent for field "pl_bi_start": [Infinity, -Infinity] @ http://localhost:8501/static/js/embed.BwU7eQR9.js:0
[  104585ms] [WARNING] WARN Infinite extent for field "pl_bi_end": [Infinity, -Infinity] @ http://localhost:8501/static/js/embed.BwU7eQR9.js:0
[  104585ms] [WARNING] WARN Infinite extent for field "median_pct": [Infinity, -Infinity] @ http://localhost:8501/static/js/embed.BwU7eQR9.js:0
[  104588ms] [WARNING] WARN Dropping "fit-x" because spec has discrete width. @ http://localhost:8501/static/js/embed.BwU7eQR9.js:0
[  104590ms] [WARNING] WARN Infinite extent for field "pl_bi_start": [Infinity, -Infinity] @ http://localhost:8501/static/js/embed.BwU7eQR9.js:0
[  104590ms] [WARNING] WARN Infinite extent for field "pl_bi_end": [Infinity, -Infinity] @ http://localhost:8501/static/js/embed.BwU7eQR9.js:0
[  104590ms] [WARNING] WARN Infinite extent for field "actual_median_pct": [Infinity, -Infinity] @ http://localhost:8501/static/js/embed.BwU7eQR9.js:0
[  104592ms] [WARNING] WARN Dropping "fit-x" because spec has discrete width. @ http://localhost:8501/static/js/embed.BwU7eQR9.js:0
[  104593ms] [WARNING] WARN Infinite extent for field "volume_bi_start": [Infinity, -Infinity] @ http://localhost:8501/static/js/embed.BwU7eQR9.js:0
[  104593ms] [WARNING] WARN Infinite extent for field "volume_bi_end": [Infinity, -Infinity] @ http://localhost:8501/static/js/embed.BwU7eQR9.js:0
[  104593ms] [WARNING] WARN Infinite extent for field "median_spread": [Infinity, -Infinity] @ http://localhost:8501/static/js/embed.BwU7eQR9.js:0
[  138937ms] [WARNING] WARN Dropping "fit-x" because spec has discrete width. @ http://localhost:8501/static/js/embed.BwU7eQR9.js:0
[  138944ms] [WARNING] WARN Dropping "fit-x" because spec has discrete width. @ http://localhost:8501/static/js/embed.BwU7eQR9.js:0
[  138946ms] [WARNING] WARN Infinite extent for field "pl_bi_start": [Infinity, -Infinity] @ http://localhost:8501/static/js/embed.BwU7eQR9.js:0
[  138946ms] [WARNING] WARN Infinite extent for field "pl_bi_end": [Infinity, -Infinity] @ http://localhost:8501/static/js/embed.BwU7eQR9.js:0
[  138946ms] [WARNING] WARN Infinite extent for field "median_pct": [Infinity, -Infinity] @ http://localhost:8501/static/js/embed.BwU7eQR9.js:0
[  138948ms] [WARNING] WARN Dropping "fit-x" because spec has discrete width. @ http://localhost:8501/static/js/embed.BwU7eQR9.js:0
[  138950ms] [WARNING] WARN Infinite extent for field "pl_bi_start": [Infinity, -Infinity] @ http://localhost:8501/static/js/embed.BwU7eQR9.js:0
[  138950ms] [WARNING] WARN Infinite extent for field "pl_bi_end": [Infinity, -Infinity] @ http://localhost:8501/static/js/embed.BwU7eQR9.js:0
[  138950ms] [WARNING] WARN Infinite extent for field "actual_median_pct": [Infinity, -Infinity] @ http://localhost:8501/static/js/embed.BwU7eQR9.js:0
[  138952ms] [WARNING] WARN Dropping "fit-x" because spec has discrete width. @ http://localhost:8501/static/js/embed.BwU7eQR9.js:0
[  138953ms] [WARNING] WARN Infinite extent for field "volume_bi_start": [Infinity, -Infinity] @ http://localhost:8501/static/js/embed.BwU7eQR9.js:0
[  138953ms] [WARNING] WARN Infinite extent for field "volume_bi_end": [Infinity, -Infinity] @ http://localhost:8501/static/js/embed.BwU7eQR9.js:0
[  138953ms] [WARNING] WARN Infinite extent for field "median_spread": [Infinity, -Infinity] @ http://localhost:8501/static/js/embed.BwU7eQR9.js:0
[  160434ms] [WARNING] WebSocket onclose @ http://localhost:8501/static/js/index.k-9rUdPI.js:20
[  163932ms] [ERROR] Failed to load resource: net::ERR_CONNECTION_REFUSED @ http://localhost:8501/_stcore/host-config:0
[  163932ms] [ERROR] Failed to load resource: net::ERR_CONNECTION_REFUSED @ http://localhost:8501/_stcore/health:0
[  164034ms] [ERROR] Failed to load resource: net::ERR_CONNECTION_REFUSED @ http://localhost:8501/_stcore/health:0
[  164034ms] [ERROR] Failed to load resource: net::ERR_CONNECTION_REFUSED @ http://localhost:8501/_stcore/host-config:0
[  164208ms] [ERROR] Failed to load resource: net::ERR_CONNECTION_REFUSED @ http://localhost:8501/_stcore/health:0
[  164208ms] [ERROR] Failed to load resource: net::ERR_CONNECTION_REFUSED @ http://localhost:8501/_stcore/host-config:0
[  164641ms] [ERROR] Failed to load resource: net::ERR_CONNECTION_REFUSED @ http://localhost:8501/_stcore/health:0
[  164641ms] [ERROR] Failed to load resource: net::ERR_CONNECTION_REFUSED @ http://localhost:8501/_stcore/host-config:0
[  165495ms] [ERROR] Failed to load resource: net::ERR_CONNECTION_REFUSED @ http://localhost:8501/_stcore/health:0
[  165495ms] [ERROR] Failed to load resource: net::ERR_CONNECTION_REFUSED @ http://localhost:8501/_stcore/host-config:0
[  167256ms] [ERROR] Failed to load resource: net::ERR_CONNECTION_REFUSED @ http://localhost:8501/_stcore/health:0
[  167256ms] [ERROR] Client Error in reaching server endpoint - No response received when attempting to reach /_stcore/health @ http://localhost:8501/static/js/index.k-9rUdPI.js:19
[  167257ms] [ERROR] Is Streamlit still running? If you accidentally stopped Streamlit, just restart it in your terminal: @ http://localhost:8501/static/js/index.k-9rUdPI.js:24
[  167257ms] [ERROR] Failed to load resource: net::ERR_CONNECTION_REFUSED @ http://localhost:8501/_stcore/host-config:0
[  167282ms] [ERROR] Failed to load resource: net::ERR_CONNECTION_REFUSED @ http://localhost:8501/static/media/SourceCodeVF-Upright.ttf.BjWn63N-.woff2:0
[  169260ms] [ERROR] Failed to load resource: net::ERR_CONNECTION_REFUSED @ http://localhost:8501/_stcore/health:0
[  169261ms] [ERROR] Client Error in reaching server endpoint - No response received when attempting to reach /_stcore/health @ http://localhost:8501/static/js/index.k-9rUdPI.js:19
[  169261ms] [ERROR] Is Streamlit still running? If you accidentally stopped Streamlit, just restart it in your terminal: @ http://localhost:8501/static/js/index.k-9rUdPI.js:24
[  169261ms] [ERROR] Failed to load resource: net::ERR_CONNECTION_REFUSED @ http://localhost:8501/_stcore/host-config:0
