[   14049ms] [WARNING] WARN Infinite extent for field "Métrica_plot_start": [Infinity, -Infinity] @ http://localhost:8504/static/js/embed.BwU7eQR9.js:0
[   14049ms] [WARNING] WARN Infinite extent for field "Métrica_plot_end": [Infinity, -Infinity] @ http://localhost:8504/static/js/embed.BwU7eQR9.js:0
[   14055ms] [WARNING] WARN Infinite extent for field "Cobertura_start": [Infinity, -Infinity] @ http://localhost:8504/static/js/embed.BwU7eQR9.js:0
[   14055ms] [WARNING] WARN Infinite extent for field "Cobertura_end": [Infinity, -Infinity] @ http://localhost:8504/static/js/embed.BwU7eQR9.js:0
[   14095ms] [WARNING] WARN Infinite extent for field "mes": [Infinity, -Infinity] @ http://localhost:8504/static/js/embed.BwU7eQR9.js:0
[   14095ms] [WARNING] WARN Infinite extent for field "Cobertura": [Infinity, -Infinity] @ http://localhost:8504/static/js/embed.BwU7eQR9.js:0
[   14099ms] [WARNING] WARN Infinite extent for field "delta_bi_start": [Infinity, -Infinity] @ http://localhost:8504/static/js/embed.BwU7eQR9.js:0
[   14099ms] [WARNING] WARN Infinite extent for field "delta_bi_end": [Infinity, -Infinity] @ http://localhost:8504/static/js/embed.BwU7eQR9.js:0
[   14148ms] [WARNING] WARN Dropping "fit-x" because spec has discrete width. @ http://localhost:8504/static/js/embed.BwU7eQR9.js:0
[   14152ms] [WARNING] WARN Infinite extent for field "volume_bi_start": [Infinity, -Infinity] @ http://localhost:8504/static/js/embed.BwU7eQR9.js:0
[   14152ms] [WARNING] WARN Infinite extent for field "volume_bi_end": [Infinity, -Infinity] @ http://localhost:8504/static/js/embed.BwU7eQR9.js:0
[   14152ms] [WARNING] WARN Infinite extent for field "emissores_cnpj": [Infinity, -Infinity] @ http://localhost:8504/static/js/embed.BwU7eQR9.js:0
[   14154ms] [WARNING] WARN Dropping "fit-x" because spec has discrete width. @ http://localhost:8504/static/js/embed.BwU7eQR9.js:0
[   14156ms] [WARNING] WARN Infinite extent for field "volume_bi": [Infinity, -Infinity] @ http://localhost:8504/static/js/embed.BwU7eQR9.js:0
[   14162ms] [WARNING] WARN Dropping "fit-x" because spec has discrete width. @ http://localhost:8504/static/js/embed.BwU7eQR9.js:0
[   14163ms] [WARNING] WARN Infinite extent for field "Volume": [Infinity, -Infinity] @ http://localhost:8504/static/js/embed.BwU7eQR9.js:0
[   14166ms] [WARNING] WARN Infinite extent for field "Documentos_start": [Infinity, -Infinity] @ http://localhost:8504/static/js/embed.BwU7eQR9.js:0
[   14166ms] [WARNING] WARN Infinite extent for field "Documentos_end": [Infinity, -Infinity] @ http://localhost:8504/static/js/embed.BwU7eQR9.js:0
[   14169ms] [WARNING] WARN Infinite extent for field "Documentos_start": [Infinity, -Infinity] @ http://localhost:8504/static/js/embed.BwU7eQR9.js:0
[   14169ms] [WARNING] WARN Infinite extent for field "Documentos_end": [Infinity, -Infinity] @ http://localhost:8504/static/js/embed.BwU7eQR9.js:0
[   14171ms] [WARNING] WARN Infinite extent for field "Cobertura_start": [Infinity, -Infinity] @ http://localhost:8504/static/js/embed.BwU7eQR9.js:0
[   14171ms] [WARNING] WARN Infinite extent for field "Cobertura_end": [Infinity, -Infinity] @ http://localhost:8504/static/js/embed.BwU7eQR9.js:0
[   14233ms] [WARNING] WARN Infinite extent for field "pct_min_num": [Infinity, -Infinity] @ http://localhost:8504/static/js/embed.BwU7eQR9.js:0
[   14233ms] [WARNING] WARN Infinite extent for field "__count": [Infinity, -Infinity] @ http://localhost:8504/static/js/embed.BwU7eQR9.js:0
[   14234ms] [WARNING] WARN Dropping "fit-x" because spec has discrete width. @ http://localhost:8504/static/js/embed.BwU7eQR9.js:0
[   14236ms] [WARNING] WARN Infinite extent for field "valor": [Infinity, -Infinity] @ http://localhost:8504/static/js/embed.BwU7eQR9.js:0
[   14396ms] [WARNING] WARN Dropping "fit-x" because spec has discrete width. @ http://localhost:8504/static/js/embed.BwU7eQR9.js:0
[   14397ms] [WARNING] WARN Infinite extent for field "valor": [Infinity, -Infinity] @ http://localhost:8504/static/js/embed.BwU7eQR9.js:0
