[   54881ms] [WARNING] WARN Channel order is inappropriate for nominal field, which has no inherent order. @ http://localhost:8501/static/js/embed.BwU7eQR9.js:0
[   54887ms] [WARNING] WARN Conflicting legend property "disable" (false and true). Using false. @ http://localhost:8501/static/js/embed.BwU7eQR9.js:0
[   54889ms] [WARNING] WARN Dropping "fit-x" because spec has discrete width. @ http://localhost:8501/static/js/embed.BwU7eQR9.js:0
[   54902ms] [WARNING] WARN Channel order is inappropriate for nominal field, which has no inherent order. @ http://localhost:8501/static/js/embed.BwU7eQR9.js:0
[   54904ms] [WARNING] WARN Conflicting legend property "disable" (false and true). Using false. @ http://localhost:8501/static/js/embed.BwU7eQR9.js:0
[   54962ms] [WARNING] WARN Channel order is inappropriate for nominal field, which has no inherent order. @ http://localhost:8501/static/js/embed.BwU7eQR9.js:0
[   54963ms] [WARNING] WARN Dropping "fit-x" because spec has discrete width. @ http://localhost:8501/static/js/embed.BwU7eQR9.js:0
[   54966ms] [WARNING] WARN Channel order is inappropriate for nominal field, which has no inherent order. @ http://localhost:8501/static/js/embed.BwU7eQR9.js:0
[   54967ms] [WARNING] WARN Dropping "fit-x" because spec has discrete width. @ http://localhost:8501/static/js/embed.BwU7eQR9.js:0
[   55023ms] [WARNING] WARN Channel order is inappropriate for nominal field, which has no inherent order. @ http://localhost:8501/static/js/embed.BwU7eQR9.js:0
[   55024ms] [WARNING] WARN Conflicting legend property "disable" (false and true). Using false. @ http://localhost:8501/static/js/embed.BwU7eQR9.js:0
[   55028ms] [WARNING] WARN Channel order is inappropriate for nominal field, which has no inherent order. @ http://localhost:8501/static/js/embed.BwU7eQR9.js:0
[   55030ms] [WARNING] WARN Conflicting legend property "disable" (false and true). Using false. @ http://localhost:8501/static/js/embed.BwU7eQR9.js:0
[   55030ms] [WARNING] WARN Dropping "fit-x" because spec has discrete width. @ http://localhost:8501/static/js/embed.BwU7eQR9.js:0
[   55033ms] [WARNING] WARN Infinite extent for field "x_offset": [Infinity, -Infinity] @ http://localhost:8501/static/js/embed.BwU7eQR9.js:0
[   55034ms] [WARNING] WARN Channel order is inappropriate for nominal field, which has no inherent order. @ http://localhost:8501/static/js/embed.BwU7eQR9.js:0
[   55034ms] [WARNING] WARN Dropping "fit-x" because spec has discrete width. @ http://localhost:8501/static/js/embed.BwU7eQR9.js:0
[   55067ms] [WARNING] WARN Channel order is inappropriate for nominal field, which has no inherent order. @ http://localhost:8501/static/js/embed.BwU7eQR9.js:0
[   55068ms] [WARNING] WARN Dropping "fit-x" because spec has discrete width. @ http://localhost:8501/static/js/embed.BwU7eQR9.js:0
[   55071ms] [WARNING] WARN Channel order is inappropriate for nominal field, which has no inherent order. @ http://localhost:8501/static/js/embed.BwU7eQR9.js:0
[   55072ms] [WARNING] WARN Conflicting legend property "disable" (false and true). Using false. @ http://localhost:8501/static/js/embed.BwU7eQR9.js:0
[   55072ms] [WARNING] WARN Dropping "fit-x" because spec has discrete width. @ http://localhost:8501/static/js/embed.BwU7eQR9.js:0
[   55074ms] [WARNING] WARN Infinite extent for field "x_offset": [Infinity, -Infinity] @ http://localhost:8501/static/js/embed.BwU7eQR9.js:0
[   55103ms] [WARNING] WARN Dropping "fit-x" because spec has discrete width. @ http://localhost:8501/static/js/embed.BwU7eQR9.js:0
[   55107ms] [WARNING] WARN Dropping "fit-x" because spec has discrete width. @ http://localhost:8501/static/js/embed.BwU7eQR9.js:0
[   55131ms] [WARNING] WARN Dropping color property as the plot also has fill. @ http://localhost:8501/static/js/embed.BwU7eQR9.js:0
[   55134ms] [WARNING] WARN Infinite extent for field "carteira_scaled_start": [Infinity, -Infinity] @ http://localhost:8501/static/js/embed.BwU7eQR9.js:0
[   55135ms] [WARNING] WARN Infinite extent for field "carteira_scaled_end": [Infinity, -Infinity] @ http://localhost:8501/static/js/embed.BwU7eQR9.js:0
[   55135ms] [WARNING] WARN Infinite extent for field "carteira_scaled": [Infinity, -Infinity] @ http://localhost:8501/static/js/embed.BwU7eQR9.js:0
[   55135ms] [WARNING] WARN Infinite extent for field "carteira_ex360_yoy_pct": [Infinity, -Infinity] @ http://localhost:8501/static/js/embed.BwU7eQR9.js:0
[   55135ms] [WARNING] WARN Infinite extent for field "carteira_ex360_yoy_pct": [Infinity, -Infinity] @ http://localhost:8501/static/js/embed.BwU7eQR9.js:0
[   55135ms] [WARNING] WARN Infinite extent for field "carteira_ex360_yoy_pct": [Infinity, -Infinity] @ http://localhost:8501/static/js/embed.BwU7eQR9.js:0
[   55137ms] [WARNING] WARN Infinite extent for field "carteira_ex360_yoy_pct": [Infinity, -Infinity] @ http://localhost:8501/static/js/embed.BwU7eQR9.js:0
[   55137ms] [WARNING] WARN Infinite extent for field "carteira_ex360_yoy_pct": [Infinity, -Infinity] @ http://localhost:8501/static/js/embed.BwU7eQR9.js:0
[   55138ms] [WARNING] WARN Infinite extent for field "carteira_ex360_yoy_pct": [Infinity, -Infinity] @ http://localhost:8501/static/js/embed.BwU7eQR9.js:0
[   55151ms] [WARNING] WARN Dropping "fit-x" because spec has discrete width. @ http://localhost:8501/static/js/embed.BwU7eQR9.js:0
[   55168ms] [WARNING] WARN Dropping color property as the plot also has fill. @ http://localhost:8501/static/js/embed.BwU7eQR9.js:0
[   55171ms] [WARNING] WARN Infinite extent for field "carteira_scaled_start": [Infinity, -Infinity] @ http://localhost:8501/static/js/embed.BwU7eQR9.js:0
[   55171ms] [WARNING] WARN Infinite extent for field "carteira_scaled_end": [Infinity, -Infinity] @ http://localhost:8501/static/js/embed.BwU7eQR9.js:0
[   55171ms] [WARNING] WARN Infinite extent for field "carteira_scaled": [Infinity, -Infinity] @ http://localhost:8501/static/js/embed.BwU7eQR9.js:0
[   55171ms] [WARNING] WARN Infinite extent for field "carteira_ex360_yoy_pct": [Infinity, -Infinity] @ http://localhost:8501/static/js/embed.BwU7eQR9.js:0
[   55171ms] [WARNING] WARN Infinite extent for field "carteira_ex360_yoy_pct": [Infinity, -Infinity] @ http://localhost:8501/static/js/embed.BwU7eQR9.js:0
[   55171ms] [WARNING] WARN Infinite extent for field "carteira_ex360_yoy_pct": [Infinity, -Infinity] @ http://localhost:8501/static/js/embed.BwU7eQR9.js:0
[   55184ms] [WARNING] WARN Dropping "fit-x" because spec has discrete width. @ http://localhost:8501/static/js/embed.BwU7eQR9.js:0
[   55201ms] [WARNING] WARN Dropping "fit-x" because spec has discrete width. @ http://localhost:8501/static/js/embed.BwU7eQR9.js:0
[   55202ms] [WARNING] WARN Infinite extent for field "duration_days": [Infinity, -Infinity] @ http://localhost:8501/static/js/embed.BwU7eQR9.js:0
[   55202ms] [WARNING] WARN Infinite extent for field "duration_days": [Infinity, -Infinity] @ http://localhost:8501/static/js/embed.BwU7eQR9.js:0
[   55202ms] [WARNING] WARN Infinite extent for field "duration_days": [Infinity, -Infinity] @ http://localhost:8501/static/js/embed.BwU7eQR9.js:0
[   55216ms] [WARNING] WARN Dropping color property as the plot also has fill. @ http://localhost:8501/static/js/embed.BwU7eQR9.js:0
[   55219ms] [WARNING] WARN Infinite extent for field "carteira_scaled_start": [Infinity, -Infinity] @ http://localhost:8501/static/js/embed.BwU7eQR9.js:0
[   55219ms] [WARNING] WARN Infinite extent for field "carteira_scaled_end": [Infinity, -Infinity] @ http://localhost:8501/static/js/embed.BwU7eQR9.js:0
[   55219ms] [WARNING] WARN Infinite extent for field "carteira_scaled": [Infinity, -Infinity] @ http://localhost:8501/static/js/embed.BwU7eQR9.js:0
[   55219ms] [WARNING] WARN Infinite extent for field "carteira_ex360_yoy_pct": [Infinity, -Infinity] @ http://localhost:8501/static/js/embed.BwU7eQR9.js:0
[   55219ms] [WARNING] WARN Infinite extent for field "carteira_ex360_yoy_pct": [Infinity, -Infinity] @ http://localhost:8501/static/js/embed.BwU7eQR9.js:0
[   55219ms] [WARNING] WARN Infinite extent for field "carteira_ex360_yoy_pct": [Infinity, -Infinity] @ http://localhost:8501/static/js/embed.BwU7eQR9.js:0
[   55243ms] [WARNING] WARN Dropping "fit-x" because spec has discrete width. @ http://localhost:8501/static/js/embed.BwU7eQR9.js:0
[   55285ms] [WARNING] WARN Dropping color property as the plot also has fill. @ http://localhost:8501/static/js/embed.BwU7eQR9.js:0
[   55288ms] [WARNING] WARN Infinite extent for field "carteira_scaled_start": [Infinity, -Infinity] @ http://localhost:8501/static/js/embed.BwU7eQR9.js:0
[   55288ms] [WARNING] WARN Infinite extent for field "carteira_scaled_end": [Infinity, -Infinity] @ http://localhost:8501/static/js/embed.BwU7eQR9.js:0
[   55288ms] [WARNING] WARN Infinite extent for field "carteira_scaled": [Infinity, -Infinity] @ http://localhost:8501/static/js/embed.BwU7eQR9.js:0
[   55288ms] [WARNING] WARN Infinite extent for field "carteira_ex360_yoy_pct": [Infinity, -Infinity] @ http://localhost:8501/static/js/embed.BwU7eQR9.js:0
[   55288ms] [WARNING] WARN Infinite extent for field "carteira_ex360_yoy_pct": [Infinity, -Infinity] @ http://localhost:8501/static/js/embed.BwU7eQR9.js:0
[   55288ms] [WARNING] WARN Infinite extent for field "carteira_ex360_yoy_pct": [Infinity, -Infinity] @ http://localhost:8501/static/js/embed.BwU7eQR9.js:0
[   55290ms] [WARNING] WARN Infinite extent for field "carteira_ex360_yoy_pct": [Infinity, -Infinity] @ http://localhost:8501/static/js/embed.BwU7eQR9.js:0
[   55290ms] [WARNING] WARN Infinite extent for field "carteira_ex360_yoy_pct": [Infinity, -Infinity] @ http://localhost:8501/static/js/embed.BwU7eQR9.js:0
[   55290ms] [WARNING] WARN Infinite extent for field "carteira_ex360_yoy_pct": [Infinity, -Infinity] @ http://localhost:8501/static/js/embed.BwU7eQR9.js:0
[   55317ms] [WARNING] WARN Dropping "fit-x" because spec has discrete width. @ http://localhost:8501/static/js/embed.BwU7eQR9.js:0
[   55339ms] [WARNING] WARN Dropping color property as the plot also has fill. @ http://localhost:8501/static/js/embed.BwU7eQR9.js:0
[   55342ms] [WARNING] WARN Infinite extent for field "carteira_scaled_start": [Infinity, -Infinity] @ http://localhost:8501/static/js/embed.BwU7eQR9.js:0
[   55342ms] [WARNING] WARN Infinite extent for field "carteira_scaled_end": [Infinity, -Infinity] @ http://localhost:8501/static/js/embed.BwU7eQR9.js:0
[   55342ms] [WARNING] WARN Infinite extent for field "carteira_scaled": [Infinity, -Infinity] @ http://localhost:8501/static/js/embed.BwU7eQR9.js:0
[   55342ms] [WARNING] WARN Infinite extent for field "carteira_ex360_yoy_pct": [Infinity, -Infinity] @ http://localhost:8501/static/js/embed.BwU7eQR9.js:0
[   55342ms] [WARNING] WARN Infinite extent for field "carteira_ex360_yoy_pct": [Infinity, -Infinity] @ http://localhost:8501/static/js/embed.BwU7eQR9.js:0
[   55342ms] [WARNING] WARN Infinite extent for field "carteira_ex360_yoy_pct": [Infinity, -Infinity] @ http://localhost:8501/static/js/embed.BwU7eQR9.js:0
[   55344ms] [WARNING] WARN Infinite extent for field "carteira_ex360_yoy_pct": [Infinity, -Infinity] @ http://localhost:8501/static/js/embed.BwU7eQR9.js:0
[   55344ms] [WARNING] WARN Infinite extent for field "carteira_ex360_yoy_pct": [Infinity, -Infinity] @ http://localhost:8501/static/js/embed.BwU7eQR9.js:0
[   55344ms] [WARNING] WARN Infinite extent for field "carteira_ex360_yoy_pct": [Infinity, -Infinity] @ http://localhost:8501/static/js/embed.BwU7eQR9.js:0
[   55367ms] [WARNING] WARN Dropping "fit-x" because spec has discrete width. @ http://localhost:8501/static/js/embed.BwU7eQR9.js:0
[   55396ms] [WARNING] WARN Dropping "fit-x" because spec has discrete width. @ http://localhost:8501/static/js/embed.BwU7eQR9.js:0
[   55421ms] [WARNING] WARN Dropping color property as the plot also has fill. @ http://localhost:8501/static/js/embed.BwU7eQR9.js:0
[   55423ms] [WARNING] WARN Infinite extent for field "carteira_scaled_start": [Infinity, -Infinity] @ http://localhost:8501/static/js/embed.BwU7eQR9.js:0
[   55423ms] [WARNING] WARN Infinite extent for field "carteira_scaled_end": [Infinity, -Infinity] @ http://localhost:8501/static/js/embed.BwU7eQR9.js:0
[   55423ms] [WARNING] WARN Infinite extent for field "carteira_scaled": [Infinity, -Infinity] @ http://localhost:8501/static/js/embed.BwU7eQR9.js:0
[   55423ms] [WARNING] WARN Infinite extent for field "carteira_ex360_yoy_pct": [Infinity, -Infinity] @ http://localhost:8501/static/js/embed.BwU7eQR9.js:0
[   55423ms] [WARNING] WARN Infinite extent for field "carteira_ex360_yoy_pct": [Infinity, -Infinity] @ http://localhost:8501/static/js/embed.BwU7eQR9.js:0
[   55423ms] [WARNING] WARN Infinite extent for field "carteira_ex360_yoy_pct": [Infinity, -Infinity] @ http://localhost:8501/static/js/embed.BwU7eQR9.js:0
[   55426ms] [WARNING] WARN Infinite extent for field "carteira_ex360_yoy_pct": [Infinity, -Infinity] @ http://localhost:8501/static/js/embed.BwU7eQR9.js:0
[   55426ms] [WARNING] WARN Infinite extent for field "carteira_ex360_yoy_pct": [Infinity, -Infinity] @ http://localhost:8501/static/js/embed.BwU7eQR9.js:0
[   55426ms] [WARNING] WARN Infinite extent for field "carteira_ex360_yoy_pct": [Infinity, -Infinity] @ http://localhost:8501/static/js/embed.BwU7eQR9.js:0
[   55453ms] [WARNING] WARN Dropping "fit-x" because spec has discrete width. @ http://localhost:8501/static/js/embed.BwU7eQR9.js:0
[   55475ms] [WARNING] WARN Dropping color property as the plot also has fill. @ http://localhost:8501/static/js/embed.BwU7eQR9.js:0
[   55478ms] [WARNING] WARN Infinite extent for field "carteira_scaled_start": [Infinity, -Infinity] @ http://localhost:8501/static/js/embed.BwU7eQR9.js:0
[   55478ms] [WARNING] WARN Infinite extent for field "carteira_scaled_end": [Infinity, -Infinity] @ http://localhost:8501/static/js/embed.BwU7eQR9.js:0
[   55478ms] [WARNING] WARN Infinite extent for field "carteira_scaled": [Infinity, -Infinity] @ http://localhost:8501/static/js/embed.BwU7eQR9.js:0
[   55478ms] [WARNING] WARN Infinite extent for field "carteira_ex360_yoy_pct": [Infinity, -Infinity] @ http://localhost:8501/static/js/embed.BwU7eQR9.js:0
[   55478ms] [WARNING] WARN Infinite extent for field "carteira_ex360_yoy_pct": [Infinity, -Infinity] @ http://localhost:8501/static/js/embed.BwU7eQR9.js:0
[   55478ms] [WARNING] WARN Infinite extent for field "carteira_ex360_yoy_pct": [Infinity, -Infinity] @ http://localhost:8501/static/js/embed.BwU7eQR9.js:0
[   55480ms] [WARNING] WARN Infinite extent for field "carteira_ex360_yoy_pct": [Infinity, -Infinity] @ http://localhost:8501/static/js/embed.BwU7eQR9.js:0
[   55480ms] [WARNING] WARN Infinite extent for field "carteira_ex360_yoy_pct": [Infinity, -Infinity] @ http://localhost:8501/static/js/embed.BwU7eQR9.js:0
[   55480ms] [WARNING] WARN Infinite extent for field "carteira_ex360_yoy_pct": [Infinity, -Infinity] @ http://localhost:8501/static/js/embed.BwU7eQR9.js:0
[   55511ms] [WARNING] WARN Dropping "fit-x" because spec has discrete width. @ http://localhost:8501/static/js/embed.BwU7eQR9.js:0
[   55514ms] [WARNING] WARN Infinite extent for field "duration_months": [Infinity, -Infinity] @ http://localhost:8501/static/js/embed.BwU7eQR9.js:0
[   55514ms] [WARNING] WARN Infinite extent for field "duration_months": [Infinity, -Infinity] @ http://localhost:8501/static/js/embed.BwU7eQR9.js:0
[   55514ms] [WARNING] WARN Infinite extent for field "duration_months": [Infinity, -Infinity] @ http://localhost:8501/static/js/embed.BwU7eQR9.js:0
[   55514ms] [WARNING] WARN Infinite extent for field "duration_months": [Infinity, -Infinity] @ http://localhost:8501/static/js/embed.BwU7eQR9.js:0
[   55514ms] [WARNING] WARN Infinite extent for field "duration_months": [Infinity, -Infinity] @ http://localhost:8501/static/js/embed.BwU7eQR9.js:0
[   55556ms] [WARNING] WARN Dropping "fit-x" because spec has discrete width. @ http://localhost:8501/static/js/embed.BwU7eQR9.js:0
[   55557ms] [WARNING] WARN Domains that should be unioned has conflicting sort properties. Sort will be set to true. @ http://localhost:8501/static/js/embed.BwU7eQR9.js:0
[   55572ms] [WARNING] WARN x-scale's "paddingInner" is dropped as it does not work with point scale. @ http://localhost:8501/static/js/embed.BwU7eQR9.js:0
[   55572ms] [WARNING] WARN x-scale's "paddingInner" is dropped as it does not work with point scale. @ http://localhost:8501/static/js/embed.BwU7eQR9.js:0
[   55573ms] [WARNING] WARN Dropping "fit-x" because spec has discrete width. @ http://localhost:8501/static/js/embed.BwU7eQR9.js:0
[   55598ms] [WARNING] WARN Conflicting legend property "disable" (false and true). Using false. @ http://localhost:8501/static/js/embed.BwU7eQR9.js:0
[   55598ms] [WARNING] WARN Conflicting legend property "disable" (false and true). Using false. @ http://localhost:8501/static/js/embed.BwU7eQR9.js:0
[   55599ms] [WARNING] WARN Dropping "fit-x" because spec has discrete width. @ http://localhost:8501/static/js/embed.BwU7eQR9.js:0
[   55648ms] [WARNING] WARN Conflicting legend property "disable" (false and true). Using false. @ http://localhost:8501/static/js/embed.BwU7eQR9.js:0
[   55648ms] [WARNING] WARN Dropping "fit-x" because spec has discrete width. @ http://localhost:8501/static/js/embed.BwU7eQR9.js:0
[   55650ms] [WARNING] WARN Infinite extent for field "series_opacity": [Infinity, -Infinity] @ http://localhost:8501/static/js/embed.BwU7eQR9.js:0
[   55650ms] [WARNING] WARN Infinite extent for field "series_opacity": [Infinity, -Infinity] @ http://localhost:8501/static/js/embed.BwU7eQR9.js:0
[   55650ms] [WARNING] WARN Infinite extent for field "stroke_width": [Infinity, -Infinity] @ http://localhost:8501/static/js/embed.BwU7eQR9.js:0
[   55650ms] [WARNING] WARN Infinite extent for field "point_size": [Infinity, -Infinity] @ http://localhost:8501/static/js/embed.BwU7eQR9.js:0
[   55672ms] [WARNING] WARN Dropping "fit-x" because spec has discrete width. @ http://localhost:8501/static/js/embed.BwU7eQR9.js:0
[   55674ms] [WARNING] WARN Infinite extent for field "valor_start": [Infinity, -Infinity] @ http://localhost:8501/static/js/embed.BwU7eQR9.js:0
[   55674ms] [WARNING] WARN Infinite extent for field "valor_end": [Infinity, -Infinity] @ http://localhost:8501/static/js/embed.BwU7eQR9.js:0
[   55674ms] [WARNING] WARN Infinite extent for field "label_y": [Infinity, -Infinity] @ http://localhost:8501/static/js/embed.BwU7eQR9.js:0
[   55674ms] [WARNING] WARN Infinite extent for field "label_y": [Infinity, -Infinity] @ http://localhost:8501/static/js/embed.BwU7eQR9.js:0
[   55674ms] [WARNING] WARN Infinite extent for field "label_y": [Infinity, -Infinity] @ http://localhost:8501/static/js/embed.BwU7eQR9.js:0
[   55674ms] [WARNING] WARN Infinite extent for field "label_y": [Infinity, -Infinity] @ http://localhost:8501/static/js/embed.BwU7eQR9.js:0
[   55674ms] [WARNING] WARN Infinite extent for field "label_y": [Infinity, -Infinity] @ http://localhost:8501/static/js/embed.BwU7eQR9.js:0
[   55688ms] [WARNING] WARN Dropping "fit-x" because spec has discrete width. @ http://localhost:8501/static/js/embed.BwU7eQR9.js:0
[   55690ms] [WARNING] WARN Infinite extent for field "valor": [Infinity, -Infinity] @ http://localhost:8501/static/js/embed.BwU7eQR9.js:0
[   55690ms] [WARNING] WARN Infinite extent for field "valor": [Infinity, -Infinity] @ http://localhost:8501/static/js/embed.BwU7eQR9.js:0
[   55691ms] [WARNING] WARN Infinite extent for field "valor": [Infinity, -Infinity] @ http://localhost:8501/static/js/embed.BwU7eQR9.js:0
[   55691ms] [WARNING] WARN Infinite extent for field "valor": [Infinity, -Infinity] @ http://localhost:8501/static/js/embed.BwU7eQR9.js:0
[   55710ms] [WARNING] WARN Dropping "fit-x" because spec has discrete width. @ http://localhost:8501/static/js/embed.BwU7eQR9.js:0
[   55712ms] [WARNING] WARN Infinite extent for field "value_pct": [Infinity, -Infinity] @ http://localhost:8501/static/js/embed.BwU7eQR9.js:0
[   55712ms] [WARNING] WARN Infinite extent for field "value_pct": [Infinity, -Infinity] @ http://localhost:8501/static/js/embed.BwU7eQR9.js:0
[   55713ms] [WARNING] WARN Infinite extent for field "value_pct": [Infinity, -Infinity] @ http://localhost:8501/static/js/embed.BwU7eQR9.js:0
[   55713ms] [WARNING] WARN Infinite extent for field "value_pct": [Infinity, -Infinity] @ http://localhost:8501/static/js/embed.BwU7eQR9.js:0
[   55724ms] [WARNING] WARN Dropping "fit-x" because spec has discrete width. @ http://localhost:8501/static/js/embed.BwU7eQR9.js:0
[   55749ms] [WARNING] WARN Dropping "fit-x" because spec has discrete width. @ http://localhost:8501/static/js/embed.BwU7eQR9.js:0
[   55750ms] [WARNING] WARN Domains that should be unioned has conflicting sort properties. Sort will be set to true. @ http://localhost:8501/static/js/embed.BwU7eQR9.js:0
[   55763ms] [WARNING] WARN x-scale's "paddingInner" is dropped as it does not work with point scale. @ http://localhost:8501/static/js/embed.BwU7eQR9.js:0
[   55763ms] [WARNING] WARN x-scale's "paddingInner" is dropped as it does not work with point scale. @ http://localhost:8501/static/js/embed.BwU7eQR9.js:0
[   55764ms] [WARNING] WARN Dropping "fit-x" because spec has discrete width. @ http://localhost:8501/static/js/embed.BwU7eQR9.js:0
[   55813ms] [WARNING] WARN Conflicting legend property "disable" (false and true). Using false. @ http://localhost:8501/static/js/embed.BwU7eQR9.js:0
[   55814ms] [WARNING] WARN Conflicting legend property "disable" (false and true). Using false. @ http://localhost:8501/static/js/embed.BwU7eQR9.js:0
[   55814ms] [WARNING] WARN Dropping "fit-x" because spec has discrete width. @ http://localhost:8501/static/js/embed.BwU7eQR9.js:0
[   55848ms] [WARNING] WARN Conflicting legend property "disable" (false and true). Using false. @ http://localhost:8501/static/js/embed.BwU7eQR9.js:0
[   55848ms] [WARNING] WARN Dropping "fit-x" because spec has discrete width. @ http://localhost:8501/static/js/embed.BwU7eQR9.js:0
[   55850ms] [WARNING] WARN Infinite extent for field "series_opacity": [Infinity, -Infinity] @ http://localhost:8501/static/js/embed.BwU7eQR9.js:0
[   55850ms] [WARNING] WARN Infinite extent for field "series_opacity": [Infinity, -Infinity] @ http://localhost:8501/static/js/embed.BwU7eQR9.js:0
[   55850ms] [WARNING] WARN Infinite extent for field "stroke_width": [Infinity, -Infinity] @ http://localhost:8501/static/js/embed.BwU7eQR9.js:0
[   55850ms] [WARNING] WARN Infinite extent for field "point_size": [Infinity, -Infinity] @ http://localhost:8501/static/js/embed.BwU7eQR9.js:0
[   55880ms] [WARNING] WARN Dropping "fit-x" because spec has discrete width. @ http://localhost:8501/static/js/embed.BwU7eQR9.js:0
[   55882ms] [WARNING] WARN Infinite extent for field "valor_start": [Infinity, -Infinity] @ http://localhost:8501/static/js/embed.BwU7eQR9.js:0
[   55882ms] [WARNING] WARN Infinite extent for field "valor_end": [Infinity, -Infinity] @ http://localhost:8501/static/js/embed.BwU7eQR9.js:0
[   55882ms] [WARNING] WARN Infinite extent for field "label_y": [Infinity, -Infinity] @ http://localhost:8501/static/js/embed.BwU7eQR9.js:0
[   55882ms] [WARNING] WARN Infinite extent for field "label_y": [Infinity, -Infinity] @ http://localhost:8501/static/js/embed.BwU7eQR9.js:0
[   55882ms] [WARNING] WARN Infinite extent for field "label_y": [Infinity, -Infinity] @ http://localhost:8501/static/js/embed.BwU7eQR9.js:0
[   55906ms] [WARNING] WARN Dropping "fit-x" because spec has discrete width. @ http://localhost:8501/static/js/embed.BwU7eQR9.js:0
[   55909ms] [WARNING] WARN Infinite extent for field "valor": [Infinity, -Infinity] @ http://localhost:8501/static/js/embed.BwU7eQR9.js:0
[   55909ms] [WARNING] WARN Infinite extent for field "valor": [Infinity, -Infinity] @ http://localhost:8501/static/js/embed.BwU7eQR9.js:0
[   55909ms] [WARNING] WARN Infinite extent for field "valor": [Infinity, -Infinity] @ http://localhost:8501/static/js/embed.BwU7eQR9.js:0
[   55909ms] [WARNING] WARN Infinite extent for field "valor": [Infinity, -Infinity] @ http://localhost:8501/static/js/embed.BwU7eQR9.js:0
[   55909ms] [WARNING] WARN Infinite extent for field "valor": [Infinity, -Infinity] @ http://localhost:8501/static/js/embed.BwU7eQR9.js:0
[   55909ms] [WARNING] WARN Infinite extent for field "valor": [Infinity, -Infinity] @ http://localhost:8501/static/js/embed.BwU7eQR9.js:0
[   55963ms] [WARNING] WARN Dropping "fit-x" because spec has discrete width. @ http://localhost:8501/static/js/embed.BwU7eQR9.js:0
[   55965ms] [WARNING] WARN Infinite extent for field "value_pct": [Infinity, -Infinity] @ http://localhost:8501/static/js/embed.BwU7eQR9.js:0
[   55965ms] [WARNING] WARN Infinite extent for field "value_pct": [Infinity, -Infinity] @ http://localhost:8501/static/js/embed.BwU7eQR9.js:0
[   55965ms] [WARNING] WARN Infinite extent for field "value_pct": [Infinity, -Infinity] @ http://localhost:8501/static/js/embed.BwU7eQR9.js:0
[   55965ms] [WARNING] WARN Infinite extent for field "value_pct": [Infinity, -Infinity] @ http://localhost:8501/static/js/embed.BwU7eQR9.js:0
[   55986ms] [WARNING] WARN Dropping "fit-x" because spec has discrete width. @ http://localhost:8501/static/js/embed.BwU7eQR9.js:0
[   56016ms] [WARNING] WARN Dropping "fit-x" because spec has discrete width. @ http://localhost:8501/static/js/embed.BwU7eQR9.js:0
[   56017ms] [WARNING] WARN Domains that should be unioned has conflicting sort properties. Sort will be set to true. @ http://localhost:8501/static/js/embed.BwU7eQR9.js:0
[   56038ms] [WARNING] WARN x-scale's "paddingInner" is dropped as it does not work with point scale. @ http://localhost:8501/static/js/embed.BwU7eQR9.js:0
[   56038ms] [WARNING] WARN x-scale's "paddingInner" is dropped as it does not work with point scale. @ http://localhost:8501/static/js/embed.BwU7eQR9.js:0
[   56039ms] [WARNING] WARN Dropping "fit-x" because spec has discrete width. @ http://localhost:8501/static/js/embed.BwU7eQR9.js:0
[   56102ms] [WARNING] WARN Conflicting legend property "disable" (false and true). Using false. @ http://localhost:8501/static/js/embed.BwU7eQR9.js:0
[   56102ms] [WARNING] WARN Conflicting legend property "disable" (false and true). Using false. @ http://localhost:8501/static/js/embed.BwU7eQR9.js:0
[   56103ms] [WARNING] WARN Dropping "fit-x" because spec has discrete width. @ http://localhost:8501/static/js/embed.BwU7eQR9.js:0
[   56167ms] [WARNING] WARN Conflicting legend property "disable" (false and true). Using false. @ http://localhost:8501/static/js/embed.BwU7eQR9.js:0
[   56167ms] [WARNING] WARN Dropping "fit-x" because spec has discrete width. @ http://localhost:8501/static/js/embed.BwU7eQR9.js:0
[   56169ms] [WARNING] WARN Infinite extent for field "series_opacity": [Infinity, -Infinity] @ http://localhost:8501/static/js/embed.BwU7eQR9.js:0
[   56169ms] [WARNING] WARN Infinite extent for field "series_opacity": [Infinity, -Infinity] @ http://localhost:8501/static/js/embed.BwU7eQR9.js:0
[   56169ms] [WARNING] WARN Infinite extent for field "stroke_width": [Infinity, -Infinity] @ http://localhost:8501/static/js/embed.BwU7eQR9.js:0
[   56169ms] [WARNING] WARN Infinite extent for field "point_size": [Infinity, -Infinity] @ http://localhost:8501/static/js/embed.BwU7eQR9.js:0
[   56193ms] [WARNING] WARN Dropping "fit-x" because spec has discrete width. @ http://localhost:8501/static/js/embed.BwU7eQR9.js:0
[   56196ms] [WARNING] WARN Infinite extent for field "valor_start": [Infinity, -Infinity] @ http://localhost:8501/static/js/embed.BwU7eQR9.js:0
[   56196ms] [WARNING] WARN Infinite extent for field "valor_end": [Infinity, -Infinity] @ http://localhost:8501/static/js/embed.BwU7eQR9.js:0
[   56196ms] [WARNING] WARN Infinite extent for field "label_y": [Infinity, -Infinity] @ http://localhost:8501/static/js/embed.BwU7eQR9.js:0
[   56196ms] [WARNING] WARN Infinite extent for field "label_y": [Infinity, -Infinity] @ http://localhost:8501/static/js/embed.BwU7eQR9.js:0
[   56196ms] [WARNING] WARN Infinite extent for field "label_y": [Infinity, -Infinity] @ http://localhost:8501/static/js/embed.BwU7eQR9.js:0
[   56222ms] [WARNING] WARN Dropping "fit-x" because spec has discrete width. @ http://localhost:8501/static/js/embed.BwU7eQR9.js:0
[   56224ms] [WARNING] WARN Infinite extent for field "valor": [Infinity, -Infinity] @ http://localhost:8501/static/js/embed.BwU7eQR9.js:0
[   56224ms] [WARNING] WARN Infinite extent for field "valor": [Infinity, -Infinity] @ http://localhost:8501/static/js/embed.BwU7eQR9.js:0
[   56224ms] [WARNING] WARN Infinite extent for field "valor": [Infinity, -Infinity] @ http://localhost:8501/static/js/embed.BwU7eQR9.js:0
[   56224ms] [WARNING] WARN Infinite extent for field "valor": [Infinity, -Infinity] @ http://localhost:8501/static/js/embed.BwU7eQR9.js:0
[   56224ms] [WARNING] WARN Infinite extent for field "valor": [Infinity, -Infinity] @ http://localhost:8501/static/js/embed.BwU7eQR9.js:0
[   56224ms] [WARNING] WARN Infinite extent for field "valor": [Infinity, -Infinity] @ http://localhost:8501/static/js/embed.BwU7eQR9.js:0
[   56285ms] [WARNING] WARN Dropping "fit-x" because spec has discrete width. @ http://localhost:8501/static/js/embed.BwU7eQR9.js:0
[   56287ms] [WARNING] WARN Infinite extent for field "value_pct": [Infinity, -Infinity] @ http://localhost:8501/static/js/embed.BwU7eQR9.js:0
[   56287ms] [WARNING] WARN Infinite extent for field "value_pct": [Infinity, -Infinity] @ http://localhost:8501/static/js/embed.BwU7eQR9.js:0
[   56287ms] [WARNING] WARN Infinite extent for field "value_pct": [Infinity, -Infinity] @ http://localhost:8501/static/js/embed.BwU7eQR9.js:0
[   56287ms] [WARNING] WARN Infinite extent for field "value_pct": [Infinity, -Infinity] @ http://localhost:8501/static/js/embed.BwU7eQR9.js:0
[   56313ms] [WARNING] WARN Dropping "fit-x" because spec has discrete width. @ http://localhost:8501/static/js/embed.BwU7eQR9.js:0
[   56374ms] [WARNING] WARN Conflicting legend property "disable" (false and true). Using false. @ http://localhost:8501/static/js/embed.BwU7eQR9.js:0
[   56374ms] [WARNING] WARN Conflicting legend property "disable" (false and true). Using false. @ http://localhost:8501/static/js/embed.BwU7eQR9.js:0
[   56374ms] [WARNING] WARN Dropping "fit-x" because spec has discrete width. @ http://localhost:8501/static/js/embed.BwU7eQR9.js:0
[   56425ms] [WARNING] WARN Conflicting legend property "disable" (false and true). Using false. @ http://localhost:8501/static/js/embed.BwU7eQR9.js:0
[   56425ms] [WARNING] WARN Dropping "fit-x" because spec has discrete width. @ http://localhost:8501/static/js/embed.BwU7eQR9.js:0
[   56427ms] [WARNING] WARN Infinite extent for field "series_opacity": [Infinity, -Infinity] @ http://localhost:8501/static/js/embed.BwU7eQR9.js:0
[   56427ms] [WARNING] WARN Infinite extent for field "series_opacity": [Infinity, -Infinity] @ http://localhost:8501/static/js/embed.BwU7eQR9.js:0
[   56427ms] [WARNING] WARN Infinite extent for field "stroke_width": [Infinity, -Infinity] @ http://localhost:8501/static/js/embed.BwU7eQR9.js:0
[   56427ms] [WARNING] WARN Infinite extent for field "point_size": [Infinity, -Infinity] @ http://localhost:8501/static/js/embed.BwU7eQR9.js:0
[   56447ms] [WARNING] WARN Dropping "fit-x" because spec has discrete width. @ http://localhost:8501/static/js/embed.BwU7eQR9.js:0
[   56450ms] [WARNING] WARN Infinite extent for field "valor_start": [Infinity, -Infinity] @ http://localhost:8501/static/js/embed.BwU7eQR9.js:0
[   56450ms] [WARNING] WARN Infinite extent for field "valor_end": [Infinity, -Infinity] @ http://localhost:8501/static/js/embed.BwU7eQR9.js:0
[   56463ms] [WARNING] WARN Dropping "fit-x" because spec has discrete width. @ http://localhost:8501/static/js/embed.BwU7eQR9.js:0
[   56465ms] [WARNING] WARN Infinite extent for field "valor": [Infinity, -Infinity] @ http://localhost:8501/static/js/embed.BwU7eQR9.js:0
[   56465ms] [WARNING] WARN Infinite extent for field "valor": [Infinity, -Infinity] @ http://localhost:8501/static/js/embed.BwU7eQR9.js:0
[   56467ms] [WARNING] WARN Infinite extent for field "valor": [Infinity, -Infinity] @ http://localhost:8501/static/js/embed.BwU7eQR9.js:0
[   56467ms] [WARNING] WARN Infinite extent for field "valor": [Infinity, -Infinity] @ http://localhost:8501/static/js/embed.BwU7eQR9.js:0
[   56489ms] [WARNING] WARN Dropping "fit-x" because spec has discrete width. @ http://localhost:8501/static/js/embed.BwU7eQR9.js:0
[   56491ms] [WARNING] WARN Infinite extent for field "value_pct": [Infinity, -Infinity] @ http://localhost:8501/static/js/embed.BwU7eQR9.js:0
[   56491ms] [WARNING] WARN Infinite extent for field "value_pct": [Infinity, -Infinity] @ http://localhost:8501/static/js/embed.BwU7eQR9.js:0
[   56493ms] [WARNING] WARN Infinite extent for field "value_pct": [Infinity, -Infinity] @ http://localhost:8501/static/js/embed.BwU7eQR9.js:0
[   56493ms] [WARNING] WARN Infinite extent for field "value_pct": [Infinity, -Infinity] @ http://localhost:8501/static/js/embed.BwU7eQR9.js:0
[   56524ms] [WARNING] WARN Conflicting legend property "disable" (false and true). Using false. @ http://localhost:8501/static/js/embed.BwU7eQR9.js:0
[   56524ms] [WARNING] WARN Conflicting legend property "disable" (false and true). Using false. @ http://localhost:8501/static/js/embed.BwU7eQR9.js:0
[   56525ms] [WARNING] WARN Dropping "fit-x" because spec has discrete width. @ http://localhost:8501/static/js/embed.BwU7eQR9.js:0
[   56555ms] [WARNING] WARN Dropping "fit-x" because spec has discrete width. @ http://localhost:8501/static/js/embed.BwU7eQR9.js:0
[   56556ms] [WARNING] WARN Infinite extent for field "valor_start": [Infinity, -Infinity] @ http://localhost:8501/static/js/embed.BwU7eQR9.js:0
[   56556ms] [WARNING] WARN Infinite extent for field "valor_end": [Infinity, -Infinity] @ http://localhost:8501/static/js/embed.BwU7eQR9.js:0
[   56558ms] [WARNING] WARN Infinite extent for field "valor_start": [Infinity, -Infinity] @ http://localhost:8501/static/js/embed.BwU7eQR9.js:0
[   56558ms] [WARNING] WARN Infinite extent for field "valor_end": [Infinity, -Infinity] @ http://localhost:8501/static/js/embed.BwU7eQR9.js:0
[   56577ms] [WARNING] WARN Dropping "fit-x" because spec has discrete width. @ http://localhost:8501/static/js/embed.BwU7eQR9.js:0
[   56580ms] [WARNING] WARN Infinite extent for field "valor": [Infinity, -Infinity] @ http://localhost:8501/static/js/embed.BwU7eQR9.js:0
[   56580ms] [WARNING] WARN Infinite extent for field "valor": [Infinity, -Infinity] @ http://localhost:8501/static/js/embed.BwU7eQR9.js:0
[   56582ms] [WARNING] WARN Infinite extent for field "valor": [Infinity, -Infinity] @ http://localhost:8501/static/js/embed.BwU7eQR9.js:0
[   56582ms] [WARNING] WARN Infinite extent for field "valor": [Infinity, -Infinity] @ http://localhost:8501/static/js/embed.BwU7eQR9.js:0
[   56606ms] [WARNING] WARN Dropping "fit-x" because spec has discrete width. @ http://localhost:8501/static/js/embed.BwU7eQR9.js:0
[   56608ms] [WARNING] WARN Infinite extent for field "value_pct": [Infinity, -Infinity] @ http://localhost:8501/static/js/embed.BwU7eQR9.js:0
[   56608ms] [WARNING] WARN Infinite extent for field "value_pct": [Infinity, -Infinity] @ http://localhost:8501/static/js/embed.BwU7eQR9.js:0
[   56610ms] [WARNING] WARN Infinite extent for field "value_pct": [Infinity, -Infinity] @ http://localhost:8501/static/js/embed.BwU7eQR9.js:0
[   56610ms] [WARNING] WARN Infinite extent for field "value_pct": [Infinity, -Infinity] @ http://localhost:8501/static/js/embed.BwU7eQR9.js:0
[   56631ms] [WARNING] WARN Dropping "fit-x" because spec has discrete width. @ http://localhost:8501/static/js/embed.BwU7eQR9.js:0
[   56631ms] [WARNING] WARN Domains that should be unioned has conflicting sort properties. Sort will be set to true. @ http://localhost:8501/static/js/embed.BwU7eQR9.js:0
[   56653ms] [WARNING] WARN x-scale's "paddingInner" is dropped as it does not work with point scale. @ http://localhost:8501/static/js/embed.BwU7eQR9.js:0
[   56653ms] [WARNING] WARN x-scale's "paddingInner" is dropped as it does not work with point scale. @ http://localhost:8501/static/js/embed.BwU7eQR9.js:0
[   56654ms] [WARNING] WARN Dropping "fit-x" because spec has discrete width. @ http://localhost:8501/static/js/embed.BwU7eQR9.js:0
[   56698ms] [WARNING] WARN Conflicting legend property "disable" (false and true). Using false. @ http://localhost:8501/static/js/embed.BwU7eQR9.js:0
[   56698ms] [WARNING] WARN Conflicting legend property "disable" (false and true). Using false. @ http://localhost:8501/static/js/embed.BwU7eQR9.js:0
[   56698ms] [WARNING] WARN Dropping "fit-x" because spec has discrete width. @ http://localhost:8501/static/js/embed.BwU7eQR9.js:0
[   56753ms] [WARNING] WARN Conflicting legend property "disable" (false and true). Using false. @ http://localhost:8501/static/js/embed.BwU7eQR9.js:0
[   56753ms] [WARNING] WARN Dropping "fit-x" because spec has discrete width. @ http://localhost:8501/static/js/embed.BwU7eQR9.js:0
[   56755ms] [WARNING] WARN Infinite extent for field "series_opacity": [Infinity, -Infinity] @ http://localhost:8501/static/js/embed.BwU7eQR9.js:0
[   56755ms] [WARNING] WARN Infinite extent for field "series_opacity": [Infinity, -Infinity] @ http://localhost:8501/static/js/embed.BwU7eQR9.js:0
[   56755ms] [WARNING] WARN Infinite extent for field "stroke_width": [Infinity, -Infinity] @ http://localhost:8501/static/js/embed.BwU7eQR9.js:0
[   56755ms] [WARNING] WARN Infinite extent for field "point_size": [Infinity, -Infinity] @ http://localhost:8501/static/js/embed.BwU7eQR9.js:0
[   56782ms] [WARNING] WARN Dropping "fit-x" because spec has discrete width. @ http://localhost:8501/static/js/embed.BwU7eQR9.js:0
[   56784ms] [WARNING] WARN Infinite extent for field "valor_start": [Infinity, -Infinity] @ http://localhost:8501/static/js/embed.BwU7eQR9.js:0
[   56784ms] [WARNING] WARN Infinite extent for field "valor_end": [Infinity, -Infinity] @ http://localhost:8501/static/js/embed.BwU7eQR9.js:0
[   56784ms] [WARNING] WARN Infinite extent for field "label_y": [Infinity, -Infinity] @ http://localhost:8501/static/js/embed.BwU7eQR9.js:0
[   56784ms] [WARNING] WARN Infinite extent for field "label_y": [Infinity, -Infinity] @ http://localhost:8501/static/js/embed.BwU7eQR9.js:0
[   56784ms] [WARNING] WARN Infinite extent for field "label_y": [Infinity, -Infinity] @ http://localhost:8501/static/js/embed.BwU7eQR9.js:0
[   56806ms] [WARNING] WARN Dropping "fit-x" because spec has discrete width. @ http://localhost:8501/static/js/embed.BwU7eQR9.js:0
[   56809ms] [WARNING] WARN Infinite extent for field "valor": [Infinity, -Infinity] @ http://localhost:8501/static/js/embed.BwU7eQR9.js:0
[   56810ms] [WARNING] WARN Infinite extent for field "valor": [Infinity, -Infinity] @ http://localhost:8501/static/js/embed.BwU7eQR9.js:0
[   56810ms] [WARNING] WARN Infinite extent for field "valor": [Infinity, -Infinity] @ http://localhost:8501/static/js/embed.BwU7eQR9.js:0
[   56810ms] [WARNING] WARN Infinite extent for field "valor": [Infinity, -Infinity] @ http://localhost:8501/static/js/embed.BwU7eQR9.js:0
[   56810ms] [WARNING] WARN Infinite extent for field "valor": [Infinity, -Infinity] @ http://localhost:8501/static/js/embed.BwU7eQR9.js:0
[   56810ms] [WARNING] WARN Infinite extent for field "valor": [Infinity, -Infinity] @ http://localhost:8501/static/js/embed.BwU7eQR9.js:0
[   56847ms] [WARNING] WARN Dropping "fit-x" because spec has discrete width. @ http://localhost:8501/static/js/embed.BwU7eQR9.js:0
[   56849ms] [WARNING] WARN Infinite extent for field "value_pct": [Infinity, -Infinity] @ http://localhost:8501/static/js/embed.BwU7eQR9.js:0
[   56849ms] [WARNING] WARN Infinite extent for field "value_pct": [Infinity, -Infinity] @ http://localhost:8501/static/js/embed.BwU7eQR9.js:0
[   56849ms] [WARNING] WARN Infinite extent for field "value_pct": [Infinity, -Infinity] @ http://localhost:8501/static/js/embed.BwU7eQR9.js:0
[   56869ms] [WARNING] WARN Dropping "fit-x" because spec has discrete width. @ http://localhost:8501/static/js/embed.BwU7eQR9.js:0
[   56932ms] [WARNING] WARN Conflicting legend property "disable" (false and true). Using false. @ http://localhost:8501/static/js/embed.BwU7eQR9.js:0
[   56933ms] [WARNING] WARN Conflicting legend property "disable" (false and true). Using false. @ http://localhost:8501/static/js/embed.BwU7eQR9.js:0
[   56933ms] [WARNING] WARN Dropping "fit-x" because spec has discrete width. @ http://localhost:8501/static/js/embed.BwU7eQR9.js:0
[   56960ms] [WARNING] WARN Dropping "fit-x" because spec has discrete width. @ http://localhost:8501/static/js/embed.BwU7eQR9.js:0
[   56962ms] [WARNING] WARN Infinite extent for field "valor_start": [Infinity, -Infinity] @ http://localhost:8501/static/js/embed.BwU7eQR9.js:0
[   56962ms] [WARNING] WARN Infinite extent for field "valor_end": [Infinity, -Infinity] @ http://localhost:8501/static/js/embed.BwU7eQR9.js:0
[   56963ms] [WARNING] WARN Infinite extent for field "valor_start": [Infinity, -Infinity] @ http://localhost:8501/static/js/embed.BwU7eQR9.js:0
[   56963ms] [WARNING] WARN Infinite extent for field "valor_end": [Infinity, -Infinity] @ http://localhost:8501/static/js/embed.BwU7eQR9.js:0
[   56979ms] [WARNING] WARN Dropping "fit-x" because spec has discrete width. @ http://localhost:8501/static/js/embed.BwU7eQR9.js:0
[   56981ms] [WARNING] WARN Infinite extent for field "valor": [Infinity, -Infinity] @ http://localhost:8501/static/js/embed.BwU7eQR9.js:0
[   56981ms] [WARNING] WARN Infinite extent for field "valor": [Infinity, -Infinity] @ http://localhost:8501/static/js/embed.BwU7eQR9.js:0
[   56982ms] [WARNING] WARN Infinite extent for field "valor": [Infinity, -Infinity] @ http://localhost:8501/static/js/embed.BwU7eQR9.js:0
[   56982ms] [WARNING] WARN Infinite extent for field "valor": [Infinity, -Infinity] @ http://localhost:8501/static/js/embed.BwU7eQR9.js:0
[   57042ms] [WARNING] WARN Dropping "fit-x" because spec has discrete width. @ http://localhost:8501/static/js/embed.BwU7eQR9.js:0
[   57043ms] [WARNING] WARN Infinite extent for field "value_pct": [Infinity, -Infinity] @ http://localhost:8501/static/js/embed.BwU7eQR9.js:0
[   57043ms] [WARNING] WARN Infinite extent for field "value_pct": [Infinity, -Infinity] @ http://localhost:8501/static/js/embed.BwU7eQR9.js:0
[   57044ms] [WARNING] WARN Infinite extent for field "value_pct": [Infinity, -Infinity] @ http://localhost:8501/static/js/embed.BwU7eQR9.js:0
[   57044ms] [WARNING] WARN Infinite extent for field "value_pct": [Infinity, -Infinity] @ http://localhost:8501/static/js/embed.BwU7eQR9.js:0
[   57701ms] [WARNING] WARN x-scale's "paddingInner" is dropped as it does not work with point scale. @ http://localhost:8501/static/js/embed.BwU7eQR9.js:0
[   57701ms] [WARNING] WARN x-scale's "paddingInner" is dropped as it does not work with point scale. @ http://localhost:8501/static/js/embed.BwU7eQR9.js:0
[   57702ms] [WARNING] WARN Conflicting legend property "disable" (false and true). Using false. @ http://localhost:8501/static/js/embed.BwU7eQR9.js:0
[   57702ms] [WARNING] WARN Dropping "fit-x" because spec has discrete width. @ http://localhost:8501/static/js/embed.BwU7eQR9.js:0
[   76038ms] [WARNING] WARN Channel order is inappropriate for nominal field, which has no inherent order. @ http://localhost:8501/static/js/embed.BwU7eQR9.js:0
[   76039ms] [WARNING] WARN Conflicting legend property "disable" (false and true). Using false. @ http://localhost:8501/static/js/embed.BwU7eQR9.js:0
[   76040ms] [WARNING] WARN Dropping "fit-x" because spec has discrete width. @ http://localhost:8501/static/js/embed.BwU7eQR9.js:0
[  152302ms] [WARNING] WebSocket onclose @ http://localhost:8501/static/js/index.k-9rUdPI.js:20
[  156241ms] [ERROR] Failed to load resource: net::ERR_CONNECTION_REFUSED @ http://localhost:8501/_stcore/host-config:0
[  156241ms] [ERROR] Failed to load resource: net::ERR_CONNECTION_REFUSED @ http://localhost:8501/_stcore/health:0
[  156343ms] [ERROR] Failed to load resource: net::ERR_CONNECTION_REFUSED @ http://localhost:8501/_stcore/health:0
[  156343ms] [ERROR] Failed to load resource: net::ERR_CONNECTION_REFUSED @ http://localhost:8501/_stcore/host-config:0
[  156531ms] [ERROR] Failed to load resource: net::ERR_CONNECTION_REFUSED @ http://localhost:8501/_stcore/health:0
[  156531ms] [ERROR] Failed to load resource: net::ERR_CONNECTION_REFUSED @ http://localhost:8501/_stcore/host-config:0
[  156967ms] [ERROR] Failed to load resource: net::ERR_CONNECTION_REFUSED @ http://localhost:8501/_stcore/health:0
[  156967ms] [ERROR] Failed to load resource: net::ERR_CONNECTION_REFUSED @ http://localhost:8501/_stcore/host-config:0
[  157820ms] [ERROR] Failed to load resource: net::ERR_CONNECTION_REFUSED @ http://localhost:8501/_stcore/health:0
[  157820ms] [ERROR] Failed to load resource: net::ERR_CONNECTION_REFUSED @ http://localhost:8501/_stcore/host-config:0
[  159114ms] [ERROR] Failed to load resource: net::ERR_CONNECTION_REFUSED @ http://localhost:8501/_stcore/health:0
[  159114ms] [ERROR] Client Error in reaching server endpoint - No response received when attempting to reach /_stcore/health @ http://localhost:8501/static/js/index.k-9rUdPI.js:19
[  159114ms] [ERROR] Is Streamlit still running? If you accidentally stopped Streamlit, just restart it in your terminal: @ http://localhost:8501/static/js/index.k-9rUdPI.js:24
[  159114ms] [ERROR] Failed to load resource: net::ERR_CONNECTION_REFUSED @ http://localhost:8501/_stcore/host-config:0
[  161117ms] [ERROR] Failed to load resource: net::ERR_CONNECTION_REFUSED @ http://localhost:8501/_stcore/health:0
[  161117ms] [ERROR] Client Error in reaching server endpoint - No response received when attempting to reach /_stcore/health @ http://localhost:8501/static/js/index.k-9rUdPI.js:19
[  161117ms] [ERROR] Is Streamlit still running? If you accidentally stopped Streamlit, just restart it in your terminal: @ http://localhost:8501/static/js/index.k-9rUdPI.js:24
[  161117ms] [ERROR] Failed to load resource: net::ERR_CONNECTION_REFUSED @ http://localhost:8501/_stcore/host-config:0
[  163119ms] [ERROR] Failed to load resource: net::ERR_CONNECTION_REFUSED @ http://localhost:8501/_stcore/health:0
[  163119ms] [ERROR] Client Error in reaching server endpoint - No response received when attempting to reach /_stcore/health @ http://localhost:8501/static/js/index.k-9rUdPI.js:19
[  163119ms] [ERROR] Is Streamlit still running? If you accidentally stopped Streamlit, just restart it in your terminal: @ http://localhost:8501/static/js/index.k-9rUdPI.js:24
[  163119ms] [ERROR] Failed to load resource: net::ERR_CONNECTION_REFUSED @ http://localhost:8501/_stcore/host-config:0
[  165121ms] [ERROR] Failed to load resource: net::ERR_CONNECTION_REFUSED @ http://localhost:8501/_stcore/health:0
[  165121ms] [ERROR] Client Error in reaching server endpoint - No response received when attempting to reach /_stcore/health @ http://localhost:8501/static/js/index.k-9rUdPI.js:19
[  165121ms] [ERROR] Is Streamlit still running? If you accidentally stopped Streamlit, just restart it in your terminal: @ http://localhost:8501/static/js/index.k-9rUdPI.js:24
[  165121ms] [ERROR] Failed to load resource: net::ERR_CONNECTION_REFUSED @ http://localhost:8501/_stcore/host-config:0
[  167123ms] [ERROR] Failed to load resource: net::ERR_CONNECTION_REFUSED @ http://localhost:8501/_stcore/health:0
[  167123ms] [ERROR] Client Error in reaching server endpoint - No response received when attempting to reach /_stcore/health @ http://localhost:8501/static/js/index.k-9rUdPI.js:19
[  167123ms] [ERROR] Is Streamlit still running? If you accidentally stopped Streamlit, just restart it in your terminal: @ http://localhost:8501/static/js/index.k-9rUdPI.js:24
[  167123ms] [ERROR] Failed to load resource: net::ERR_CONNECTION_REFUSED @ http://localhost:8501/_stcore/host-config:0
[  169126ms] [ERROR] Failed to load resource: net::ERR_CONNECTION_REFUSED @ http://localhost:8501/_stcore/health:0
[  169126ms] [ERROR] Client Error in reaching server endpoint - No response received when attempting to reach /_stcore/health @ http://localhost:8501/static/js/index.k-9rUdPI.js:19
[  169126ms] [ERROR] Is Streamlit still running? If you accidentally stopped Streamlit, just restart it in your terminal: @ http://localhost:8501/static/js/index.k-9rUdPI.js:24
[  169126ms] [ERROR] Failed to load resource: net::ERR_CONNECTION_REFUSED @ http://localhost:8501/_stcore/host-config:0
[  171129ms] [ERROR] Failed to load resource: net::ERR_CONNECTION_REFUSED @ http://localhost:8501/_stcore/health:0
[  171129ms] [ERROR] Client Error in reaching server endpoint - No response received when attempting to reach /_stcore/health @ http://localhost:8501/static/js/index.k-9rUdPI.js:19
[  171129ms] [ERROR] Is Streamlit still running? If you accidentally stopped Streamlit, just restart it in your terminal: @ http://localhost:8501/static/js/index.k-9rUdPI.js:24
[  171129ms] [ERROR] Failed to load resource: net::ERR_CONNECTION_REFUSED @ http://localhost:8501/_stcore/host-config:0
[  173132ms] [ERROR] Failed to load resource: net::ERR_CONNECTION_REFUSED @ http://localhost:8501/_stcore/health:0
[  173132ms] [ERROR] Client Error in reaching server endpoint - No response received when attempting to reach /_stcore/health @ http://localhost:8501/static/js/index.k-9rUdPI.js:19
[  173132ms] [ERROR] Is Streamlit still running? If you accidentally stopped Streamlit, just restart it in your terminal: @ http://localhost:8501/static/js/index.k-9rUdPI.js:24
[  173132ms] [ERROR] Failed to load resource: net::ERR_CONNECTION_REFUSED @ http://localhost:8501/_stcore/host-config:0
[  175135ms] [ERROR] Failed to load resource: net::ERR_CONNECTION_REFUSED @ http://localhost:8501/_stcore/health:0
[  175135ms] [ERROR] Client Error in reaching server endpoint - No response received when attempting to reach /_stcore/health @ http://localhost:8501/static/js/index.k-9rUdPI.js:19
[  175135ms] [ERROR] Is Streamlit still running? If you accidentally stopped Streamlit, just restart it in your terminal: @ http://localhost:8501/static/js/index.k-9rUdPI.js:24
[  175135ms] [ERROR] Failed to load resource: net::ERR_CONNECTION_REFUSED @ http://localhost:8501/_stcore/host-config:0
[  177138ms] [ERROR] Failed to load resource: net::ERR_CONNECTION_REFUSED @ http://localhost:8501/_stcore/health:0
[  177138ms] [ERROR] Client Error in reaching server endpoint - No response received when attempting to reach /_stcore/health @ http://localhost:8501/static/js/index.k-9rUdPI.js:19
[  177138ms] [ERROR] Is Streamlit still running? If you accidentally stopped Streamlit, just restart it in your terminal: @ http://localhost:8501/static/js/index.k-9rUdPI.js:24
[  177138ms] [ERROR] Failed to load resource: net::ERR_CONNECTION_REFUSED @ http://localhost:8501/_stcore/host-config:0
