[   34504ms] [WARNING] WARN Infinite extent for field "Métrica_plot_start": [Infinity, -Infinity] @ http://localhost:8501/static/js/embed.BwU7eQR9.js:0
[   34504ms] [WARNING] WARN Infinite extent for field "Métrica_plot_end": [Infinity, -Infinity] @ http://localhost:8501/static/js/embed.BwU7eQR9.js:0
[   34510ms] [WARNING] WARN Infinite extent for field "Cobertura_start": [Infinity, -Infinity] @ http://localhost:8501/static/js/embed.BwU7eQR9.js:0
[   34510ms] [WARNING] WARN Infinite extent for field "Cobertura_end": [Infinity, -Infinity] @ http://localhost:8501/static/js/embed.BwU7eQR9.js:0
[   34556ms] [WARNING] WARN Infinite extent for field "mes": [Infinity, -Infinity] @ http://localhost:8501/static/js/embed.BwU7eQR9.js:0
[   34556ms] [WARNING] WARN Infinite extent for field "Cobertura": [Infinity, -Infinity] @ http://localhost:8501/static/js/embed.BwU7eQR9.js:0
[   34560ms] [WARNING] WARN Infinite extent for field "delta_bi_start": [Infinity, -Infinity] @ http://localhost:8501/static/js/embed.BwU7eQR9.js:0
[   34560ms] [WARNING] WARN Infinite extent for field "delta_bi_end": [Infinity, -Infinity] @ http://localhost:8501/static/js/embed.BwU7eQR9.js:0
[   34562ms] [WARNING] WARN Dropping "fit-x" because spec has discrete width. @ http://localhost:8501/static/js/embed.BwU7eQR9.js:0
[   34564ms] [WARNING] WARN Infinite extent for field "volume_bi_start": [Infinity, -Infinity] @ http://localhost:8501/static/js/embed.BwU7eQR9.js:0
[   34564ms] [WARNING] WARN Infinite extent for field "volume_bi_end": [Infinity, -Infinity] @ http://localhost:8501/static/js/embed.BwU7eQR9.js:0
[   34564ms] [WARNING] WARN Infinite extent for field "emissores_cnpj": [Infinity, -Infinity] @ http://localhost:8501/static/js/embed.BwU7eQR9.js:0
[   34566ms] [WARNING] WARN Dropping "fit-x" because spec has discrete width. @ http://localhost:8501/static/js/embed.BwU7eQR9.js:0
[   34567ms] [WARNING] WARN Infinite extent for field "volume_bi": [Infinity, -Infinity] @ http://localhost:8501/static/js/embed.BwU7eQR9.js:0
[   34569ms] [WARNING] WARN Dropping "fit-x" because spec has discrete width. @ http://localhost:8501/static/js/embed.BwU7eQR9.js:0
[   34570ms] [WARNING] WARN Infinite extent for field "Volume": [Infinity, -Infinity] @ http://localhost:8501/static/js/embed.BwU7eQR9.js:0
[   34623ms] [WARNING] WARN Infinite extent for field "Documentos_start": [Infinity, -Infinity] @ http://localhost:8501/static/js/embed.BwU7eQR9.js:0
[   34623ms] [WARNING] WARN Infinite extent for field "Documentos_end": [Infinity, -Infinity] @ http://localhost:8501/static/js/embed.BwU7eQR9.js:0
[   34626ms] [WARNING] WARN Infinite extent for field "Documentos_start": [Infinity, -Infinity] @ http://localhost:8501/static/js/embed.BwU7eQR9.js:0
[   34626ms] [WARNING] WARN Infinite extent for field "Documentos_end": [Infinity, -Infinity] @ http://localhost:8501/static/js/embed.BwU7eQR9.js:0
[   34628ms] [WARNING] WARN Infinite extent for field "Cobertura_start": [Infinity, -Infinity] @ http://localhost:8501/static/js/embed.BwU7eQR9.js:0
[   34628ms] [WARNING] WARN Infinite extent for field "Cobertura_end": [Infinity, -Infinity] @ http://localhost:8501/static/js/embed.BwU7eQR9.js:0
[   34689ms] [WARNING] WARN Infinite extent for field "pct_min_num": [Infinity, -Infinity] @ http://localhost:8501/static/js/embed.BwU7eQR9.js:0
[   34690ms] [WARNING] WARN Infinite extent for field "__count": [Infinity, -Infinity] @ http://localhost:8501/static/js/embed.BwU7eQR9.js:0
[   34691ms] [WARNING] WARN Dropping "fit-x" because spec has discrete width. @ http://localhost:8501/static/js/embed.BwU7eQR9.js:0
[   34692ms] [WARNING] WARN Infinite extent for field "valor": [Infinity, -Infinity] @ http://localhost:8501/static/js/embed.BwU7eQR9.js:0
[   34720ms] [WARNING] WARN Dropping "fit-x" because spec has discrete width. @ http://localhost:8501/static/js/embed.BwU7eQR9.js:0
[   34722ms] [WARNING] WARN Infinite extent for field "valor": [Infinity, -Infinity] @ http://localhost:8501/static/js/embed.BwU7eQR9.js:0
[   34850ms] [WARNING] WARN Infinite extent for field "pl_bi_start": [Infinity, -Infinity] @ http://localhost:8501/static/js/embed.BwU7eQR9.js:0
[   34850ms] [WARNING] WARN Infinite extent for field "pl_bi_end": [Infinity, -Infinity] @ http://localhost:8501/static/js/embed.BwU7eQR9.js:0
[   34996ms] [WARNING] WARN Infinite extent for field "mes": [Infinity, -Infinity] @ http://localhost:8501/static/js/embed.BwU7eQR9.js:0
[   34996ms] [WARNING] WARN Infinite extent for field "pl_bi": [Infinity, -Infinity] @ http://localhost:8501/static/js/embed.BwU7eQR9.js:0
[   34998ms] [WARNING] WARN Infinite extent for field "mes": [Infinity, -Infinity] @ http://localhost:8501/static/js/embed.BwU7eQR9.js:0
[   34998ms] [WARNING] WARN Infinite extent for field "captacao_bi_start": [Infinity, -Infinity] @ http://localhost:8501/static/js/embed.BwU7eQR9.js:0
[   34998ms] [WARNING] WARN Infinite extent for field "captacao_bi_end": [Infinity, -Infinity] @ http://localhost:8501/static/js/embed.BwU7eQR9.js:0
[   35012ms] [WARNING] WARN Infinite extent for field "PL_bi_start": [Infinity, -Infinity] @ http://localhost:8501/static/js/embed.BwU7eQR9.js:0
[   35012ms] [WARNING] WARN Infinite extent for field "PL_bi_end": [Infinity, -Infinity] @ http://localhost:8501/static/js/embed.BwU7eQR9.js:0
[   35043ms] [WARNING] WARN Infinite extent for field "Métrica bi_start": [Infinity, -Infinity] @ http://localhost:8501/static/js/embed.BwU7eQR9.js:0
[   35043ms] [WARNING] WARN Infinite extent for field "Métrica bi_end": [Infinity, -Infinity] @ http://localhost:8501/static/js/embed.BwU7eQR9.js:0
[   35089ms] [WARNING] WARN Infinite extent for field "Módulos_start": [Infinity, -Infinity] @ http://localhost:8501/static/js/embed.BwU7eQR9.js:0
[   35089ms] [WARNING] WARN Infinite extent for field "Módulos_end": [Infinity, -Infinity] @ http://localhost:8501/static/js/embed.BwU7eQR9.js:0
[   35883ms] [WARNING] WARN Infinite extent for field "profile_links_start": [Infinity, -Infinity] @ http://localhost:8501/static/js/embed.BwU7eQR9.js:0
[   35884ms] [WARNING] WARN Infinite extent for field "profile_links_end": [Infinity, -Infinity] @ http://localhost:8501/static/js/embed.BwU7eQR9.js:0
[   36840ms] [WARNING] WARN Infinite extent for field "quality_pct_start": [Infinity, -Infinity] @ http://localhost:8501/static/js/embed.BwU7eQR9.js:0
[   36840ms] [WARNING] WARN Infinite extent for field "quality_pct_end": [Infinity, -Infinity] @ http://localhost:8501/static/js/embed.BwU7eQR9.js:0
[   38380ms] [WARNING] WARN Conflicting legend property "disable" (false and true). Using false. @ http://localhost:8501/static/js/embed.BwU7eQR9.js:0
[   38382ms] [WARNING] WARN Infinite extent for field "mes": [Infinity, -Infinity] @ http://localhost:8501/static/js/embed.BwU7eQR9.js:0
[   38382ms] [WARNING] WARN Infinite extent for field "mes": [Infinity, -Infinity] @ http://localhost:8501/static/js/embed.BwU7eQR9.js:0
[   38382ms] [WARNING] WARN Infinite extent for field "total_bi_start": [Infinity, -Infinity] @ http://localhost:8501/static/js/embed.BwU7eQR9.js:0
[   38382ms] [WARNING] WARN Infinite extent for field "total_bi_end": [Infinity, -Infinity] @ http://localhost:8501/static/js/embed.BwU7eQR9.js:0
[   38382ms] [WARNING] WARN Infinite extent for field "valor_bi": [Infinity, -Infinity] @ http://localhost:8501/static/js/embed.BwU7eQR9.js:0
[   38385ms] [WARNING] WARN Infinite extent for field "mes": [Infinity, -Infinity] @ http://localhost:8501/static/js/embed.BwU7eQR9.js:0
[   38385ms] [WARNING] WARN Infinite extent for field "capt_bi_start": [Infinity, -Infinity] @ http://localhost:8501/static/js/embed.BwU7eQR9.js:0
[   38385ms] [WARNING] WARN Infinite extent for field "capt_bi_end": [Infinity, -Infinity] @ http://localhost:8501/static/js/embed.BwU7eQR9.js:0
[   38431ms] [WARNING] WARN Conflicting legend property "disable" (false and true). Using false. @ http://localhost:8501/static/js/embed.BwU7eQR9.js:0
[   38432ms] [WARNING] WARN Infinite extent for field "mes": [Infinity, -Infinity] @ http://localhost:8501/static/js/embed.BwU7eQR9.js:0
[   38432ms] [WARNING] WARN Infinite extent for field "mes": [Infinity, -Infinity] @ http://localhost:8501/static/js/embed.BwU7eQR9.js:0
[   38432ms] [WARNING] WARN Infinite extent for field "total_bi_start": [Infinity, -Infinity] @ http://localhost:8501/static/js/embed.BwU7eQR9.js:0
[   38432ms] [WARNING] WARN Infinite extent for field "total_bi_end": [Infinity, -Infinity] @ http://localhost:8501/static/js/embed.BwU7eQR9.js:0
[   38432ms] [WARNING] WARN Infinite extent for field "valor_bi": [Infinity, -Infinity] @ http://localhost:8501/static/js/embed.BwU7eQR9.js:0
[   38435ms] [WARNING] WARN Infinite extent for field "mes": [Infinity, -Infinity] @ http://localhost:8501/static/js/embed.BwU7eQR9.js:0
[   38435ms] [WARNING] WARN Infinite extent for field "capt_bi_start": [Infinity, -Infinity] @ http://localhost:8501/static/js/embed.BwU7eQR9.js:0
[   38435ms] [WARNING] WARN Infinite extent for field "capt_bi_end": [Infinity, -Infinity] @ http://localhost:8501/static/js/embed.BwU7eQR9.js:0
[   38436ms] [WARNING] WARN Infinite extent for field "mes": [Infinity, -Infinity] @ http://localhost:8501/static/js/embed.BwU7eQR9.js:0
[   38436ms] [WARNING] WARN Infinite extent for field "cot_mil": [Infinity, -Infinity] @ http://localhost:8501/static/js/embed.BwU7eQR9.js:0
[   38438ms] [WARNING] WARN Infinite extent for field "mes": [Infinity, -Infinity] @ http://localhost:8501/static/js/embed.BwU7eQR9.js:0
[   38438ms] [WARNING] WARN Infinite extent for field "pct": [Infinity, -Infinity] @ http://localhost:8501/static/js/embed.BwU7eQR9.js:0
[   38516ms] [WARNING] WARN Conflicting legend property "disable" (false and true). Using false. @ http://localhost:8501/static/js/embed.BwU7eQR9.js:0
[   38517ms] [WARNING] WARN Infinite extent for field "mes": [Infinity, -Infinity] @ http://localhost:8501/static/js/embed.BwU7eQR9.js:0
[   38518ms] [WARNING] WARN Infinite extent for field "mes": [Infinity, -Infinity] @ http://localhost:8501/static/js/embed.BwU7eQR9.js:0
[   38518ms] [WARNING] WARN Infinite extent for field "total_bi_start": [Infinity, -Infinity] @ http://localhost:8501/static/js/embed.BwU7eQR9.js:0
[   38518ms] [WARNING] WARN Infinite extent for field "total_bi_end": [Infinity, -Infinity] @ http://localhost:8501/static/js/embed.BwU7eQR9.js:0
[   38518ms] [WARNING] WARN Infinite extent for field "valor_bi": [Infinity, -Infinity] @ http://localhost:8501/static/js/embed.BwU7eQR9.js:0
[   38520ms] [WARNING] WARN Infinite extent for field "mes": [Infinity, -Infinity] @ http://localhost:8501/static/js/embed.BwU7eQR9.js:0
[   38520ms] [WARNING] WARN Infinite extent for field "capt_bi_start": [Infinity, -Infinity] @ http://localhost:8501/static/js/embed.BwU7eQR9.js:0
[   38520ms] [WARNING] WARN Infinite extent for field "capt_bi_end": [Infinity, -Infinity] @ http://localhost:8501/static/js/embed.BwU7eQR9.js:0
[   38522ms] [WARNING] WARN Infinite extent for field "mes": [Infinity, -Infinity] @ http://localhost:8501/static/js/embed.BwU7eQR9.js:0
[   38522ms] [WARNING] WARN Infinite extent for field "cot_mil": [Infinity, -Infinity] @ http://localhost:8501/static/js/embed.BwU7eQR9.js:0
[   38524ms] [WARNING] WARN Infinite extent for field "mes": [Infinity, -Infinity] @ http://localhost:8501/static/js/embed.BwU7eQR9.js:0
[   38524ms] [WARNING] WARN Infinite extent for field "pct": [Infinity, -Infinity] @ http://localhost:8501/static/js/embed.BwU7eQR9.js:0
[   38525ms] [WARNING] WARN Infinite extent for field "mes": [Infinity, -Infinity] @ http://localhost:8501/static/js/embed.BwU7eQR9.js:0
[   38525ms] [WARNING] WARN Infinite extent for field "pct": [Infinity, -Infinity] @ http://localhost:8501/static/js/embed.BwU7eQR9.js:0
[   38527ms] [WARNING] WARN Infinite extent for field "valor_bi_start": [Infinity, -Infinity] @ http://localhost:8501/static/js/embed.BwU7eQR9.js:0
[   38527ms] [WARNING] WARN Infinite extent for field "valor_bi_end": [Infinity, -Infinity] @ http://localhost:8501/static/js/embed.BwU7eQR9.js:0
[   38528ms] [WARNING] WARN Infinite extent for field "pl_bi_start": [Infinity, -Infinity] @ http://localhost:8501/static/js/embed.BwU7eQR9.js:0
[   38528ms] [WARNING] WARN Infinite extent for field "pl_bi_end": [Infinity, -Infinity] @ http://localhost:8501/static/js/embed.BwU7eQR9.js:0
[   38590ms] [WARNING] WARN Infinite extent for field "mes": [Infinity, -Infinity] @ http://localhost:8501/static/js/embed.BwU7eQR9.js:0
[   38590ms] [WARNING] WARN Infinite extent for field "cot_mil": [Infinity, -Infinity] @ http://localhost:8501/static/js/embed.BwU7eQR9.js:0
[   38592ms] [WARNING] WARN Infinite extent for field "mes": [Infinity, -Infinity] @ http://localhost:8501/static/js/embed.BwU7eQR9.js:0
[   38592ms] [WARNING] WARN Infinite extent for field "pct": [Infinity, -Infinity] @ http://localhost:8501/static/js/embed.BwU7eQR9.js:0
[   38594ms] [WARNING] WARN Infinite extent for field "mes": [Infinity, -Infinity] @ http://localhost:8501/static/js/embed.BwU7eQR9.js:0
[   38594ms] [WARNING] WARN Infinite extent for field "pct": [Infinity, -Infinity] @ http://localhost:8501/static/js/embed.BwU7eQR9.js:0
[   38596ms] [WARNING] WARN Infinite extent for field "valor_bi_start": [Infinity, -Infinity] @ http://localhost:8501/static/js/embed.BwU7eQR9.js:0
[   38596ms] [WARNING] WARN Infinite extent for field "valor_bi_end": [Infinity, -Infinity] @ http://localhost:8501/static/js/embed.BwU7eQR9.js:0
[   38597ms] [WARNING] WARN Infinite extent for field "pl_bi_start": [Infinity, -Infinity] @ http://localhost:8501/static/js/embed.BwU7eQR9.js:0
[   38597ms] [WARNING] WARN Infinite extent for field "pl_bi_end": [Infinity, -Infinity] @ http://localhost:8501/static/js/embed.BwU7eQR9.js:0
[   38635ms] [WARNING] WARN Infinite extent for field "mes": [Infinity, -Infinity] @ http://localhost:8501/static/js/embed.BwU7eQR9.js:0
[   38635ms] [WARNING] WARN Infinite extent for field "pct": [Infinity, -Infinity] @ http://localhost:8501/static/js/embed.BwU7eQR9.js:0
[   38637ms] [WARNING] WARN Infinite extent for field "valor_bi_start": [Infinity, -Infinity] @ http://localhost:8501/static/js/embed.BwU7eQR9.js:0
[   38637ms] [WARNING] WARN Infinite extent for field "valor_bi_end": [Infinity, -Infinity] @ http://localhost:8501/static/js/embed.BwU7eQR9.js:0
[   38638ms] [WARNING] WARN Infinite extent for field "pl_bi_start": [Infinity, -Infinity] @ http://localhost:8501/static/js/embed.BwU7eQR9.js:0
[   38638ms] [WARNING] WARN Infinite extent for field "pl_bi_end": [Infinity, -Infinity] @ http://localhost:8501/static/js/embed.BwU7eQR9.js:0
[   49825ms] [WARNING] WARN Infinite extent for field "pl_bi_start": [Infinity, -Infinity] @ http://localhost:8501/static/js/embed.BwU7eQR9.js:0
[   49825ms] [WARNING] WARN Infinite extent for field "pl_bi_end": [Infinity, -Infinity] @ http://localhost:8501/static/js/embed.BwU7eQR9.js:0
[   49827ms] [WARNING] WARN Infinite extent for field "mes": [Infinity, -Infinity] @ http://localhost:8501/static/js/embed.BwU7eQR9.js:0
[   49827ms] [WARNING] WARN Infinite extent for field "pl_bi": [Infinity, -Infinity] @ http://localhost:8501/static/js/embed.BwU7eQR9.js:0
[   49829ms] [WARNING] WARN Infinite extent for field "mes": [Infinity, -Infinity] @ http://localhost:8501/static/js/embed.BwU7eQR9.js:0
[   49829ms] [WARNING] WARN Infinite extent for field "captacao_bi_start": [Infinity, -Infinity] @ http://localhost:8501/static/js/embed.BwU7eQR9.js:0
[   49829ms] [WARNING] WARN Infinite extent for field "captacao_bi_end": [Infinity, -Infinity] @ http://localhost:8501/static/js/embed.BwU7eQR9.js:0
[   49831ms] [WARNING] WARN Infinite extent for field "PL_bi_start": [Infinity, -Infinity] @ http://localhost:8501/static/js/embed.BwU7eQR9.js:0
[   49831ms] [WARNING] WARN Infinite extent for field "PL_bi_end": [Infinity, -Infinity] @ http://localhost:8501/static/js/embed.BwU7eQR9.js:0
[   49832ms] [WARNING] WARN Infinite extent for field "Métrica bi_start": [Infinity, -Infinity] @ http://localhost:8501/static/js/embed.BwU7eQR9.js:0
[   49832ms] [WARNING] WARN Infinite extent for field "Métrica bi_end": [Infinity, -Infinity] @ http://localhost:8501/static/js/embed.BwU7eQR9.js:0
[ 3159115ms] [WARNING] WebSocket onclose @ http://localhost:8501/static/js/index.k-9rUdPI.js:20
