[   16590ms] [WARNING] WARN Infinite extent for field "Cobertura_start": [Infinity, -Infinity] @ http://localhost:8511/static/js/embed.BwU7eQR9.js:0
[   16590ms] [WARNING] WARN Infinite extent for field "Cobertura_end": [Infinity, -Infinity] @ http://localhost:8511/static/js/embed.BwU7eQR9.js:0
[   16634ms] [WARNING] WARN Infinite extent for field "mes": [Infinity, -Infinity] @ http://localhost:8511/static/js/embed.BwU7eQR9.js:0
[   16634ms] [WARNING] WARN Infinite extent for field "Cobertura": [Infinity, -Infinity] @ http://localhost:8511/static/js/embed.BwU7eQR9.js:0
[   16638ms] [WARNING] WARN Infinite extent for field "delta_bi_start": [Infinity, -Infinity] @ http://localhost:8511/static/js/embed.BwU7eQR9.js:0
[   16638ms] [WARNING] WARN Infinite extent for field "delta_bi_end": [Infinity, -Infinity] @ http://localhost:8511/static/js/embed.BwU7eQR9.js:0
[   16640ms] [WARNING] WARN Dropping "fit-x" because spec has discrete width. @ http://localhost:8511/static/js/embed.BwU7eQR9.js:0
[   16643ms] [WARNING] WARN Infinite extent for field "volume_bi_start": [Infinity, -Infinity] @ http://localhost:8511/static/js/embed.BwU7eQR9.js:0
[   16643ms] [WARNING] WARN Infinite extent for field "volume_bi_end": [Infinity, -Infinity] @ http://localhost:8511/static/js/embed.BwU7eQR9.js:0
[   16643ms] [WARNING] WARN Infinite extent for field "emissores_cnpj": [Infinity, -Infinity] @ http://localhost:8511/static/js/embed.BwU7eQR9.js:0
[   16645ms] [WARNING] WARN Dropping "fit-x" because spec has discrete width. @ http://localhost:8511/static/js/embed.BwU7eQR9.js:0
[   16646ms] [WARNING] WARN Infinite extent for field "volume_bi": [Infinity, -Infinity] @ http://localhost:8511/static/js/embed.BwU7eQR9.js:0
[   16648ms] [WARNING] WARN Dropping "fit-x" because spec has discrete width. @ http://localhost:8511/static/js/embed.BwU7eQR9.js:0
[   16650ms] [WARNING] WARN Infinite extent for field "Volume": [Infinity, -Infinity] @ http://localhost:8511/static/js/embed.BwU7eQR9.js:0
[   16698ms] [WARNING] WARN Infinite extent for field "Documentos_start": [Infinity, -Infinity] @ http://localhost:8511/static/js/embed.BwU7eQR9.js:0
[   16698ms] [WARNING] WARN Infinite extent for field "Documentos_end": [Infinity, -Infinity] @ http://localhost:8511/static/js/embed.BwU7eQR9.js:0
[   16702ms] [WARNING] WARN Infinite extent for field "Documentos_start": [Infinity, -Infinity] @ http://localhost:8511/static/js/embed.BwU7eQR9.js:0
[   16702ms] [WARNING] WARN Infinite extent for field "Documentos_end": [Infinity, -Infinity] @ http://localhost:8511/static/js/embed.BwU7eQR9.js:0
[   16704ms] [WARNING] WARN Infinite extent for field "Cobertura_start": [Infinity, -Infinity] @ http://localhost:8511/static/js/embed.BwU7eQR9.js:0
[   16704ms] [WARNING] WARN Infinite extent for field "Cobertura_end": [Infinity, -Infinity] @ http://localhost:8511/static/js/embed.BwU7eQR9.js:0
[   16733ms] [WARNING] WARN Infinite extent for field "pct_min_num": [Infinity, -Infinity] @ http://localhost:8511/static/js/embed.BwU7eQR9.js:0
[   16733ms] [WARNING] WARN Infinite extent for field "__count": [Infinity, -Infinity] @ http://localhost:8511/static/js/embed.BwU7eQR9.js:0
[   16755ms] [WARNING] WARN Dropping "fit-x" because spec has discrete width. @ http://localhost:8511/static/js/embed.BwU7eQR9.js:0
[   16756ms] [WARNING] WARN Infinite extent for field "valor": [Infinity, -Infinity] @ http://localhost:8511/static/js/embed.BwU7eQR9.js:0
[   17559ms] [WARNING] WARN Dropping "fit-x" because spec has discrete width. @ http://localhost:8511/static/js/embed.BwU7eQR9.js:0
[   17561ms] [WARNING] WARN Infinite extent for field "valor": [Infinity, -Infinity] @ http://localhost:8511/static/js/embed.BwU7eQR9.js:0
[   19168ms] [WARNING] WARN Infinite extent for field "mes": [Infinity, -Infinity] @ http://localhost:8511/static/js/embed.BwU7eQR9.js:0
[   19169ms] [WARNING] WARN Infinite extent for field "pl_bi": [Infinity, -Infinity] @ http://localhost:8511/static/js/embed.BwU7eQR9.js:0
[   19171ms] [WARNING] WARN Infinite extent for field "mes": [Infinity, -Infinity] @ http://localhost:8511/static/js/embed.BwU7eQR9.js:0
[   19171ms] [WARNING] WARN Infinite extent for field "captacao_bi_start": [Infinity, -Infinity] @ http://localhost:8511/static/js/embed.BwU7eQR9.js:0
[   19171ms] [WARNING] WARN Infinite extent for field "captacao_bi_end": [Infinity, -Infinity] @ http://localhost:8511/static/js/embed.BwU7eQR9.js:0
[   19194ms] [WARNING] WARN Infinite extent for field "PL_bi_start": [Infinity, -Infinity] @ http://localhost:8511/static/js/embed.BwU7eQR9.js:0
[   19194ms] [WARNING] WARN Infinite extent for field "PL_bi_end": [Infinity, -Infinity] @ http://localhost:8511/static/js/embed.BwU7eQR9.js:0
[   19196ms] [WARNING] WARN Infinite extent for field "Módulos_start": [Infinity, -Infinity] @ http://localhost:8511/static/js/embed.BwU7eQR9.js:0
[   19196ms] [WARNING] WARN Infinite extent for field "Módulos_end": [Infinity, -Infinity] @ http://localhost:8511/static/js/embed.BwU7eQR9.js:0
[   19316ms] [WARNING] WARN Conflicting legend property "disable" (false and true). Using false. @ http://localhost:8511/static/js/embed.BwU7eQR9.js:0
[   19317ms] [WARNING] WARN Infinite extent for field "mes": [Infinity, -Infinity] @ http://localhost:8511/static/js/embed.BwU7eQR9.js:0
[   19317ms] [WARNING] WARN Infinite extent for field "mes": [Infinity, -Infinity] @ http://localhost:8511/static/js/embed.BwU7eQR9.js:0
[   19317ms] [WARNING] WARN Infinite extent for field "total_bi_start": [Infinity, -Infinity] @ http://localhost:8511/static/js/embed.BwU7eQR9.js:0
[   19317ms] [WARNING] WARN Infinite extent for field "total_bi_end": [Infinity, -Infinity] @ http://localhost:8511/static/js/embed.BwU7eQR9.js:0
[   19317ms] [WARNING] WARN Infinite extent for field "valor_bi": [Infinity, -Infinity] @ http://localhost:8511/static/js/embed.BwU7eQR9.js:0
[   19351ms] [WARNING] WARN Conflicting legend property "disable" (false and true). Using false. @ http://localhost:8511/static/js/embed.BwU7eQR9.js:0
[   19353ms] [WARNING] WARN Infinite extent for field "mes": [Infinity, -Infinity] @ http://localhost:8511/static/js/embed.BwU7eQR9.js:0
[   19353ms] [WARNING] WARN Infinite extent for field "mes": [Infinity, -Infinity] @ http://localhost:8511/static/js/embed.BwU7eQR9.js:0
[   19353ms] [WARNING] WARN Infinite extent for field "total_bi_start": [Infinity, -Infinity] @ http://localhost:8511/static/js/embed.BwU7eQR9.js:0
[   19353ms] [WARNING] WARN Infinite extent for field "total_bi_end": [Infinity, -Infinity] @ http://localhost:8511/static/js/embed.BwU7eQR9.js:0
[   19353ms] [WARNING] WARN Infinite extent for field "valor_bi": [Infinity, -Infinity] @ http://localhost:8511/static/js/embed.BwU7eQR9.js:0
[   19356ms] [WARNING] WARN Infinite extent for field "mes": [Infinity, -Infinity] @ http://localhost:8511/static/js/embed.BwU7eQR9.js:0
[   19356ms] [WARNING] WARN Infinite extent for field "capt_bi_start": [Infinity, -Infinity] @ http://localhost:8511/static/js/embed.BwU7eQR9.js:0
[   19356ms] [WARNING] WARN Infinite extent for field "capt_bi_end": [Infinity, -Infinity] @ http://localhost:8511/static/js/embed.BwU7eQR9.js:0
[   19357ms] [WARNING] WARN Infinite extent for field "mes": [Infinity, -Infinity] @ http://localhost:8511/static/js/embed.BwU7eQR9.js:0
[   19357ms] [WARNING] WARN Infinite extent for field "cot_mil": [Infinity, -Infinity] @ http://localhost:8511/static/js/embed.BwU7eQR9.js:0
[   19359ms] [WARNING] WARN Infinite extent for field "mes": [Infinity, -Infinity] @ http://localhost:8511/static/js/embed.BwU7eQR9.js:0
[   19359ms] [WARNING] WARN Infinite extent for field "pct": [Infinity, -Infinity] @ http://localhost:8511/static/js/embed.BwU7eQR9.js:0
[   19361ms] [WARNING] WARN Infinite extent for field "mes": [Infinity, -Infinity] @ http://localhost:8511/static/js/embed.BwU7eQR9.js:0
[   19361ms] [WARNING] WARN Infinite extent for field "pct": [Infinity, -Infinity] @ http://localhost:8511/static/js/embed.BwU7eQR9.js:0
[   19427ms] [WARNING] WARN Conflicting legend property "disable" (false and true). Using false. @ http://localhost:8511/static/js/embed.BwU7eQR9.js:0
[   19428ms] [WARNING] WARN Infinite extent for field "mes": [Infinity, -Infinity] @ http://localhost:8511/static/js/embed.BwU7eQR9.js:0
[   19428ms] [WARNING] WARN Infinite extent for field "mes": [Infinity, -Infinity] @ http://localhost:8511/static/js/embed.BwU7eQR9.js:0
[   19428ms] [WARNING] WARN Infinite extent for field "total_bi_start": [Infinity, -Infinity] @ http://localhost:8511/static/js/embed.BwU7eQR9.js:0
[   19428ms] [WARNING] WARN Infinite extent for field "total_bi_end": [Infinity, -Infinity] @ http://localhost:8511/static/js/embed.BwU7eQR9.js:0
[   19428ms] [WARNING] WARN Infinite extent for field "valor_bi": [Infinity, -Infinity] @ http://localhost:8511/static/js/embed.BwU7eQR9.js:0
[   19431ms] [WARNING] WARN Infinite extent for field "mes": [Infinity, -Infinity] @ http://localhost:8511/static/js/embed.BwU7eQR9.js:0
[   19431ms] [WARNING] WARN Infinite extent for field "capt_bi_start": [Infinity, -Infinity] @ http://localhost:8511/static/js/embed.BwU7eQR9.js:0
[   19431ms] [WARNING] WARN Infinite extent for field "capt_bi_end": [Infinity, -Infinity] @ http://localhost:8511/static/js/embed.BwU7eQR9.js:0
[   19433ms] [WARNING] WARN Infinite extent for field "mes": [Infinity, -Infinity] @ http://localhost:8511/static/js/embed.BwU7eQR9.js:0
[   19433ms] [WARNING] WARN Infinite extent for field "cot_mil": [Infinity, -Infinity] @ http://localhost:8511/static/js/embed.BwU7eQR9.js:0
[   19435ms] [WARNING] WARN Infinite extent for field "mes": [Infinity, -Infinity] @ http://localhost:8511/static/js/embed.BwU7eQR9.js:0
[   19435ms] [WARNING] WARN Infinite extent for field "pct": [Infinity, -Infinity] @ http://localhost:8511/static/js/embed.BwU7eQR9.js:0
[   19437ms] [WARNING] WARN Infinite extent for field "mes": [Infinity, -Infinity] @ http://localhost:8511/static/js/embed.BwU7eQR9.js:0
[   19437ms] [WARNING] WARN Infinite extent for field "pct": [Infinity, -Infinity] @ http://localhost:8511/static/js/embed.BwU7eQR9.js:0
[   19439ms] [WARNING] WARN Infinite extent for field "valor_bi_start": [Infinity, -Infinity] @ http://localhost:8511/static/js/embed.BwU7eQR9.js:0
[   19439ms] [WARNING] WARN Infinite extent for field "valor_bi_end": [Infinity, -Infinity] @ http://localhost:8511/static/js/embed.BwU7eQR9.js:0
[   19440ms] [WARNING] WARN Infinite extent for field "pl_bi_start": [Infinity, -Infinity] @ http://localhost:8511/static/js/embed.BwU7eQR9.js:0
[   19440ms] [WARNING] WARN Infinite extent for field "pl_bi_end": [Infinity, -Infinity] @ http://localhost:8511/static/js/embed.BwU7eQR9.js:0
[   19516ms] [WARNING] WARN Infinite extent for field "mes": [Infinity, -Infinity] @ http://localhost:8511/static/js/embed.BwU7eQR9.js:0
[   19516ms] [WARNING] WARN Infinite extent for field "capt_bi_start": [Infinity, -Infinity] @ http://localhost:8511/static/js/embed.BwU7eQR9.js:0
[   19516ms] [WARNING] WARN Infinite extent for field "capt_bi_end": [Infinity, -Infinity] @ http://localhost:8511/static/js/embed.BwU7eQR9.js:0
[   19518ms] [WARNING] WARN Infinite extent for field "mes": [Infinity, -Infinity] @ http://localhost:8511/static/js/embed.BwU7eQR9.js:0
[   19518ms] [WARNING] WARN Infinite extent for field "cot_mil": [Infinity, -Infinity] @ http://localhost:8511/static/js/embed.BwU7eQR9.js:0
[   19519ms] [WARNING] WARN Infinite extent for field "mes": [Infinity, -Infinity] @ http://localhost:8511/static/js/embed.BwU7eQR9.js:0
[   19519ms] [WARNING] WARN Infinite extent for field "pct": [Infinity, -Infinity] @ http://localhost:8511/static/js/embed.BwU7eQR9.js:0
[   19521ms] [WARNING] WARN Infinite extent for field "mes": [Infinity, -Infinity] @ http://localhost:8511/static/js/embed.BwU7eQR9.js:0
[   19521ms] [WARNING] WARN Infinite extent for field "pct": [Infinity, -Infinity] @ http://localhost:8511/static/js/embed.BwU7eQR9.js:0
[   19523ms] [WARNING] WARN Infinite extent for field "valor_bi_start": [Infinity, -Infinity] @ http://localhost:8511/static/js/embed.BwU7eQR9.js:0
[   19523ms] [WARNING] WARN Infinite extent for field "valor_bi_end": [Infinity, -Infinity] @ http://localhost:8511/static/js/embed.BwU7eQR9.js:0
[   19524ms] [WARNING] WARN Infinite extent for field "pl_bi_start": [Infinity, -Infinity] @ http://localhost:8511/static/js/embed.BwU7eQR9.js:0
[   19524ms] [WARNING] WARN Infinite extent for field "pl_bi_end": [Infinity, -Infinity] @ http://localhost:8511/static/js/embed.BwU7eQR9.js:0
[   19572ms] [WARNING] WARN Infinite extent for field "valor_bi_start": [Infinity, -Infinity] @ http://localhost:8511/static/js/embed.BwU7eQR9.js:0
[   19572ms] [WARNING] WARN Infinite extent for field "valor_bi_end": [Infinity, -Infinity] @ http://localhost:8511/static/js/embed.BwU7eQR9.js:0
[   19573ms] [WARNING] WARN Infinite extent for field "pl_bi_start": [Infinity, -Infinity] @ http://localhost:8511/static/js/embed.BwU7eQR9.js:0
[   19573ms] [WARNING] WARN Infinite extent for field "pl_bi_end": [Infinity, -Infinity] @ http://localhost:8511/static/js/embed.BwU7eQR9.js:0
[   30340ms] [WARNING] WARN Infinite extent for field "valor": [Infinity, -Infinity] @ http://localhost:8511/static/js/embed.BwU7eQR9.js:0
[   40987ms] [WARNING] WARN Dropping "fit-x" because spec has discrete width. @ http://localhost:8511/static/js/embed.BwU7eQR9.js:0
[   40989ms] [WARNING] WARN Infinite extent for field "valor": [Infinity, -Infinity] @ http://localhost:8511/static/js/embed.BwU7eQR9.js:0
[   40992ms] [WARNING] WARN Infinite extent for field "mes": [Infinity, -Infinity] @ http://localhost:8511/static/js/embed.BwU7eQR9.js:0
[   40992ms] [WARNING] WARN Infinite extent for field "pl_bi": [Infinity, -Infinity] @ http://localhost:8511/static/js/embed.BwU7eQR9.js:0
[   40994ms] [WARNING] WARN Infinite extent for field "mes": [Infinity, -Infinity] @ http://localhost:8511/static/js/embed.BwU7eQR9.js:0
[   40994ms] [WARNING] WARN Infinite extent for field "captacao_bi_start": [Infinity, -Infinity] @ http://localhost:8511/static/js/embed.BwU7eQR9.js:0
[   40994ms] [WARNING] WARN Infinite extent for field "captacao_bi_end": [Infinity, -Infinity] @ http://localhost:8511/static/js/embed.BwU7eQR9.js:0
[   40997ms] [WARNING] WARN Infinite extent for field "PL_bi_start": [Infinity, -Infinity] @ http://localhost:8511/static/js/embed.BwU7eQR9.js:0
[   40997ms] [WARNING] WARN Infinite extent for field "PL_bi_end": [Infinity, -Infinity] @ http://localhost:8511/static/js/embed.BwU7eQR9.js:0
[   52437ms] [WARNING] WebSocket onclose @ http://localhost:8511/static/js/index.k-9rUdPI.js:20
[   56154ms] [ERROR] Failed to load resource: net::ERR_CONNECTION_REFUSED @ http://localhost:8511/_stcore/host-config:0
[   56155ms] [ERROR] Failed to load resource: net::ERR_CONNECTION_REFUSED @ http://localhost:8511/_stcore/health:0
[   56258ms] [ERROR] Failed to load resource: net::ERR_CONNECTION_REFUSED @ http://localhost:8511/_stcore/health:0
[   56258ms] [ERROR] Failed to load resource: net::ERR_CONNECTION_REFUSED @ http://localhost:8511/_stcore/host-config:0
[   56438ms] [ERROR] Failed to load resource: net::ERR_CONNECTION_REFUSED @ http://localhost:8511/_stcore/health:0
[   56438ms] [ERROR] Failed to load resource: net::ERR_CONNECTION_REFUSED @ http://localhost:8511/_stcore/host-config:0
[   56860ms] [ERROR] Failed to load resource: net::ERR_CONNECTION_REFUSED @ http://localhost:8511/_stcore/health:0
[   56861ms] [ERROR] Failed to load resource: net::ERR_CONNECTION_REFUSED @ http://localhost:8511/_stcore/host-config:0
[   57617ms] [ERROR] Failed to load resource: net::ERR_CONNECTION_REFUSED @ http://localhost:8511/_stcore/health:0
[   57618ms] [ERROR] Failed to load resource: net::ERR_CONNECTION_REFUSED @ http://localhost:8511/_stcore/host-config:0
[   59110ms] [ERROR] Failed to load resource: net::ERR_CONNECTION_REFUSED @ http://localhost:8511/_stcore/health:0
[   59111ms] [ERROR] Client Error in reaching server endpoint - No response received when attempting to reach /_stcore/health @ http://localhost:8511/static/js/index.k-9rUdPI.js:19
[   59111ms] [ERROR] Is Streamlit still running? If you accidentally stopped Streamlit, just restart it in your terminal: @ http://localhost:8511/static/js/index.k-9rUdPI.js:24
[   59112ms] [ERROR] Failed to load resource: net::ERR_CONNECTION_REFUSED @ http://localhost:8511/_stcore/host-config:0
[   61116ms] [ERROR] Failed to load resource: net::ERR_CONNECTION_REFUSED @ http://localhost:8511/_stcore/health:0
[   61116ms] [ERROR] Client Error in reaching server endpoint - No response received when attempting to reach /_stcore/health @ http://localhost:8511/static/js/index.k-9rUdPI.js:19
[   61117ms] [ERROR] Is Streamlit still running? If you accidentally stopped Streamlit, just restart it in your terminal: @ http://localhost:8511/static/js/index.k-9rUdPI.js:24
[   61117ms] [ERROR] Failed to load resource: net::ERR_CONNECTION_REFUSED @ http://localhost:8511/_stcore/host-config:0
[   63122ms] [ERROR] Failed to load resource: net::ERR_CONNECTION_REFUSED @ http://localhost:8511/_stcore/health:0
[   63122ms] [ERROR] Client Error in reaching server endpoint - No response received when attempting to reach /_stcore/health @ http://localhost:8511/static/js/index.k-9rUdPI.js:19
[   63122ms] [ERROR] Is Streamlit still running? If you accidentally stopped Streamlit, just restart it in your terminal: @ http://localhost:8511/static/js/index.k-9rUdPI.js:24
[   63123ms] [ERROR] Failed to load resource: net::ERR_CONNECTION_REFUSED @ http://localhost:8511/_stcore/host-config:0
[   65126ms] [ERROR] Failed to load resource: net::ERR_CONNECTION_REFUSED @ http://localhost:8511/_stcore/health:0
[   65126ms] [ERROR] Client Error in reaching server endpoint - No response received when attempting to reach /_stcore/health @ http://localhost:8511/static/js/index.k-9rUdPI.js:19
[   65126ms] [ERROR] Is Streamlit still running? If you accidentally stopped Streamlit, just restart it in your terminal: @ http://localhost:8511/static/js/index.k-9rUdPI.js:24
[   65126ms] [ERROR] Failed to load resource: net::ERR_CONNECTION_REFUSED @ http://localhost:8511/_stcore/host-config:0
[   67132ms] [ERROR] Failed to load resource: net::ERR_CONNECTION_REFUSED @ http://localhost:8511/_stcore/health:0
[   67132ms] [ERROR] Client Error in reaching server endpoint - No response received when attempting to reach /_stcore/health @ http://localhost:8511/static/js/index.k-9rUdPI.js:19
[   67132ms] [ERROR] Is Streamlit still running? If you accidentally stopped Streamlit, just restart it in your terminal: @ http://localhost:8511/static/js/index.k-9rUdPI.js:24
[   67133ms] [ERROR] Failed to load resource: net::ERR_CONNECTION_REFUSED @ http://localhost:8511/_stcore/host-config:0
[   69136ms] [ERROR] Failed to load resource: net::ERR_CONNECTION_REFUSED @ http://localhost:8511/_stcore/health:0
[   69136ms] [ERROR] Client Error in reaching server endpoint - No response received when attempting to reach /_stcore/health @ http://localhost:8511/static/js/index.k-9rUdPI.js:19
[   69137ms] [ERROR] Is Streamlit still running? If you accidentally stopped Streamlit, just restart it in your terminal: @ http://localhost:8511/static/js/index.k-9rUdPI.js:24
[   69137ms] [ERROR] Failed to load resource: net::ERR_CONNECTION_REFUSED @ http://localhost:8511/_stcore/host-config:0
[   71141ms] [ERROR] Failed to load resource: net::ERR_CONNECTION_REFUSED @ http://localhost:8511/_stcore/health:0
[   71141ms] [ERROR] Client Error in reaching server endpoint - No response received when attempting to reach /_stcore/health @ http://localhost:8511/static/js/index.k-9rUdPI.js:19
[   71141ms] [ERROR] Is Streamlit still running? If you accidentally stopped Streamlit, just restart it in your terminal: @ http://localhost:8511/static/js/index.k-9rUdPI.js:24
[   71142ms] [ERROR] Failed to load resource: net::ERR_CONNECTION_REFUSED @ http://localhost:8511/_stcore/host-config:0
[   73148ms] [ERROR] Failed to load resource: net::ERR_CONNECTION_REFUSED @ http://localhost:8511/_stcore/health:0
[   73148ms] [ERROR] Client Error in reaching server endpoint - No response received when attempting to reach /_stcore/health @ http://localhost:8511/static/js/index.k-9rUdPI.js:19
[   73148ms] [ERROR] Is Streamlit still running? If you accidentally stopped Streamlit, just restart it in your terminal: @ http://localhost:8511/static/js/index.k-9rUdPI.js:24
[   73149ms] [ERROR] Failed to load resource: net::ERR_CONNECTION_REFUSED @ http://localhost:8511/_stcore/host-config:0
[   75153ms] [ERROR] Failed to load resource: net::ERR_CONNECTION_REFUSED @ http://localhost:8511/_stcore/health:0
[   75153ms] [ERROR] Client Error in reaching server endpoint - No response received when attempting to reach /_stcore/health @ http://localhost:8511/static/js/index.k-9rUdPI.js:19
[   75153ms] [ERROR] Is Streamlit still running? If you accidentally stopped Streamlit, just restart it in your terminal: @ http://localhost:8511/static/js/index.k-9rUdPI.js:24
[   75153ms] [ERROR] Failed to load resource: net::ERR_CONNECTION_REFUSED @ http://localhost:8511/_stcore/host-config:0
[   77159ms] [ERROR] Failed to load resource: net::ERR_CONNECTION_REFUSED @ http://localhost:8511/_stcore/health:0
[   77159ms] [ERROR] Client Error in reaching server endpoint - No response received when attempting to reach /_stcore/health @ http://localhost:8511/static/js/index.k-9rUdPI.js:19
[   77159ms] [ERROR] Is Streamlit still running? If you accidentally stopped Streamlit, just restart it in your terminal: @ http://localhost:8511/static/js/index.k-9rUdPI.js:24
[   77159ms] [ERROR] Failed to load resource: net::ERR_CONNECTION_REFUSED @ http://localhost:8511/_stcore/host-config:0
[   79163ms] [ERROR] Failed to load resource: net::ERR_CONNECTION_REFUSED @ http://localhost:8511/_stcore/health:0
[   79163ms] [ERROR] Client Error in reaching server endpoint - No response received when attempting to reach /_stcore/health @ http://localhost:8511/static/js/index.k-9rUdPI.js:19
[   79164ms] [ERROR] Is Streamlit still running? If you accidentally stopped Streamlit, just restart it in your terminal: @ http://localhost:8511/static/js/index.k-9rUdPI.js:24
[   79164ms] [ERROR] Failed to load resource: net::ERR_CONNECTION_REFUSED @ http://localhost:8511/_stcore/host-config:0
[   81167ms] [ERROR] Failed to load resource: net::ERR_CONNECTION_REFUSED @ http://localhost:8511/_stcore/health:0
[   81168ms] [ERROR] Client Error in reaching server endpoint - No response received when attempting to reach /_stcore/health @ http://localhost:8511/static/js/index.k-9rUdPI.js:19
[   81168ms] [ERROR] Is Streamlit still running? If you accidentally stopped Streamlit, just restart it in your terminal: @ http://localhost:8511/static/js/index.k-9rUdPI.js:24
[   81168ms] [ERROR] Failed to load resource: net::ERR_CONNECTION_REFUSED @ http://localhost:8511/_stcore/host-config:0
[   83174ms] [ERROR] Failed to load resource: net::ERR_CONNECTION_REFUSED @ http://localhost:8511/_stcore/health:0
[   83174ms] [ERROR] Client Error in reaching server endpoint - No response received when attempting to reach /_stcore/health @ http://localhost:8511/static/js/index.k-9rUdPI.js:19
[   83174ms] [ERROR] Is Streamlit still running? If you accidentally stopped Streamlit, just restart it in your terminal: @ http://localhost:8511/static/js/index.k-9rUdPI.js:24
[   83174ms] [ERROR] Failed to load resource: net::ERR_CONNECTION_REFUSED @ http://localhost:8511/_stcore/host-config:0
[   85178ms] [ERROR] Failed to load resource: net::ERR_CONNECTION_REFUSED @ http://localhost:8511/_stcore/health:0
[   85179ms] [ERROR] Client Error in reaching server endpoint - No response received when attempting to reach /_stcore/health @ http://localhost:8511/static/js/index.k-9rUdPI.js:19
[   85179ms] [ERROR] Is Streamlit still running? If you accidentally stopped Streamlit, just restart it in your terminal: @ http://localhost:8511/static/js/index.k-9rUdPI.js:24
[   85179ms] [ERROR] Failed to load resource: net::ERR_CONNECTION_REFUSED @ http://localhost:8511/_stcore/host-config:0
[   87185ms] [ERROR] Failed to load resource: net::ERR_CONNECTION_REFUSED @ http://localhost:8511/_stcore/health:0
[   87185ms] [ERROR] Client Error in reaching server endpoint - No response received when attempting to reach /_stcore/health @ http://localhost:8511/static/js/index.k-9rUdPI.js:19
[   87186ms] [ERROR] Is Streamlit still running? If you accidentally stopped Streamlit, just restart it in your terminal: @ http://localhost:8511/static/js/index.k-9rUdPI.js:24
[   87186ms] [ERROR] Failed to load resource: net::ERR_CONNECTION_REFUSED @ http://localhost:8511/_stcore/host-config:0
[   89191ms] [ERROR] Failed to load resource: net::ERR_CONNECTION_REFUSED @ http://localhost:8511/_stcore/health:0
[   89191ms] [ERROR] Client Error in reaching server endpoint - No response received when attempting to reach /_stcore/health @ http://localhost:8511/static/js/index.k-9rUdPI.js:19
[   89192ms] [ERROR] Is Streamlit still running? If you accidentally stopped Streamlit, just restart it in your terminal: @ http://localhost:8511/static/js/index.k-9rUdPI.js:24
[   89192ms] [ERROR] Failed to load resource: net::ERR_CONNECTION_REFUSED @ http://localhost:8511/_stcore/host-config:0
[   91197ms] [ERROR] Failed to load resource: net::ERR_CONNECTION_REFUSED @ http://localhost:8511/_stcore/health:0
[   91197ms] [ERROR] Client Error in reaching server endpoint - No response received when attempting to reach /_stcore/health @ http://localhost:8511/static/js/index.k-9rUdPI.js:19
[   91197ms] [ERROR] Is Streamlit still running? If you accidentally stopped Streamlit, just restart it in your terminal: @ http://localhost:8511/static/js/index.k-9rUdPI.js:24
[   91198ms] [ERROR] Failed to load resource: net::ERR_CONNECTION_REFUSED @ http://localhost:8511/_stcore/host-config:0
[   93204ms] [ERROR] Failed to load resource: net::ERR_CONNECTION_REFUSED @ http://localhost:8511/_stcore/health:0
[   93204ms] [ERROR] Client Error in reaching server endpoint - No response received when attempting to reach /_stcore/health @ http://localhost:8511/static/js/index.k-9rUdPI.js:19
[   93204ms] [ERROR] Is Streamlit still running? If you accidentally stopped Streamlit, just restart it in your terminal: @ http://localhost:8511/static/js/index.k-9rUdPI.js:24
[   93204ms] [ERROR] Failed to load resource: net::ERR_CONNECTION_REFUSED @ http://localhost:8511/_stcore/host-config:0
[   95207ms] [ERROR] Failed to load resource: net::ERR_CONNECTION_REFUSED @ http://localhost:8511/_stcore/health:0
[   95207ms] [ERROR] Client Error in reaching server endpoint - No response received when attempting to reach /_stcore/health @ http://localhost:8511/static/js/index.k-9rUdPI.js:19
[   95207ms] [ERROR] Is Streamlit still running? If you accidentally stopped Streamlit, just restart it in your terminal: @ http://localhost:8511/static/js/index.k-9rUdPI.js:24
[   95207ms] [ERROR] Failed to load resource: net::ERR_CONNECTION_REFUSED @ http://localhost:8511/_stcore/host-config:0
[   97213ms] [ERROR] Failed to load resource: net::ERR_CONNECTION_REFUSED @ http://localhost:8511/_stcore/health:0
[   97213ms] [ERROR] Client Error in reaching server endpoint - No response received when attempting to reach /_stcore/health @ http://localhost:8511/static/js/index.k-9rUdPI.js:19
[   97214ms] [ERROR] Is Streamlit still running? If you accidentally stopped Streamlit, just restart it in your terminal: @ http://localhost:8511/static/js/index.k-9rUdPI.js:24
[   97214ms] [ERROR] Failed to load resource: net::ERR_CONNECTION_REFUSED @ http://localhost:8511/_stcore/host-config:0
[   99220ms] [ERROR] Failed to load resource: net::ERR_CONNECTION_REFUSED @ http://localhost:8511/_stcore/health:0
[   99220ms] [ERROR] Client Error in reaching server endpoint - No response received when attempting to reach /_stcore/health @ http://localhost:8511/static/js/index.k-9rUdPI.js:19
[   99220ms] [ERROR] Is Streamlit still running? If you accidentally stopped Streamlit, just restart it in your terminal: @ http://localhost:8511/static/js/index.k-9rUdPI.js:24
[   99221ms] [ERROR] Failed to load resource: net::ERR_CONNECTION_REFUSED @ http://localhost:8511/_stcore/host-config:0
[  101225ms] [ERROR] Failed to load resource: net::ERR_CONNECTION_REFUSED @ http://localhost:8511/_stcore/health:0
[  101225ms] [ERROR] Client Error in reaching server endpoint - No response received when attempting to reach /_stcore/health @ http://localhost:8511/static/js/index.k-9rUdPI.js:19
[  101225ms] [ERROR] Is Streamlit still running? If you accidentally stopped Streamlit, just restart it in your terminal: @ http://localhost:8511/static/js/index.k-9rUdPI.js:24
[  101226ms] [ERROR] Failed to load resource: net::ERR_CONNECTION_REFUSED @ http://localhost:8511/_stcore/host-config:0
[  103231ms] [ERROR] Failed to load resource: net::ERR_CONNECTION_REFUSED @ http://localhost:8511/_stcore/health:0
[  103231ms] [ERROR] Client Error in reaching server endpoint - No response received when attempting to reach /_stcore/health @ http://localhost:8511/static/js/index.k-9rUdPI.js:19
[  103232ms] [ERROR] Is Streamlit still running? If you accidentally stopped Streamlit, just restart it in your terminal: @ http://localhost:8511/static/js/index.k-9rUdPI.js:24
[  103232ms] [ERROR] Failed to load resource: net::ERR_CONNECTION_REFUSED @ http://localhost:8511/_stcore/host-config:0
[  105235ms] [ERROR] Failed to load resource: net::ERR_CONNECTION_REFUSED @ http://localhost:8511/_stcore/health:0
[  105235ms] [ERROR] Client Error in reaching server endpoint - No response received when attempting to reach /_stcore/health @ http://localhost:8511/static/js/index.k-9rUdPI.js:19
[  105236ms] [ERROR] Is Streamlit still running? If you accidentally stopped Streamlit, just restart it in your terminal: @ http://localhost:8511/static/js/index.k-9rUdPI.js:24
[  105236ms] [ERROR] Failed to load resource: net::ERR_CONNECTION_REFUSED @ http://localhost:8511/_stcore/host-config:0
[  107241ms] [ERROR] Failed to load resource: net::ERR_CONNECTION_REFUSED @ http://localhost:8511/_stcore/health:0
[  107241ms] [ERROR] Client Error in reaching server endpoint - No response received when attempting to reach /_stcore/health @ http://localhost:8511/static/js/index.k-9rUdPI.js:19
[  107242ms] [ERROR] Is Streamlit still running? If you accidentally stopped Streamlit, just restart it in your terminal: @ http://localhost:8511/static/js/index.k-9rUdPI.js:24
[  107242ms] [ERROR] Failed to load resource: net::ERR_CONNECTION_REFUSED @ http://localhost:8511/_stcore/host-config:0
[  109245ms] [ERROR] Failed to load resource: net::ERR_CONNECTION_REFUSED @ http://localhost:8511/_stcore/health:0
[  109245ms] [ERROR] Client Error in reaching server endpoint - No response received when attempting to reach /_stcore/health @ http://localhost:8511/static/js/index.k-9rUdPI.js:19
[  109245ms] [ERROR] Is Streamlit still running? If you accidentally stopped Streamlit, just restart it in your terminal: @ http://localhost:8511/static/js/index.k-9rUdPI.js:24
[  109246ms] [ERROR] Failed to load resource: net::ERR_CONNECTION_REFUSED @ http://localhost:8511/_stcore/host-config:0
[  111251ms] [ERROR] Failed to load resource: net::ERR_CONNECTION_REFUSED @ http://localhost:8511/_stcore/health:0
[  111251ms] [ERROR] Client Error in reaching server endpoint - No response received when attempting to reach /_stcore/health @ http://localhost:8511/static/js/index.k-9rUdPI.js:19
[  111251ms] [ERROR] Is Streamlit still running? If you accidentally stopped Streamlit, just restart it in your terminal: @ http://localhost:8511/static/js/index.k-9rUdPI.js:24
[  111252ms] [ERROR] Failed to load resource: net::ERR_CONNECTION_REFUSED @ http://localhost:8511/_stcore/host-config:0
[  113257ms] [ERROR] Failed to load resource: net::ERR_CONNECTION_REFUSED @ http://localhost:8511/_stcore/health:0
[  113257ms] [ERROR] Client Error in reaching server endpoint - No response received when attempting to reach /_stcore/health @ http://localhost:8511/static/js/index.k-9rUdPI.js:19
[  113258ms] [ERROR] Is Streamlit still running? If you accidentally stopped Streamlit, just restart it in your terminal: @ http://localhost:8511/static/js/index.k-9rUdPI.js:24
[  113258ms] [ERROR] Failed to load resource: net::ERR_CONNECTION_REFUSED @ http://localhost:8511/_stcore/host-config:0
[  115262ms] [ERROR] Failed to load resource: net::ERR_CONNECTION_REFUSED @ http://localhost:8511/_stcore/health:0
[  115262ms] [ERROR] Client Error in reaching server endpoint - No response received when attempting to reach /_stcore/health @ http://localhost:8511/static/js/index.k-9rUdPI.js:19
[  115262ms] [ERROR] Is Streamlit still running? If you accidentally stopped Streamlit, just restart it in your terminal: @ http://localhost:8511/static/js/index.k-9rUdPI.js:24
[  115262ms] [ERROR] Failed to load resource: net::ERR_CONNECTION_REFUSED @ http://localhost:8511/_stcore/host-config:0
[  117267ms] [ERROR] Failed to load resource: net::ERR_CONNECTION_REFUSED @ http://localhost:8511/_stcore/health:0
[  117267ms] [ERROR] Client Error in reaching server endpoint - No response received when attempting to reach /_stcore/health @ http://localhost:8511/static/js/index.k-9rUdPI.js:19
[  117267ms] [ERROR] Is Streamlit still running? If you accidentally stopped Streamlit, just restart it in your terminal: @ http://localhost:8511/static/js/index.k-9rUdPI.js:24
[  117267ms] [ERROR] Failed to load resource: net::ERR_CONNECTION_REFUSED @ http://localhost:8511/_stcore/host-config:0
[  119272ms] [ERROR] Failed to load resource: net::ERR_CONNECTION_REFUSED @ http://localhost:8511/_stcore/health:0
[  119273ms] [ERROR] Client Error in reaching server endpoint - No response received when attempting to reach /_stcore/health @ http://localhost:8511/static/js/index.k-9rUdPI.js:19
[  119273ms] [ERROR] Is Streamlit still running? If you accidentally stopped Streamlit, just restart it in your terminal: @ http://localhost:8511/static/js/index.k-9rUdPI.js:24
[  119273ms] [ERROR] Failed to load resource: net::ERR_CONNECTION_REFUSED @ http://localhost:8511/_stcore/host-config:0
[  121279ms] [ERROR] Failed to load resource: net::ERR_CONNECTION_REFUSED @ http://localhost:8511/_stcore/health:0
[  121280ms] [ERROR] Client Error in reaching server endpoint - No response received when attempting to reach /_stcore/health @ http://localhost:8511/static/js/index.k-9rUdPI.js:19
[  121280ms] [ERROR] Is Streamlit still running? If you accidentally stopped Streamlit, just restart it in your terminal: @ http://localhost:8511/static/js/index.k-9rUdPI.js:24
[  121280ms] [ERROR] Failed to load resource: net::ERR_CONNECTION_REFUSED @ http://localhost:8511/_stcore/host-config:0
[  123285ms] [ERROR] Failed to load resource: net::ERR_CONNECTION_REFUSED @ http://localhost:8511/_stcore/health:0
[  123286ms] [ERROR] Client Error in reaching server endpoint - No response received when attempting to reach /_stcore/health @ http://localhost:8511/static/js/index.k-9rUdPI.js:19
[  123286ms] [ERROR] Is Streamlit still running? If you accidentally stopped Streamlit, just restart it in your terminal: @ http://localhost:8511/static/js/index.k-9rUdPI.js:24
[  123286ms] [ERROR] Failed to load resource: net::ERR_CONNECTION_REFUSED @ http://localhost:8511/_stcore/host-config:0
[  125289ms] [ERROR] Failed to load resource: net::ERR_CONNECTION_REFUSED @ http://localhost:8511/_stcore/health:0
[  125289ms] [ERROR] Client Error in reaching server endpoint - No response received when attempting to reach /_stcore/health @ http://localhost:8511/static/js/index.k-9rUdPI.js:19
[  125289ms] [ERROR] Is Streamlit still running? If you accidentally stopped Streamlit, just restart it in your terminal: @ http://localhost:8511/static/js/index.k-9rUdPI.js:24
[  125289ms] [ERROR] Failed to load resource: net::ERR_CONNECTION_REFUSED @ http://localhost:8511/_stcore/host-config:0
[  127292ms] [ERROR] Failed to load resource: net::ERR_CONNECTION_REFUSED @ http://localhost:8511/_stcore/health:0
[  127292ms] [ERROR] Client Error in reaching server endpoint - No response received when attempting to reach /_stcore/health @ http://localhost:8511/static/js/index.k-9rUdPI.js:19
[  127292ms] [ERROR] Is Streamlit still running? If you accidentally stopped Streamlit, just restart it in your terminal: @ http://localhost:8511/static/js/index.k-9rUdPI.js:24
[  127292ms] [ERROR] Failed to load resource: net::ERR_CONNECTION_REFUSED @ http://localhost:8511/_stcore/host-config:0
[  129298ms] [ERROR] Failed to load resource: net::ERR_CONNECTION_REFUSED @ http://localhost:8511/_stcore/health:0
[  129298ms] [ERROR] Client Error in reaching server endpoint - No response received when attempting to reach /_stcore/health @ http://localhost:8511/static/js/index.k-9rUdPI.js:19
[  129299ms] [ERROR] Is Streamlit still running? If you accidentally stopped Streamlit, just restart it in your terminal: @ http://localhost:8511/static/js/index.k-9rUdPI.js:24
[  129299ms] [ERROR] Failed to load resource: net::ERR_CONNECTION_REFUSED @ http://localhost:8511/_stcore/host-config:0
[  131305ms] [ERROR] Failed to load resource: net::ERR_CONNECTION_REFUSED @ http://localhost:8511/_stcore/health:0
[  131305ms] [ERROR] Client Error in reaching server endpoint - No response received when attempting to reach /_stcore/health @ http://localhost:8511/static/js/index.k-9rUdPI.js:19
[  131305ms] [ERROR] Is Streamlit still running? If you accidentally stopped Streamlit, just restart it in your terminal: @ http://localhost:8511/static/js/index.k-9rUdPI.js:24
[  131306ms] [ERROR] Failed to load resource: net::ERR_CONNECTION_REFUSED @ http://localhost:8511/_stcore/host-config:0
[  133310ms] [ERROR] Failed to load resource: net::ERR_CONNECTION_REFUSED @ http://localhost:8511/_stcore/health:0
[  133310ms] [ERROR] Client Error in reaching server endpoint - No response received when attempting to reach /_stcore/health @ http://localhost:8511/static/js/index.k-9rUdPI.js:19
[  133311ms] [ERROR] Is Streamlit still running? If you accidentally stopped Streamlit, just restart it in your terminal: @ http://localhost:8511/static/js/index.k-9rUdPI.js:24
[  133311ms] [ERROR] Failed to load resource: net::ERR_CONNECTION_REFUSED @ http://localhost:8511/_stcore/host-config:0
[  135314ms] [ERROR] Failed to load resource: net::ERR_CONNECTION_REFUSED @ http://localhost:8511/_stcore/health:0
[  135314ms] [ERROR] Client Error in reaching server endpoint - No response received when attempting to reach /_stcore/health @ http://localhost:8511/static/js/index.k-9rUdPI.js:19
[  135314ms] [ERROR] Is Streamlit still running? If you accidentally stopped Streamlit, just restart it in your terminal: @ http://localhost:8511/static/js/index.k-9rUdPI.js:24
[  135314ms] [ERROR] Failed to load resource: net::ERR_CONNECTION_REFUSED @ http://localhost:8511/_stcore/host-config:0
[  137319ms] [ERROR] Failed to load resource: net::ERR_CONNECTION_REFUSED @ http://localhost:8511/_stcore/health:0
[  137320ms] [ERROR] Client Error in reaching server endpoint - No response received when attempting to reach /_stcore/health @ http://localhost:8511/static/js/index.k-9rUdPI.js:19
[  137320ms] [ERROR] Is Streamlit still running? If you accidentally stopped Streamlit, just restart it in your terminal: @ http://localhost:8511/static/js/index.k-9rUdPI.js:24
[  137320ms] [ERROR] Failed to load resource: net::ERR_CONNECTION_REFUSED @ http://localhost:8511/_stcore/host-config:0
[  139325ms] [ERROR] Failed to load resource: net::ERR_CONNECTION_REFUSED @ http://localhost:8511/_stcore/health:0
[  139325ms] [ERROR] Client Error in reaching server endpoint - No response received when attempting to reach /_stcore/health @ http://localhost:8511/static/js/index.k-9rUdPI.js:19
[  139326ms] [ERROR] Is Streamlit still running? If you accidentally stopped Streamlit, just restart it in your terminal: @ http://localhost:8511/static/js/index.k-9rUdPI.js:24
[  139326ms] [ERROR] Failed to load resource: net::ERR_CONNECTION_REFUSED @ http://localhost:8511/_stcore/host-config:0
[  141332ms] [ERROR] Failed to load resource: net::ERR_CONNECTION_REFUSED @ http://localhost:8511/_stcore/health:0
[  141332ms] [ERROR] Client Error in reaching server endpoint - No response received when attempting to reach /_stcore/health @ http://localhost:8511/static/js/index.k-9rUdPI.js:19
[  141332ms] [ERROR] Is Streamlit still running? If you accidentally stopped Streamlit, just restart it in your terminal: @ http://localhost:8511/static/js/index.k-9rUdPI.js:24
[  141332ms] [ERROR] Failed to load resource: net::ERR_CONNECTION_REFUSED @ http://localhost:8511/_stcore/host-config:0
[  143338ms] [ERROR] Failed to load resource: net::ERR_CONNECTION_REFUSED @ http://localhost:8511/_stcore/health:0
[  143339ms] [ERROR] Client Error in reaching server endpoint - No response received when attempting to reach /_stcore/health @ http://localhost:8511/static/js/index.k-9rUdPI.js:19
[  143339ms] [ERROR] Is Streamlit still running? If you accidentally stopped Streamlit, just restart it in your terminal: @ http://localhost:8511/static/js/index.k-9rUdPI.js:24
[  143339ms] [ERROR] Failed to load resource: net::ERR_CONNECTION_REFUSED @ http://localhost:8511/_stcore/host-config:0
[  145342ms] [ERROR] Failed to load resource: net::ERR_CONNECTION_REFUSED @ http://localhost:8511/_stcore/health:0
[  145343ms] [ERROR] Client Error in reaching server endpoint - No response received when attempting to reach /_stcore/health @ http://localhost:8511/static/js/index.k-9rUdPI.js:19
[  145343ms] [ERROR] Is Streamlit still running? If you accidentally stopped Streamlit, just restart it in your terminal: @ http://localhost:8511/static/js/index.k-9rUdPI.js:24
[  145343ms] [ERROR] Failed to load resource: net::ERR_CONNECTION_REFUSED @ http://localhost:8511/_stcore/host-config:0
[  147349ms] [ERROR] Failed to load resource: net::ERR_CONNECTION_REFUSED @ http://localhost:8511/_stcore/health:0
[  147349ms] [ERROR] Client Error in reaching server endpoint - No response received when attempting to reach /_stcore/health @ http://localhost:8511/static/js/index.k-9rUdPI.js:19
[  147349ms] [ERROR] Is Streamlit still running? If you accidentally stopped Streamlit, just restart it in your terminal: @ http://localhost:8511/static/js/index.k-9rUdPI.js:24
[  147350ms] [ERROR] Failed to load resource: net::ERR_CONNECTION_REFUSED @ http://localhost:8511/_stcore/host-config:0
[  149354ms] [ERROR] Failed to load resource: net::ERR_CONNECTION_REFUSED @ http://localhost:8511/_stcore/health:0
[  149354ms] [ERROR] Client Error in reaching server endpoint - No response received when attempting to reach /_stcore/health @ http://localhost:8511/static/js/index.k-9rUdPI.js:19
[  149354ms] [ERROR] Is Streamlit still running? If you accidentally stopped Streamlit, just restart it in your terminal: @ http://localhost:8511/static/js/index.k-9rUdPI.js:24
[  149354ms] [ERROR] Failed to load resource: net::ERR_CONNECTION_REFUSED @ http://localhost:8511/_stcore/host-config:0
[  151360ms] [ERROR] Failed to load resource: net::ERR_CONNECTION_REFUSED @ http://localhost:8511/_stcore/health:0
[  151360ms] [ERROR] Client Error in reaching server endpoint - No response received when attempting to reach /_stcore/health @ http://localhost:8511/static/js/index.k-9rUdPI.js:19
[  151360ms] [ERROR] Is Streamlit still running? If you accidentally stopped Streamlit, just restart it in your terminal: @ http://localhost:8511/static/js/index.k-9rUdPI.js:24
[  151361ms] [ERROR] Failed to load resource: net::ERR_CONNECTION_REFUSED @ http://localhost:8511/_stcore/host-config:0
[  153365ms] [ERROR] Failed to load resource: net::ERR_CONNECTION_REFUSED @ http://localhost:8511/_stcore/health:0
[  153365ms] [ERROR] Client Error in reaching server endpoint - No response received when attempting to reach /_stcore/health @ http://localhost:8511/static/js/index.k-9rUdPI.js:19
[  153366ms] [ERROR] Is Streamlit still running? If you accidentally stopped Streamlit, just restart it in your terminal: @ http://localhost:8511/static/js/index.k-9rUdPI.js:24
[  153366ms] [ERROR] Failed to load resource: net::ERR_CONNECTION_REFUSED @ http://localhost:8511/_stcore/host-config:0
[  155370ms] [ERROR] Failed to load resource: net::ERR_CONNECTION_REFUSED @ http://localhost:8511/_stcore/health:0
[  155370ms] [ERROR] Client Error in reaching server endpoint - No response received when attempting to reach /_stcore/health @ http://localhost:8511/static/js/index.k-9rUdPI.js:19
[  155371ms] [ERROR] Is Streamlit still running? If you accidentally stopped Streamlit, just restart it in your terminal: @ http://localhost:8511/static/js/index.k-9rUdPI.js:24
[  155371ms] [ERROR] Failed to load resource: net::ERR_CONNECTION_REFUSED @ http://localhost:8511/_stcore/host-config:0
[  157376ms] [ERROR] Failed to load resource: net::ERR_CONNECTION_REFUSED @ http://localhost:8511/_stcore/health:0
[  157376ms] [ERROR] Client Error in reaching server endpoint - No response received when attempting to reach /_stcore/health @ http://localhost:8511/static/js/index.k-9rUdPI.js:19
[  157376ms] [ERROR] Is Streamlit still running? If you accidentally stopped Streamlit, just restart it in your terminal: @ http://localhost:8511/static/js/index.k-9rUdPI.js:24
[  157376ms] [ERROR] Failed to load resource: net::ERR_CONNECTION_REFUSED @ http://localhost:8511/_stcore/host-config:0
[  159382ms] [ERROR] Failed to load resource: net::ERR_CONNECTION_REFUSED @ http://localhost:8511/_stcore/health:0
[  159382ms] [ERROR] Client Error in reaching server endpoint - No response received when attempting to reach /_stcore/health @ http://localhost:8511/static/js/index.k-9rUdPI.js:19
[  159383ms] [ERROR] Is Streamlit still running? If you accidentally stopped Streamlit, just restart it in your terminal: @ http://localhost:8511/static/js/index.k-9rUdPI.js:24
[  159383ms] [ERROR] Failed to load resource: net::ERR_CONNECTION_REFUSED @ http://localhost:8511/_stcore/host-config:0
[  161388ms] [ERROR] Failed to load resource: net::ERR_CONNECTION_REFUSED @ http://localhost:8511/_stcore/health:0
[  161389ms] [ERROR] Client Error in reaching server endpoint - No response received when attempting to reach /_stcore/health @ http://localhost:8511/static/js/index.k-9rUdPI.js:19
[  161389ms] [ERROR] Is Streamlit still running? If you accidentally stopped Streamlit, just restart it in your terminal: @ http://localhost:8511/static/js/index.k-9rUdPI.js:24
[  161389ms] [ERROR] Failed to load resource: net::ERR_CONNECTION_REFUSED @ http://localhost:8511/_stcore/host-config:0
[  163393ms] [ERROR] Failed to load resource: net::ERR_CONNECTION_REFUSED @ http://localhost:8511/_stcore/health:0
[  163394ms] [ERROR] Client Error in reaching server endpoint - No response received when attempting to reach /_stcore/health @ http://localhost:8511/static/js/index.k-9rUdPI.js:19
[  163394ms] [ERROR] Is Streamlit still running? If you accidentally stopped Streamlit, just restart it in your terminal: @ http://localhost:8511/static/js/index.k-9rUdPI.js:24
[  163394ms] [ERROR] Failed to load resource: net::ERR_CONNECTION_REFUSED @ http://localhost:8511/_stcore/host-config:0
[  165398ms] [ERROR] Failed to load resource: net::ERR_CONNECTION_REFUSED @ http://localhost:8511/_stcore/health:0
[  165398ms] [ERROR] Client Error in reaching server endpoint - No response received when attempting to reach /_stcore/health @ http://localhost:8511/static/js/index.k-9rUdPI.js:19
[  165398ms] [ERROR] Is Streamlit still running? If you accidentally stopped Streamlit, just restart it in your terminal: @ http://localhost:8511/static/js/index.k-9rUdPI.js:24
[  165398ms] [ERROR] Failed to load resource: net::ERR_CONNECTION_REFUSED @ http://localhost:8511/_stcore/host-config:0
[  167404ms] [ERROR] Failed to load resource: net::ERR_CONNECTION_REFUSED @ http://localhost:8511/_stcore/health:0
[  167404ms] [ERROR] Client Error in reaching server endpoint - No response received when attempting to reach /_stcore/health @ http://localhost:8511/static/js/index.k-9rUdPI.js:19
[  167405ms] [ERROR] Is Streamlit still running? If you accidentally stopped Streamlit, just restart it in your terminal: @ http://localhost:8511/static/js/index.k-9rUdPI.js:24
[  167405ms] [ERROR] Failed to load resource: net::ERR_CONNECTION_REFUSED @ http://localhost:8511/_stcore/host-config:0
[  169411ms] [ERROR] Failed to load resource: net::ERR_CONNECTION_REFUSED @ http://localhost:8511/_stcore/health:0
[  169411ms] [ERROR] Client Error in reaching server endpoint - No response received when attempting to reach /_stcore/health @ http://localhost:8511/static/js/index.k-9rUdPI.js:19
[  169411ms] [ERROR] Is Streamlit still running? If you accidentally stopped Streamlit, just restart it in your terminal: @ http://localhost:8511/static/js/index.k-9rUdPI.js:24
[  169411ms] [ERROR] Failed to load resource: net::ERR_CONNECTION_REFUSED @ http://localhost:8511/_stcore/host-config:0
[  171416ms] [ERROR] Failed to load resource: net::ERR_CONNECTION_REFUSED @ http://localhost:8511/_stcore/health:0
[  171416ms] [ERROR] Client Error in reaching server endpoint - No response received when attempting to reach /_stcore/health @ http://localhost:8511/static/js/index.k-9rUdPI.js:19
[  171417ms] [ERROR] Is Streamlit still running? If you accidentally stopped Streamlit, just restart it in your terminal: @ http://localhost:8511/static/js/index.k-9rUdPI.js:24
[  171417ms] [ERROR] Failed to load resource: net::ERR_CONNECTION_REFUSED @ http://localhost:8511/_stcore/host-config:0
[  173422ms] [ERROR] Failed to load resource: net::ERR_CONNECTION_REFUSED @ http://localhost:8511/_stcore/health:0
[  173422ms] [ERROR] Client Error in reaching server endpoint - No response received when attempting to reach /_stcore/health @ http://localhost:8511/static/js/index.k-9rUdPI.js:19
[  173423ms] [ERROR] Is Streamlit still running? If you accidentally stopped Streamlit, just restart it in your terminal: @ http://localhost:8511/static/js/index.k-9rUdPI.js:24
[  173423ms] [ERROR] Failed to load resource: net::ERR_CONNECTION_REFUSED @ http://localhost:8511/_stcore/host-config:0
[  175428ms] [ERROR] Failed to load resource: net::ERR_CONNECTION_REFUSED @ http://localhost:8511/_stcore/health:0
[  175428ms] [ERROR] Client Error in reaching server endpoint - No response received when attempting to reach /_stcore/health @ http://localhost:8511/static/js/index.k-9rUdPI.js:19
[  175428ms] [ERROR] Is Streamlit still running? If you accidentally stopped Streamlit, just restart it in your terminal: @ http://localhost:8511/static/js/index.k-9rUdPI.js:24
[  175428ms] [ERROR] Failed to load resource: net::ERR_CONNECTION_REFUSED @ http://localhost:8511/_stcore/host-config:0
[  177433ms] [ERROR] Failed to load resource: net::ERR_CONNECTION_REFUSED @ http://localhost:8511/_stcore/health:0
[  177433ms] [ERROR] Client Error in reaching server endpoint - No response received when attempting to reach /_stcore/health @ http://localhost:8511/static/js/index.k-9rUdPI.js:19
[  177433ms] [ERROR] Is Streamlit still running? If you accidentally stopped Streamlit, just restart it in your terminal: @ http://localhost:8511/static/js/index.k-9rUdPI.js:24
[  177433ms] [ERROR] Failed to load resource: net::ERR_CONNECTION_REFUSED @ http://localhost:8511/_stcore/host-config:0
[  179438ms] [ERROR] Failed to load resource: net::ERR_CONNECTION_REFUSED @ http://localhost:8511/_stcore/health:0
[  179439ms] [ERROR] Client Error in reaching server endpoint - No response received when attempting to reach /_stcore/health @ http://localhost:8511/static/js/index.k-9rUdPI.js:19
[  179439ms] [ERROR] Is Streamlit still running? If you accidentally stopped Streamlit, just restart it in your terminal: @ http://localhost:8511/static/js/index.k-9rUdPI.js:24
[  179439ms] [ERROR] Failed to load resource: net::ERR_CONNECTION_REFUSED @ http://localhost:8511/_stcore/host-config:0
[  181444ms] [ERROR] Failed to load resource: net::ERR_CONNECTION_REFUSED @ http://localhost:8511/_stcore/health:0
[  181444ms] [ERROR] Client Error in reaching server endpoint - No response received when attempting to reach /_stcore/health @ http://localhost:8511/static/js/index.k-9rUdPI.js:19
[  181444ms] [ERROR] Is Streamlit still running? If you accidentally stopped Streamlit, just restart it in your terminal: @ http://localhost:8511/static/js/index.k-9rUdPI.js:24
[  181444ms] [ERROR] Failed to load resource: net::ERR_CONNECTION_REFUSED @ http://localhost:8511/_stcore/host-config:0
[  183450ms] [ERROR] Failed to load resource: net::ERR_CONNECTION_REFUSED @ http://localhost:8511/_stcore/health:0
[  183451ms] [ERROR] Client Error in reaching server endpoint - No response received when attempting to reach /_stcore/health @ http://localhost:8511/static/js/index.k-9rUdPI.js:19
[  183451ms] [ERROR] Is Streamlit still running? If you accidentally stopped Streamlit, just restart it in your terminal: @ http://localhost:8511/static/js/index.k-9rUdPI.js:24
[  183451ms] [ERROR] Failed to load resource: net::ERR_CONNECTION_REFUSED @ http://localhost:8511/_stcore/host-config:0
[  185457ms] [ERROR] Failed to load resource: net::ERR_CONNECTION_REFUSED @ http://localhost:8511/_stcore/health:0
[  185457ms] [ERROR] Client Error in reaching server endpoint - No response received when attempting to reach /_stcore/health @ http://localhost:8511/static/js/index.k-9rUdPI.js:19
[  185457ms] [ERROR] Is Streamlit still running? If you accidentally stopped Streamlit, just restart it in your terminal: @ http://localhost:8511/static/js/index.k-9rUdPI.js:24
[  185457ms] [ERROR] Failed to load resource: net::ERR_CONNECTION_REFUSED @ http://localhost:8511/_stcore/host-config:0
[  187462ms] [ERROR] Failed to load resource: net::ERR_CONNECTION_REFUSED @ http://localhost:8511/_stcore/health:0
[  187462ms] [ERROR] Client Error in reaching server endpoint - No response received when attempting to reach /_stcore/health @ http://localhost:8511/static/js/index.k-9rUdPI.js:19
[  187463ms] [ERROR] Is Streamlit still running? If you accidentally stopped Streamlit, just restart it in your terminal: @ http://localhost:8511/static/js/index.k-9rUdPI.js:24
[  187463ms] [ERROR] Failed to load resource: net::ERR_CONNECTION_REFUSED @ http://localhost:8511/_stcore/host-config:0
[  189465ms] [ERROR] Failed to load resource: net::ERR_CONNECTION_REFUSED @ http://localhost:8511/_stcore/health:0
[  189465ms] [ERROR] Client Error in reaching server endpoint - No response received when attempting to reach /_stcore/health @ http://localhost:8511/static/js/index.k-9rUdPI.js:19
[  189465ms] [ERROR] Is Streamlit still running? If you accidentally stopped Streamlit, just restart it in your terminal: @ http://localhost:8511/static/js/index.k-9rUdPI.js:24
[  189465ms] [ERROR] Failed to load resource: net::ERR_CONNECTION_REFUSED @ http://localhost:8511/_stcore/host-config:0
[  191471ms] [ERROR] Failed to load resource: net::ERR_CONNECTION_REFUSED @ http://localhost:8511/_stcore/health:0
[  191471ms] [ERROR] Client Error in reaching server endpoint - No response received when attempting to reach /_stcore/health @ http://localhost:8511/static/js/index.k-9rUdPI.js:19
[  191471ms] [ERROR] Is Streamlit still running? If you accidentally stopped Streamlit, just restart it in your terminal: @ http://localhost:8511/static/js/index.k-9rUdPI.js:24
[  191472ms] [ERROR] Failed to load resource: net::ERR_CONNECTION_REFUSED @ http://localhost:8511/_stcore/host-config:0
[  193477ms] [ERROR] Failed to load resource: net::ERR_CONNECTION_REFUSED @ http://localhost:8511/_stcore/health:0
[  193477ms] [ERROR] Client Error in reaching server endpoint - No response received when attempting to reach /_stcore/health @ http://localhost:8511/static/js/index.k-9rUdPI.js:19
[  193477ms] [ERROR] Is Streamlit still running? If you accidentally stopped Streamlit, just restart it in your terminal: @ http://localhost:8511/static/js/index.k-9rUdPI.js:24
[  193478ms] [ERROR] Failed to load resource: net::ERR_CONNECTION_REFUSED @ http://localhost:8511/_stcore/host-config:0
[  195481ms] [ERROR] Failed to load resource: net::ERR_CONNECTION_REFUSED @ http://localhost:8511/_stcore/health:0
[  195481ms] [ERROR] Client Error in reaching server endpoint - No response received when attempting to reach /_stcore/health @ http://localhost:8511/static/js/index.k-9rUdPI.js:19
[  195481ms] [ERROR] Is Streamlit still running? If you accidentally stopped Streamlit, just restart it in your terminal: @ http://localhost:8511/static/js/index.k-9rUdPI.js:24
[  195482ms] [ERROR] Failed to load resource: net::ERR_CONNECTION_REFUSED @ http://localhost:8511/_stcore/host-config:0
[  197487ms] [ERROR] Failed to load resource: net::ERR_CONNECTION_REFUSED @ http://localhost:8511/_stcore/health:0
[  197487ms] [ERROR] Client Error in reaching server endpoint - No response received when attempting to reach /_stcore/health @ http://localhost:8511/static/js/index.k-9rUdPI.js:19
[  197487ms] [ERROR] Is Streamlit still running? If you accidentally stopped Streamlit, just restart it in your terminal: @ http://localhost:8511/static/js/index.k-9rUdPI.js:24
[  197487ms] [ERROR] Failed to load resource: net::ERR_CONNECTION_REFUSED @ http://localhost:8511/_stcore/host-config:0
[  199492ms] [ERROR] Failed to load resource: net::ERR_CONNECTION_REFUSED @ http://localhost:8511/_stcore/health:0
[  199492ms] [ERROR] Client Error in reaching server endpoint - No response received when attempting to reach /_stcore/health @ http://localhost:8511/static/js/index.k-9rUdPI.js:19
[  199492ms] [ERROR] Is Streamlit still running? If you accidentally stopped Streamlit, just restart it in your terminal: @ http://localhost:8511/static/js/index.k-9rUdPI.js:24
[  199493ms] [ERROR] Failed to load resource: net::ERR_CONNECTION_REFUSED @ http://localhost:8511/_stcore/host-config:0
[  201496ms] [ERROR] Failed to load resource: net::ERR_CONNECTION_REFUSED @ http://localhost:8511/_stcore/health:0
[  201496ms] [ERROR] Client Error in reaching server endpoint - No response received when attempting to reach /_stcore/health @ http://localhost:8511/static/js/index.k-9rUdPI.js:19
[  201497ms] [ERROR] Is Streamlit still running? If you accidentally stopped Streamlit, just restart it in your terminal: @ http://localhost:8511/static/js/index.k-9rUdPI.js:24
[  201497ms] [ERROR] Failed to load resource: net::ERR_CONNECTION_REFUSED @ http://localhost:8511/_stcore/host-config:0
[  203502ms] [ERROR] Failed to load resource: net::ERR_CONNECTION_REFUSED @ http://localhost:8511/_stcore/health:0
[  203502ms] [ERROR] Client Error in reaching server endpoint - No response received when attempting to reach /_stcore/health @ http://localhost:8511/static/js/index.k-9rUdPI.js:19
[  203503ms] [ERROR] Is Streamlit still running? If you accidentally stopped Streamlit, just restart it in your terminal: @ http://localhost:8511/static/js/index.k-9rUdPI.js:24
[  203503ms] [ERROR] Failed to load resource: net::ERR_CONNECTION_REFUSED @ http://localhost:8511/_stcore/host-config:0
[  205509ms] [ERROR] Failed to load resource: net::ERR_CONNECTION_REFUSED @ http://localhost:8511/_stcore/health:0
[  205509ms] [ERROR] Client Error in reaching server endpoint - No response received when attempting to reach /_stcore/health @ http://localhost:8511/static/js/index.k-9rUdPI.js:19
[  205509ms] [ERROR] Is Streamlit still running? If you accidentally stopped Streamlit, just restart it in your terminal: @ http://localhost:8511/static/js/index.k-9rUdPI.js:24
[  205509ms] [ERROR] Failed to load resource: net::ERR_CONNECTION_REFUSED @ http://localhost:8511/_stcore/host-config:0
[  207513ms] [ERROR] Failed to load resource: net::ERR_CONNECTION_REFUSED @ http://localhost:8511/_stcore/health:0
[  207513ms] [ERROR] Client Error in reaching server endpoint - No response received when attempting to reach /_stcore/health @ http://localhost:8511/static/js/index.k-9rUdPI.js:19
[  207513ms] [ERROR] Is Streamlit still running? If you accidentally stopped Streamlit, just restart it in your terminal: @ http://localhost:8511/static/js/index.k-9rUdPI.js:24
[  207514ms] [ERROR] Failed to load resource: net::ERR_CONNECTION_REFUSED @ http://localhost:8511/_stcore/host-config:0
[  209518ms] [ERROR] Failed to load resource: net::ERR_CONNECTION_REFUSED @ http://localhost:8511/_stcore/health:0
[  209518ms] [ERROR] Client Error in reaching server endpoint - No response received when attempting to reach /_stcore/health @ http://localhost:8511/static/js/index.k-9rUdPI.js:19
[  209518ms] [ERROR] Is Streamlit still running? If you accidentally stopped Streamlit, just restart it in your terminal: @ http://localhost:8511/static/js/index.k-9rUdPI.js:24
[  209518ms] [ERROR] Failed to load resource: net::ERR_CONNECTION_REFUSED @ http://localhost:8511/_stcore/host-config:0
[  211524ms] [ERROR] Failed to load resource: net::ERR_CONNECTION_REFUSED @ http://localhost:8511/_stcore/health:0
[  211524ms] [ERROR] Client Error in reaching server endpoint - No response received when attempting to reach /_stcore/health @ http://localhost:8511/static/js/index.k-9rUdPI.js:19
[  211524ms] [ERROR] Is Streamlit still running? If you accidentally stopped Streamlit, just restart it in your terminal: @ http://localhost:8511/static/js/index.k-9rUdPI.js:24
[  211525ms] [ERROR] Failed to load resource: net::ERR_CONNECTION_REFUSED @ http://localhost:8511/_stcore/host-config:0
[  213529ms] [ERROR] Failed to load resource: net::ERR_CONNECTION_REFUSED @ http://localhost:8511/_stcore/health:0
[  213529ms] [ERROR] Client Error in reaching server endpoint - No response received when attempting to reach /_stcore/health @ http://localhost:8511/static/js/index.k-9rUdPI.js:19
[  213529ms] [ERROR] Is Streamlit still running? If you accidentally stopped Streamlit, just restart it in your terminal: @ http://localhost:8511/static/js/index.k-9rUdPI.js:24
[  213530ms] [ERROR] Failed to load resource: net::ERR_CONNECTION_REFUSED @ http://localhost:8511/_stcore/host-config:0
[  215533ms] [ERROR] Failed to load resource: net::ERR_CONNECTION_REFUSED @ http://localhost:8511/_stcore/health:0
[  215534ms] [ERROR] Client Error in reaching server endpoint - No response received when attempting to reach /_stcore/health @ http://localhost:8511/static/js/index.k-9rUdPI.js:19
[  215534ms] [ERROR] Is Streamlit still running? If you accidentally stopped Streamlit, just restart it in your terminal: @ http://localhost:8511/static/js/index.k-9rUdPI.js:24
[  215534ms] [ERROR] Failed to load resource: net::ERR_CONNECTION_REFUSED @ http://localhost:8511/_stcore/host-config:0
[  217540ms] [ERROR] Failed to load resource: net::ERR_CONNECTION_REFUSED @ http://localhost:8511/_stcore/health:0
[  217540ms] [ERROR] Client Error in reaching server endpoint - No response received when attempting to reach /_stcore/health @ http://localhost:8511/static/js/index.k-9rUdPI.js:19
[  217540ms] [ERROR] Is Streamlit still running? If you accidentally stopped Streamlit, just restart it in your terminal: @ http://localhost:8511/static/js/index.k-9rUdPI.js:24
[  217540ms] [ERROR] Failed to load resource: net::ERR_CONNECTION_REFUSED @ http://localhost:8511/_stcore/host-config:0
[  219546ms] [ERROR] Failed to load resource: net::ERR_CONNECTION_REFUSED @ http://localhost:8511/_stcore/health:0
[  219546ms] [ERROR] Client Error in reaching server endpoint - No response received when attempting to reach /_stcore/health @ http://localhost:8511/static/js/index.k-9rUdPI.js:19
[  219546ms] [ERROR] Is Streamlit still running? If you accidentally stopped Streamlit, just restart it in your terminal: @ http://localhost:8511/static/js/index.k-9rUdPI.js:24
[  219547ms] [ERROR] Failed to load resource: net::ERR_CONNECTION_REFUSED @ http://localhost:8511/_stcore/host-config:0
[  221552ms] [ERROR] Failed to load resource: net::ERR_CONNECTION_REFUSED @ http://localhost:8511/_stcore/health:0
[  221552ms] [ERROR] Client Error in reaching server endpoint - No response received when attempting to reach /_stcore/health @ http://localhost:8511/static/js/index.k-9rUdPI.js:19
[  221552ms] [ERROR] Is Streamlit still running? If you accidentally stopped Streamlit, just restart it in your terminal: @ http://localhost:8511/static/js/index.k-9rUdPI.js:24
[  221553ms] [ERROR] Failed to load resource: net::ERR_CONNECTION_REFUSED @ http://localhost:8511/_stcore/host-config:0
[  223558ms] [ERROR] Failed to load resource: net::ERR_CONNECTION_REFUSED @ http://localhost:8511/_stcore/health:0
[  223558ms] [ERROR] Client Error in reaching server endpoint - No response received when attempting to reach /_stcore/health @ http://localhost:8511/static/js/index.k-9rUdPI.js:19
[  223558ms] [ERROR] Is Streamlit still running? If you accidentally stopped Streamlit, just restart it in your terminal: @ http://localhost:8511/static/js/index.k-9rUdPI.js:24
[  223559ms] [ERROR] Failed to load resource: net::ERR_CONNECTION_REFUSED @ http://localhost:8511/_stcore/host-config:0
[  225565ms] [ERROR] Failed to load resource: net::ERR_CONNECTION_REFUSED @ http://localhost:8511/_stcore/health:0
[  225565ms] [ERROR] Client Error in reaching server endpoint - No response received when attempting to reach /_stcore/health @ http://localhost:8511/static/js/index.k-9rUdPI.js:19
[  225565ms] [ERROR] Is Streamlit still running? If you accidentally stopped Streamlit, just restart it in your terminal: @ http://localhost:8511/static/js/index.k-9rUdPI.js:24
[  225565ms] [ERROR] Failed to load resource: net::ERR_CONNECTION_REFUSED @ http://localhost:8511/_stcore/host-config:0
[  227571ms] [ERROR] Failed to load resource: net::ERR_CONNECTION_REFUSED @ http://localhost:8511/_stcore/health:0
[  227571ms] [ERROR] Client Error in reaching server endpoint - No response received when attempting to reach /_stcore/health @ http://localhost:8511/static/js/index.k-9rUdPI.js:19
[  227571ms] [ERROR] Is Streamlit still running? If you accidentally stopped Streamlit, just restart it in your terminal: @ http://localhost:8511/static/js/index.k-9rUdPI.js:24
[  227571ms] [ERROR] Failed to load resource: net::ERR_CONNECTION_REFUSED @ http://localhost:8511/_stcore/host-config:0
[  229577ms] [ERROR] Failed to load resource: net::ERR_CONNECTION_REFUSED @ http://localhost:8511/_stcore/health:0
[  229577ms] [ERROR] Client Error in reaching server endpoint - No response received when attempting to reach /_stcore/health @ http://localhost:8511/static/js/index.k-9rUdPI.js:19
[  229577ms] [ERROR] Is Streamlit still running? If you accidentally stopped Streamlit, just restart it in your terminal: @ http://localhost:8511/static/js/index.k-9rUdPI.js:24
[  229578ms] [ERROR] Failed to load resource: net::ERR_CONNECTION_REFUSED @ http://localhost:8511/_stcore/host-config:0
[  231582ms] [ERROR] Failed to load resource: net::ERR_CONNECTION_REFUSED @ http://localhost:8511/_stcore/health:0
[  231582ms] [ERROR] Client Error in reaching server endpoint - No response received when attempting to reach /_stcore/health @ http://localhost:8511/static/js/index.k-9rUdPI.js:19
[  231583ms] [ERROR] Is Streamlit still running? If you accidentally stopped Streamlit, just restart it in your terminal: @ http://localhost:8511/static/js/index.k-9rUdPI.js:24
[  231583ms] [ERROR] Failed to load resource: net::ERR_CONNECTION_REFUSED @ http://localhost:8511/_stcore/host-config:0
[  233586ms] [ERROR] Failed to load resource: net::ERR_CONNECTION_REFUSED @ http://localhost:8511/_stcore/health:0
[  233586ms] [ERROR] Client Error in reaching server endpoint - No response received when attempting to reach /_stcore/health @ http://localhost:8511/static/js/index.k-9rUdPI.js:19
[  233587ms] [ERROR] Is Streamlit still running? If you accidentally stopped Streamlit, just restart it in your terminal: @ http://localhost:8511/static/js/index.k-9rUdPI.js:24
[  233587ms] [ERROR] Failed to load resource: net::ERR_CONNECTION_REFUSED @ http://localhost:8511/_stcore/host-config:0
[  235592ms] [ERROR] Failed to load resource: net::ERR_CONNECTION_REFUSED @ http://localhost:8511/_stcore/health:0
[  235592ms] [ERROR] Client Error in reaching server endpoint - No response received when attempting to reach /_stcore/health @ http://localhost:8511/static/js/index.k-9rUdPI.js:19
[  235592ms] [ERROR] Is Streamlit still running? If you accidentally stopped Streamlit, just restart it in your terminal: @ http://localhost:8511/static/js/index.k-9rUdPI.js:24
[  235593ms] [ERROR] Failed to load resource: net::ERR_CONNECTION_REFUSED @ http://localhost:8511/_stcore/host-config:0
[  237596ms] [ERROR] Failed to load resource: net::ERR_CONNECTION_REFUSED @ http://localhost:8511/_stcore/health:0
[  237596ms] [ERROR] Client Error in reaching server endpoint - No response received when attempting to reach /_stcore/health @ http://localhost:8511/static/js/index.k-9rUdPI.js:19
[  237596ms] [ERROR] Is Streamlit still running? If you accidentally stopped Streamlit, just restart it in your terminal: @ http://localhost:8511/static/js/index.k-9rUdPI.js:24
[  237596ms] [ERROR] Failed to load resource: net::ERR_CONNECTION_REFUSED @ http://localhost:8511/_stcore/host-config:0
[  239600ms] [ERROR] Failed to load resource: net::ERR_CONNECTION_REFUSED @ http://localhost:8511/_stcore/health:0
[  239600ms] [ERROR] Client Error in reaching server endpoint - No response received when attempting to reach /_stcore/health @ http://localhost:8511/static/js/index.k-9rUdPI.js:19
[  239601ms] [ERROR] Is Streamlit still running? If you accidentally stopped Streamlit, just restart it in your terminal: @ http://localhost:8511/static/js/index.k-9rUdPI.js:24
[  239601ms] [ERROR] Failed to load resource: net::ERR_CONNECTION_REFUSED @ http://localhost:8511/_stcore/host-config:0
[  241607ms] [ERROR] Failed to load resource: net::ERR_CONNECTION_REFUSED @ http://localhost:8511/_stcore/health:0
[  241607ms] [ERROR] Client Error in reaching server endpoint - No response received when attempting to reach /_stcore/health @ http://localhost:8511/static/js/index.k-9rUdPI.js:19
[  241607ms] [ERROR] Is Streamlit still running? If you accidentally stopped Streamlit, just restart it in your terminal: @ http://localhost:8511/static/js/index.k-9rUdPI.js:24
[  241607ms] [ERROR] Failed to load resource: net::ERR_CONNECTION_REFUSED @ http://localhost:8511/_stcore/host-config:0
[  243610ms] [ERROR] Failed to load resource: net::ERR_CONNECTION_REFUSED @ http://localhost:8511/_stcore/health:0
[  243610ms] [ERROR] Client Error in reaching server endpoint - No response received when attempting to reach /_stcore/health @ http://localhost:8511/static/js/index.k-9rUdPI.js:19
[  243610ms] [ERROR] Is Streamlit still running? If you accidentally stopped Streamlit, just restart it in your terminal: @ http://localhost:8511/static/js/index.k-9rUdPI.js:24
[  243610ms] [ERROR] Failed to load resource: net::ERR_CONNECTION_REFUSED @ http://localhost:8511/_stcore/host-config:0
[  245616ms] [ERROR] Failed to load resource: net::ERR_CONNECTION_REFUSED @ http://localhost:8511/_stcore/health:0
[  245616ms] [ERROR] Client Error in reaching server endpoint - No response received when attempting to reach /_stcore/health @ http://localhost:8511/static/js/index.k-9rUdPI.js:19
[  245616ms] [ERROR] Is Streamlit still running? If you accidentally stopped Streamlit, just restart it in your terminal: @ http://localhost:8511/static/js/index.k-9rUdPI.js:24
[  245616ms] [ERROR] Failed to load resource: net::ERR_CONNECTION_REFUSED @ http://localhost:8511/_stcore/host-config:0
[  247621ms] [ERROR] Failed to load resource: net::ERR_CONNECTION_REFUSED @ http://localhost:8511/_stcore/health:0
[  247621ms] [ERROR] Client Error in reaching server endpoint - No response received when attempting to reach /_stcore/health @ http://localhost:8511/static/js/index.k-9rUdPI.js:19
[  247621ms] [ERROR] Is Streamlit still running? If you accidentally stopped Streamlit, just restart it in your terminal: @ http://localhost:8511/static/js/index.k-9rUdPI.js:24
[  247622ms] [ERROR] Failed to load resource: net::ERR_CONNECTION_REFUSED @ http://localhost:8511/_stcore/host-config:0
[  249627ms] [ERROR] Failed to load resource: net::ERR_CONNECTION_REFUSED @ http://localhost:8511/_stcore/health:0
[  249627ms] [ERROR] Client Error in reaching server endpoint - No response received when attempting to reach /_stcore/health @ http://localhost:8511/static/js/index.k-9rUdPI.js:19
[  249627ms] [ERROR] Is Streamlit still running? If you accidentally stopped Streamlit, just restart it in your terminal: @ http://localhost:8511/static/js/index.k-9rUdPI.js:24
[  249627ms] [ERROR] Failed to load resource: net::ERR_CONNECTION_REFUSED @ http://localhost:8511/_stcore/host-config:0
[  251631ms] [ERROR] Failed to load resource: net::ERR_CONNECTION_REFUSED @ http://localhost:8511/_stcore/health:0
[  251631ms] [ERROR] Client Error in reaching server endpoint - No response received when attempting to reach /_stcore/health @ http://localhost:8511/static/js/index.k-9rUdPI.js:19
[  251631ms] [ERROR] Is Streamlit still running? If you accidentally stopped Streamlit, just restart it in your terminal: @ http://localhost:8511/static/js/index.k-9rUdPI.js:24
[  251632ms] [ERROR] Failed to load resource: net::ERR_CONNECTION_REFUSED @ http://localhost:8511/_stcore/host-config:0
[  253636ms] [ERROR] Failed to load resource: net::ERR_CONNECTION_REFUSED @ http://localhost:8511/_stcore/health:0
[  253636ms] [ERROR] Client Error in reaching server endpoint - No response received when attempting to reach /_stcore/health @ http://localhost:8511/static/js/index.k-9rUdPI.js:19
[  253637ms] [ERROR] Is Streamlit still running? If you accidentally stopped Streamlit, just restart it in your terminal: @ http://localhost:8511/static/js/index.k-9rUdPI.js:24
[  253637ms] [ERROR] Failed to load resource: net::ERR_CONNECTION_REFUSED @ http://localhost:8511/_stcore/host-config:0
[  255642ms] [ERROR] Failed to load resource: net::ERR_CONNECTION_REFUSED @ http://localhost:8511/_stcore/health:0
[  255643ms] [ERROR] Client Error in reaching server endpoint - No response received when attempting to reach /_stcore/health @ http://localhost:8511/static/js/index.k-9rUdPI.js:19
[  255643ms] [ERROR] Is Streamlit still running? If you accidentally stopped Streamlit, just restart it in your terminal: @ http://localhost:8511/static/js/index.k-9rUdPI.js:24
[  255643ms] [ERROR] Failed to load resource: net::ERR_CONNECTION_REFUSED @ http://localhost:8511/_stcore/host-config:0
[  257649ms] [ERROR] Failed to load resource: net::ERR_CONNECTION_REFUSED @ http://localhost:8511/_stcore/health:0
[  257649ms] [ERROR] Client Error in reaching server endpoint - No response received when attempting to reach /_stcore/health @ http://localhost:8511/static/js/index.k-9rUdPI.js:19
[  257649ms] [ERROR] Is Streamlit still running? If you accidentally stopped Streamlit, just restart it in your terminal: @ http://localhost:8511/static/js/index.k-9rUdPI.js:24
[  257650ms] [ERROR] Failed to load resource: net::ERR_CONNECTION_REFUSED @ http://localhost:8511/_stcore/host-config:0
[  259654ms] [ERROR] Failed to load resource: net::ERR_CONNECTION_REFUSED @ http://localhost:8511/_stcore/health:0
[  259654ms] [ERROR] Client Error in reaching server endpoint - No response received when attempting to reach /_stcore/health @ http://localhost:8511/static/js/index.k-9rUdPI.js:19
[  259654ms] [ERROR] Is Streamlit still running? If you accidentally stopped Streamlit, just restart it in your terminal: @ http://localhost:8511/static/js/index.k-9rUdPI.js:24
[  259654ms] [ERROR] Failed to load resource: net::ERR_CONNECTION_REFUSED @ http://localhost:8511/_stcore/host-config:0
[  261660ms] [ERROR] Failed to load resource: net::ERR_CONNECTION_REFUSED @ http://localhost:8511/_stcore/health:0
[  261660ms] [ERROR] Client Error in reaching server endpoint - No response received when attempting to reach /_stcore/health @ http://localhost:8511/static/js/index.k-9rUdPI.js:19
[  261660ms] [ERROR] Is Streamlit still running? If you accidentally stopped Streamlit, just restart it in your terminal: @ http://localhost:8511/static/js/index.k-9rUdPI.js:24
[  261661ms] [ERROR] Failed to load resource: net::ERR_CONNECTION_REFUSED @ http://localhost:8511/_stcore/host-config:0
[  263666ms] [ERROR] Failed to load resource: net::ERR_CONNECTION_REFUSED @ http://localhost:8511/_stcore/health:0
[  263666ms] [ERROR] Client Error in reaching server endpoint - No response received when attempting to reach /_stcore/health @ http://localhost:8511/static/js/index.k-9rUdPI.js:19
[  263667ms] [ERROR] Is Streamlit still running? If you accidentally stopped Streamlit, just restart it in your terminal: @ http://localhost:8511/static/js/index.k-9rUdPI.js:24
[  263667ms] [ERROR] Failed to load resource: net::ERR_CONNECTION_REFUSED @ http://localhost:8511/_stcore/host-config:0
[  265672ms] [ERROR] Failed to load resource: net::ERR_CONNECTION_REFUSED @ http://localhost:8511/_stcore/health:0
[  265672ms] [ERROR] Client Error in reaching server endpoint - No response received when attempting to reach /_stcore/health @ http://localhost:8511/static/js/index.k-9rUdPI.js:19
[  265673ms] [ERROR] Is Streamlit still running? If you accidentally stopped Streamlit, just restart it in your terminal: @ http://localhost:8511/static/js/index.k-9rUdPI.js:24
[  265673ms] [ERROR] Failed to load resource: net::ERR_CONNECTION_REFUSED @ http://localhost:8511/_stcore/host-config:0
[  267677ms] [ERROR] Failed to load resource: net::ERR_CONNECTION_REFUSED @ http://localhost:8511/_stcore/health:0
[  267677ms] [ERROR] Client Error in reaching server endpoint - No response received when attempting to reach /_stcore/health @ http://localhost:8511/static/js/index.k-9rUdPI.js:19
[  267677ms] [ERROR] Is Streamlit still running? If you accidentally stopped Streamlit, just restart it in your terminal: @ http://localhost:8511/static/js/index.k-9rUdPI.js:24
[  267677ms] [ERROR] Failed to load resource: net::ERR_CONNECTION_REFUSED @ http://localhost:8511/_stcore/host-config:0
[  269683ms] [ERROR] Failed to load resource: net::ERR_CONNECTION_REFUSED @ http://localhost:8511/_stcore/health:0
[  269683ms] [ERROR] Client Error in reaching server endpoint - No response received when attempting to reach /_stcore/health @ http://localhost:8511/static/js/index.k-9rUdPI.js:19
[  269683ms] [ERROR] Is Streamlit still running? If you accidentally stopped Streamlit, just restart it in your terminal: @ http://localhost:8511/static/js/index.k-9rUdPI.js:24
[  269683ms] [ERROR] Failed to load resource: net::ERR_CONNECTION_REFUSED @ http://localhost:8511/_stcore/host-config:0
[  271688ms] [ERROR] Failed to load resource: net::ERR_CONNECTION_REFUSED @ http://localhost:8511/_stcore/health:0
[  271688ms] [ERROR] Client Error in reaching server endpoint - No response received when attempting to reach /_stcore/health @ http://localhost:8511/static/js/index.k-9rUdPI.js:19
[  271688ms] [ERROR] Is Streamlit still running? If you accidentally stopped Streamlit, just restart it in your terminal: @ http://localhost:8511/static/js/index.k-9rUdPI.js:24
[  271688ms] [ERROR] Failed to load resource: net::ERR_CONNECTION_REFUSED @ http://localhost:8511/_stcore/host-config:0
[  273694ms] [ERROR] Failed to load resource: net::ERR_CONNECTION_REFUSED @ http://localhost:8511/_stcore/health:0
[  273695ms] [ERROR] Client Error in reaching server endpoint - No response received when attempting to reach /_stcore/health @ http://localhost:8511/static/js/index.k-9rUdPI.js:19
[  273695ms] [ERROR] Is Streamlit still running? If you accidentally stopped Streamlit, just restart it in your terminal: @ http://localhost:8511/static/js/index.k-9rUdPI.js:24
[  273695ms] [ERROR] Failed to load resource: net::ERR_CONNECTION_REFUSED @ http://localhost:8511/_stcore/host-config:0
[  275700ms] [ERROR] Failed to load resource: net::ERR_CONNECTION_REFUSED @ http://localhost:8511/_stcore/health:0
[  275700ms] [ERROR] Client Error in reaching server endpoint - No response received when attempting to reach /_stcore/health @ http://localhost:8511/static/js/index.k-9rUdPI.js:19
[  275700ms] [ERROR] Is Streamlit still running? If you accidentally stopped Streamlit, just restart it in your terminal: @ http://localhost:8511/static/js/index.k-9rUdPI.js:24
[  275701ms] [ERROR] Failed to load resource: net::ERR_CONNECTION_REFUSED @ http://localhost:8511/_stcore/host-config:0
[  277706ms] [ERROR] Failed to load resource: net::ERR_CONNECTION_REFUSED @ http://localhost:8511/_stcore/health:0
[  277706ms] [ERROR] Client Error in reaching server endpoint - No response received when attempting to reach /_stcore/health @ http://localhost:8511/static/js/index.k-9rUdPI.js:19
[  277707ms] [ERROR] Is Streamlit still running? If you accidentally stopped Streamlit, just restart it in your terminal: @ http://localhost:8511/static/js/index.k-9rUdPI.js:24
[  277707ms] [ERROR] Failed to load resource: net::ERR_CONNECTION_REFUSED @ http://localhost:8511/_stcore/host-config:0
[  279712ms] [ERROR] Failed to load resource: net::ERR_CONNECTION_REFUSED @ http://localhost:8511/_stcore/health:0
[  279712ms] [ERROR] Client Error in reaching server endpoint - No response received when attempting to reach /_stcore/health @ http://localhost:8511/static/js/index.k-9rUdPI.js:19
[  279712ms] [ERROR] Is Streamlit still running? If you accidentally stopped Streamlit, just restart it in your terminal: @ http://localhost:8511/static/js/index.k-9rUdPI.js:24
[  279712ms] [ERROR] Failed to load resource: net::ERR_CONNECTION_REFUSED @ http://localhost:8511/_stcore/host-config:0
[  281716ms] [ERROR] Failed to load resource: net::ERR_CONNECTION_REFUSED @ http://localhost:8511/_stcore/health:0
[  281716ms] [ERROR] Client Error in reaching server endpoint - No response received when attempting to reach /_stcore/health @ http://localhost:8511/static/js/index.k-9rUdPI.js:19
[  281716ms] [ERROR] Is Streamlit still running? If you accidentally stopped Streamlit, just restart it in your terminal: @ http://localhost:8511/static/js/index.k-9rUdPI.js:24
[  281716ms] [ERROR] Failed to load resource: net::ERR_CONNECTION_REFUSED @ http://localhost:8511/_stcore/host-config:0
[  283720ms] [ERROR] Failed to load resource: net::ERR_CONNECTION_REFUSED @ http://localhost:8511/_stcore/health:0
[  283721ms] [ERROR] Client Error in reaching server endpoint - No response received when attempting to reach /_stcore/health @ http://localhost:8511/static/js/index.k-9rUdPI.js:19
[  283721ms] [ERROR] Is Streamlit still running? If you accidentally stopped Streamlit, just restart it in your terminal: @ http://localhost:8511/static/js/index.k-9rUdPI.js:24
[  283721ms] [ERROR] Failed to load resource: net::ERR_CONNECTION_REFUSED @ http://localhost:8511/_stcore/host-config:0
[  285726ms] [ERROR] Failed to load resource: net::ERR_CONNECTION_REFUSED @ http://localhost:8511/_stcore/health:0
[  285726ms] [ERROR] Client Error in reaching server endpoint - No response received when attempting to reach /_stcore/health @ http://localhost:8511/static/js/index.k-9rUdPI.js:19
[  285726ms] [ERROR] Is Streamlit still running? If you accidentally stopped Streamlit, just restart it in your terminal: @ http://localhost:8511/static/js/index.k-9rUdPI.js:24
[  285727ms] [ERROR] Failed to load resource: net::ERR_CONNECTION_REFUSED @ http://localhost:8511/_stcore/host-config:0
[  287732ms] [ERROR] Failed to load resource: net::ERR_CONNECTION_REFUSED @ http://localhost:8511/_stcore/health:0
[  287732ms] [ERROR] Client Error in reaching server endpoint - No response received when attempting to reach /_stcore/health @ http://localhost:8511/static/js/index.k-9rUdPI.js:19
[  287732ms] [ERROR] Is Streamlit still running? If you accidentally stopped Streamlit, just restart it in your terminal: @ http://localhost:8511/static/js/index.k-9rUdPI.js:24
[  287733ms] [ERROR] Failed to load resource: net::ERR_CONNECTION_REFUSED @ http://localhost:8511/_stcore/host-config:0
[  289737ms] [ERROR] Failed to load resource: net::ERR_CONNECTION_REFUSED @ http://localhost:8511/_stcore/health:0
[  289737ms] [ERROR] Client Error in reaching server endpoint - No response received when attempting to reach /_stcore/health @ http://localhost:8511/static/js/index.k-9rUdPI.js:19
[  289738ms] [ERROR] Is Streamlit still running? If you accidentally stopped Streamlit, just restart it in your terminal: @ http://localhost:8511/static/js/index.k-9rUdPI.js:24
[  289738ms] [ERROR] Failed to load resource: net::ERR_CONNECTION_REFUSED @ http://localhost:8511/_stcore/host-config:0
[  291741ms] [ERROR] Failed to load resource: net::ERR_CONNECTION_REFUSED @ http://localhost:8511/_stcore/health:0
[  291741ms] [ERROR] Client Error in reaching server endpoint - No response received when attempting to reach /_stcore/health @ http://localhost:8511/static/js/index.k-9rUdPI.js:19
[  291742ms] [ERROR] Is Streamlit still running? If you accidentally stopped Streamlit, just restart it in your terminal: @ http://localhost:8511/static/js/index.k-9rUdPI.js:24
[  291742ms] [ERROR] Failed to load resource: net::ERR_CONNECTION_REFUSED @ http://localhost:8511/_stcore/host-config:0
[  293746ms] [ERROR] Failed to load resource: net::ERR_CONNECTION_REFUSED @ http://localhost:8511/_stcore/health:0
[  293746ms] [ERROR] Client Error in reaching server endpoint - No response received when attempting to reach /_stcore/health @ http://localhost:8511/static/js/index.k-9rUdPI.js:19
[  293747ms] [ERROR] Is Streamlit still running? If you accidentally stopped Streamlit, just restart it in your terminal: @ http://localhost:8511/static/js/index.k-9rUdPI.js:24
[  293747ms] [ERROR] Failed to load resource: net::ERR_CONNECTION_REFUSED @ http://localhost:8511/_stcore/host-config:0
[  295752ms] [ERROR] Failed to load resource: net::ERR_CONNECTION_REFUSED @ http://localhost:8511/_stcore/health:0
[  295752ms] [ERROR] Client Error in reaching server endpoint - No response received when attempting to reach /_stcore/health @ http://localhost:8511/static/js/index.k-9rUdPI.js:19
[  295753ms] [ERROR] Is Streamlit still running? If you accidentally stopped Streamlit, just restart it in your terminal: @ http://localhost:8511/static/js/index.k-9rUdPI.js:24
[  295753ms] [ERROR] Failed to load resource: net::ERR_CONNECTION_REFUSED @ http://localhost:8511/_stcore/host-config:0
[  297759ms] [ERROR] Failed to load resource: net::ERR_CONNECTION_REFUSED @ http://localhost:8511/_stcore/health:0
[  297759ms] [ERROR] Client Error in reaching server endpoint - No response received when attempting to reach /_stcore/health @ http://localhost:8511/static/js/index.k-9rUdPI.js:19
[  297759ms] [ERROR] Is Streamlit still running? If you accidentally stopped Streamlit, just restart it in your terminal: @ http://localhost:8511/static/js/index.k-9rUdPI.js:24
[  297759ms] [ERROR] Failed to load resource: net::ERR_CONNECTION_REFUSED @ http://localhost:8511/_stcore/host-config:0
[  299764ms] [ERROR] Failed to load resource: net::ERR_CONNECTION_REFUSED @ http://localhost:8511/_stcore/health:0
[  299764ms] [ERROR] Client Error in reaching server endpoint - No response received when attempting to reach /_stcore/health @ http://localhost:8511/static/js/index.k-9rUdPI.js:19
[  299764ms] [ERROR] Is Streamlit still running? If you accidentally stopped Streamlit, just restart it in your terminal: @ http://localhost:8511/static/js/index.k-9rUdPI.js:24
[  299764ms] [ERROR] Failed to load resource: net::ERR_CONNECTION_REFUSED @ http://localhost:8511/_stcore/host-config:0
[  301770ms] [ERROR] Failed to load resource: net::ERR_CONNECTION_REFUSED @ http://localhost:8511/_stcore/health:0
[  301770ms] [ERROR] Client Error in reaching server endpoint - No response received when attempting to reach /_stcore/health @ http://localhost:8511/static/js/index.k-9rUdPI.js:19
[  301770ms] [ERROR] Is Streamlit still running? If you accidentally stopped Streamlit, just restart it in your terminal: @ http://localhost:8511/static/js/index.k-9rUdPI.js:24
[  301770ms] [ERROR] Failed to load resource: net::ERR_CONNECTION_REFUSED @ http://localhost:8511/_stcore/host-config:0
[  303776ms] [ERROR] Failed to load resource: net::ERR_CONNECTION_REFUSED @ http://localhost:8511/_stcore/health:0
[  303776ms] [ERROR] Client Error in reaching server endpoint - No response received when attempting to reach /_stcore/health @ http://localhost:8511/static/js/index.k-9rUdPI.js:19
[  303776ms] [ERROR] Is Streamlit still running? If you accidentally stopped Streamlit, just restart it in your terminal: @ http://localhost:8511/static/js/index.k-9rUdPI.js:24
[  303777ms] [ERROR] Failed to load resource: net::ERR_CONNECTION_REFUSED @ http://localhost:8511/_stcore/host-config:0
[  305782ms] [ERROR] Failed to load resource: net::ERR_CONNECTION_REFUSED @ http://localhost:8511/_stcore/health:0
[  305783ms] [ERROR] Client Error in reaching server endpoint - No response received when attempting to reach /_stcore/health @ http://localhost:8511/static/js/index.k-9rUdPI.js:19
[  305783ms] [ERROR] Is Streamlit still running? If you accidentally stopped Streamlit, just restart it in your terminal: @ http://localhost:8511/static/js/index.k-9rUdPI.js:24
[  305783ms] [ERROR] Failed to load resource: net::ERR_CONNECTION_REFUSED @ http://localhost:8511/_stcore/host-config:0
[  307789ms] [ERROR] Failed to load resource: net::ERR_CONNECTION_REFUSED @ http://localhost:8511/_stcore/health:0
[  307789ms] [ERROR] Client Error in reaching server endpoint - No response received when attempting to reach /_stcore/health @ http://localhost:8511/static/js/index.k-9rUdPI.js:19
[  307789ms] [ERROR] Is Streamlit still running? If you accidentally stopped Streamlit, just restart it in your terminal: @ http://localhost:8511/static/js/index.k-9rUdPI.js:24
[  307789ms] [ERROR] Failed to load resource: net::ERR_CONNECTION_REFUSED @ http://localhost:8511/_stcore/host-config:0
[  309794ms] [ERROR] Failed to load resource: net::ERR_CONNECTION_REFUSED @ http://localhost:8511/_stcore/health:0
[  309794ms] [ERROR] Client Error in reaching server endpoint - No response received when attempting to reach /_stcore/health @ http://localhost:8511/static/js/index.k-9rUdPI.js:19
[  309794ms] [ERROR] Is Streamlit still running? If you accidentally stopped Streamlit, just restart it in your terminal: @ http://localhost:8511/static/js/index.k-9rUdPI.js:24
[  309794ms] [ERROR] Failed to load resource: net::ERR_CONNECTION_REFUSED @ http://localhost:8511/_stcore/host-config:0
[  311800ms] [ERROR] Failed to load resource: net::ERR_CONNECTION_REFUSED @ http://localhost:8511/_stcore/health:0
[  311800ms] [ERROR] Client Error in reaching server endpoint - No response received when attempting to reach /_stcore/health @ http://localhost:8511/static/js/index.k-9rUdPI.js:19
[  311800ms] [ERROR] Is Streamlit still running? If you accidentally stopped Streamlit, just restart it in your terminal: @ http://localhost:8511/static/js/index.k-9rUdPI.js:24
[  311801ms] [ERROR] Failed to load resource: net::ERR_CONNECTION_REFUSED @ http://localhost:8511/_stcore/host-config:0
[  313804ms] [ERROR] Failed to load resource: net::ERR_CONNECTION_REFUSED @ http://localhost:8511/_stcore/health:0
[  313805ms] [ERROR] Client Error in reaching server endpoint - No response received when attempting to reach /_stcore/health @ http://localhost:8511/static/js/index.k-9rUdPI.js:19
[  313805ms] [ERROR] Is Streamlit still running? If you accidentally stopped Streamlit, just restart it in your terminal: @ http://localhost:8511/static/js/index.k-9rUdPI.js:24
[  313805ms] [ERROR] Failed to load resource: net::ERR_CONNECTION_REFUSED @ http://localhost:8511/_stcore/host-config:0
[  315811ms] [ERROR] Failed to load resource: net::ERR_CONNECTION_REFUSED @ http://localhost:8511/_stcore/health:0
[  315811ms] [ERROR] Client Error in reaching server endpoint - No response received when attempting to reach /_stcore/health @ http://localhost:8511/static/js/index.k-9rUdPI.js:19
[  315812ms] [ERROR] Is Streamlit still running? If you accidentally stopped Streamlit, just restart it in your terminal: @ http://localhost:8511/static/js/index.k-9rUdPI.js:24
[  315812ms] [ERROR] Failed to load resource: net::ERR_CONNECTION_REFUSED @ http://localhost:8511/_stcore/host-config:0
[  317817ms] [ERROR] Failed to load resource: net::ERR_CONNECTION_REFUSED @ http://localhost:8511/_stcore/health:0
[  317817ms] [ERROR] Client Error in reaching server endpoint - No response received when attempting to reach /_stcore/health @ http://localhost:8511/static/js/index.k-9rUdPI.js:19
[  317817ms] [ERROR] Is Streamlit still running? If you accidentally stopped Streamlit, just restart it in your terminal: @ http://localhost:8511/static/js/index.k-9rUdPI.js:24
[  317817ms] [ERROR] Failed to load resource: net::ERR_CONNECTION_REFUSED @ http://localhost:8511/_stcore/host-config:0
