[   15676ms] [WARNING] WARN Infinite extent for field "Métrica_plot_start": [Infinity, -Infinity] @ http://localhost:8521/static/js/embed.BwU7eQR9.js:0
[   15676ms] [WARNING] WARN Infinite extent for field "Métrica_plot_end": [Infinity, -Infinity] @ http://localhost:8521/static/js/embed.BwU7eQR9.js:0
[   15702ms] [WARNING] WARN Infinite extent for field "Cobertura_start": [Infinity, -Infinity] @ http://localhost:8521/static/js/embed.BwU7eQR9.js:0
[   15702ms] [WARNING] WARN Infinite extent for field "Cobertura_end": [Infinity, -Infinity] @ http://localhost:8521/static/js/embed.BwU7eQR9.js:0
[   15768ms] [WARNING] WARN Infinite extent for field "mes": [Infinity, -Infinity] @ http://localhost:8521/static/js/embed.BwU7eQR9.js:0
[   15768ms] [WARNING] WARN Infinite extent for field "Cobertura": [Infinity, -Infinity] @ http://localhost:8521/static/js/embed.BwU7eQR9.js:0
[   15794ms] [WARNING] WARN Infinite extent for field "delta_bi_start": [Infinity, -Infinity] @ http://localhost:8521/static/js/embed.BwU7eQR9.js:0
[   15794ms] [WARNING] WARN Infinite extent for field "delta_bi_end": [Infinity, -Infinity] @ http://localhost:8521/static/js/embed.BwU7eQR9.js:0
[   15829ms] [WARNING] WARN Dropping "fit-x" because spec has discrete width. @ http://localhost:8521/static/js/embed.BwU7eQR9.js:0
[   15832ms] [WARNING] WARN Infinite extent for field "volume_bi_start": [Infinity, -Infinity] @ http://localhost:8521/static/js/embed.BwU7eQR9.js:0
[   15832ms] [WARNING] WARN Infinite extent for field "volume_bi_end": [Infinity, -Infinity] @ http://localhost:8521/static/js/embed.BwU7eQR9.js:0
[   15832ms] [WARNING] WARN Infinite extent for field "emissores_cnpj": [Infinity, -Infinity] @ http://localhost:8521/static/js/embed.BwU7eQR9.js:0
[   15834ms] [WARNING] WARN Dropping "fit-x" because spec has discrete width. @ http://localhost:8521/static/js/embed.BwU7eQR9.js:0
[   15836ms] [WARNING] WARN Infinite extent for field "volume_bi": [Infinity, -Infinity] @ http://localhost:8521/static/js/embed.BwU7eQR9.js:0
[   15838ms] [WARNING] WARN Dropping "fit-x" because spec has discrete width. @ http://localhost:8521/static/js/embed.BwU7eQR9.js:0
[   15840ms] [WARNING] WARN Infinite extent for field "Volume": [Infinity, -Infinity] @ http://localhost:8521/static/js/embed.BwU7eQR9.js:0
[   15870ms] [WARNING] WARN Infinite extent for field "Documentos_start": [Infinity, -Infinity] @ http://localhost:8521/static/js/embed.BwU7eQR9.js:0
[   15870ms] [WARNING] WARN Infinite extent for field "Documentos_end": [Infinity, -Infinity] @ http://localhost:8521/static/js/embed.BwU7eQR9.js:0
[   15874ms] [WARNING] WARN Infinite extent for field "Documentos_start": [Infinity, -Infinity] @ http://localhost:8521/static/js/embed.BwU7eQR9.js:0
[   15874ms] [WARNING] WARN Infinite extent for field "Documentos_end": [Infinity, -Infinity] @ http://localhost:8521/static/js/embed.BwU7eQR9.js:0
[   15892ms] [WARNING] WARN Infinite extent for field "Cobertura_start": [Infinity, -Infinity] @ http://localhost:8521/static/js/embed.BwU7eQR9.js:0
[   15892ms] [WARNING] WARN Infinite extent for field "Cobertura_end": [Infinity, -Infinity] @ http://localhost:8521/static/js/embed.BwU7eQR9.js:0
[   15995ms] [WARNING] WARN Infinite extent for field "pct_min_num": [Infinity, -Infinity] @ http://localhost:8521/static/js/embed.BwU7eQR9.js:0
[   15996ms] [WARNING] WARN Infinite extent for field "__count": [Infinity, -Infinity] @ http://localhost:8521/static/js/embed.BwU7eQR9.js:0
[   15997ms] [WARNING] WARN Dropping "fit-x" because spec has discrete width. @ http://localhost:8521/static/js/embed.BwU7eQR9.js:0
[   15998ms] [WARNING] WARN Infinite extent for field "valor": [Infinity, -Infinity] @ http://localhost:8521/static/js/embed.BwU7eQR9.js:0
[   16386ms] [WARNING] WARN Dropping "fit-x" because spec has discrete width. @ http://localhost:8521/static/js/embed.BwU7eQR9.js:0
[   16387ms] [WARNING] WARN Infinite extent for field "valor": [Infinity, -Infinity] @ http://localhost:8521/static/js/embed.BwU7eQR9.js:0
[   16654ms] [WARNING] WARN Infinite extent for field "pl_bi_start": [Infinity, -Infinity] @ http://localhost:8521/static/js/embed.BwU7eQR9.js:0
[   16654ms] [WARNING] WARN Infinite extent for field "pl_bi_end": [Infinity, -Infinity] @ http://localhost:8521/static/js/embed.BwU7eQR9.js:0
[   16838ms] [WARNING] WARN Infinite extent for field "mes": [Infinity, -Infinity] @ http://localhost:8521/static/js/embed.BwU7eQR9.js:0
[   16838ms] [WARNING] WARN Infinite extent for field "pl_bi": [Infinity, -Infinity] @ http://localhost:8521/static/js/embed.BwU7eQR9.js:0
[   16854ms] [WARNING] WARN Infinite extent for field "mes": [Infinity, -Infinity] @ http://localhost:8521/static/js/embed.BwU7eQR9.js:0
[   16854ms] [WARNING] WARN Infinite extent for field "captacao_bi_start": [Infinity, -Infinity] @ http://localhost:8521/static/js/embed.BwU7eQR9.js:0
[   16854ms] [WARNING] WARN Infinite extent for field "captacao_bi_end": [Infinity, -Infinity] @ http://localhost:8521/static/js/embed.BwU7eQR9.js:0
[   16856ms] [WARNING] WARN Infinite extent for field "PL_bi_start": [Infinity, -Infinity] @ http://localhost:8521/static/js/embed.BwU7eQR9.js:0
[   16856ms] [WARNING] WARN Infinite extent for field "PL_bi_end": [Infinity, -Infinity] @ http://localhost:8521/static/js/embed.BwU7eQR9.js:0
[   16885ms] [WARNING] WARN Infinite extent for field "Métrica bi_start": [Infinity, -Infinity] @ http://localhost:8521/static/js/embed.BwU7eQR9.js:0
[   16885ms] [WARNING] WARN Infinite extent for field "Métrica bi_end": [Infinity, -Infinity] @ http://localhost:8521/static/js/embed.BwU7eQR9.js:0
[   17292ms] [WARNING] WARN Infinite extent for field "Módulos_start": [Infinity, -Infinity] @ http://localhost:8521/static/js/embed.BwU7eQR9.js:0
[   17292ms] [WARNING] WARN Infinite extent for field "Módulos_end": [Infinity, -Infinity] @ http://localhost:8521/static/js/embed.BwU7eQR9.js:0
[   18207ms] [WARNING] WARN Infinite extent for field "profile_links_start": [Infinity, -Infinity] @ http://localhost:8521/static/js/embed.BwU7eQR9.js:0
[   18207ms] [WARNING] WARN Infinite extent for field "profile_links_end": [Infinity, -Infinity] @ http://localhost:8521/static/js/embed.BwU7eQR9.js:0
[   19339ms] [WARNING] WARN Infinite extent for field "quality_pct_start": [Infinity, -Infinity] @ http://localhost:8521/static/js/embed.BwU7eQR9.js:0
[   19339ms] [WARNING] WARN Infinite extent for field "quality_pct_end": [Infinity, -Infinity] @ http://localhost:8521/static/js/embed.BwU7eQR9.js:0
[   19366ms] [WARNING] The `values` property is in conflict with the current `step`, `min`, and `max` properties. Please provide values that are accessible using the min, max, and step values. @ http://localhost:8521/static/js/Slider.BrkNAuxL.js:0
[   20509ms] [WARNING] WARN Infinite extent for field "Módulos_start": [Infinity, -Infinity] @ http://localhost:8521/static/js/embed.BwU7eQR9.js:0
[   20509ms] [WARNING] WARN Infinite extent for field "Módulos_end": [Infinity, -Infinity] @ http://localhost:8521/static/js/embed.BwU7eQR9.js:0
[   21440ms] [WARNING] WARN Conflicting legend property "disable" (false and true). Using false. @ http://localhost:8521/static/js/embed.BwU7eQR9.js:0
[   21442ms] [WARNING] WARN Infinite extent for field "mes": [Infinity, -Infinity] @ http://localhost:8521/static/js/embed.BwU7eQR9.js:0
[   21442ms] [WARNING] WARN Infinite extent for field "mes": [Infinity, -Infinity] @ http://localhost:8521/static/js/embed.BwU7eQR9.js:0
[   21442ms] [WARNING] WARN Infinite extent for field "total_bi_start": [Infinity, -Infinity] @ http://localhost:8521/static/js/embed.BwU7eQR9.js:0
[   21442ms] [WARNING] WARN Infinite extent for field "total_bi_end": [Infinity, -Infinity] @ http://localhost:8521/static/js/embed.BwU7eQR9.js:0
[   21442ms] [WARNING] WARN Infinite extent for field "valor_bi": [Infinity, -Infinity] @ http://localhost:8521/static/js/embed.BwU7eQR9.js:0
[   21483ms] [WARNING] WARN Conflicting legend property "disable" (false and true). Using false. @ http://localhost:8521/static/js/embed.BwU7eQR9.js:0
[   21485ms] [WARNING] WARN Infinite extent for field "mes": [Infinity, -Infinity] @ http://localhost:8521/static/js/embed.BwU7eQR9.js:0
[   21485ms] [WARNING] WARN Infinite extent for field "mes": [Infinity, -Infinity] @ http://localhost:8521/static/js/embed.BwU7eQR9.js:0
[   21485ms] [WARNING] WARN Infinite extent for field "total_bi_start": [Infinity, -Infinity] @ http://localhost:8521/static/js/embed.BwU7eQR9.js:0
[   21485ms] [WARNING] WARN Infinite extent for field "total_bi_end": [Infinity, -Infinity] @ http://localhost:8521/static/js/embed.BwU7eQR9.js:0
[   21485ms] [WARNING] WARN Infinite extent for field "valor_bi": [Infinity, -Infinity] @ http://localhost:8521/static/js/embed.BwU7eQR9.js:0
[   21488ms] [WARNING] WARN Infinite extent for field "mes": [Infinity, -Infinity] @ http://localhost:8521/static/js/embed.BwU7eQR9.js:0
[   21488ms] [WARNING] WARN Infinite extent for field "capt_bi_start": [Infinity, -Infinity] @ http://localhost:8521/static/js/embed.BwU7eQR9.js:0
[   21488ms] [WARNING] WARN Infinite extent for field "capt_bi_end": [Infinity, -Infinity] @ http://localhost:8521/static/js/embed.BwU7eQR9.js:0
[   21490ms] [WARNING] WARN Infinite extent for field "mes": [Infinity, -Infinity] @ http://localhost:8521/static/js/embed.BwU7eQR9.js:0
[   21491ms] [WARNING] WARN Infinite extent for field "cot_mil": [Infinity, -Infinity] @ http://localhost:8521/static/js/embed.BwU7eQR9.js:0
[   21544ms] [WARNING] WARN Conflicting legend property "disable" (false and true). Using false. @ http://localhost:8521/static/js/embed.BwU7eQR9.js:0
[   21545ms] [WARNING] WARN Infinite extent for field "mes": [Infinity, -Infinity] @ http://localhost:8521/static/js/embed.BwU7eQR9.js:0
[   21545ms] [WARNING] WARN Infinite extent for field "mes": [Infinity, -Infinity] @ http://localhost:8521/static/js/embed.BwU7eQR9.js:0
[   21545ms] [WARNING] WARN Infinite extent for field "total_bi_start": [Infinity, -Infinity] @ http://localhost:8521/static/js/embed.BwU7eQR9.js:0
[   21545ms] [WARNING] WARN Infinite extent for field "total_bi_end": [Infinity, -Infinity] @ http://localhost:8521/static/js/embed.BwU7eQR9.js:0
[   21545ms] [WARNING] WARN Infinite extent for field "valor_bi": [Infinity, -Infinity] @ http://localhost:8521/static/js/embed.BwU7eQR9.js:0
[   21548ms] [WARNING] WARN Infinite extent for field "mes": [Infinity, -Infinity] @ http://localhost:8521/static/js/embed.BwU7eQR9.js:0
[   21548ms] [WARNING] WARN Infinite extent for field "capt_bi_start": [Infinity, -Infinity] @ http://localhost:8521/static/js/embed.BwU7eQR9.js:0
[   21548ms] [WARNING] WARN Infinite extent for field "capt_bi_end": [Infinity, -Infinity] @ http://localhost:8521/static/js/embed.BwU7eQR9.js:0
[   21550ms] [WARNING] WARN Infinite extent for field "mes": [Infinity, -Infinity] @ http://localhost:8521/static/js/embed.BwU7eQR9.js:0
[   21550ms] [WARNING] WARN Infinite extent for field "cot_mil": [Infinity, -Infinity] @ http://localhost:8521/static/js/embed.BwU7eQR9.js:0
[   21552ms] [WARNING] WARN Infinite extent for field "mes": [Infinity, -Infinity] @ http://localhost:8521/static/js/embed.BwU7eQR9.js:0
[   21552ms] [WARNING] WARN Infinite extent for field "pct": [Infinity, -Infinity] @ http://localhost:8521/static/js/embed.BwU7eQR9.js:0
[   21635ms] [WARNING] WARN Infinite extent for field "mes": [Infinity, -Infinity] @ http://localhost:8521/static/js/embed.BwU7eQR9.js:0
[   21635ms] [WARNING] WARN Infinite extent for field "capt_bi_start": [Infinity, -Infinity] @ http://localhost:8521/static/js/embed.BwU7eQR9.js:0
[   21635ms] [WARNING] WARN Infinite extent for field "capt_bi_end": [Infinity, -Infinity] @ http://localhost:8521/static/js/embed.BwU7eQR9.js:0
[   21637ms] [WARNING] WARN Infinite extent for field "mes": [Infinity, -Infinity] @ http://localhost:8521/static/js/embed.BwU7eQR9.js:0
[   21637ms] [WARNING] WARN Infinite extent for field "cot_mil": [Infinity, -Infinity] @ http://localhost:8521/static/js/embed.BwU7eQR9.js:0
[   21639ms] [WARNING] WARN Infinite extent for field "mes": [Infinity, -Infinity] @ http://localhost:8521/static/js/embed.BwU7eQR9.js:0
[   21639ms] [WARNING] WARN Infinite extent for field "pct": [Infinity, -Infinity] @ http://localhost:8521/static/js/embed.BwU7eQR9.js:0
[   21641ms] [WARNING] WARN Infinite extent for field "mes": [Infinity, -Infinity] @ http://localhost:8521/static/js/embed.BwU7eQR9.js:0
[   21641ms] [WARNING] WARN Infinite extent for field "pct": [Infinity, -Infinity] @ http://localhost:8521/static/js/embed.BwU7eQR9.js:0
[   21642ms] [WARNING] WARN Infinite extent for field "valor_bi_start": [Infinity, -Infinity] @ http://localhost:8521/static/js/embed.BwU7eQR9.js:0
[   21642ms] [WARNING] WARN Infinite extent for field "valor_bi_end": [Infinity, -Infinity] @ http://localhost:8521/static/js/embed.BwU7eQR9.js:0
[   21644ms] [WARNING] WARN Infinite extent for field "pl_bi_start": [Infinity, -Infinity] @ http://localhost:8521/static/js/embed.BwU7eQR9.js:0
[   21644ms] [WARNING] WARN Infinite extent for field "pl_bi_end": [Infinity, -Infinity] @ http://localhost:8521/static/js/embed.BwU7eQR9.js:0
[   21701ms] [WARNING] WARN Infinite extent for field "mes": [Infinity, -Infinity] @ http://localhost:8521/static/js/embed.BwU7eQR9.js:0
[   21701ms] [WARNING] WARN Infinite extent for field "pct": [Infinity, -Infinity] @ http://localhost:8521/static/js/embed.BwU7eQR9.js:0
[   21704ms] [WARNING] WARN Infinite extent for field "mes": [Infinity, -Infinity] @ http://localhost:8521/static/js/embed.BwU7eQR9.js:0
[   21704ms] [WARNING] WARN Infinite extent for field "pct": [Infinity, -Infinity] @ http://localhost:8521/static/js/embed.BwU7eQR9.js:0
[   21706ms] [WARNING] WARN Infinite extent for field "valor_bi_start": [Infinity, -Infinity] @ http://localhost:8521/static/js/embed.BwU7eQR9.js:0
[   21706ms] [WARNING] WARN Infinite extent for field "valor_bi_end": [Infinity, -Infinity] @ http://localhost:8521/static/js/embed.BwU7eQR9.js:0
[   21707ms] [WARNING] WARN Infinite extent for field "pl_bi_start": [Infinity, -Infinity] @ http://localhost:8521/static/js/embed.BwU7eQR9.js:0
[   21707ms] [WARNING] WARN Infinite extent for field "pl_bi_end": [Infinity, -Infinity] @ http://localhost:8521/static/js/embed.BwU7eQR9.js:0
[   21739ms] [WARNING] WARN Infinite extent for field "mes": [Infinity, -Infinity] @ http://localhost:8521/static/js/embed.BwU7eQR9.js:0
[   21739ms] [WARNING] WARN Infinite extent for field "pct": [Infinity, -Infinity] @ http://localhost:8521/static/js/embed.BwU7eQR9.js:0
[   21741ms] [WARNING] WARN Infinite extent for field "valor_bi_start": [Infinity, -Infinity] @ http://localhost:8521/static/js/embed.BwU7eQR9.js:0
[   21741ms] [WARNING] WARN Infinite extent for field "valor_bi_end": [Infinity, -Infinity] @ http://localhost:8521/static/js/embed.BwU7eQR9.js:0
[   21745ms] [WARNING] WARN Infinite extent for field "pl_bi_start": [Infinity, -Infinity] @ http://localhost:8521/static/js/embed.BwU7eQR9.js:0
[   21745ms] [WARNING] WARN Infinite extent for field "pl_bi_end": [Infinity, -Infinity] @ http://localhost:8521/static/js/embed.BwU7eQR9.js:0
[   29041ms] [WARNING] WARN Infinite extent for field "Módulos_start": [Infinity, -Infinity] @ http://localhost:8521/static/js/embed.BwU7eQR9.js:0
[   29041ms] [WARNING] WARN Infinite extent for field "Módulos_end": [Infinity, -Infinity] @ http://localhost:8521/static/js/embed.BwU7eQR9.js:0
