[   12318ms] [WARNING] WARN Infinite extent for field "Métrica_plot_start": [Infinity, -Infinity] @ http://localhost:8505/static/js/embed.BwU7eQR9.js:0
[   12318ms] [WARNING] WARN Infinite extent for field "Métrica_plot_end": [Infinity, -Infinity] @ http://localhost:8505/static/js/embed.BwU7eQR9.js:0
[   12324ms] [WARNING] WARN Infinite extent for field "Cobertura_start": [Infinity, -Infinity] @ http://localhost:8505/static/js/embed.BwU7eQR9.js:0
[   12324ms] [WARNING] WARN Infinite extent for field "Cobertura_end": [Infinity, -Infinity] @ http://localhost:8505/static/js/embed.BwU7eQR9.js:0
[   12366ms] [WARNING] WARN Infinite extent for field "mes": [Infinity, -Infinity] @ http://localhost:8505/static/js/embed.BwU7eQR9.js:0
[   12367ms] [WARNING] WARN Infinite extent for field "Cobertura": [Infinity, -Infinity] @ http://localhost:8505/static/js/embed.BwU7eQR9.js:0
[   12370ms] [WARNING] WARN Infinite extent for field "delta_bi_start": [Infinity, -Infinity] @ http://localhost:8505/static/js/embed.BwU7eQR9.js:0
[   12370ms] [WARNING] WARN Infinite extent for field "delta_bi_end": [Infinity, -Infinity] @ http://localhost:8505/static/js/embed.BwU7eQR9.js:0
[   12421ms] [WARNING] WARN Dropping "fit-x" because spec has discrete width. @ http://localhost:8505/static/js/embed.BwU7eQR9.js:0
[   12424ms] [WARNING] WARN Infinite extent for field "volume_bi_start": [Infinity, -Infinity] @ http://localhost:8505/static/js/embed.BwU7eQR9.js:0
[   12424ms] [WARNING] WARN Infinite extent for field "volume_bi_end": [Infinity, -Infinity] @ http://localhost:8505/static/js/embed.BwU7eQR9.js:0
[   12424ms] [WARNING] WARN Infinite extent for field "emissores_cnpj": [Infinity, -Infinity] @ http://localhost:8505/static/js/embed.BwU7eQR9.js:0
[   12426ms] [WARNING] WARN Dropping "fit-x" because spec has discrete width. @ http://localhost:8505/static/js/embed.BwU7eQR9.js:0
[   12427ms] [WARNING] WARN Infinite extent for field "volume_bi": [Infinity, -Infinity] @ http://localhost:8505/static/js/embed.BwU7eQR9.js:0
[   12429ms] [WARNING] WARN Dropping "fit-x" because spec has discrete width. @ http://localhost:8505/static/js/embed.BwU7eQR9.js:0
[   12430ms] [WARNING] WARN Infinite extent for field "Volume": [Infinity, -Infinity] @ http://localhost:8505/static/js/embed.BwU7eQR9.js:0
[   12433ms] [WARNING] WARN Infinite extent for field "Documentos_start": [Infinity, -Infinity] @ http://localhost:8505/static/js/embed.BwU7eQR9.js:0
[   12433ms] [WARNING] WARN Infinite extent for field "Documentos_end": [Infinity, -Infinity] @ http://localhost:8505/static/js/embed.BwU7eQR9.js:0
[   12436ms] [WARNING] WARN Infinite extent for field "Documentos_start": [Infinity, -Infinity] @ http://localhost:8505/static/js/embed.BwU7eQR9.js:0
[   12436ms] [WARNING] WARN Infinite extent for field "Documentos_end": [Infinity, -Infinity] @ http://localhost:8505/static/js/embed.BwU7eQR9.js:0
[   12438ms] [WARNING] WARN Infinite extent for field "Cobertura_start": [Infinity, -Infinity] @ http://localhost:8505/static/js/embed.BwU7eQR9.js:0
[   12438ms] [WARNING] WARN Infinite extent for field "Cobertura_end": [Infinity, -Infinity] @ http://localhost:8505/static/js/embed.BwU7eQR9.js:0
[   12496ms] [WARNING] WARN Infinite extent for field "pct_min_num": [Infinity, -Infinity] @ http://localhost:8505/static/js/embed.BwU7eQR9.js:0
[   12497ms] [WARNING] WARN Infinite extent for field "__count": [Infinity, -Infinity] @ http://localhost:8505/static/js/embed.BwU7eQR9.js:0
[   12498ms] [WARNING] WARN Dropping "fit-x" because spec has discrete width. @ http://localhost:8505/static/js/embed.BwU7eQR9.js:0
[   12500ms] [WARNING] WARN Infinite extent for field "valor": [Infinity, -Infinity] @ http://localhost:8505/static/js/embed.BwU7eQR9.js:0
[   12756ms] [WARNING] WARN Dropping "fit-x" because spec has discrete width. @ http://localhost:8505/static/js/embed.BwU7eQR9.js:0
[   12758ms] [WARNING] WARN Infinite extent for field "valor": [Infinity, -Infinity] @ http://localhost:8505/static/js/embed.BwU7eQR9.js:0
[   12906ms] [WARNING] WARN Infinite extent for field "mes": [Infinity, -Infinity] @ http://localhost:8505/static/js/embed.BwU7eQR9.js:0
[   12906ms] [WARNING] WARN Infinite extent for field "pl_bi": [Infinity, -Infinity] @ http://localhost:8505/static/js/embed.BwU7eQR9.js:0
[   12988ms] [WARNING] WARN Infinite extent for field "mes": [Infinity, -Infinity] @ http://localhost:8505/static/js/embed.BwU7eQR9.js:0
[   12988ms] [WARNING] WARN Infinite extent for field "captacao_bi_start": [Infinity, -Infinity] @ http://localhost:8505/static/js/embed.BwU7eQR9.js:0
[   12988ms] [WARNING] WARN Infinite extent for field "captacao_bi_end": [Infinity, -Infinity] @ http://localhost:8505/static/js/embed.BwU7eQR9.js:0
[   13009ms] [WARNING] WARN Infinite extent for field "PL_bi_start": [Infinity, -Infinity] @ http://localhost:8505/static/js/embed.BwU7eQR9.js:0
[   13009ms] [WARNING] WARN Infinite extent for field "PL_bi_end": [Infinity, -Infinity] @ http://localhost:8505/static/js/embed.BwU7eQR9.js:0
[   67299ms] [WARNING] WARN Infinite extent for field "Métrica_plot_start": [Infinity, -Infinity] @ http://localhost:8505/static/js/embed.BwU7eQR9.js:0
[   67299ms] [WARNING] WARN Infinite extent for field "Métrica_plot_end": [Infinity, -Infinity] @ http://localhost:8505/static/js/embed.BwU7eQR9.js:0
[   67303ms] [WARNING] WARN Infinite extent for field "Cobertura_start": [Infinity, -Infinity] @ http://localhost:8505/static/js/embed.BwU7eQR9.js:0
[   67303ms] [WARNING] WARN Infinite extent for field "Cobertura_end": [Infinity, -Infinity] @ http://localhost:8505/static/js/embed.BwU7eQR9.js:0
[   67306ms] [WARNING] WARN Infinite extent for field "mes": [Infinity, -Infinity] @ http://localhost:8505/static/js/embed.BwU7eQR9.js:0
[   67306ms] [WARNING] WARN Infinite extent for field "Cobertura": [Infinity, -Infinity] @ http://localhost:8505/static/js/embed.BwU7eQR9.js:0
[   67308ms] [WARNING] WARN Infinite extent for field "delta_bi_start": [Infinity, -Infinity] @ http://localhost:8505/static/js/embed.BwU7eQR9.js:0
[   67308ms] [WARNING] WARN Infinite extent for field "delta_bi_end": [Infinity, -Infinity] @ http://localhost:8505/static/js/embed.BwU7eQR9.js:0
[   67381ms] [WARNING] WARN Dropping "fit-x" because spec has discrete width. @ http://localhost:8505/static/js/embed.BwU7eQR9.js:0
[   67383ms] [WARNING] WARN Infinite extent for field "volume_bi_start": [Infinity, -Infinity] @ http://localhost:8505/static/js/embed.BwU7eQR9.js:0
[   67383ms] [WARNING] WARN Infinite extent for field "volume_bi_end": [Infinity, -Infinity] @ http://localhost:8505/static/js/embed.BwU7eQR9.js:0
[   67383ms] [WARNING] WARN Infinite extent for field "emissores_cnpj": [Infinity, -Infinity] @ http://localhost:8505/static/js/embed.BwU7eQR9.js:0
[   67384ms] [WARNING] WARN Dropping "fit-x" because spec has discrete width. @ http://localhost:8505/static/js/embed.BwU7eQR9.js:0
[   67385ms] [WARNING] WARN Infinite extent for field "volume_bi": [Infinity, -Infinity] @ http://localhost:8505/static/js/embed.BwU7eQR9.js:0
[   67386ms] [WARNING] WARN Dropping "fit-x" because spec has discrete width. @ http://localhost:8505/static/js/embed.BwU7eQR9.js:0
[   67387ms] [WARNING] WARN Infinite extent for field "Volume": [Infinity, -Infinity] @ http://localhost:8505/static/js/embed.BwU7eQR9.js:0
[   67389ms] [WARNING] WARN Infinite extent for field "Documentos_start": [Infinity, -Infinity] @ http://localhost:8505/static/js/embed.BwU7eQR9.js:0
[   67389ms] [WARNING] WARN Infinite extent for field "Documentos_end": [Infinity, -Infinity] @ http://localhost:8505/static/js/embed.BwU7eQR9.js:0
[   67435ms] [WARNING] WARN Infinite extent for field "Documentos_start": [Infinity, -Infinity] @ http://localhost:8505/static/js/embed.BwU7eQR9.js:0
[   67435ms] [WARNING] WARN Infinite extent for field "Documentos_end": [Infinity, -Infinity] @ http://localhost:8505/static/js/embed.BwU7eQR9.js:0
[   67438ms] [WARNING] WARN Infinite extent for field "Cobertura_start": [Infinity, -Infinity] @ http://localhost:8505/static/js/embed.BwU7eQR9.js:0
[   67438ms] [WARNING] WARN Infinite extent for field "Cobertura_end": [Infinity, -Infinity] @ http://localhost:8505/static/js/embed.BwU7eQR9.js:0
[   67518ms] [WARNING] WARN Infinite extent for field "pct_min_num": [Infinity, -Infinity] @ http://localhost:8505/static/js/embed.BwU7eQR9.js:0
[   67518ms] [WARNING] WARN Infinite extent for field "__count": [Infinity, -Infinity] @ http://localhost:8505/static/js/embed.BwU7eQR9.js:0
[   67519ms] [WARNING] WARN Dropping "fit-x" because spec has discrete width. @ http://localhost:8505/static/js/embed.BwU7eQR9.js:0
[   67520ms] [WARNING] WARN Infinite extent for field "valor": [Infinity, -Infinity] @ http://localhost:8505/static/js/embed.BwU7eQR9.js:0
[   67521ms] [WARNING] WARN Dropping "fit-x" because spec has discrete width. @ http://localhost:8505/static/js/embed.BwU7eQR9.js:0
[   67525ms] [WARNING] WARN Infinite extent for field "valor": [Infinity, -Infinity] @ http://localhost:8505/static/js/embed.BwU7eQR9.js:0
[   67592ms] [WARNING] WARN Infinite extent for field "mes": [Infinity, -Infinity] @ http://localhost:8505/static/js/embed.BwU7eQR9.js:0
[   67592ms] [WARNING] WARN Infinite extent for field "pl_bi": [Infinity, -Infinity] @ http://localhost:8505/static/js/embed.BwU7eQR9.js:0
[   67602ms] [WARNING] WARN Infinite extent for field "mes": [Infinity, -Infinity] @ http://localhost:8505/static/js/embed.BwU7eQR9.js:0
[   67602ms] [WARNING] WARN Infinite extent for field "captacao_bi_start": [Infinity, -Infinity] @ http://localhost:8505/static/js/embed.BwU7eQR9.js:0
[   67602ms] [WARNING] WARN Infinite extent for field "captacao_bi_end": [Infinity, -Infinity] @ http://localhost:8505/static/js/embed.BwU7eQR9.js:0
[   67620ms] [WARNING] WARN Infinite extent for field "PL_bi_start": [Infinity, -Infinity] @ http://localhost:8505/static/js/embed.BwU7eQR9.js:0
[   67620ms] [WARNING] WARN Infinite extent for field "PL_bi_end": [Infinity, -Infinity] @ http://localhost:8505/static/js/embed.BwU7eQR9.js:0
[   67622ms] [WARNING] WARN Infinite extent for field "Métrica bi_start": [Infinity, -Infinity] @ http://localhost:8505/static/js/embed.BwU7eQR9.js:0
[   67622ms] [WARNING] WARN Infinite extent for field "Métrica bi_end": [Infinity, -Infinity] @ http://localhost:8505/static/js/embed.BwU7eQR9.js:0
[   67663ms] [WARNING] WARN Infinite extent for field "Módulos_start": [Infinity, -Infinity] @ http://localhost:8505/static/js/embed.BwU7eQR9.js:0
[   67663ms] [WARNING] WARN Infinite extent for field "Módulos_end": [Infinity, -Infinity] @ http://localhost:8505/static/js/embed.BwU7eQR9.js:0
[   67838ms] [WARNING] WARN Conflicting legend property "disable" (false and true). Using false. @ http://localhost:8505/static/js/embed.BwU7eQR9.js:0
[   67840ms] [WARNING] WARN Infinite extent for field "mes": [Infinity, -Infinity] @ http://localhost:8505/static/js/embed.BwU7eQR9.js:0
[   67840ms] [WARNING] WARN Infinite extent for field "mes": [Infinity, -Infinity] @ http://localhost:8505/static/js/embed.BwU7eQR9.js:0
[   67840ms] [WARNING] WARN Infinite extent for field "total_bi_start": [Infinity, -Infinity] @ http://localhost:8505/static/js/embed.BwU7eQR9.js:0
[   67840ms] [WARNING] WARN Infinite extent for field "total_bi_end": [Infinity, -Infinity] @ http://localhost:8505/static/js/embed.BwU7eQR9.js:0
[   67840ms] [WARNING] WARN Infinite extent for field "valor_bi": [Infinity, -Infinity] @ http://localhost:8505/static/js/embed.BwU7eQR9.js:0
[   67843ms] [WARNING] WARN Infinite extent for field "mes": [Infinity, -Infinity] @ http://localhost:8505/static/js/embed.BwU7eQR9.js:0
[   67843ms] [WARNING] WARN Infinite extent for field "capt_bi_start": [Infinity, -Infinity] @ http://localhost:8505/static/js/embed.BwU7eQR9.js:0
[   67843ms] [WARNING] WARN Infinite extent for field "capt_bi_end": [Infinity, -Infinity] @ http://localhost:8505/static/js/embed.BwU7eQR9.js:0
[   67845ms] [WARNING] WARN Infinite extent for field "mes": [Infinity, -Infinity] @ http://localhost:8505/static/js/embed.BwU7eQR9.js:0
[   67845ms] [WARNING] WARN Infinite extent for field "cot_mil": [Infinity, -Infinity] @ http://localhost:8505/static/js/embed.BwU7eQR9.js:0
[   67892ms] [WARNING] WARN Conflicting legend property "disable" (false and true). Using false. @ http://localhost:8505/static/js/embed.BwU7eQR9.js:0
[   67893ms] [WARNING] WARN Infinite extent for field "mes": [Infinity, -Infinity] @ http://localhost:8505/static/js/embed.BwU7eQR9.js:0
[   67893ms] [WARNING] WARN Infinite extent for field "mes": [Infinity, -Infinity] @ http://localhost:8505/static/js/embed.BwU7eQR9.js:0
[   67893ms] [WARNING] WARN Infinite extent for field "total_bi_start": [Infinity, -Infinity] @ http://localhost:8505/static/js/embed.BwU7eQR9.js:0
[   67893ms] [WARNING] WARN Infinite extent for field "total_bi_end": [Infinity, -Infinity] @ http://localhost:8505/static/js/embed.BwU7eQR9.js:0
[   67893ms] [WARNING] WARN Infinite extent for field "valor_bi": [Infinity, -Infinity] @ http://localhost:8505/static/js/embed.BwU7eQR9.js:0
[   67896ms] [WARNING] WARN Infinite extent for field "mes": [Infinity, -Infinity] @ http://localhost:8505/static/js/embed.BwU7eQR9.js:0
[   67896ms] [WARNING] WARN Infinite extent for field "capt_bi_start": [Infinity, -Infinity] @ http://localhost:8505/static/js/embed.BwU7eQR9.js:0
[   67896ms] [WARNING] WARN Infinite extent for field "capt_bi_end": [Infinity, -Infinity] @ http://localhost:8505/static/js/embed.BwU7eQR9.js:0
[   67898ms] [WARNING] WARN Infinite extent for field "mes": [Infinity, -Infinity] @ http://localhost:8505/static/js/embed.BwU7eQR9.js:0
[   67898ms] [WARNING] WARN Infinite extent for field "cot_mil": [Infinity, -Infinity] @ http://localhost:8505/static/js/embed.BwU7eQR9.js:0
[   67902ms] [WARNING] WARN Infinite extent for field "mes": [Infinity, -Infinity] @ http://localhost:8505/static/js/embed.BwU7eQR9.js:0
[   67902ms] [WARNING] WARN Infinite extent for field "pct": [Infinity, -Infinity] @ http://localhost:8505/static/js/embed.BwU7eQR9.js:0
[   67976ms] [WARNING] WARN Conflicting legend property "disable" (false and true). Using false. @ http://localhost:8505/static/js/embed.BwU7eQR9.js:0
[   67977ms] [WARNING] WARN Infinite extent for field "mes": [Infinity, -Infinity] @ http://localhost:8505/static/js/embed.BwU7eQR9.js:0
[   67977ms] [WARNING] WARN Infinite extent for field "mes": [Infinity, -Infinity] @ http://localhost:8505/static/js/embed.BwU7eQR9.js:0
[   67977ms] [WARNING] WARN Infinite extent for field "total_bi_start": [Infinity, -Infinity] @ http://localhost:8505/static/js/embed.BwU7eQR9.js:0
[   67977ms] [WARNING] WARN Infinite extent for field "total_bi_end": [Infinity, -Infinity] @ http://localhost:8505/static/js/embed.BwU7eQR9.js:0
[   67977ms] [WARNING] WARN Infinite extent for field "valor_bi": [Infinity, -Infinity] @ http://localhost:8505/static/js/embed.BwU7eQR9.js:0
[   67980ms] [WARNING] WARN Infinite extent for field "mes": [Infinity, -Infinity] @ http://localhost:8505/static/js/embed.BwU7eQR9.js:0
[   67980ms] [WARNING] WARN Infinite extent for field "capt_bi_start": [Infinity, -Infinity] @ http://localhost:8505/static/js/embed.BwU7eQR9.js:0
[   67980ms] [WARNING] WARN Infinite extent for field "capt_bi_end": [Infinity, -Infinity] @ http://localhost:8505/static/js/embed.BwU7eQR9.js:0
[   67981ms] [WARNING] WARN Infinite extent for field "mes": [Infinity, -Infinity] @ http://localhost:8505/static/js/embed.BwU7eQR9.js:0
[   67981ms] [WARNING] WARN Infinite extent for field "cot_mil": [Infinity, -Infinity] @ http://localhost:8505/static/js/embed.BwU7eQR9.js:0
[   67983ms] [WARNING] WARN Infinite extent for field "mes": [Infinity, -Infinity] @ http://localhost:8505/static/js/embed.BwU7eQR9.js:0
[   67983ms] [WARNING] WARN Infinite extent for field "pct": [Infinity, -Infinity] @ http://localhost:8505/static/js/embed.BwU7eQR9.js:0
[   67984ms] [WARNING] WARN Infinite extent for field "mes": [Infinity, -Infinity] @ http://localhost:8505/static/js/embed.BwU7eQR9.js:0
[   67985ms] [WARNING] WARN Infinite extent for field "pct": [Infinity, -Infinity] @ http://localhost:8505/static/js/embed.BwU7eQR9.js:0
[   67989ms] [WARNING] WARN Infinite extent for field "valor_bi_start": [Infinity, -Infinity] @ http://localhost:8505/static/js/embed.BwU7eQR9.js:0
[   67989ms] [WARNING] WARN Infinite extent for field "valor_bi_end": [Infinity, -Infinity] @ http://localhost:8505/static/js/embed.BwU7eQR9.js:0
[   67991ms] [WARNING] WARN Infinite extent for field "pl_bi_start": [Infinity, -Infinity] @ http://localhost:8505/static/js/embed.BwU7eQR9.js:0
[   67991ms] [WARNING] WARN Infinite extent for field "pl_bi_end": [Infinity, -Infinity] @ http://localhost:8505/static/js/embed.BwU7eQR9.js:0
[   68054ms] [WARNING] WARN Infinite extent for field "mes": [Infinity, -Infinity] @ http://localhost:8505/static/js/embed.BwU7eQR9.js:0
[   68054ms] [WARNING] WARN Infinite extent for field "pct": [Infinity, -Infinity] @ http://localhost:8505/static/js/embed.BwU7eQR9.js:0
[   68056ms] [WARNING] WARN Infinite extent for field "mes": [Infinity, -Infinity] @ http://localhost:8505/static/js/embed.BwU7eQR9.js:0
[   68056ms] [WARNING] WARN Infinite extent for field "pct": [Infinity, -Infinity] @ http://localhost:8505/static/js/embed.BwU7eQR9.js:0
[   68058ms] [WARNING] WARN Infinite extent for field "valor_bi_start": [Infinity, -Infinity] @ http://localhost:8505/static/js/embed.BwU7eQR9.js:0
[   68058ms] [WARNING] WARN Infinite extent for field "valor_bi_end": [Infinity, -Infinity] @ http://localhost:8505/static/js/embed.BwU7eQR9.js:0
[   68060ms] [WARNING] WARN Infinite extent for field "pl_bi_start": [Infinity, -Infinity] @ http://localhost:8505/static/js/embed.BwU7eQR9.js:0
[   68060ms] [WARNING] WARN Infinite extent for field "pl_bi_end": [Infinity, -Infinity] @ http://localhost:8505/static/js/embed.BwU7eQR9.js:0
[   68095ms] [WARNING] WARN Infinite extent for field "mes": [Infinity, -Infinity] @ http://localhost:8505/static/js/embed.BwU7eQR9.js:0
[   68095ms] [WARNING] WARN Infinite extent for field "pct": [Infinity, -Infinity] @ http://localhost:8505/static/js/embed.BwU7eQR9.js:0
[   68097ms] [WARNING] WARN Infinite extent for field "valor_bi_start": [Infinity, -Infinity] @ http://localhost:8505/static/js/embed.BwU7eQR9.js:0
[   68097ms] [WARNING] WARN Infinite extent for field "valor_bi_end": [Infinity, -Infinity] @ http://localhost:8505/static/js/embed.BwU7eQR9.js:0
[   68098ms] [WARNING] WARN Infinite extent for field "pl_bi_start": [Infinity, -Infinity] @ http://localhost:8505/static/js/embed.BwU7eQR9.js:0
[   68098ms] [WARNING] WARN Infinite extent for field "pl_bi_end": [Infinity, -Infinity] @ http://localhost:8505/static/js/embed.BwU7eQR9.js:0
[   80697ms] [WARNING] WARN Infinite extent for field "mes": [Infinity, -Infinity] @ http://localhost:8505/static/js/embed.BwU7eQR9.js:0
[   80697ms] [WARNING] WARN Infinite extent for field "pl_bi": [Infinity, -Infinity] @ http://localhost:8505/static/js/embed.BwU7eQR9.js:0
[   80700ms] [WARNING] WARN Infinite extent for field "mes": [Infinity, -Infinity] @ http://localhost:8505/static/js/embed.BwU7eQR9.js:0
[   80700ms] [WARNING] WARN Infinite extent for field "captacao_bi_start": [Infinity, -Infinity] @ http://localhost:8505/static/js/embed.BwU7eQR9.js:0
[   80700ms] [WARNING] WARN Infinite extent for field "captacao_bi_end": [Infinity, -Infinity] @ http://localhost:8505/static/js/embed.BwU7eQR9.js:0
[   80702ms] [WARNING] WARN Infinite extent for field "PL_bi_start": [Infinity, -Infinity] @ http://localhost:8505/static/js/embed.BwU7eQR9.js:0
[   80702ms] [WARNING] WARN Infinite extent for field "PL_bi_end": [Infinity, -Infinity] @ http://localhost:8505/static/js/embed.BwU7eQR9.js:0
[   80703ms] [WARNING] WARN Infinite extent for field "Métrica bi_start": [Infinity, -Infinity] @ http://localhost:8505/static/js/embed.BwU7eQR9.js:0
[   80703ms] [WARNING] WARN Infinite extent for field "Métrica bi_end": [Infinity, -Infinity] @ http://localhost:8505/static/js/embed.BwU7eQR9.js:0
[   94901ms] [WARNING] WARN Infinite extent for field "mes": [Infinity, -Infinity] @ http://localhost:8505/static/js/embed.BwU7eQR9.js:0
[   94901ms] [WARNING] WARN Infinite extent for field "pl_bi": [Infinity, -Infinity] @ http://localhost:8505/static/js/embed.BwU7eQR9.js:0
[   94903ms] [WARNING] WARN Infinite extent for field "mes": [Infinity, -Infinity] @ http://localhost:8505/static/js/embed.BwU7eQR9.js:0
[   94903ms] [WARNING] WARN Infinite extent for field "captacao_bi_start": [Infinity, -Infinity] @ http://localhost:8505/static/js/embed.BwU7eQR9.js:0
[   94903ms] [WARNING] WARN Infinite extent for field "captacao_bi_end": [Infinity, -Infinity] @ http://localhost:8505/static/js/embed.BwU7eQR9.js:0
[   94905ms] [WARNING] WARN Infinite extent for field "PL_bi_start": [Infinity, -Infinity] @ http://localhost:8505/static/js/embed.BwU7eQR9.js:0
[   94905ms] [WARNING] WARN Infinite extent for field "PL_bi_end": [Infinity, -Infinity] @ http://localhost:8505/static/js/embed.BwU7eQR9.js:0
[   94907ms] [WARNING] WARN Infinite extent for field "Métrica bi_start": [Infinity, -Infinity] @ http://localhost:8505/static/js/embed.BwU7eQR9.js:0
[   94907ms] [WARNING] WARN Infinite extent for field "Métrica bi_end": [Infinity, -Infinity] @ http://localhost:8505/static/js/embed.BwU7eQR9.js:0
[   94909ms] [WARNING] WARN Infinite extent for field "Módulos_start": [Infinity, -Infinity] @ http://localhost:8505/static/js/embed.BwU7eQR9.js:0
[   94909ms] [WARNING] WARN Infinite extent for field "Módulos_end": [Infinity, -Infinity] @ http://localhost:8505/static/js/embed.BwU7eQR9.js:0
[  111017ms] [WARNING] WebSocket onclose @ http://localhost:8505/static/js/index.k-9rUdPI.js:20
