[   14762ms] [WARNING] WARN Infinite extent for field "Métrica_plot_start": [Infinity, -Infinity] @ http://localhost:8521/static/js/embed.BwU7eQR9.js:0
[   14763ms] [WARNING] WARN Infinite extent for field "Métrica_plot_end": [Infinity, -Infinity] @ http://localhost:8521/static/js/embed.BwU7eQR9.js:0
[   14784ms] [WARNING] WARN Infinite extent for field "Cobertura_start": [Infinity, -Infinity] @ http://localhost:8521/static/js/embed.BwU7eQR9.js:0
[   14785ms] [WARNING] WARN Infinite extent for field "Cobertura_end": [Infinity, -Infinity] @ http://localhost:8521/static/js/embed.BwU7eQR9.js:0
[   14832ms] [WARNING] WARN Infinite extent for field "mes": [Infinity, -Infinity] @ http://localhost:8521/static/js/embed.BwU7eQR9.js:0
[   14832ms] [WARNING] WARN Infinite extent for field "Cobertura": [Infinity, -Infinity] @ http://localhost:8521/static/js/embed.BwU7eQR9.js:0
[   14852ms] [WARNING] WARN Infinite extent for field "delta_bi_start": [Infinity, -Infinity] @ http://localhost:8521/static/js/embed.BwU7eQR9.js:0
[   14852ms] [WARNING] WARN Infinite extent for field "delta_bi_end": [Infinity, -Infinity] @ http://localhost:8521/static/js/embed.BwU7eQR9.js:0
[   14886ms] [WARNING] WARN Dropping "fit-x" because spec has discrete width. @ http://localhost:8521/static/js/embed.BwU7eQR9.js:0
[   14889ms] [WARNING] WARN Infinite extent for field "volume_bi_start": [Infinity, -Infinity] @ http://localhost:8521/static/js/embed.BwU7eQR9.js:0
[   14889ms] [WARNING] WARN Infinite extent for field "volume_bi_end": [Infinity, -Infinity] @ http://localhost:8521/static/js/embed.BwU7eQR9.js:0
[   14889ms] [WARNING] WARN Infinite extent for field "emissores_cnpj": [Infinity, -Infinity] @ http://localhost:8521/static/js/embed.BwU7eQR9.js:0
[   14891ms] [WARNING] WARN Dropping "fit-x" because spec has discrete width. @ http://localhost:8521/static/js/embed.BwU7eQR9.js:0
[   14893ms] [WARNING] WARN Infinite extent for field "volume_bi": [Infinity, -Infinity] @ http://localhost:8521/static/js/embed.BwU7eQR9.js:0
[   14894ms] [WARNING] WARN Dropping "fit-x" because spec has discrete width. @ http://localhost:8521/static/js/embed.BwU7eQR9.js:0
[   14896ms] [WARNING] WARN Infinite extent for field "Volume": [Infinity, -Infinity] @ http://localhost:8521/static/js/embed.BwU7eQR9.js:0
[   14918ms] [WARNING] WARN Infinite extent for field "Documentos_start": [Infinity, -Infinity] @ http://localhost:8521/static/js/embed.BwU7eQR9.js:0
[   14918ms] [WARNING] WARN Infinite extent for field "Documentos_end": [Infinity, -Infinity] @ http://localhost:8521/static/js/embed.BwU7eQR9.js:0
[   14945ms] [WARNING] WARN Infinite extent for field "Documentos_start": [Infinity, -Infinity] @ http://localhost:8521/static/js/embed.BwU7eQR9.js:0
[   14945ms] [WARNING] WARN Infinite extent for field "Documentos_end": [Infinity, -Infinity] @ http://localhost:8521/static/js/embed.BwU7eQR9.js:0
[   14947ms] [WARNING] WARN Infinite extent for field "Cobertura_start": [Infinity, -Infinity] @ http://localhost:8521/static/js/embed.BwU7eQR9.js:0
[   14947ms] [WARNING] WARN Infinite extent for field "Cobertura_end": [Infinity, -Infinity] @ http://localhost:8521/static/js/embed.BwU7eQR9.js:0
[   15037ms] [WARNING] WARN Infinite extent for field "pct_min_num": [Infinity, -Infinity] @ http://localhost:8521/static/js/embed.BwU7eQR9.js:0
[   15037ms] [WARNING] WARN Infinite extent for field "__count": [Infinity, -Infinity] @ http://localhost:8521/static/js/embed.BwU7eQR9.js:0
[   15038ms] [WARNING] WARN Dropping "fit-x" because spec has discrete width. @ http://localhost:8521/static/js/embed.BwU7eQR9.js:0
[   15040ms] [WARNING] WARN Infinite extent for field "valor": [Infinity, -Infinity] @ http://localhost:8521/static/js/embed.BwU7eQR9.js:0
[   15381ms] [WARNING] WARN Dropping "fit-x" because spec has discrete width. @ http://localhost:8521/static/js/embed.BwU7eQR9.js:0
[   15383ms] [WARNING] WARN Infinite extent for field "valor": [Infinity, -Infinity] @ http://localhost:8521/static/js/embed.BwU7eQR9.js:0
[   15623ms] [WARNING] WARN Infinite extent for field "pl_bi_start": [Infinity, -Infinity] @ http://localhost:8521/static/js/embed.BwU7eQR9.js:0
[   15623ms] [WARNING] WARN Infinite extent for field "pl_bi_end": [Infinity, -Infinity] @ http://localhost:8521/static/js/embed.BwU7eQR9.js:0
[   15778ms] [WARNING] WARN Infinite extent for field "mes": [Infinity, -Infinity] @ http://localhost:8521/static/js/embed.BwU7eQR9.js:0
[   15779ms] [WARNING] WARN Infinite extent for field "pl_bi": [Infinity, -Infinity] @ http://localhost:8521/static/js/embed.BwU7eQR9.js:0
[   15803ms] [WARNING] WARN Infinite extent for field "mes": [Infinity, -Infinity] @ http://localhost:8521/static/js/embed.BwU7eQR9.js:0
[   15803ms] [WARNING] WARN Infinite extent for field "captacao_bi_start": [Infinity, -Infinity] @ http://localhost:8521/static/js/embed.BwU7eQR9.js:0
[   15803ms] [WARNING] WARN Infinite extent for field "captacao_bi_end": [Infinity, -Infinity] @ http://localhost:8521/static/js/embed.BwU7eQR9.js:0
[   15805ms] [WARNING] WARN Infinite extent for field "PL_bi_start": [Infinity, -Infinity] @ http://localhost:8521/static/js/embed.BwU7eQR9.js:0
[   15805ms] [WARNING] WARN Infinite extent for field "PL_bi_end": [Infinity, -Infinity] @ http://localhost:8521/static/js/embed.BwU7eQR9.js:0
[   15806ms] [WARNING] WARN Infinite extent for field "Métrica bi_start": [Infinity, -Infinity] @ http://localhost:8521/static/js/embed.BwU7eQR9.js:0
[   15806ms] [WARNING] WARN Infinite extent for field "Métrica bi_end": [Infinity, -Infinity] @ http://localhost:8521/static/js/embed.BwU7eQR9.js:0
[   16243ms] [WARNING] WARN Infinite extent for field "Módulos_start": [Infinity, -Infinity] @ http://localhost:8521/static/js/embed.BwU7eQR9.js:0
[   16243ms] [WARNING] WARN Infinite extent for field "Módulos_end": [Infinity, -Infinity] @ http://localhost:8521/static/js/embed.BwU7eQR9.js:0
[   17130ms] [WARNING] WARN Infinite extent for field "profile_links_start": [Infinity, -Infinity] @ http://localhost:8521/static/js/embed.BwU7eQR9.js:0
[   17130ms] [WARNING] WARN Infinite extent for field "profile_links_end": [Infinity, -Infinity] @ http://localhost:8521/static/js/embed.BwU7eQR9.js:0
[   18303ms] [WARNING] WARN Infinite extent for field "quality_pct_start": [Infinity, -Infinity] @ http://localhost:8521/static/js/embed.BwU7eQR9.js:0
[   18303ms] [WARNING] WARN Infinite extent for field "quality_pct_end": [Infinity, -Infinity] @ http://localhost:8521/static/js/embed.BwU7eQR9.js:0
[   18333ms] [WARNING] The `values` property is in conflict with the current `step`, `min`, and `max` properties. Please provide values that are accessible using the min, max, and step values. @ http://localhost:8521/static/js/Slider.BrkNAuxL.js:0
[   20197ms] [WARNING] WARN Conflicting legend property "disable" (false and true). Using false. @ http://localhost:8521/static/js/embed.BwU7eQR9.js:0
[   20199ms] [WARNING] WARN Infinite extent for field "mes": [Infinity, -Infinity] @ http://localhost:8521/static/js/embed.BwU7eQR9.js:0
[   20199ms] [WARNING] WARN Infinite extent for field "mes": [Infinity, -Infinity] @ http://localhost:8521/static/js/embed.BwU7eQR9.js:0
[   20199ms] [WARNING] WARN Infinite extent for field "total_bi_start": [Infinity, -Infinity] @ http://localhost:8521/static/js/embed.BwU7eQR9.js:0
[   20199ms] [WARNING] WARN Infinite extent for field "total_bi_end": [Infinity, -Infinity] @ http://localhost:8521/static/js/embed.BwU7eQR9.js:0
[   20199ms] [WARNING] WARN Infinite extent for field "valor_bi": [Infinity, -Infinity] @ http://localhost:8521/static/js/embed.BwU7eQR9.js:0
[   20242ms] [WARNING] WARN Conflicting legend property "disable" (false and true). Using false. @ http://localhost:8521/static/js/embed.BwU7eQR9.js:0
[   20243ms] [WARNING] WARN Infinite extent for field "mes": [Infinity, -Infinity] @ http://localhost:8521/static/js/embed.BwU7eQR9.js:0
[   20243ms] [WARNING] WARN Infinite extent for field "mes": [Infinity, -Infinity] @ http://localhost:8521/static/js/embed.BwU7eQR9.js:0
[   20243ms] [WARNING] WARN Infinite extent for field "total_bi_start": [Infinity, -Infinity] @ http://localhost:8521/static/js/embed.BwU7eQR9.js:0
[   20243ms] [WARNING] WARN Infinite extent for field "total_bi_end": [Infinity, -Infinity] @ http://localhost:8521/static/js/embed.BwU7eQR9.js:0
[   20243ms] [WARNING] WARN Infinite extent for field "valor_bi": [Infinity, -Infinity] @ http://localhost:8521/static/js/embed.BwU7eQR9.js:0
[   20247ms] [WARNING] WARN Infinite extent for field "mes": [Infinity, -Infinity] @ http://localhost:8521/static/js/embed.BwU7eQR9.js:0
[   20247ms] [WARNING] WARN Infinite extent for field "capt_bi_start": [Infinity, -Infinity] @ http://localhost:8521/static/js/embed.BwU7eQR9.js:0
[   20247ms] [WARNING] WARN Infinite extent for field "capt_bi_end": [Infinity, -Infinity] @ http://localhost:8521/static/js/embed.BwU7eQR9.js:0
[   20249ms] [WARNING] WARN Infinite extent for field "mes": [Infinity, -Infinity] @ http://localhost:8521/static/js/embed.BwU7eQR9.js:0
[   20249ms] [WARNING] WARN Infinite extent for field "cot_mil": [Infinity, -Infinity] @ http://localhost:8521/static/js/embed.BwU7eQR9.js:0
[   20252ms] [WARNING] WARN Infinite extent for field "mes": [Infinity, -Infinity] @ http://localhost:8521/static/js/embed.BwU7eQR9.js:0
[   20252ms] [WARNING] WARN Infinite extent for field "pct": [Infinity, -Infinity] @ http://localhost:8521/static/js/embed.BwU7eQR9.js:0
[   20344ms] [WARNING] WARN Conflicting legend property "disable" (false and true). Using false. @ http://localhost:8521/static/js/embed.BwU7eQR9.js:0
[   20346ms] [WARNING] WARN Infinite extent for field "mes": [Infinity, -Infinity] @ http://localhost:8521/static/js/embed.BwU7eQR9.js:0
[   20346ms] [WARNING] WARN Infinite extent for field "mes": [Infinity, -Infinity] @ http://localhost:8521/static/js/embed.BwU7eQR9.js:0
[   20346ms] [WARNING] WARN Infinite extent for field "total_bi_start": [Infinity, -Infinity] @ http://localhost:8521/static/js/embed.BwU7eQR9.js:0
[   20346ms] [WARNING] WARN Infinite extent for field "total_bi_end": [Infinity, -Infinity] @ http://localhost:8521/static/js/embed.BwU7eQR9.js:0
[   20346ms] [WARNING] WARN Infinite extent for field "valor_bi": [Infinity, -Infinity] @ http://localhost:8521/static/js/embed.BwU7eQR9.js:0
[   20349ms] [WARNING] WARN Infinite extent for field "mes": [Infinity, -Infinity] @ http://localhost:8521/static/js/embed.BwU7eQR9.js:0
[   20349ms] [WARNING] WARN Infinite extent for field "capt_bi_start": [Infinity, -Infinity] @ http://localhost:8521/static/js/embed.BwU7eQR9.js:0
[   20349ms] [WARNING] WARN Infinite extent for field "capt_bi_end": [Infinity, -Infinity] @ http://localhost:8521/static/js/embed.BwU7eQR9.js:0
[   20352ms] [WARNING] WARN Infinite extent for field "mes": [Infinity, -Infinity] @ http://localhost:8521/static/js/embed.BwU7eQR9.js:0
[   20352ms] [WARNING] WARN Infinite extent for field "cot_mil": [Infinity, -Infinity] @ http://localhost:8521/static/js/embed.BwU7eQR9.js:0
[   20354ms] [WARNING] WARN Infinite extent for field "mes": [Infinity, -Infinity] @ http://localhost:8521/static/js/embed.BwU7eQR9.js:0
[   20354ms] [WARNING] WARN Infinite extent for field "pct": [Infinity, -Infinity] @ http://localhost:8521/static/js/embed.BwU7eQR9.js:0
[   20357ms] [WARNING] WARN Infinite extent for field "mes": [Infinity, -Infinity] @ http://localhost:8521/static/js/embed.BwU7eQR9.js:0
[   20357ms] [WARNING] WARN Infinite extent for field "pct": [Infinity, -Infinity] @ http://localhost:8521/static/js/embed.BwU7eQR9.js:0
[   20359ms] [WARNING] WARN Infinite extent for field "valor_bi_start": [Infinity, -Infinity] @ http://localhost:8521/static/js/embed.BwU7eQR9.js:0
[   20359ms] [WARNING] WARN Infinite extent for field "valor_bi_end": [Infinity, -Infinity] @ http://localhost:8521/static/js/embed.BwU7eQR9.js:0
[   20361ms] [WARNING] WARN Infinite extent for field "pl_bi_start": [Infinity, -Infinity] @ http://localhost:8521/static/js/embed.BwU7eQR9.js:0
[   20361ms] [WARNING] WARN Infinite extent for field "pl_bi_end": [Infinity, -Infinity] @ http://localhost:8521/static/js/embed.BwU7eQR9.js:0
[   20437ms] [WARNING] WARN Infinite extent for field "mes": [Infinity, -Infinity] @ http://localhost:8521/static/js/embed.BwU7eQR9.js:0
[   20437ms] [WARNING] WARN Infinite extent for field "capt_bi_start": [Infinity, -Infinity] @ http://localhost:8521/static/js/embed.BwU7eQR9.js:0
[   20437ms] [WARNING] WARN Infinite extent for field "capt_bi_end": [Infinity, -Infinity] @ http://localhost:8521/static/js/embed.BwU7eQR9.js:0
[   20439ms] [WARNING] WARN Infinite extent for field "mes": [Infinity, -Infinity] @ http://localhost:8521/static/js/embed.BwU7eQR9.js:0
[   20439ms] [WARNING] WARN Infinite extent for field "cot_mil": [Infinity, -Infinity] @ http://localhost:8521/static/js/embed.BwU7eQR9.js:0
[   20441ms] [WARNING] WARN Infinite extent for field "mes": [Infinity, -Infinity] @ http://localhost:8521/static/js/embed.BwU7eQR9.js:0
[   20441ms] [WARNING] WARN Infinite extent for field "pct": [Infinity, -Infinity] @ http://localhost:8521/static/js/embed.BwU7eQR9.js:0
[   20444ms] [WARNING] WARN Infinite extent for field "mes": [Infinity, -Infinity] @ http://localhost:8521/static/js/embed.BwU7eQR9.js:0
[   20444ms] [WARNING] WARN Infinite extent for field "pct": [Infinity, -Infinity] @ http://localhost:8521/static/js/embed.BwU7eQR9.js:0
[   20446ms] [WARNING] WARN Infinite extent for field "valor_bi_start": [Infinity, -Infinity] @ http://localhost:8521/static/js/embed.BwU7eQR9.js:0
[   20446ms] [WARNING] WARN Infinite extent for field "valor_bi_end": [Infinity, -Infinity] @ http://localhost:8521/static/js/embed.BwU7eQR9.js:0
[   20449ms] [WARNING] WARN Infinite extent for field "pl_bi_start": [Infinity, -Infinity] @ http://localhost:8521/static/js/embed.BwU7eQR9.js:0
[   20449ms] [WARNING] WARN Infinite extent for field "pl_bi_end": [Infinity, -Infinity] @ http://localhost:8521/static/js/embed.BwU7eQR9.js:0
[   20500ms] [WARNING] WARN Infinite extent for field "mes": [Infinity, -Infinity] @ http://localhost:8521/static/js/embed.BwU7eQR9.js:0
[   20500ms] [WARNING] WARN Infinite extent for field "pct": [Infinity, -Infinity] @ http://localhost:8521/static/js/embed.BwU7eQR9.js:0
[   20503ms] [WARNING] WARN Infinite extent for field "valor_bi_start": [Infinity, -Infinity] @ http://localhost:8521/static/js/embed.BwU7eQR9.js:0
[   20503ms] [WARNING] WARN Infinite extent for field "valor_bi_end": [Infinity, -Infinity] @ http://localhost:8521/static/js/embed.BwU7eQR9.js:0
[   20505ms] [WARNING] WARN Infinite extent for field "pl_bi_start": [Infinity, -Infinity] @ http://localhost:8521/static/js/embed.BwU7eQR9.js:0
[   20505ms] [WARNING] WARN Infinite extent for field "pl_bi_end": [Infinity, -Infinity] @ http://localhost:8521/static/js/embed.BwU7eQR9.js:0
[   30869ms] [WARNING] WARN Infinite extent for field "Módulos_start": [Infinity, -Infinity] @ http://localhost:8521/static/js/embed.BwU7eQR9.js:0
[   30870ms] [WARNING] WARN Infinite extent for field "Módulos_end": [Infinity, -Infinity] @ http://localhost:8521/static/js/embed.BwU7eQR9.js:0
[   40421ms] [WARNING] WARN Infinite extent for field "Módulos_start": [Infinity, -Infinity] @ http://localhost:8521/static/js/embed.BwU7eQR9.js:0
[   40422ms] [WARNING] WARN Infinite extent for field "Módulos_end": [Infinity, -Infinity] @ http://localhost:8521/static/js/embed.BwU7eQR9.js:0
