[  139119ms] [WARNING] WARN Channel order is inappropriate for nominal field, which has no inherent order. @ http://localhost:8501/static/js/embed.BwU7eQR9.js:0
[  139124ms] [WARNING] WARN Conflicting legend property "disable" (false and true). Using false. @ http://localhost:8501/static/js/embed.BwU7eQR9.js:0
[  139126ms] [WARNING] WARN Dropping "fit-x" because spec has discrete width. @ http://localhost:8501/static/js/embed.BwU7eQR9.js:0
[  139142ms] [WARNING] WARN Channel order is inappropriate for nominal field, which has no inherent order. @ http://localhost:8501/static/js/embed.BwU7eQR9.js:0
[  139143ms] [WARNING] WARN Conflicting legend property "disable" (false and true). Using false. @ http://localhost:8501/static/js/embed.BwU7eQR9.js:0
[  139227ms] [WARNING] WARN Channel order is inappropriate for nominal field, which has no inherent order. @ http://localhost:8501/static/js/embed.BwU7eQR9.js:0
[  139228ms] [WARNING] WARN Dropping "fit-x" because spec has discrete width. @ http://localhost:8501/static/js/embed.BwU7eQR9.js:0
[  139232ms] [WARNING] WARN Channel order is inappropriate for nominal field, which has no inherent order. @ http://localhost:8501/static/js/embed.BwU7eQR9.js:0
[  139233ms] [WARNING] WARN Dropping "fit-x" because spec has discrete width. @ http://localhost:8501/static/js/embed.BwU7eQR9.js:0
[  139236ms] [WARNING] WARN Channel order is inappropriate for nominal field, which has no inherent order. @ http://localhost:8501/static/js/embed.BwU7eQR9.js:0
[  139237ms] [WARNING] WARN Conflicting legend property "disable" (false and true). Using false. @ http://localhost:8501/static/js/embed.BwU7eQR9.js:0
[  139238ms] [WARNING] WARN Dropping "fit-x" because spec has discrete width. @ http://localhost:8501/static/js/embed.BwU7eQR9.js:0
[  139240ms] [WARNING] WARN Infinite extent for field "x_offset": [Infinity, -Infinity] @ http://localhost:8501/static/js/embed.BwU7eQR9.js:0
[  139282ms] [WARNING] WARN Channel order is inappropriate for nominal field, which has no inherent order. @ http://localhost:8501/static/js/embed.BwU7eQR9.js:0
[  139283ms] [WARNING] WARN Conflicting legend property "disable" (false and true). Using false. @ http://localhost:8501/static/js/embed.BwU7eQR9.js:0
[  139287ms] [WARNING] WARN Channel order is inappropriate for nominal field, which has no inherent order. @ http://localhost:8501/static/js/embed.BwU7eQR9.js:0
[  139287ms] [WARNING] WARN Dropping "fit-x" because spec has discrete width. @ http://localhost:8501/static/js/embed.BwU7eQR9.js:0
[  139290ms] [WARNING] WARN Channel order is inappropriate for nominal field, which has no inherent order. @ http://localhost:8501/static/js/embed.BwU7eQR9.js:0
[  139290ms] [WARNING] WARN Dropping "fit-x" because spec has discrete width. @ http://localhost:8501/static/js/embed.BwU7eQR9.js:0
[  139332ms] [WARNING] WARN Channel order is inappropriate for nominal field, which has no inherent order. @ http://localhost:8501/static/js/embed.BwU7eQR9.js:0
[  139333ms] [WARNING] WARN Conflicting legend property "disable" (false and true). Using false. @ http://localhost:8501/static/js/embed.BwU7eQR9.js:0
[  139333ms] [WARNING] WARN Dropping "fit-x" because spec has discrete width. @ http://localhost:8501/static/js/embed.BwU7eQR9.js:0
[  139336ms] [WARNING] WARN Infinite extent for field "x_offset": [Infinity, -Infinity] @ http://localhost:8501/static/js/embed.BwU7eQR9.js:0
[  139353ms] [WARNING] WARN Dropping "fit-x" because spec has discrete width. @ http://localhost:8501/static/js/embed.BwU7eQR9.js:0
[  139357ms] [WARNING] WARN Dropping "fit-x" because spec has discrete width. @ http://localhost:8501/static/js/embed.BwU7eQR9.js:0
[  139360ms] [WARNING] WARN Dropping color property as the plot also has fill. @ http://localhost:8501/static/js/embed.BwU7eQR9.js:0
[  139364ms] [WARNING] WARN Infinite extent for field "carteira_scaled_start": [Infinity, -Infinity] @ http://localhost:8501/static/js/embed.BwU7eQR9.js:0
[  139364ms] [WARNING] WARN Infinite extent for field "carteira_scaled_end": [Infinity, -Infinity] @ http://localhost:8501/static/js/embed.BwU7eQR9.js:0
[  139364ms] [WARNING] WARN Infinite extent for field "carteira_scaled": [Infinity, -Infinity] @ http://localhost:8501/static/js/embed.BwU7eQR9.js:0
[  139364ms] [WARNING] WARN Infinite extent for field "carteira_ex360_yoy_pct": [Infinity, -Infinity] @ http://localhost:8501/static/js/embed.BwU7eQR9.js:0
[  139364ms] [WARNING] WARN Infinite extent for field "carteira_ex360_yoy_pct": [Infinity, -Infinity] @ http://localhost:8501/static/js/embed.BwU7eQR9.js:0
[  139364ms] [WARNING] WARN Infinite extent for field "carteira_ex360_yoy_pct": [Infinity, -Infinity] @ http://localhost:8501/static/js/embed.BwU7eQR9.js:0
[  139371ms] [WARNING] WARN Infinite extent for field "carteira_ex360_yoy_pct": [Infinity, -Infinity] @ http://localhost:8501/static/js/embed.BwU7eQR9.js:0
[  139371ms] [WARNING] WARN Infinite extent for field "carteira_ex360_yoy_pct": [Infinity, -Infinity] @ http://localhost:8501/static/js/embed.BwU7eQR9.js:0
[  139371ms] [WARNING] WARN Infinite extent for field "carteira_ex360_yoy_pct": [Infinity, -Infinity] @ http://localhost:8501/static/js/embed.BwU7eQR9.js:0
[  139393ms] [WARNING] WARN Dropping "fit-x" because spec has discrete width. @ http://localhost:8501/static/js/embed.BwU7eQR9.js:0
[  139410ms] [WARNING] WARN Dropping color property as the plot also has fill. @ http://localhost:8501/static/js/embed.BwU7eQR9.js:0
[  139413ms] [WARNING] WARN Infinite extent for field "carteira_scaled_start": [Infinity, -Infinity] @ http://localhost:8501/static/js/embed.BwU7eQR9.js:0
[  139413ms] [WARNING] WARN Infinite extent for field "carteira_scaled_end": [Infinity, -Infinity] @ http://localhost:8501/static/js/embed.BwU7eQR9.js:0
[  139413ms] [WARNING] WARN Infinite extent for field "carteira_scaled": [Infinity, -Infinity] @ http://localhost:8501/static/js/embed.BwU7eQR9.js:0
[  139413ms] [WARNING] WARN Infinite extent for field "carteira_ex360_yoy_pct": [Infinity, -Infinity] @ http://localhost:8501/static/js/embed.BwU7eQR9.js:0
[  139414ms] [WARNING] WARN Infinite extent for field "carteira_ex360_yoy_pct": [Infinity, -Infinity] @ http://localhost:8501/static/js/embed.BwU7eQR9.js:0
[  139414ms] [WARNING] WARN Infinite extent for field "carteira_ex360_yoy_pct": [Infinity, -Infinity] @ http://localhost:8501/static/js/embed.BwU7eQR9.js:0
[  139430ms] [WARNING] WARN Dropping "fit-x" because spec has discrete width. @ http://localhost:8501/static/js/embed.BwU7eQR9.js:0
[  139447ms] [WARNING] WARN Dropping "fit-x" because spec has discrete width. @ http://localhost:8501/static/js/embed.BwU7eQR9.js:0
[  139449ms] [WARNING] WARN Infinite extent for field "duration_days": [Infinity, -Infinity] @ http://localhost:8501/static/js/embed.BwU7eQR9.js:0
[  139449ms] [WARNING] WARN Infinite extent for field "duration_days": [Infinity, -Infinity] @ http://localhost:8501/static/js/embed.BwU7eQR9.js:0
[  139449ms] [WARNING] WARN Infinite extent for field "duration_days": [Infinity, -Infinity] @ http://localhost:8501/static/js/embed.BwU7eQR9.js:0
[  139480ms] [WARNING] WARN Dropping color property as the plot also has fill. @ http://localhost:8501/static/js/embed.BwU7eQR9.js:0
[  139483ms] [WARNING] WARN Infinite extent for field "carteira_scaled_start": [Infinity, -Infinity] @ http://localhost:8501/static/js/embed.BwU7eQR9.js:0
[  139483ms] [WARNING] WARN Infinite extent for field "carteira_scaled_end": [Infinity, -Infinity] @ http://localhost:8501/static/js/embed.BwU7eQR9.js:0
[  139483ms] [WARNING] WARN Infinite extent for field "carteira_scaled": [Infinity, -Infinity] @ http://localhost:8501/static/js/embed.BwU7eQR9.js:0
[  139483ms] [WARNING] WARN Infinite extent for field "carteira_ex360_yoy_pct": [Infinity, -Infinity] @ http://localhost:8501/static/js/embed.BwU7eQR9.js:0
[  139483ms] [WARNING] WARN Infinite extent for field "carteira_ex360_yoy_pct": [Infinity, -Infinity] @ http://localhost:8501/static/js/embed.BwU7eQR9.js:0
[  139483ms] [WARNING] WARN Infinite extent for field "carteira_ex360_yoy_pct": [Infinity, -Infinity] @ http://localhost:8501/static/js/embed.BwU7eQR9.js:0
[  139508ms] [WARNING] WARN Dropping "fit-x" because spec has discrete width. @ http://localhost:8501/static/js/embed.BwU7eQR9.js:0
[  139554ms] [WARNING] WARN Dropping color property as the plot also has fill. @ http://localhost:8501/static/js/embed.BwU7eQR9.js:0
[  139557ms] [WARNING] WARN Infinite extent for field "carteira_scaled_start": [Infinity, -Infinity] @ http://localhost:8501/static/js/embed.BwU7eQR9.js:0
[  139557ms] [WARNING] WARN Infinite extent for field "carteira_scaled_end": [Infinity, -Infinity] @ http://localhost:8501/static/js/embed.BwU7eQR9.js:0
[  139557ms] [WARNING] WARN Infinite extent for field "carteira_scaled": [Infinity, -Infinity] @ http://localhost:8501/static/js/embed.BwU7eQR9.js:0
[  139558ms] [WARNING] WARN Infinite extent for field "carteira_ex360_yoy_pct": [Infinity, -Infinity] @ http://localhost:8501/static/js/embed.BwU7eQR9.js:0
[  139558ms] [WARNING] WARN Infinite extent for field "carteira_ex360_yoy_pct": [Infinity, -Infinity] @ http://localhost:8501/static/js/embed.BwU7eQR9.js:0
[  139558ms] [WARNING] WARN Infinite extent for field "carteira_ex360_yoy_pct": [Infinity, -Infinity] @ http://localhost:8501/static/js/embed.BwU7eQR9.js:0
[  139560ms] [WARNING] WARN Infinite extent for field "carteira_ex360_yoy_pct": [Infinity, -Infinity] @ http://localhost:8501/static/js/embed.BwU7eQR9.js:0
[  139560ms] [WARNING] WARN Infinite extent for field "carteira_ex360_yoy_pct": [Infinity, -Infinity] @ http://localhost:8501/static/js/embed.BwU7eQR9.js:0
[  139560ms] [WARNING] WARN Infinite extent for field "carteira_ex360_yoy_pct": [Infinity, -Infinity] @ http://localhost:8501/static/js/embed.BwU7eQR9.js:0
[  139585ms] [WARNING] WARN Dropping "fit-x" because spec has discrete width. @ http://localhost:8501/static/js/embed.BwU7eQR9.js:0
[  139631ms] [WARNING] WARN Dropping color property as the plot also has fill. @ http://localhost:8501/static/js/embed.BwU7eQR9.js:0
[  139634ms] [WARNING] WARN Infinite extent for field "carteira_scaled_start": [Infinity, -Infinity] @ http://localhost:8501/static/js/embed.BwU7eQR9.js:0
[  139634ms] [WARNING] WARN Infinite extent for field "carteira_scaled_end": [Infinity, -Infinity] @ http://localhost:8501/static/js/embed.BwU7eQR9.js:0
[  139634ms] [WARNING] WARN Infinite extent for field "carteira_scaled": [Infinity, -Infinity] @ http://localhost:8501/static/js/embed.BwU7eQR9.js:0
[  139634ms] [WARNING] WARN Infinite extent for field "carteira_ex360_yoy_pct": [Infinity, -Infinity] @ http://localhost:8501/static/js/embed.BwU7eQR9.js:0
[  139634ms] [WARNING] WARN Infinite extent for field "carteira_ex360_yoy_pct": [Infinity, -Infinity] @ http://localhost:8501/static/js/embed.BwU7eQR9.js:0
[  139634ms] [WARNING] WARN Infinite extent for field "carteira_ex360_yoy_pct": [Infinity, -Infinity] @ http://localhost:8501/static/js/embed.BwU7eQR9.js:0
[  139636ms] [WARNING] WARN Infinite extent for field "carteira_ex360_yoy_pct": [Infinity, -Infinity] @ http://localhost:8501/static/js/embed.BwU7eQR9.js:0
[  139636ms] [WARNING] WARN Infinite extent for field "carteira_ex360_yoy_pct": [Infinity, -Infinity] @ http://localhost:8501/static/js/embed.BwU7eQR9.js:0
[  139636ms] [WARNING] WARN Infinite extent for field "carteira_ex360_yoy_pct": [Infinity, -Infinity] @ http://localhost:8501/static/js/embed.BwU7eQR9.js:0
[  139659ms] [WARNING] WARN Dropping "fit-x" because spec has discrete width. @ http://localhost:8501/static/js/embed.BwU7eQR9.js:0
[  139693ms] [WARNING] WARN Dropping "fit-x" because spec has discrete width. @ http://localhost:8501/static/js/embed.BwU7eQR9.js:0
[  139754ms] [WARNING] WARN Dropping color property as the plot also has fill. @ http://localhost:8501/static/js/embed.BwU7eQR9.js:0
[  139757ms] [WARNING] WARN Infinite extent for field "carteira_scaled_start": [Infinity, -Infinity] @ http://localhost:8501/static/js/embed.BwU7eQR9.js:0
[  139757ms] [WARNING] WARN Infinite extent for field "carteira_scaled_end": [Infinity, -Infinity] @ http://localhost:8501/static/js/embed.BwU7eQR9.js:0
[  139757ms] [WARNING] WARN Infinite extent for field "carteira_scaled": [Infinity, -Infinity] @ http://localhost:8501/static/js/embed.BwU7eQR9.js:0
[  139757ms] [WARNING] WARN Infinite extent for field "carteira_ex360_yoy_pct": [Infinity, -Infinity] @ http://localhost:8501/static/js/embed.BwU7eQR9.js:0
[  139757ms] [WARNING] WARN Infinite extent for field "carteira_ex360_yoy_pct": [Infinity, -Infinity] @ http://localhost:8501/static/js/embed.BwU7eQR9.js:0
[  139757ms] [WARNING] WARN Infinite extent for field "carteira_ex360_yoy_pct": [Infinity, -Infinity] @ http://localhost:8501/static/js/embed.BwU7eQR9.js:0
[  139759ms] [WARNING] WARN Infinite extent for field "carteira_ex360_yoy_pct": [Infinity, -Infinity] @ http://localhost:8501/static/js/embed.BwU7eQR9.js:0
[  139759ms] [WARNING] WARN Infinite extent for field "carteira_ex360_yoy_pct": [Infinity, -Infinity] @ http://localhost:8501/static/js/embed.BwU7eQR9.js:0
[  139760ms] [WARNING] WARN Infinite extent for field "carteira_ex360_yoy_pct": [Infinity, -Infinity] @ http://localhost:8501/static/js/embed.BwU7eQR9.js:0
[  139781ms] [WARNING] WARN Dropping "fit-x" because spec has discrete width. @ http://localhost:8501/static/js/embed.BwU7eQR9.js:0
[  139823ms] [WARNING] WARN Dropping color property as the plot also has fill. @ http://localhost:8501/static/js/embed.BwU7eQR9.js:0
[  139826ms] [WARNING] WARN Infinite extent for field "carteira_scaled_start": [Infinity, -Infinity] @ http://localhost:8501/static/js/embed.BwU7eQR9.js:0
[  139826ms] [WARNING] WARN Infinite extent for field "carteira_scaled_end": [Infinity, -Infinity] @ http://localhost:8501/static/js/embed.BwU7eQR9.js:0
[  139826ms] [WARNING] WARN Infinite extent for field "carteira_scaled": [Infinity, -Infinity] @ http://localhost:8501/static/js/embed.BwU7eQR9.js:0
[  139826ms] [WARNING] WARN Infinite extent for field "carteira_ex360_yoy_pct": [Infinity, -Infinity] @ http://localhost:8501/static/js/embed.BwU7eQR9.js:0
[  139826ms] [WARNING] WARN Infinite extent for field "carteira_ex360_yoy_pct": [Infinity, -Infinity] @ http://localhost:8501/static/js/embed.BwU7eQR9.js:0
[  139826ms] [WARNING] WARN Infinite extent for field "carteira_ex360_yoy_pct": [Infinity, -Infinity] @ http://localhost:8501/static/js/embed.BwU7eQR9.js:0
[  139828ms] [WARNING] WARN Infinite extent for field "carteira_ex360_yoy_pct": [Infinity, -Infinity] @ http://localhost:8501/static/js/embed.BwU7eQR9.js:0
[  139828ms] [WARNING] WARN Infinite extent for field "carteira_ex360_yoy_pct": [Infinity, -Infinity] @ http://localhost:8501/static/js/embed.BwU7eQR9.js:0
[  139828ms] [WARNING] WARN Infinite extent for field "carteira_ex360_yoy_pct": [Infinity, -Infinity] @ http://localhost:8501/static/js/embed.BwU7eQR9.js:0
[  139862ms] [WARNING] WARN Dropping "fit-x" because spec has discrete width. @ http://localhost:8501/static/js/embed.BwU7eQR9.js:0
[  139864ms] [WARNING] WARN Infinite extent for field "duration_months": [Infinity, -Infinity] @ http://localhost:8501/static/js/embed.BwU7eQR9.js:0
[  139864ms] [WARNING] WARN Infinite extent for field "duration_months": [Infinity, -Infinity] @ http://localhost:8501/static/js/embed.BwU7eQR9.js:0
[  139864ms] [WARNING] WARN Infinite extent for field "duration_months": [Infinity, -Infinity] @ http://localhost:8501/static/js/embed.BwU7eQR9.js:0
[  139864ms] [WARNING] WARN Infinite extent for field "duration_months": [Infinity, -Infinity] @ http://localhost:8501/static/js/embed.BwU7eQR9.js:0
[  139864ms] [WARNING] WARN Infinite extent for field "duration_months": [Infinity, -Infinity] @ http://localhost:8501/static/js/embed.BwU7eQR9.js:0
[  139902ms] [WARNING] WARN Dropping "fit-x" because spec has discrete width. @ http://localhost:8501/static/js/embed.BwU7eQR9.js:0
[  139902ms] [WARNING] WARN Domains that should be unioned has conflicting sort properties. Sort will be set to true. @ http://localhost:8501/static/js/embed.BwU7eQR9.js:0
[  139934ms] [WARNING] WARN x-scale's "paddingInner" is dropped as it does not work with point scale. @ http://localhost:8501/static/js/embed.BwU7eQR9.js:0
[  139934ms] [WARNING] WARN x-scale's "paddingInner" is dropped as it does not work with point scale. @ http://localhost:8501/static/js/embed.BwU7eQR9.js:0
[  139935ms] [WARNING] WARN Dropping "fit-x" because spec has discrete width. @ http://localhost:8501/static/js/embed.BwU7eQR9.js:0
[  139979ms] [WARNING] WARN Conflicting legend property "disable" (false and true). Using false. @ http://localhost:8501/static/js/embed.BwU7eQR9.js:0
[  139979ms] [WARNING] WARN Conflicting legend property "disable" (false and true). Using false. @ http://localhost:8501/static/js/embed.BwU7eQR9.js:0
[  139980ms] [WARNING] WARN Dropping "fit-x" because spec has discrete width. @ http://localhost:8501/static/js/embed.BwU7eQR9.js:0
[  140024ms] [WARNING] WARN Conflicting legend property "disable" (false and true). Using false. @ http://localhost:8501/static/js/embed.BwU7eQR9.js:0
[  140024ms] [WARNING] WARN Dropping "fit-x" because spec has discrete width. @ http://localhost:8501/static/js/embed.BwU7eQR9.js:0
[  140026ms] [WARNING] WARN Infinite extent for field "series_opacity": [Infinity, -Infinity] @ http://localhost:8501/static/js/embed.BwU7eQR9.js:0
[  140026ms] [WARNING] WARN Infinite extent for field "series_opacity": [Infinity, -Infinity] @ http://localhost:8501/static/js/embed.BwU7eQR9.js:0
[  140026ms] [WARNING] WARN Infinite extent for field "stroke_width": [Infinity, -Infinity] @ http://localhost:8501/static/js/embed.BwU7eQR9.js:0
[  140026ms] [WARNING] WARN Infinite extent for field "point_size": [Infinity, -Infinity] @ http://localhost:8501/static/js/embed.BwU7eQR9.js:0
[  140060ms] [WARNING] WARN Dropping "fit-x" because spec has discrete width. @ http://localhost:8501/static/js/embed.BwU7eQR9.js:0
[  140062ms] [WARNING] WARN Infinite extent for field "valor_start": [Infinity, -Infinity] @ http://localhost:8501/static/js/embed.BwU7eQR9.js:0
[  140062ms] [WARNING] WARN Infinite extent for field "valor_end": [Infinity, -Infinity] @ http://localhost:8501/static/js/embed.BwU7eQR9.js:0
[  140062ms] [WARNING] WARN Infinite extent for field "label_y": [Infinity, -Infinity] @ http://localhost:8501/static/js/embed.BwU7eQR9.js:0
[  140062ms] [WARNING] WARN Infinite extent for field "label_y": [Infinity, -Infinity] @ http://localhost:8501/static/js/embed.BwU7eQR9.js:0
[  140062ms] [WARNING] WARN Infinite extent for field "label_y": [Infinity, -Infinity] @ http://localhost:8501/static/js/embed.BwU7eQR9.js:0
[  140062ms] [WARNING] WARN Infinite extent for field "label_y": [Infinity, -Infinity] @ http://localhost:8501/static/js/embed.BwU7eQR9.js:0
[  140062ms] [WARNING] WARN Infinite extent for field "label_y": [Infinity, -Infinity] @ http://localhost:8501/static/js/embed.BwU7eQR9.js:0
[  140079ms] [WARNING] WARN Dropping "fit-x" because spec has discrete width. @ http://localhost:8501/static/js/embed.BwU7eQR9.js:0
[  140081ms] [WARNING] WARN Infinite extent for field "valor": [Infinity, -Infinity] @ http://localhost:8501/static/js/embed.BwU7eQR9.js:0
[  140081ms] [WARNING] WARN Infinite extent for field "valor": [Infinity, -Infinity] @ http://localhost:8501/static/js/embed.BwU7eQR9.js:0
[  140083ms] [WARNING] WARN Infinite extent for field "valor": [Infinity, -Infinity] @ http://localhost:8501/static/js/embed.BwU7eQR9.js:0
[  140083ms] [WARNING] WARN Infinite extent for field "valor": [Infinity, -Infinity] @ http://localhost:8501/static/js/embed.BwU7eQR9.js:0
[  140109ms] [WARNING] WARN Dropping "fit-x" because spec has discrete width. @ http://localhost:8501/static/js/embed.BwU7eQR9.js:0
[  140111ms] [WARNING] WARN Infinite extent for field "value_pct": [Infinity, -Infinity] @ http://localhost:8501/static/js/embed.BwU7eQR9.js:0
[  140111ms] [WARNING] WARN Infinite extent for field "value_pct": [Infinity, -Infinity] @ http://localhost:8501/static/js/embed.BwU7eQR9.js:0
[  140112ms] [WARNING] WARN Infinite extent for field "value_pct": [Infinity, -Infinity] @ http://localhost:8501/static/js/embed.BwU7eQR9.js:0
[  140112ms] [WARNING] WARN Infinite extent for field "value_pct": [Infinity, -Infinity] @ http://localhost:8501/static/js/embed.BwU7eQR9.js:0
[  140129ms] [WARNING] WARN Dropping "fit-x" because spec has discrete width. @ http://localhost:8501/static/js/embed.BwU7eQR9.js:0
[  140155ms] [WARNING] WARN Dropping "fit-x" because spec has discrete width. @ http://localhost:8501/static/js/embed.BwU7eQR9.js:0
[  140156ms] [WARNING] WARN Domains that should be unioned has conflicting sort properties. Sort will be set to true. @ http://localhost:8501/static/js/embed.BwU7eQR9.js:0
[  140175ms] [WARNING] WARN x-scale's "paddingInner" is dropped as it does not work with point scale. @ http://localhost:8501/static/js/embed.BwU7eQR9.js:0
[  140176ms] [WARNING] WARN x-scale's "paddingInner" is dropped as it does not work with point scale. @ http://localhost:8501/static/js/embed.BwU7eQR9.js:0
[  140177ms] [WARNING] WARN Dropping "fit-x" because spec has discrete width. @ http://localhost:8501/static/js/embed.BwU7eQR9.js:0
[  140235ms] [WARNING] WARN Conflicting legend property "disable" (false and true). Using false. @ http://localhost:8501/static/js/embed.BwU7eQR9.js:0
[  140235ms] [WARNING] WARN Conflicting legend property "disable" (false and true). Using false. @ http://localhost:8501/static/js/embed.BwU7eQR9.js:0
[  140235ms] [WARNING] WARN Dropping "fit-x" because spec has discrete width. @ http://localhost:8501/static/js/embed.BwU7eQR9.js:0
[  140299ms] [WARNING] WARN Conflicting legend property "disable" (false and true). Using false. @ http://localhost:8501/static/js/embed.BwU7eQR9.js:0
[  140299ms] [WARNING] WARN Dropping "fit-x" because spec has discrete width. @ http://localhost:8501/static/js/embed.BwU7eQR9.js:0
[  140302ms] [WARNING] WARN Infinite extent for field "series_opacity": [Infinity, -Infinity] @ http://localhost:8501/static/js/embed.BwU7eQR9.js:0
[  140302ms] [WARNING] WARN Infinite extent for field "series_opacity": [Infinity, -Infinity] @ http://localhost:8501/static/js/embed.BwU7eQR9.js:0
[  140302ms] [WARNING] WARN Infinite extent for field "stroke_width": [Infinity, -Infinity] @ http://localhost:8501/static/js/embed.BwU7eQR9.js:0
[  140302ms] [WARNING] WARN Infinite extent for field "point_size": [Infinity, -Infinity] @ http://localhost:8501/static/js/embed.BwU7eQR9.js:0
[  140329ms] [WARNING] WARN Dropping "fit-x" because spec has discrete width. @ http://localhost:8501/static/js/embed.BwU7eQR9.js:0
[  140331ms] [WARNING] WARN Infinite extent for field "valor_start": [Infinity, -Infinity] @ http://localhost:8501/static/js/embed.BwU7eQR9.js:0
[  140331ms] [WARNING] WARN Infinite extent for field "valor_end": [Infinity, -Infinity] @ http://localhost:8501/static/js/embed.BwU7eQR9.js:0
[  140331ms] [WARNING] WARN Infinite extent for field "label_y": [Infinity, -Infinity] @ http://localhost:8501/static/js/embed.BwU7eQR9.js:0
[  140331ms] [WARNING] WARN Infinite extent for field "label_y": [Infinity, -Infinity] @ http://localhost:8501/static/js/embed.BwU7eQR9.js:0
[  140331ms] [WARNING] WARN Infinite extent for field "label_y": [Infinity, -Infinity] @ http://localhost:8501/static/js/embed.BwU7eQR9.js:0
[  140361ms] [WARNING] WARN Dropping "fit-x" because spec has discrete width. @ http://localhost:8501/static/js/embed.BwU7eQR9.js:0
[  140363ms] [WARNING] WARN Infinite extent for field "valor": [Infinity, -Infinity] @ http://localhost:8501/static/js/embed.BwU7eQR9.js:0
[  140363ms] [WARNING] WARN Infinite extent for field "valor": [Infinity, -Infinity] @ http://localhost:8501/static/js/embed.BwU7eQR9.js:0
[  140363ms] [WARNING] WARN Infinite extent for field "valor": [Infinity, -Infinity] @ http://localhost:8501/static/js/embed.BwU7eQR9.js:0
[  140363ms] [WARNING] WARN Infinite extent for field "valor": [Infinity, -Infinity] @ http://localhost:8501/static/js/embed.BwU7eQR9.js:0
[  140363ms] [WARNING] WARN Infinite extent for field "valor": [Infinity, -Infinity] @ http://localhost:8501/static/js/embed.BwU7eQR9.js:0
[  140363ms] [WARNING] WARN Infinite extent for field "valor": [Infinity, -Infinity] @ http://localhost:8501/static/js/embed.BwU7eQR9.js:0
[  140398ms] [WARNING] WARN Dropping "fit-x" because spec has discrete width. @ http://localhost:8501/static/js/embed.BwU7eQR9.js:0
[  140400ms] [WARNING] WARN Infinite extent for field "value_pct": [Infinity, -Infinity] @ http://localhost:8501/static/js/embed.BwU7eQR9.js:0
[  140400ms] [WARNING] WARN Infinite extent for field "value_pct": [Infinity, -Infinity] @ http://localhost:8501/static/js/embed.BwU7eQR9.js:0
[  140400ms] [WARNING] WARN Infinite extent for field "value_pct": [Infinity, -Infinity] @ http://localhost:8501/static/js/embed.BwU7eQR9.js:0
[  140400ms] [WARNING] WARN Infinite extent for field "value_pct": [Infinity, -Infinity] @ http://localhost:8501/static/js/embed.BwU7eQR9.js:0
[  140451ms] [WARNING] WARN Dropping "fit-x" because spec has discrete width. @ http://localhost:8501/static/js/embed.BwU7eQR9.js:0
[  140484ms] [WARNING] WARN Dropping "fit-x" because spec has discrete width. @ http://localhost:8501/static/js/embed.BwU7eQR9.js:0
[  140484ms] [WARNING] WARN Domains that should be unioned has conflicting sort properties. Sort will be set to true. @ http://localhost:8501/static/js/embed.BwU7eQR9.js:0
[  140512ms] [WARNING] WARN x-scale's "paddingInner" is dropped as it does not work with point scale. @ http://localhost:8501/static/js/embed.BwU7eQR9.js:0
[  140512ms] [WARNING] WARN x-scale's "paddingInner" is dropped as it does not work with point scale. @ http://localhost:8501/static/js/embed.BwU7eQR9.js:0
[  140513ms] [WARNING] WARN Dropping "fit-x" because spec has discrete width. @ http://localhost:8501/static/js/embed.BwU7eQR9.js:0
[  140585ms] [WARNING] WARN Conflicting legend property "disable" (false and true). Using false. @ http://localhost:8501/static/js/embed.BwU7eQR9.js:0
[  140585ms] [WARNING] WARN Conflicting legend property "disable" (false and true). Using false. @ http://localhost:8501/static/js/embed.BwU7eQR9.js:0
[  140586ms] [WARNING] WARN Dropping "fit-x" because spec has discrete width. @ http://localhost:8501/static/js/embed.BwU7eQR9.js:0
[  140634ms] [WARNING] WARN Conflicting legend property "disable" (false and true). Using false. @ http://localhost:8501/static/js/embed.BwU7eQR9.js:0
[  140634ms] [WARNING] WARN Dropping "fit-x" because spec has discrete width. @ http://localhost:8501/static/js/embed.BwU7eQR9.js:0
[  140636ms] [WARNING] WARN Infinite extent for field "series_opacity": [Infinity, -Infinity] @ http://localhost:8501/static/js/embed.BwU7eQR9.js:0
[  140636ms] [WARNING] WARN Infinite extent for field "series_opacity": [Infinity, -Infinity] @ http://localhost:8501/static/js/embed.BwU7eQR9.js:0
[  140636ms] [WARNING] WARN Infinite extent for field "stroke_width": [Infinity, -Infinity] @ http://localhost:8501/static/js/embed.BwU7eQR9.js:0
[  140636ms] [WARNING] WARN Infinite extent for field "point_size": [Infinity, -Infinity] @ http://localhost:8501/static/js/embed.BwU7eQR9.js:0
[  140674ms] [WARNING] WARN Dropping "fit-x" because spec has discrete width. @ http://localhost:8501/static/js/embed.BwU7eQR9.js:0
[  140675ms] [WARNING] WARN Infinite extent for field "valor_start": [Infinity, -Infinity] @ http://localhost:8501/static/js/embed.BwU7eQR9.js:0
[  140676ms] [WARNING] WARN Infinite extent for field "valor_end": [Infinity, -Infinity] @ http://localhost:8501/static/js/embed.BwU7eQR9.js:0
[  140676ms] [WARNING] WARN Infinite extent for field "label_y": [Infinity, -Infinity] @ http://localhost:8501/static/js/embed.BwU7eQR9.js:0
[  140676ms] [WARNING] WARN Infinite extent for field "label_y": [Infinity, -Infinity] @ http://localhost:8501/static/js/embed.BwU7eQR9.js:0
[  140676ms] [WARNING] WARN Infinite extent for field "label_y": [Infinity, -Infinity] @ http://localhost:8501/static/js/embed.BwU7eQR9.js:0
[  140713ms] [WARNING] WARN Dropping "fit-x" because spec has discrete width. @ http://localhost:8501/static/js/embed.BwU7eQR9.js:0
[  140715ms] [WARNING] WARN Infinite extent for field "valor": [Infinity, -Infinity] @ http://localhost:8501/static/js/embed.BwU7eQR9.js:0
[  140715ms] [WARNING] WARN Infinite extent for field "valor": [Infinity, -Infinity] @ http://localhost:8501/static/js/embed.BwU7eQR9.js:0
[  140715ms] [WARNING] WARN Infinite extent for field "valor": [Infinity, -Infinity] @ http://localhost:8501/static/js/embed.BwU7eQR9.js:0
[  140715ms] [WARNING] WARN Infinite extent for field "valor": [Infinity, -Infinity] @ http://localhost:8501/static/js/embed.BwU7eQR9.js:0
[  140715ms] [WARNING] WARN Infinite extent for field "valor": [Infinity, -Infinity] @ http://localhost:8501/static/js/embed.BwU7eQR9.js:0
[  140715ms] [WARNING] WARN Infinite extent for field "valor": [Infinity, -Infinity] @ http://localhost:8501/static/js/embed.BwU7eQR9.js:0
[  140763ms] [WARNING] WARN Dropping "fit-x" because spec has discrete width. @ http://localhost:8501/static/js/embed.BwU7eQR9.js:0
[  140765ms] [WARNING] WARN Infinite extent for field "value_pct": [Infinity, -Infinity] @ http://localhost:8501/static/js/embed.BwU7eQR9.js:0
[  140765ms] [WARNING] WARN Infinite extent for field "value_pct": [Infinity, -Infinity] @ http://localhost:8501/static/js/embed.BwU7eQR9.js:0
[  140765ms] [WARNING] WARN Infinite extent for field "value_pct": [Infinity, -Infinity] @ http://localhost:8501/static/js/embed.BwU7eQR9.js:0
[  140765ms] [WARNING] WARN Infinite extent for field "value_pct": [Infinity, -Infinity] @ http://localhost:8501/static/js/embed.BwU7eQR9.js:0
[  140815ms] [WARNING] WARN Dropping "fit-x" because spec has discrete width. @ http://localhost:8501/static/js/embed.BwU7eQR9.js:0
[  140875ms] [WARNING] WARN Conflicting legend property "disable" (false and true). Using false. @ http://localhost:8501/static/js/embed.BwU7eQR9.js:0
[  140875ms] [WARNING] WARN Conflicting legend property "disable" (false and true). Using false. @ http://localhost:8501/static/js/embed.BwU7eQR9.js:0
[  140875ms] [WARNING] WARN Dropping "fit-x" because spec has discrete width. @ http://localhost:8501/static/js/embed.BwU7eQR9.js:0
[  140927ms] [WARNING] WARN Conflicting legend property "disable" (false and true). Using false. @ http://localhost:8501/static/js/embed.BwU7eQR9.js:0
[  140927ms] [WARNING] WARN Dropping "fit-x" because spec has discrete width. @ http://localhost:8501/static/js/embed.BwU7eQR9.js:0
[  140929ms] [WARNING] WARN Infinite extent for field "series_opacity": [Infinity, -Infinity] @ http://localhost:8501/static/js/embed.BwU7eQR9.js:0
[  140929ms] [WARNING] WARN Infinite extent for field "series_opacity": [Infinity, -Infinity] @ http://localhost:8501/static/js/embed.BwU7eQR9.js:0
[  140929ms] [WARNING] WARN Infinite extent for field "stroke_width": [Infinity, -Infinity] @ http://localhost:8501/static/js/embed.BwU7eQR9.js:0
[  140929ms] [WARNING] WARN Infinite extent for field "point_size": [Infinity, -Infinity] @ http://localhost:8501/static/js/embed.BwU7eQR9.js:0
[  140946ms] [WARNING] WARN Dropping "fit-x" because spec has discrete width. @ http://localhost:8501/static/js/embed.BwU7eQR9.js:0
[  140948ms] [WARNING] WARN Infinite extent for field "valor_start": [Infinity, -Infinity] @ http://localhost:8501/static/js/embed.BwU7eQR9.js:0
[  140948ms] [WARNING] WARN Infinite extent for field "valor_end": [Infinity, -Infinity] @ http://localhost:8501/static/js/embed.BwU7eQR9.js:0
[  140961ms] [WARNING] WARN Dropping "fit-x" because spec has discrete width. @ http://localhost:8501/static/js/embed.BwU7eQR9.js:0
[  140963ms] [WARNING] WARN Infinite extent for field "valor": [Infinity, -Infinity] @ http://localhost:8501/static/js/embed.BwU7eQR9.js:0
[  140963ms] [WARNING] WARN Infinite extent for field "valor": [Infinity, -Infinity] @ http://localhost:8501/static/js/embed.BwU7eQR9.js:0
[  140964ms] [WARNING] WARN Infinite extent for field "valor": [Infinity, -Infinity] @ http://localhost:8501/static/js/embed.BwU7eQR9.js:0
[  140964ms] [WARNING] WARN Infinite extent for field "valor": [Infinity, -Infinity] @ http://localhost:8501/static/js/embed.BwU7eQR9.js:0
[  140991ms] [WARNING] WARN Dropping "fit-x" because spec has discrete width. @ http://localhost:8501/static/js/embed.BwU7eQR9.js:0
[  140992ms] [WARNING] WARN Infinite extent for field "value_pct": [Infinity, -Infinity] @ http://localhost:8501/static/js/embed.BwU7eQR9.js:0
[  140992ms] [WARNING] WARN Infinite extent for field "value_pct": [Infinity, -Infinity] @ http://localhost:8501/static/js/embed.BwU7eQR9.js:0
[  140994ms] [WARNING] WARN Infinite extent for field "value_pct": [Infinity, -Infinity] @ http://localhost:8501/static/js/embed.BwU7eQR9.js:0
[  140994ms] [WARNING] WARN Infinite extent for field "value_pct": [Infinity, -Infinity] @ http://localhost:8501/static/js/embed.BwU7eQR9.js:0
[  141045ms] [WARNING] WARN Conflicting legend property "disable" (false and true). Using false. @ http://localhost:8501/static/js/embed.BwU7eQR9.js:0
[  141045ms] [WARNING] WARN Conflicting legend property "disable" (false and true). Using false. @ http://localhost:8501/static/js/embed.BwU7eQR9.js:0
[  141046ms] [WARNING] WARN Dropping "fit-x" because spec has discrete width. @ http://localhost:8501/static/js/embed.BwU7eQR9.js:0
[  141079ms] [WARNING] WARN Dropping "fit-x" because spec has discrete width. @ http://localhost:8501/static/js/embed.BwU7eQR9.js:0
[  141081ms] [WARNING] WARN Infinite extent for field "valor_start": [Infinity, -Infinity] @ http://localhost:8501/static/js/embed.BwU7eQR9.js:0
[  141081ms] [WARNING] WARN Infinite extent for field "valor_end": [Infinity, -Infinity] @ http://localhost:8501/static/js/embed.BwU7eQR9.js:0
[  141082ms] [WARNING] WARN Infinite extent for field "valor_start": [Infinity, -Infinity] @ http://localhost:8501/static/js/embed.BwU7eQR9.js:0
[  141082ms] [WARNING] WARN Infinite extent for field "valor_end": [Infinity, -Infinity] @ http://localhost:8501/static/js/embed.BwU7eQR9.js:0
[  141095ms] [WARNING] WARN Dropping "fit-x" because spec has discrete width. @ http://localhost:8501/static/js/embed.BwU7eQR9.js:0
[  141097ms] [WARNING] WARN Infinite extent for field "valor": [Infinity, -Infinity] @ http://localhost:8501/static/js/embed.BwU7eQR9.js:0
[  141097ms] [WARNING] WARN Infinite extent for field "valor": [Infinity, -Infinity] @ http://localhost:8501/static/js/embed.BwU7eQR9.js:0
[  141098ms] [WARNING] WARN Infinite extent for field "valor": [Infinity, -Infinity] @ http://localhost:8501/static/js/embed.BwU7eQR9.js:0
[  141098ms] [WARNING] WARN Infinite extent for field "valor": [Infinity, -Infinity] @ http://localhost:8501/static/js/embed.BwU7eQR9.js:0
[  141127ms] [WARNING] WARN Dropping "fit-x" because spec has discrete width. @ http://localhost:8501/static/js/embed.BwU7eQR9.js:0
[  141128ms] [WARNING] WARN Infinite extent for field "value_pct": [Infinity, -Infinity] @ http://localhost:8501/static/js/embed.BwU7eQR9.js:0
[  141128ms] [WARNING] WARN Infinite extent for field "value_pct": [Infinity, -Infinity] @ http://localhost:8501/static/js/embed.BwU7eQR9.js:0
[  141129ms] [WARNING] WARN Infinite extent for field "value_pct": [Infinity, -Infinity] @ http://localhost:8501/static/js/embed.BwU7eQR9.js:0
[  141129ms] [WARNING] WARN Infinite extent for field "value_pct": [Infinity, -Infinity] @ http://localhost:8501/static/js/embed.BwU7eQR9.js:0
[  141159ms] [WARNING] WARN Dropping "fit-x" because spec has discrete width. @ http://localhost:8501/static/js/embed.BwU7eQR9.js:0
[  141159ms] [WARNING] WARN Domains that should be unioned has conflicting sort properties. Sort will be set to true. @ http://localhost:8501/static/js/embed.BwU7eQR9.js:0
[  141176ms] [WARNING] WARN x-scale's "paddingInner" is dropped as it does not work with point scale. @ http://localhost:8501/static/js/embed.BwU7eQR9.js:0
[  141176ms] [WARNING] WARN x-scale's "paddingInner" is dropped as it does not work with point scale. @ http://localhost:8501/static/js/embed.BwU7eQR9.js:0
[  141177ms] [WARNING] WARN Dropping "fit-x" because spec has discrete width. @ http://localhost:8501/static/js/embed.BwU7eQR9.js:0
[  141221ms] [WARNING] WARN Conflicting legend property "disable" (false and true). Using false. @ http://localhost:8501/static/js/embed.BwU7eQR9.js:0
[  141221ms] [WARNING] WARN Conflicting legend property "disable" (false and true). Using false. @ http://localhost:8501/static/js/embed.BwU7eQR9.js:0
[  141221ms] [WARNING] WARN Dropping "fit-x" because spec has discrete width. @ http://localhost:8501/static/js/embed.BwU7eQR9.js:0
[  141275ms] [WARNING] WARN Conflicting legend property "disable" (false and true). Using false. @ http://localhost:8501/static/js/embed.BwU7eQR9.js:0
[  141275ms] [WARNING] WARN Dropping "fit-x" because spec has discrete width. @ http://localhost:8501/static/js/embed.BwU7eQR9.js:0
[  141277ms] [WARNING] WARN Infinite extent for field "series_opacity": [Infinity, -Infinity] @ http://localhost:8501/static/js/embed.BwU7eQR9.js:0
[  141277ms] [WARNING] WARN Infinite extent for field "series_opacity": [Infinity, -Infinity] @ http://localhost:8501/static/js/embed.BwU7eQR9.js:0
[  141277ms] [WARNING] WARN Infinite extent for field "stroke_width": [Infinity, -Infinity] @ http://localhost:8501/static/js/embed.BwU7eQR9.js:0
[  141277ms] [WARNING] WARN Infinite extent for field "point_size": [Infinity, -Infinity] @ http://localhost:8501/static/js/embed.BwU7eQR9.js:0
[  141306ms] [WARNING] WARN Dropping "fit-x" because spec has discrete width. @ http://localhost:8501/static/js/embed.BwU7eQR9.js:0
[  141308ms] [WARNING] WARN Infinite extent for field "valor_start": [Infinity, -Infinity] @ http://localhost:8501/static/js/embed.BwU7eQR9.js:0
[  141308ms] [WARNING] WARN Infinite extent for field "valor_end": [Infinity, -Infinity] @ http://localhost:8501/static/js/embed.BwU7eQR9.js:0
[  141308ms] [WARNING] WARN Infinite extent for field "label_y": [Infinity, -Infinity] @ http://localhost:8501/static/js/embed.BwU7eQR9.js:0
[  141308ms] [WARNING] WARN Infinite extent for field "label_y": [Infinity, -Infinity] @ http://localhost:8501/static/js/embed.BwU7eQR9.js:0
[  141308ms] [WARNING] WARN Infinite extent for field "label_y": [Infinity, -Infinity] @ http://localhost:8501/static/js/embed.BwU7eQR9.js:0
[  141328ms] [WARNING] WARN Dropping "fit-x" because spec has discrete width. @ http://localhost:8501/static/js/embed.BwU7eQR9.js:0
[  141330ms] [WARNING] WARN Infinite extent for field "valor": [Infinity, -Infinity] @ http://localhost:8501/static/js/embed.BwU7eQR9.js:0
[  141330ms] [WARNING] WARN Infinite extent for field "valor": [Infinity, -Infinity] @ http://localhost:8501/static/js/embed.BwU7eQR9.js:0
[  141330ms] [WARNING] WARN Infinite extent for field "valor": [Infinity, -Infinity] @ http://localhost:8501/static/js/embed.BwU7eQR9.js:0
[  141330ms] [WARNING] WARN Infinite extent for field "valor": [Infinity, -Infinity] @ http://localhost:8501/static/js/embed.BwU7eQR9.js:0
[  141330ms] [WARNING] WARN Infinite extent for field "valor": [Infinity, -Infinity] @ http://localhost:8501/static/js/embed.BwU7eQR9.js:0
[  141330ms] [WARNING] WARN Infinite extent for field "valor": [Infinity, -Infinity] @ http://localhost:8501/static/js/embed.BwU7eQR9.js:0
[  141362ms] [WARNING] WARN Dropping "fit-x" because spec has discrete width. @ http://localhost:8501/static/js/embed.BwU7eQR9.js:0
[  141363ms] [WARNING] WARN Infinite extent for field "value_pct": [Infinity, -Infinity] @ http://localhost:8501/static/js/embed.BwU7eQR9.js:0
[  141363ms] [WARNING] WARN Infinite extent for field "value_pct": [Infinity, -Infinity] @ http://localhost:8501/static/js/embed.BwU7eQR9.js:0
[  141363ms] [WARNING] WARN Infinite extent for field "value_pct": [Infinity, -Infinity] @ http://localhost:8501/static/js/embed.BwU7eQR9.js:0
[  141391ms] [WARNING] WARN Dropping "fit-x" because spec has discrete width. @ http://localhost:8501/static/js/embed.BwU7eQR9.js:0
[  141439ms] [WARNING] WARN Conflicting legend property "disable" (false and true). Using false. @ http://localhost:8501/static/js/embed.BwU7eQR9.js:0
[  141439ms] [WARNING] WARN Conflicting legend property "disable" (false and true). Using false. @ http://localhost:8501/static/js/embed.BwU7eQR9.js:0
[  141439ms] [WARNING] WARN Dropping "fit-x" because spec has discrete width. @ http://localhost:8501/static/js/embed.BwU7eQR9.js:0
[  141488ms] [WARNING] WARN Dropping "fit-x" because spec has discrete width. @ http://localhost:8501/static/js/embed.BwU7eQR9.js:0
[  141490ms] [WARNING] WARN Infinite extent for field "valor_start": [Infinity, -Infinity] @ http://localhost:8501/static/js/embed.BwU7eQR9.js:0
[  141490ms] [WARNING] WARN Infinite extent for field "valor_end": [Infinity, -Infinity] @ http://localhost:8501/static/js/embed.BwU7eQR9.js:0
[  141491ms] [WARNING] WARN Dropping "fit-x" because spec has discrete width. @ http://localhost:8501/static/js/embed.BwU7eQR9.js:0
[  141493ms] [WARNING] WARN Infinite extent for field "valor": [Infinity, -Infinity] @ http://localhost:8501/static/js/embed.BwU7eQR9.js:0
[  141493ms] [WARNING] WARN Infinite extent for field "valor": [Infinity, -Infinity] @ http://localhost:8501/static/js/embed.BwU7eQR9.js:0
[  141494ms] [WARNING] WARN Infinite extent for field "valor_start": [Infinity, -Infinity] @ http://localhost:8501/static/js/embed.BwU7eQR9.js:0
[  141494ms] [WARNING] WARN Infinite extent for field "valor_end": [Infinity, -Infinity] @ http://localhost:8501/static/js/embed.BwU7eQR9.js:0
[  141495ms] [WARNING] WARN Infinite extent for field "valor": [Infinity, -Infinity] @ http://localhost:8501/static/js/embed.BwU7eQR9.js:0
[  141495ms] [WARNING] WARN Infinite extent for field "valor": [Infinity, -Infinity] @ http://localhost:8501/static/js/embed.BwU7eQR9.js:0
[  141563ms] [WARNING] WARN Dropping "fit-x" because spec has discrete width. @ http://localhost:8501/static/js/embed.BwU7eQR9.js:0
[  141564ms] [WARNING] WARN Infinite extent for field "value_pct": [Infinity, -Infinity] @ http://localhost:8501/static/js/embed.BwU7eQR9.js:0
[  141565ms] [WARNING] WARN Infinite extent for field "value_pct": [Infinity, -Infinity] @ http://localhost:8501/static/js/embed.BwU7eQR9.js:0
[  141566ms] [WARNING] WARN Infinite extent for field "value_pct": [Infinity, -Infinity] @ http://localhost:8501/static/js/embed.BwU7eQR9.js:0
[  141566ms] [WARNING] WARN Infinite extent for field "value_pct": [Infinity, -Infinity] @ http://localhost:8501/static/js/embed.BwU7eQR9.js:0
[  142116ms] [WARNING] WARN x-scale's "paddingInner" is dropped as it does not work with point scale. @ http://localhost:8501/static/js/embed.BwU7eQR9.js:0
[  142116ms] [WARNING] WARN x-scale's "paddingInner" is dropped as it does not work with point scale. @ http://localhost:8501/static/js/embed.BwU7eQR9.js:0
[  142116ms] [WARNING] WARN Conflicting legend property "disable" (false and true). Using false. @ http://localhost:8501/static/js/embed.BwU7eQR9.js:0
[  142117ms] [WARNING] WARN Dropping "fit-x" because spec has discrete width. @ http://localhost:8501/static/js/embed.BwU7eQR9.js:0
[  635024ms] [WARNING] WARN Channel order is inappropriate for nominal field, which has no inherent order. @ http://localhost:8501/static/js/embed.BwU7eQR9.js:0
[  635025ms] [WARNING] WARN Conflicting legend property "disable" (false and true). Using false. @ http://localhost:8501/static/js/embed.BwU7eQR9.js:0
[  635026ms] [WARNING] WARN Dropping "fit-x" because spec has discrete width. @ http://localhost:8501/static/js/embed.BwU7eQR9.js:0
[  641418ms] [WARNING] WebSocket onclose @ http://localhost:8501/static/js/index.k-9rUdPI.js:20
[  645297ms] [ERROR] Failed to load resource: net::ERR_CONNECTION_RESET @ http://localhost:8501/_stcore/health:0
[  645297ms] [ERROR] Failed to load resource: net::ERR_CONNECTION_RESET @ http://localhost:8501/_stcore/host-config:0
[  645400ms] [ERROR] Failed to load resource: net::ERR_CONNECTION_REFUSED @ http://localhost:8501/_stcore/health:0
[  645400ms] [ERROR] Failed to load resource: net::ERR_CONNECTION_REFUSED @ http://localhost:8501/_stcore/host-config:0
[  645607ms] [ERROR] Failed to load resource: net::ERR_CONNECTION_REFUSED @ http://localhost:8501/_stcore/health:0
[  645607ms] [ERROR] Failed to load resource: net::ERR_CONNECTION_REFUSED @ http://localhost:8501/_stcore/host-config:0
[  645945ms] [ERROR] Failed to load resource: net::ERR_CONNECTION_REFUSED @ http://localhost:8501/_stcore/health:0
[  645945ms] [ERROR] Failed to load resource: net::ERR_CONNECTION_REFUSED @ http://localhost:8501/_stcore/host-config:0
[  646806ms] [ERROR] Failed to load resource: net::ERR_CONNECTION_REFUSED @ http://localhost:8501/_stcore/health:0
[  646806ms] [ERROR] Failed to load resource: net::ERR_CONNECTION_REFUSED @ http://localhost:8501/_stcore/host-config:0
[  648158ms] [ERROR] Failed to load resource: net::ERR_CONNECTION_REFUSED @ http://localhost:8501/_stcore/health:0
[  648158ms] [ERROR] Client Error in reaching server endpoint - No response received when attempting to reach /_stcore/health @ http://localhost:8501/static/js/index.k-9rUdPI.js:19
[  648159ms] [ERROR] Is Streamlit still running? If you accidentally stopped Streamlit, just restart it in your terminal: @ http://localhost:8501/static/js/index.k-9rUdPI.js:24
[  648159ms] [ERROR] Failed to load resource: net::ERR_CONNECTION_REFUSED @ http://localhost:8501/_stcore/host-config:0
