[    7191ms] [WARNING] WARN Infinite extent for field "Métrica_plot_start": [Infinity, -Infinity] @ http://localhost:8504/static/js/embed.BwU7eQR9.js:0
[    7191ms] [WARNING] WARN Infinite extent for field "Métrica_plot_end": [Infinity, -Infinity] @ http://localhost:8504/static/js/embed.BwU7eQR9.js:0
[    7196ms] [WARNING] WARN Infinite extent for field "Cobertura_start": [Infinity, -Infinity] @ http://localhost:8504/static/js/embed.BwU7eQR9.js:0
[    7196ms] [WARNING] WARN Infinite extent for field "Cobertura_end": [Infinity, -Infinity] @ http://localhost:8504/static/js/embed.BwU7eQR9.js:0
[    7200ms] [WARNING] WARN Infinite extent for field "mes": [Infinity, -Infinity] @ http://localhost:8504/static/js/embed.BwU7eQR9.js:0
[    7200ms] [WARNING] WARN Infinite extent for field "Cobertura": [Infinity, -Infinity] @ http://localhost:8504/static/js/embed.BwU7eQR9.js:0
[    7204ms] [WARNING] WARN Infinite extent for field "delta_bi_start": [Infinity, -Infinity] @ http://localhost:8504/static/js/embed.BwU7eQR9.js:0
[    7204ms] [WARNING] WARN Infinite extent for field "delta_bi_end": [Infinity, -Infinity] @ http://localhost:8504/static/js/embed.BwU7eQR9.js:0
[    7240ms] [WARNING] WARN Dropping "fit-x" because spec has discrete width. @ http://localhost:8504/static/js/embed.BwU7eQR9.js:0
[    7242ms] [WARNING] WARN Infinite extent for field "volume_bi_start": [Infinity, -Infinity] @ http://localhost:8504/static/js/embed.BwU7eQR9.js:0
[    7242ms] [WARNING] WARN Infinite extent for field "volume_bi_end": [Infinity, -Infinity] @ http://localhost:8504/static/js/embed.BwU7eQR9.js:0
[    7242ms] [WARNING] WARN Infinite extent for field "emissores_cnpj": [Infinity, -Infinity] @ http://localhost:8504/static/js/embed.BwU7eQR9.js:0
[    7272ms] [WARNING] WARN Dropping "fit-x" because spec has discrete width. @ http://localhost:8504/static/js/embed.BwU7eQR9.js:0
[    7274ms] [WARNING] WARN Infinite extent for field "volume_bi": [Infinity, -Infinity] @ http://localhost:8504/static/js/embed.BwU7eQR9.js:0
[    7275ms] [WARNING] WARN Dropping "fit-x" because spec has discrete width. @ http://localhost:8504/static/js/embed.BwU7eQR9.js:0
[    7277ms] [WARNING] WARN Infinite extent for field "Volume": [Infinity, -Infinity] @ http://localhost:8504/static/js/embed.BwU7eQR9.js:0
[    7280ms] [WARNING] WARN Infinite extent for field "Documentos_start": [Infinity, -Infinity] @ http://localhost:8504/static/js/embed.BwU7eQR9.js:0
[    7280ms] [WARNING] WARN Infinite extent for field "Documentos_end": [Infinity, -Infinity] @ http://localhost:8504/static/js/embed.BwU7eQR9.js:0
[    7282ms] [WARNING] WARN Infinite extent for field "Documentos_start": [Infinity, -Infinity] @ http://localhost:8504/static/js/embed.BwU7eQR9.js:0
[    7282ms] [WARNING] WARN Infinite extent for field "Documentos_end": [Infinity, -Infinity] @ http://localhost:8504/static/js/embed.BwU7eQR9.js:0
[    7285ms] [WARNING] WARN Infinite extent for field "Cobertura_start": [Infinity, -Infinity] @ http://localhost:8504/static/js/embed.BwU7eQR9.js:0
[    7285ms] [WARNING] WARN Infinite extent for field "Cobertura_end": [Infinity, -Infinity] @ http://localhost:8504/static/js/embed.BwU7eQR9.js:0
[    7317ms] [WARNING] WARN Infinite extent for field "pct_min_num": [Infinity, -Infinity] @ http://localhost:8504/static/js/embed.BwU7eQR9.js:0
[    7318ms] [WARNING] WARN Infinite extent for field "__count": [Infinity, -Infinity] @ http://localhost:8504/static/js/embed.BwU7eQR9.js:0
[    7352ms] [WARNING] WARN Dropping "fit-x" because spec has discrete width. @ http://localhost:8504/static/js/embed.BwU7eQR9.js:0
[    7354ms] [WARNING] WARN Infinite extent for field "valor": [Infinity, -Infinity] @ http://localhost:8504/static/js/embed.BwU7eQR9.js:0
[    7439ms] [WARNING] WARN Dropping "fit-x" because spec has discrete width. @ http://localhost:8504/static/js/embed.BwU7eQR9.js:0
[    7441ms] [WARNING] WARN Infinite extent for field "valor": [Infinity, -Infinity] @ http://localhost:8504/static/js/embed.BwU7eQR9.js:0
[    7479ms] [WARNING] WARN Infinite extent for field "mes": [Infinity, -Infinity] @ http://localhost:8504/static/js/embed.BwU7eQR9.js:0
[    7479ms] [WARNING] WARN Infinite extent for field "pl_bi": [Infinity, -Infinity] @ http://localhost:8504/static/js/embed.BwU7eQR9.js:0
[    7481ms] [WARNING] WARN Infinite extent for field "mes": [Infinity, -Infinity] @ http://localhost:8504/static/js/embed.BwU7eQR9.js:0
[    7481ms] [WARNING] WARN Infinite extent for field "captacao_bi_start": [Infinity, -Infinity] @ http://localhost:8504/static/js/embed.BwU7eQR9.js:0
[    7481ms] [WARNING] WARN Infinite extent for field "captacao_bi_end": [Infinity, -Infinity] @ http://localhost:8504/static/js/embed.BwU7eQR9.js:0
[    7483ms] [WARNING] WARN Infinite extent for field "PL_bi_start": [Infinity, -Infinity] @ http://localhost:8504/static/js/embed.BwU7eQR9.js:0
[    7483ms] [WARNING] WARN Infinite extent for field "PL_bi_end": [Infinity, -Infinity] @ http://localhost:8504/static/js/embed.BwU7eQR9.js:0
[    7507ms] [WARNING] WARN Infinite extent for field "Módulos_start": [Infinity, -Infinity] @ http://localhost:8504/static/js/embed.BwU7eQR9.js:0
[    7507ms] [WARNING] WARN Infinite extent for field "Módulos_end": [Infinity, -Infinity] @ http://localhost:8504/static/js/embed.BwU7eQR9.js:0
[    7637ms] [WARNING] WARN Conflicting legend property "disable" (false and true). Using false. @ http://localhost:8504/static/js/embed.BwU7eQR9.js:0
[    7638ms] [WARNING] WARN Infinite extent for field "mes": [Infinity, -Infinity] @ http://localhost:8504/static/js/embed.BwU7eQR9.js:0
[    7638ms] [WARNING] WARN Infinite extent for field "mes": [Infinity, -Infinity] @ http://localhost:8504/static/js/embed.BwU7eQR9.js:0
[    7638ms] [WARNING] WARN Infinite extent for field "total_bi_start": [Infinity, -Infinity] @ http://localhost:8504/static/js/embed.BwU7eQR9.js:0
[    7638ms] [WARNING] WARN Infinite extent for field "total_bi_end": [Infinity, -Infinity] @ http://localhost:8504/static/js/embed.BwU7eQR9.js:0
[    7638ms] [WARNING] WARN Infinite extent for field "valor_bi": [Infinity, -Infinity] @ http://localhost:8504/static/js/embed.BwU7eQR9.js:0
[    7641ms] [WARNING] WARN Infinite extent for field "mes": [Infinity, -Infinity] @ http://localhost:8504/static/js/embed.BwU7eQR9.js:0
[    7641ms] [WARNING] WARN Infinite extent for field "capt_bi_start": [Infinity, -Infinity] @ http://localhost:8504/static/js/embed.BwU7eQR9.js:0
[    7641ms] [WARNING] WARN Infinite extent for field "capt_bi_end": [Infinity, -Infinity] @ http://localhost:8504/static/js/embed.BwU7eQR9.js:0
[    7684ms] [WARNING] WARN Conflicting legend property "disable" (false and true). Using false. @ http://localhost:8504/static/js/embed.BwU7eQR9.js:0
[    7685ms] [WARNING] WARN Infinite extent for field "mes": [Infinity, -Infinity] @ http://localhost:8504/static/js/embed.BwU7eQR9.js:0
[    7685ms] [WARNING] WARN Infinite extent for field "mes": [Infinity, -Infinity] @ http://localhost:8504/static/js/embed.BwU7eQR9.js:0
[    7685ms] [WARNING] WARN Infinite extent for field "total_bi_start": [Infinity, -Infinity] @ http://localhost:8504/static/js/embed.BwU7eQR9.js:0
[    7685ms] [WARNING] WARN Infinite extent for field "total_bi_end": [Infinity, -Infinity] @ http://localhost:8504/static/js/embed.BwU7eQR9.js:0
[    7685ms] [WARNING] WARN Infinite extent for field "valor_bi": [Infinity, -Infinity] @ http://localhost:8504/static/js/embed.BwU7eQR9.js:0
[    7688ms] [WARNING] WARN Infinite extent for field "mes": [Infinity, -Infinity] @ http://localhost:8504/static/js/embed.BwU7eQR9.js:0
[    7688ms] [WARNING] WARN Infinite extent for field "capt_bi_start": [Infinity, -Infinity] @ http://localhost:8504/static/js/embed.BwU7eQR9.js:0
[    7688ms] [WARNING] WARN Infinite extent for field "capt_bi_end": [Infinity, -Infinity] @ http://localhost:8504/static/js/embed.BwU7eQR9.js:0
[    7690ms] [WARNING] WARN Infinite extent for field "mes": [Infinity, -Infinity] @ http://localhost:8504/static/js/embed.BwU7eQR9.js:0
[    7690ms] [WARNING] WARN Infinite extent for field "cot_mil": [Infinity, -Infinity] @ http://localhost:8504/static/js/embed.BwU7eQR9.js:0
[    7691ms] [WARNING] WARN Infinite extent for field "mes": [Infinity, -Infinity] @ http://localhost:8504/static/js/embed.BwU7eQR9.js:0
[    7691ms] [WARNING] WARN Infinite extent for field "pct": [Infinity, -Infinity] @ http://localhost:8504/static/js/embed.BwU7eQR9.js:0
[    7766ms] [WARNING] WARN Conflicting legend property "disable" (false and true). Using false. @ http://localhost:8504/static/js/embed.BwU7eQR9.js:0
[    7767ms] [WARNING] WARN Infinite extent for field "mes": [Infinity, -Infinity] @ http://localhost:8504/static/js/embed.BwU7eQR9.js:0
[    7767ms] [WARNING] WARN Infinite extent for field "mes": [Infinity, -Infinity] @ http://localhost:8504/static/js/embed.BwU7eQR9.js:0
[    7768ms] [WARNING] WARN Infinite extent for field "total_bi_start": [Infinity, -Infinity] @ http://localhost:8504/static/js/embed.BwU7eQR9.js:0
[    7768ms] [WARNING] WARN Infinite extent for field "total_bi_end": [Infinity, -Infinity] @ http://localhost:8504/static/js/embed.BwU7eQR9.js:0
[    7768ms] [WARNING] WARN Infinite extent for field "valor_bi": [Infinity, -Infinity] @ http://localhost:8504/static/js/embed.BwU7eQR9.js:0
[    7770ms] [WARNING] WARN Infinite extent for field "mes": [Infinity, -Infinity] @ http://localhost:8504/static/js/embed.BwU7eQR9.js:0
[    7770ms] [WARNING] WARN Infinite extent for field "capt_bi_start": [Infinity, -Infinity] @ http://localhost:8504/static/js/embed.BwU7eQR9.js:0
[    7770ms] [WARNING] WARN Infinite extent for field "capt_bi_end": [Infinity, -Infinity] @ http://localhost:8504/static/js/embed.BwU7eQR9.js:0
[    7772ms] [WARNING] WARN Infinite extent for field "mes": [Infinity, -Infinity] @ http://localhost:8504/static/js/embed.BwU7eQR9.js:0
[    7772ms] [WARNING] WARN Infinite extent for field "cot_mil": [Infinity, -Infinity] @ http://localhost:8504/static/js/embed.BwU7eQR9.js:0
[    7775ms] [WARNING] WARN Infinite extent for field "mes": [Infinity, -Infinity] @ http://localhost:8504/static/js/embed.BwU7eQR9.js:0
[    7775ms] [WARNING] WARN Infinite extent for field "pct": [Infinity, -Infinity] @ http://localhost:8504/static/js/embed.BwU7eQR9.js:0
[    7778ms] [WARNING] WARN Infinite extent for field "mes": [Infinity, -Infinity] @ http://localhost:8504/static/js/embed.BwU7eQR9.js:0
[    7779ms] [WARNING] WARN Infinite extent for field "pct": [Infinity, -Infinity] @ http://localhost:8504/static/js/embed.BwU7eQR9.js:0
[    7781ms] [WARNING] WARN Infinite extent for field "valor_bi_start": [Infinity, -Infinity] @ http://localhost:8504/static/js/embed.BwU7eQR9.js:0
[    7781ms] [WARNING] WARN Infinite extent for field "valor_bi_end": [Infinity, -Infinity] @ http://localhost:8504/static/js/embed.BwU7eQR9.js:0
[    7783ms] [WARNING] WARN Infinite extent for field "pl_bi_start": [Infinity, -Infinity] @ http://localhost:8504/static/js/embed.BwU7eQR9.js:0
[    7783ms] [WARNING] WARN Infinite extent for field "pl_bi_end": [Infinity, -Infinity] @ http://localhost:8504/static/js/embed.BwU7eQR9.js:0
[    7856ms] [WARNING] WARN Infinite extent for field "mes": [Infinity, -Infinity] @ http://localhost:8504/static/js/embed.BwU7eQR9.js:0
[    7856ms] [WARNING] WARN Infinite extent for field "cot_mil": [Infinity, -Infinity] @ http://localhost:8504/static/js/embed.BwU7eQR9.js:0
[    7857ms] [WARNING] WARN Infinite extent for field "mes": [Infinity, -Infinity] @ http://localhost:8504/static/js/embed.BwU7eQR9.js:0
[    7857ms] [WARNING] WARN Infinite extent for field "pct": [Infinity, -Infinity] @ http://localhost:8504/static/js/embed.BwU7eQR9.js:0
[    7860ms] [WARNING] WARN Infinite extent for field "mes": [Infinity, -Infinity] @ http://localhost:8504/static/js/embed.BwU7eQR9.js:0
[    7860ms] [WARNING] WARN Infinite extent for field "pct": [Infinity, -Infinity] @ http://localhost:8504/static/js/embed.BwU7eQR9.js:0
[    7861ms] [WARNING] WARN Infinite extent for field "valor_bi_start": [Infinity, -Infinity] @ http://localhost:8504/static/js/embed.BwU7eQR9.js:0
[    7861ms] [WARNING] WARN Infinite extent for field "valor_bi_end": [Infinity, -Infinity] @ http://localhost:8504/static/js/embed.BwU7eQR9.js:0
[    7863ms] [WARNING] WARN Infinite extent for field "pl_bi_start": [Infinity, -Infinity] @ http://localhost:8504/static/js/embed.BwU7eQR9.js:0
[    7863ms] [WARNING] WARN Infinite extent for field "pl_bi_end": [Infinity, -Infinity] @ http://localhost:8504/static/js/embed.BwU7eQR9.js:0
[    7903ms] [WARNING] WARN Infinite extent for field "mes": [Infinity, -Infinity] @ http://localhost:8504/static/js/embed.BwU7eQR9.js:0
[    7903ms] [WARNING] WARN Infinite extent for field "pct": [Infinity, -Infinity] @ http://localhost:8504/static/js/embed.BwU7eQR9.js:0
[    7905ms] [WARNING] WARN Infinite extent for field "valor_bi_start": [Infinity, -Infinity] @ http://localhost:8504/static/js/embed.BwU7eQR9.js:0
[    7905ms] [WARNING] WARN Infinite extent for field "valor_bi_end": [Infinity, -Infinity] @ http://localhost:8504/static/js/embed.BwU7eQR9.js:0
[    7906ms] [WARNING] WARN Infinite extent for field "pl_bi_start": [Infinity, -Infinity] @ http://localhost:8504/static/js/embed.BwU7eQR9.js:0
[    7906ms] [WARNING] WARN Infinite extent for field "pl_bi_end": [Infinity, -Infinity] @ http://localhost:8504/static/js/embed.BwU7eQR9.js:0
