[   22107ms] [WARNING] WARN Infinite extent for field "Métrica_plot_start": [Infinity, -Infinity] @ http://localhost:8504/static/js/embed.BwU7eQR9.js:0
[   22107ms] [WARNING] WARN Infinite extent for field "Métrica_plot_end": [Infinity, -Infinity] @ http://localhost:8504/static/js/embed.BwU7eQR9.js:0
[   22137ms] [WARNING] WARN Infinite extent for field "Cobertura_start": [Infinity, -Infinity] @ http://localhost:8504/static/js/embed.BwU7eQR9.js:0
[   22137ms] [WARNING] WARN Infinite extent for field "Cobertura_end": [Infinity, -Infinity] @ http://localhost:8504/static/js/embed.BwU7eQR9.js:0
[   22143ms] [WARNING] WARN Infinite extent for field "mes": [Infinity, -Infinity] @ http://localhost:8504/static/js/embed.BwU7eQR9.js:0
[   22143ms] [WARNING] WARN Infinite extent for field "Cobertura": [Infinity, -Infinity] @ http://localhost:8504/static/js/embed.BwU7eQR9.js:0
[   22147ms] [WARNING] WARN Infinite extent for field "delta_bi_start": [Infinity, -Infinity] @ http://localhost:8504/static/js/embed.BwU7eQR9.js:0
[   22147ms] [WARNING] WARN Infinite extent for field "delta_bi_end": [Infinity, -Infinity] @ http://localhost:8504/static/js/embed.BwU7eQR9.js:0
[   22222ms] [WARNING] WARN Dropping "fit-x" because spec has discrete width. @ http://localhost:8504/static/js/embed.BwU7eQR9.js:0
[   22225ms] [WARNING] WARN Infinite extent for field "volume_bi_start": [Infinity, -Infinity] @ http://localhost:8504/static/js/embed.BwU7eQR9.js:0
[   22225ms] [WARNING] WARN Infinite extent for field "volume_bi_end": [Infinity, -Infinity] @ http://localhost:8504/static/js/embed.BwU7eQR9.js:0
[   22225ms] [WARNING] WARN Infinite extent for field "emissores_cnpj": [Infinity, -Infinity] @ http://localhost:8504/static/js/embed.BwU7eQR9.js:0
[   22227ms] [WARNING] WARN Dropping "fit-x" because spec has discrete width. @ http://localhost:8504/static/js/embed.BwU7eQR9.js:0
[   22229ms] [WARNING] WARN Infinite extent for field "volume_bi": [Infinity, -Infinity] @ http://localhost:8504/static/js/embed.BwU7eQR9.js:0
[   22231ms] [WARNING] WARN Dropping "fit-x" because spec has discrete width. @ http://localhost:8504/static/js/embed.BwU7eQR9.js:0
[   22232ms] [WARNING] WARN Infinite extent for field "Volume": [Infinity, -Infinity] @ http://localhost:8504/static/js/embed.BwU7eQR9.js:0
[   22235ms] [WARNING] WARN Infinite extent for field "Documentos_start": [Infinity, -Infinity] @ http://localhost:8504/static/js/embed.BwU7eQR9.js:0
[   22235ms] [WARNING] WARN Infinite extent for field "Documentos_end": [Infinity, -Infinity] @ http://localhost:8504/static/js/embed.BwU7eQR9.js:0
[   22239ms] [WARNING] WARN Infinite extent for field "Documentos_start": [Infinity, -Infinity] @ http://localhost:8504/static/js/embed.BwU7eQR9.js:0
[   22239ms] [WARNING] WARN Infinite extent for field "Documentos_end": [Infinity, -Infinity] @ http://localhost:8504/static/js/embed.BwU7eQR9.js:0
[   22242ms] [WARNING] WARN Infinite extent for field "Cobertura_start": [Infinity, -Infinity] @ http://localhost:8504/static/js/embed.BwU7eQR9.js:0
[   22242ms] [WARNING] WARN Infinite extent for field "Cobertura_end": [Infinity, -Infinity] @ http://localhost:8504/static/js/embed.BwU7eQR9.js:0
[   22305ms] [WARNING] WARN Infinite extent for field "pct_min_num": [Infinity, -Infinity] @ http://localhost:8504/static/js/embed.BwU7eQR9.js:0
[   22305ms] [WARNING] WARN Infinite extent for field "__count": [Infinity, -Infinity] @ http://localhost:8504/static/js/embed.BwU7eQR9.js:0
[   22306ms] [WARNING] WARN Dropping "fit-x" because spec has discrete width. @ http://localhost:8504/static/js/embed.BwU7eQR9.js:0
[   22308ms] [WARNING] WARN Infinite extent for field "valor": [Infinity, -Infinity] @ http://localhost:8504/static/js/embed.BwU7eQR9.js:0
[   22490ms] [WARNING] WARN Dropping "fit-x" because spec has discrete width. @ http://localhost:8504/static/js/embed.BwU7eQR9.js:0
[   22492ms] [WARNING] WARN Infinite extent for field "valor": [Infinity, -Infinity] @ http://localhost:8504/static/js/embed.BwU7eQR9.js:0
[   22640ms] [WARNING] WARN Infinite extent for field "mes": [Infinity, -Infinity] @ http://localhost:8504/static/js/embed.BwU7eQR9.js:0
[   22640ms] [WARNING] WARN Infinite extent for field "pl_bi": [Infinity, -Infinity] @ http://localhost:8504/static/js/embed.BwU7eQR9.js:0
[   22642ms] [WARNING] WARN Infinite extent for field "mes": [Infinity, -Infinity] @ http://localhost:8504/static/js/embed.BwU7eQR9.js:0
[   22642ms] [WARNING] WARN Infinite extent for field "captacao_bi_start": [Infinity, -Infinity] @ http://localhost:8504/static/js/embed.BwU7eQR9.js:0
[   22642ms] [WARNING] WARN Infinite extent for field "captacao_bi_end": [Infinity, -Infinity] @ http://localhost:8504/static/js/embed.BwU7eQR9.js:0
[   22655ms] [WARNING] WARN Infinite extent for field "PL_bi_start": [Infinity, -Infinity] @ http://localhost:8504/static/js/embed.BwU7eQR9.js:0
[   22655ms] [WARNING] WARN Infinite extent for field "PL_bi_end": [Infinity, -Infinity] @ http://localhost:8504/static/js/embed.BwU7eQR9.js:0
[   22697ms] [WARNING] WARN Infinite extent for field "Módulos_start": [Infinity, -Infinity] @ http://localhost:8504/static/js/embed.BwU7eQR9.js:0
[   22697ms] [WARNING] WARN Infinite extent for field "Módulos_end": [Infinity, -Infinity] @ http://localhost:8504/static/js/embed.BwU7eQR9.js:0
[   22851ms] [WARNING] WARN Conflicting legend property "disable" (false and true). Using false. @ http://localhost:8504/static/js/embed.BwU7eQR9.js:0
[   22853ms] [WARNING] WARN Infinite extent for field "mes": [Infinity, -Infinity] @ http://localhost:8504/static/js/embed.BwU7eQR9.js:0
[   22853ms] [WARNING] WARN Infinite extent for field "mes": [Infinity, -Infinity] @ http://localhost:8504/static/js/embed.BwU7eQR9.js:0
[   22853ms] [WARNING] WARN Infinite extent for field "total_bi_start": [Infinity, -Infinity] @ http://localhost:8504/static/js/embed.BwU7eQR9.js:0
[   22853ms] [WARNING] WARN Infinite extent for field "total_bi_end": [Infinity, -Infinity] @ http://localhost:8504/static/js/embed.BwU7eQR9.js:0
[   22853ms] [WARNING] WARN Infinite extent for field "valor_bi": [Infinity, -Infinity] @ http://localhost:8504/static/js/embed.BwU7eQR9.js:0
[   22856ms] [WARNING] WARN Infinite extent for field "mes": [Infinity, -Infinity] @ http://localhost:8504/static/js/embed.BwU7eQR9.js:0
[   22856ms] [WARNING] WARN Infinite extent for field "capt_bi_start": [Infinity, -Infinity] @ http://localhost:8504/static/js/embed.BwU7eQR9.js:0
[   22856ms] [WARNING] WARN Infinite extent for field "capt_bi_end": [Infinity, -Infinity] @ http://localhost:8504/static/js/embed.BwU7eQR9.js:0
[   22898ms] [WARNING] WARN Conflicting legend property "disable" (false and true). Using false. @ http://localhost:8504/static/js/embed.BwU7eQR9.js:0
[   22900ms] [WARNING] WARN Infinite extent for field "mes": [Infinity, -Infinity] @ http://localhost:8504/static/js/embed.BwU7eQR9.js:0
[   22900ms] [WARNING] WARN Infinite extent for field "mes": [Infinity, -Infinity] @ http://localhost:8504/static/js/embed.BwU7eQR9.js:0
[   22900ms] [WARNING] WARN Infinite extent for field "total_bi_start": [Infinity, -Infinity] @ http://localhost:8504/static/js/embed.BwU7eQR9.js:0
[   22900ms] [WARNING] WARN Infinite extent for field "total_bi_end": [Infinity, -Infinity] @ http://localhost:8504/static/js/embed.BwU7eQR9.js:0
[   22900ms] [WARNING] WARN Infinite extent for field "valor_bi": [Infinity, -Infinity] @ http://localhost:8504/static/js/embed.BwU7eQR9.js:0
[   22903ms] [WARNING] WARN Infinite extent for field "mes": [Infinity, -Infinity] @ http://localhost:8504/static/js/embed.BwU7eQR9.js:0
[   22903ms] [WARNING] WARN Infinite extent for field "capt_bi_start": [Infinity, -Infinity] @ http://localhost:8504/static/js/embed.BwU7eQR9.js:0
[   22903ms] [WARNING] WARN Infinite extent for field "capt_bi_end": [Infinity, -Infinity] @ http://localhost:8504/static/js/embed.BwU7eQR9.js:0
[   22905ms] [WARNING] WARN Infinite extent for field "mes": [Infinity, -Infinity] @ http://localhost:8504/static/js/embed.BwU7eQR9.js:0
[   22905ms] [WARNING] WARN Infinite extent for field "cot_mil": [Infinity, -Infinity] @ http://localhost:8504/static/js/embed.BwU7eQR9.js:0
[   22955ms] [WARNING] WARN Conflicting legend property "disable" (false and true). Using false. @ http://localhost:8504/static/js/embed.BwU7eQR9.js:0
[   22957ms] [WARNING] WARN Infinite extent for field "mes": [Infinity, -Infinity] @ http://localhost:8504/static/js/embed.BwU7eQR9.js:0
[   22957ms] [WARNING] WARN Infinite extent for field "mes": [Infinity, -Infinity] @ http://localhost:8504/static/js/embed.BwU7eQR9.js:0
[   22957ms] [WARNING] WARN Infinite extent for field "total_bi_start": [Infinity, -Infinity] @ http://localhost:8504/static/js/embed.BwU7eQR9.js:0
[   22957ms] [WARNING] WARN Infinite extent for field "total_bi_end": [Infinity, -Infinity] @ http://localhost:8504/static/js/embed.BwU7eQR9.js:0
[   22957ms] [WARNING] WARN Infinite extent for field "valor_bi": [Infinity, -Infinity] @ http://localhost:8504/static/js/embed.BwU7eQR9.js:0
[   22960ms] [WARNING] WARN Infinite extent for field "mes": [Infinity, -Infinity] @ http://localhost:8504/static/js/embed.BwU7eQR9.js:0
[   22960ms] [WARNING] WARN Infinite extent for field "capt_bi_start": [Infinity, -Infinity] @ http://localhost:8504/static/js/embed.BwU7eQR9.js:0
[   22960ms] [WARNING] WARN Infinite extent for field "capt_bi_end": [Infinity, -Infinity] @ http://localhost:8504/static/js/embed.BwU7eQR9.js:0
[   22962ms] [WARNING] WARN Infinite extent for field "mes": [Infinity, -Infinity] @ http://localhost:8504/static/js/embed.BwU7eQR9.js:0
[   22962ms] [WARNING] WARN Infinite extent for field "cot_mil": [Infinity, -Infinity] @ http://localhost:8504/static/js/embed.BwU7eQR9.js:0
[   22963ms] [WARNING] WARN Infinite extent for field "mes": [Infinity, -Infinity] @ http://localhost:8504/static/js/embed.BwU7eQR9.js:0
[   22963ms] [WARNING] WARN Infinite extent for field "pct": [Infinity, -Infinity] @ http://localhost:8504/static/js/embed.BwU7eQR9.js:0
[   22965ms] [WARNING] WARN Infinite extent for field "mes": [Infinity, -Infinity] @ http://localhost:8504/static/js/embed.BwU7eQR9.js:0
[   22965ms] [WARNING] WARN Infinite extent for field "pct": [Infinity, -Infinity] @ http://localhost:8504/static/js/embed.BwU7eQR9.js:0
[   22967ms] [WARNING] WARN Infinite extent for field "valor_bi_start": [Infinity, -Infinity] @ http://localhost:8504/static/js/embed.BwU7eQR9.js:0
[   22967ms] [WARNING] WARN Infinite extent for field "valor_bi_end": [Infinity, -Infinity] @ http://localhost:8504/static/js/embed.BwU7eQR9.js:0
[   22969ms] [WARNING] WARN Infinite extent for field "pl_bi_start": [Infinity, -Infinity] @ http://localhost:8504/static/js/embed.BwU7eQR9.js:0
[   22969ms] [WARNING] WARN Infinite extent for field "pl_bi_end": [Infinity, -Infinity] @ http://localhost:8504/static/js/embed.BwU7eQR9.js:0
[   23048ms] [WARNING] WARN Infinite extent for field "mes": [Infinity, -Infinity] @ http://localhost:8504/static/js/embed.BwU7eQR9.js:0
[   23048ms] [WARNING] WARN Infinite extent for field "cot_mil": [Infinity, -Infinity] @ http://localhost:8504/static/js/embed.BwU7eQR9.js:0
[   23050ms] [WARNING] WARN Infinite extent for field "mes": [Infinity, -Infinity] @ http://localhost:8504/static/js/embed.BwU7eQR9.js:0
[   23050ms] [WARNING] WARN Infinite extent for field "pct": [Infinity, -Infinity] @ http://localhost:8504/static/js/embed.BwU7eQR9.js:0
[   23052ms] [WARNING] WARN Infinite extent for field "mes": [Infinity, -Infinity] @ http://localhost:8504/static/js/embed.BwU7eQR9.js:0
[   23052ms] [WARNING] WARN Infinite extent for field "pct": [Infinity, -Infinity] @ http://localhost:8504/static/js/embed.BwU7eQR9.js:0
[   23054ms] [WARNING] WARN Infinite extent for field "valor_bi_start": [Infinity, -Infinity] @ http://localhost:8504/static/js/embed.BwU7eQR9.js:0
[   23054ms] [WARNING] WARN Infinite extent for field "valor_bi_end": [Infinity, -Infinity] @ http://localhost:8504/static/js/embed.BwU7eQR9.js:0
[   23055ms] [WARNING] WARN Infinite extent for field "pl_bi_start": [Infinity, -Infinity] @ http://localhost:8504/static/js/embed.BwU7eQR9.js:0
[   23055ms] [WARNING] WARN Infinite extent for field "pl_bi_end": [Infinity, -Infinity] @ http://localhost:8504/static/js/embed.BwU7eQR9.js:0
[   23098ms] [WARNING] WARN Infinite extent for field "mes": [Infinity, -Infinity] @ http://localhost:8504/static/js/embed.BwU7eQR9.js:0
[   23098ms] [WARNING] WARN Infinite extent for field "pct": [Infinity, -Infinity] @ http://localhost:8504/static/js/embed.BwU7eQR9.js:0
[   23100ms] [WARNING] WARN Infinite extent for field "mes": [Infinity, -Infinity] @ http://localhost:8504/static/js/embed.BwU7eQR9.js:0
[   23100ms] [WARNING] WARN Infinite extent for field "pct": [Infinity, -Infinity] @ http://localhost:8504/static/js/embed.BwU7eQR9.js:0
[   23104ms] [WARNING] WARN Infinite extent for field "valor_bi_start": [Infinity, -Infinity] @ http://localhost:8504/static/js/embed.BwU7eQR9.js:0
[   23104ms] [WARNING] WARN Infinite extent for field "valor_bi_end": [Infinity, -Infinity] @ http://localhost:8504/static/js/embed.BwU7eQR9.js:0
[   23105ms] [WARNING] WARN Infinite extent for field "pl_bi_start": [Infinity, -Infinity] @ http://localhost:8504/static/js/embed.BwU7eQR9.js:0
[   23105ms] [WARNING] WARN Infinite extent for field "pl_bi_end": [Infinity, -Infinity] @ http://localhost:8504/static/js/embed.BwU7eQR9.js:0
[   32416ms] [WARNING] WARN Infinite extent for field "Módulos_start": [Infinity, -Infinity] @ http://localhost:8504/static/js/embed.BwU7eQR9.js:0
[   32416ms] [WARNING] WARN Infinite extent for field "Módulos_end": [Infinity, -Infinity] @ http://localhost:8504/static/js/embed.BwU7eQR9.js:0
[   40932ms] [WARNING] WARN Infinite extent for field "Módulos_start": [Infinity, -Infinity] @ http://localhost:8504/static/js/embed.BwU7eQR9.js:0
[   40933ms] [WARNING] WARN Infinite extent for field "Módulos_end": [Infinity, -Infinity] @ http://localhost:8504/static/js/embed.BwU7eQR9.js:0
[   64147ms] [WARNING] WebSocket onclose @ http://localhost:8504/static/js/index.k-9rUdPI.js:20
