[   11630ms] [WARNING] WARN Infinite extent for field "Cobertura_start": [Infinity, -Infinity] @ http://localhost:8512/static/js/embed.BwU7eQR9.js:0
[   11630ms] [WARNING] WARN Infinite extent for field "Cobertura_end": [Infinity, -Infinity] @ http://localhost:8512/static/js/embed.BwU7eQR9.js:0
[   11637ms] [WARNING] WARN Infinite extent for field "mes": [Infinity, -Infinity] @ http://localhost:8512/static/js/embed.BwU7eQR9.js:0
[   11637ms] [WARNING] WARN Infinite extent for field "Cobertura": [Infinity, -Infinity] @ http://localhost:8512/static/js/embed.BwU7eQR9.js:0
[   11641ms] [WARNING] WARN Infinite extent for field "delta_bi_start": [Infinity, -Infinity] @ http://localhost:8512/static/js/embed.BwU7eQR9.js:0
[   11641ms] [WARNING] WARN Infinite extent for field "delta_bi_end": [Infinity, -Infinity] @ http://localhost:8512/static/js/embed.BwU7eQR9.js:0
[   11705ms] [WARNING] WARN Dropping "fit-x" because spec has discrete width. @ http://localhost:8512/static/js/embed.BwU7eQR9.js:0
[   11707ms] [WARNING] WARN Infinite extent for field "volume_bi_start": [Infinity, -Infinity] @ http://localhost:8512/static/js/embed.BwU7eQR9.js:0
[   11708ms] [WARNING] WARN Infinite extent for field "volume_bi_end": [Infinity, -Infinity] @ http://localhost:8512/static/js/embed.BwU7eQR9.js:0
[   11708ms] [WARNING] WARN Infinite extent for field "emissores_cnpj": [Infinity, -Infinity] @ http://localhost:8512/static/js/embed.BwU7eQR9.js:0
[   11709ms] [WARNING] WARN Dropping "fit-x" because spec has discrete width. @ http://localhost:8512/static/js/embed.BwU7eQR9.js:0
[   11711ms] [WARNING] WARN Infinite extent for field "volume_bi": [Infinity, -Infinity] @ http://localhost:8512/static/js/embed.BwU7eQR9.js:0
[   11712ms] [WARNING] WARN Dropping "fit-x" because spec has discrete width. @ http://localhost:8512/static/js/embed.BwU7eQR9.js:0
[   11714ms] [WARNING] WARN Infinite extent for field "Volume": [Infinity, -Infinity] @ http://localhost:8512/static/js/embed.BwU7eQR9.js:0
[   11716ms] [WARNING] WARN Infinite extent for field "Documentos_start": [Infinity, -Infinity] @ http://localhost:8512/static/js/embed.BwU7eQR9.js:0
[   11716ms] [WARNING] WARN Infinite extent for field "Documentos_end": [Infinity, -Infinity] @ http://localhost:8512/static/js/embed.BwU7eQR9.js:0
[   11718ms] [WARNING] WARN Infinite extent for field "Documentos_start": [Infinity, -Infinity] @ http://localhost:8512/static/js/embed.BwU7eQR9.js:0
[   11718ms] [WARNING] WARN Infinite extent for field "Documentos_end": [Infinity, -Infinity] @ http://localhost:8512/static/js/embed.BwU7eQR9.js:0
[   11721ms] [WARNING] WARN Infinite extent for field "Cobertura_start": [Infinity, -Infinity] @ http://localhost:8512/static/js/embed.BwU7eQR9.js:0
[   11721ms] [WARNING] WARN Infinite extent for field "Cobertura_end": [Infinity, -Infinity] @ http://localhost:8512/static/js/embed.BwU7eQR9.js:0
[   11773ms] [WARNING] WARN Infinite extent for field "pct_min_num": [Infinity, -Infinity] @ http://localhost:8512/static/js/embed.BwU7eQR9.js:0
[   11773ms] [WARNING] WARN Infinite extent for field "__count": [Infinity, -Infinity] @ http://localhost:8512/static/js/embed.BwU7eQR9.js:0
[   11774ms] [WARNING] WARN Dropping "fit-x" because spec has discrete width. @ http://localhost:8512/static/js/embed.BwU7eQR9.js:0
[   11776ms] [WARNING] WARN Infinite extent for field "valor": [Infinity, -Infinity] @ http://localhost:8512/static/js/embed.BwU7eQR9.js:0
[   11874ms] [WARNING] WARN Dropping "fit-x" because spec has discrete width. @ http://localhost:8512/static/js/embed.BwU7eQR9.js:0
[   11875ms] [WARNING] WARN Infinite extent for field "valor": [Infinity, -Infinity] @ http://localhost:8512/static/js/embed.BwU7eQR9.js:0
[   13407ms] [WARNING] WARN Infinite extent for field "mes": [Infinity, -Infinity] @ http://localhost:8512/static/js/embed.BwU7eQR9.js:0
[   13407ms] [WARNING] WARN Infinite extent for field "pl_bi": [Infinity, -Infinity] @ http://localhost:8512/static/js/embed.BwU7eQR9.js:0
[   13409ms] [WARNING] WARN Infinite extent for field "mes": [Infinity, -Infinity] @ http://localhost:8512/static/js/embed.BwU7eQR9.js:0
[   13409ms] [WARNING] WARN Infinite extent for field "captacao_bi_start": [Infinity, -Infinity] @ http://localhost:8512/static/js/embed.BwU7eQR9.js:0
[   13409ms] [WARNING] WARN Infinite extent for field "captacao_bi_end": [Infinity, -Infinity] @ http://localhost:8512/static/js/embed.BwU7eQR9.js:0
[   13523ms] [WARNING] WARN Infinite extent for field "PL_bi_start": [Infinity, -Infinity] @ http://localhost:8512/static/js/embed.BwU7eQR9.js:0
[   13523ms] [WARNING] WARN Infinite extent for field "PL_bi_end": [Infinity, -Infinity] @ http://localhost:8512/static/js/embed.BwU7eQR9.js:0
[   13525ms] [WARNING] WARN Infinite extent for field "Módulos_start": [Infinity, -Infinity] @ http://localhost:8512/static/js/embed.BwU7eQR9.js:0
[   13525ms] [WARNING] WARN Infinite extent for field "Módulos_end": [Infinity, -Infinity] @ http://localhost:8512/static/js/embed.BwU7eQR9.js:0
[   13555ms] [WARNING] WARN Conflicting legend property "disable" (false and true). Using false. @ http://localhost:8512/static/js/embed.BwU7eQR9.js:0
[   13556ms] [WARNING] WARN Infinite extent for field "mes": [Infinity, -Infinity] @ http://localhost:8512/static/js/embed.BwU7eQR9.js:0
[   13556ms] [WARNING] WARN Infinite extent for field "mes": [Infinity, -Infinity] @ http://localhost:8512/static/js/embed.BwU7eQR9.js:0
[   13557ms] [WARNING] WARN Infinite extent for field "total_bi_start": [Infinity, -Infinity] @ http://localhost:8512/static/js/embed.BwU7eQR9.js:0
[   13557ms] [WARNING] WARN Infinite extent for field "total_bi_end": [Infinity, -Infinity] @ http://localhost:8512/static/js/embed.BwU7eQR9.js:0
[   13557ms] [WARNING] WARN Infinite extent for field "valor_bi": [Infinity, -Infinity] @ http://localhost:8512/static/js/embed.BwU7eQR9.js:0
[   13595ms] [WARNING] WARN Conflicting legend property "disable" (false and true). Using false. @ http://localhost:8512/static/js/embed.BwU7eQR9.js:0
[   13596ms] [WARNING] WARN Infinite extent for field "mes": [Infinity, -Infinity] @ http://localhost:8512/static/js/embed.BwU7eQR9.js:0
[   13596ms] [WARNING] WARN Infinite extent for field "mes": [Infinity, -Infinity] @ http://localhost:8512/static/js/embed.BwU7eQR9.js:0
[   13596ms] [WARNING] WARN Infinite extent for field "total_bi_start": [Infinity, -Infinity] @ http://localhost:8512/static/js/embed.BwU7eQR9.js:0
[   13596ms] [WARNING] WARN Infinite extent for field "total_bi_end": [Infinity, -Infinity] @ http://localhost:8512/static/js/embed.BwU7eQR9.js:0
[   13596ms] [WARNING] WARN Infinite extent for field "valor_bi": [Infinity, -Infinity] @ http://localhost:8512/static/js/embed.BwU7eQR9.js:0
[   13599ms] [WARNING] WARN Infinite extent for field "mes": [Infinity, -Infinity] @ http://localhost:8512/static/js/embed.BwU7eQR9.js:0
[   13599ms] [WARNING] WARN Infinite extent for field "capt_bi_start": [Infinity, -Infinity] @ http://localhost:8512/static/js/embed.BwU7eQR9.js:0
[   13599ms] [WARNING] WARN Infinite extent for field "capt_bi_end": [Infinity, -Infinity] @ http://localhost:8512/static/js/embed.BwU7eQR9.js:0
[   13601ms] [WARNING] WARN Infinite extent for field "mes": [Infinity, -Infinity] @ http://localhost:8512/static/js/embed.BwU7eQR9.js:0
[   13601ms] [WARNING] WARN Infinite extent for field "cot_mil": [Infinity, -Infinity] @ http://localhost:8512/static/js/embed.BwU7eQR9.js:0
[   13603ms] [WARNING] WARN Infinite extent for field "mes": [Infinity, -Infinity] @ http://localhost:8512/static/js/embed.BwU7eQR9.js:0
[   13603ms] [WARNING] WARN Infinite extent for field "pct": [Infinity, -Infinity] @ http://localhost:8512/static/js/embed.BwU7eQR9.js:0
[   13604ms] [WARNING] WARN Infinite extent for field "mes": [Infinity, -Infinity] @ http://localhost:8512/static/js/embed.BwU7eQR9.js:0
[   13604ms] [WARNING] WARN Infinite extent for field "pct": [Infinity, -Infinity] @ http://localhost:8512/static/js/embed.BwU7eQR9.js:0
[   13606ms] [WARNING] WARN Infinite extent for field "valor_bi_start": [Infinity, -Infinity] @ http://localhost:8512/static/js/embed.BwU7eQR9.js:0
[   13606ms] [WARNING] WARN Infinite extent for field "valor_bi_end": [Infinity, -Infinity] @ http://localhost:8512/static/js/embed.BwU7eQR9.js:0
[   13607ms] [WARNING] WARN Infinite extent for field "pl_bi_start": [Infinity, -Infinity] @ http://localhost:8512/static/js/embed.BwU7eQR9.js:0
[   13607ms] [WARNING] WARN Infinite extent for field "pl_bi_end": [Infinity, -Infinity] @ http://localhost:8512/static/js/embed.BwU7eQR9.js:0
[   13680ms] [WARNING] WARN Conflicting legend property "disable" (false and true). Using false. @ http://localhost:8512/static/js/embed.BwU7eQR9.js:0
[   13682ms] [WARNING] WARN Infinite extent for field "mes": [Infinity, -Infinity] @ http://localhost:8512/static/js/embed.BwU7eQR9.js:0
[   13682ms] [WARNING] WARN Infinite extent for field "mes": [Infinity, -Infinity] @ http://localhost:8512/static/js/embed.BwU7eQR9.js:0
[   13682ms] [WARNING] WARN Infinite extent for field "total_bi_start": [Infinity, -Infinity] @ http://localhost:8512/static/js/embed.BwU7eQR9.js:0
[   13682ms] [WARNING] WARN Infinite extent for field "total_bi_end": [Infinity, -Infinity] @ http://localhost:8512/static/js/embed.BwU7eQR9.js:0
[   13682ms] [WARNING] WARN Infinite extent for field "valor_bi": [Infinity, -Infinity] @ http://localhost:8512/static/js/embed.BwU7eQR9.js:0
[   13684ms] [WARNING] WARN Infinite extent for field "mes": [Infinity, -Infinity] @ http://localhost:8512/static/js/embed.BwU7eQR9.js:0
[   13684ms] [WARNING] WARN Infinite extent for field "capt_bi_start": [Infinity, -Infinity] @ http://localhost:8512/static/js/embed.BwU7eQR9.js:0
[   13685ms] [WARNING] WARN Infinite extent for field "capt_bi_end": [Infinity, -Infinity] @ http://localhost:8512/static/js/embed.BwU7eQR9.js:0
[   13686ms] [WARNING] WARN Infinite extent for field "mes": [Infinity, -Infinity] @ http://localhost:8512/static/js/embed.BwU7eQR9.js:0
[   13686ms] [WARNING] WARN Infinite extent for field "cot_mil": [Infinity, -Infinity] @ http://localhost:8512/static/js/embed.BwU7eQR9.js:0
[   13688ms] [WARNING] WARN Infinite extent for field "mes": [Infinity, -Infinity] @ http://localhost:8512/static/js/embed.BwU7eQR9.js:0
[   13688ms] [WARNING] WARN Infinite extent for field "pct": [Infinity, -Infinity] @ http://localhost:8512/static/js/embed.BwU7eQR9.js:0
[   13689ms] [WARNING] WARN Infinite extent for field "mes": [Infinity, -Infinity] @ http://localhost:8512/static/js/embed.BwU7eQR9.js:0
[   13689ms] [WARNING] WARN Infinite extent for field "pct": [Infinity, -Infinity] @ http://localhost:8512/static/js/embed.BwU7eQR9.js:0
[   13691ms] [WARNING] WARN Infinite extent for field "valor_bi_start": [Infinity, -Infinity] @ http://localhost:8512/static/js/embed.BwU7eQR9.js:0
[   13691ms] [WARNING] WARN Infinite extent for field "valor_bi_end": [Infinity, -Infinity] @ http://localhost:8512/static/js/embed.BwU7eQR9.js:0
[   13693ms] [WARNING] WARN Infinite extent for field "pl_bi_start": [Infinity, -Infinity] @ http://localhost:8512/static/js/embed.BwU7eQR9.js:0
[   13693ms] [WARNING] WARN Infinite extent for field "pl_bi_end": [Infinity, -Infinity] @ http://localhost:8512/static/js/embed.BwU7eQR9.js:0
[   13770ms] [WARNING] WARN Infinite extent for field "mes": [Infinity, -Infinity] @ http://localhost:8512/static/js/embed.BwU7eQR9.js:0
[   13770ms] [WARNING] WARN Infinite extent for field "capt_bi_start": [Infinity, -Infinity] @ http://localhost:8512/static/js/embed.BwU7eQR9.js:0
[   13770ms] [WARNING] WARN Infinite extent for field "capt_bi_end": [Infinity, -Infinity] @ http://localhost:8512/static/js/embed.BwU7eQR9.js:0
[   13771ms] [WARNING] WARN Infinite extent for field "mes": [Infinity, -Infinity] @ http://localhost:8512/static/js/embed.BwU7eQR9.js:0
[   13771ms] [WARNING] WARN Infinite extent for field "cot_mil": [Infinity, -Infinity] @ http://localhost:8512/static/js/embed.BwU7eQR9.js:0
[   13773ms] [WARNING] WARN Infinite extent for field "mes": [Infinity, -Infinity] @ http://localhost:8512/static/js/embed.BwU7eQR9.js:0
[   13773ms] [WARNING] WARN Infinite extent for field "pct": [Infinity, -Infinity] @ http://localhost:8512/static/js/embed.BwU7eQR9.js:0
[   13775ms] [WARNING] WARN Infinite extent for field "mes": [Infinity, -Infinity] @ http://localhost:8512/static/js/embed.BwU7eQR9.js:0
[   13775ms] [WARNING] WARN Infinite extent for field "pct": [Infinity, -Infinity] @ http://localhost:8512/static/js/embed.BwU7eQR9.js:0
[   13776ms] [WARNING] WARN Infinite extent for field "valor_bi_start": [Infinity, -Infinity] @ http://localhost:8512/static/js/embed.BwU7eQR9.js:0
[   13776ms] [WARNING] WARN Infinite extent for field "valor_bi_end": [Infinity, -Infinity] @ http://localhost:8512/static/js/embed.BwU7eQR9.js:0
[   13778ms] [WARNING] WARN Infinite extent for field "pl_bi_start": [Infinity, -Infinity] @ http://localhost:8512/static/js/embed.BwU7eQR9.js:0
[   13778ms] [WARNING] WARN Infinite extent for field "pl_bi_end": [Infinity, -Infinity] @ http://localhost:8512/static/js/embed.BwU7eQR9.js:0
[   51010ms] [WARNING] WebSocket onclose @ http://localhost:8512/static/js/index.k-9rUdPI.js:20
[   54784ms] [ERROR] Failed to load resource: net::ERR_CONNECTION_REFUSED @ http://localhost:8512/_stcore/health:0
[   54784ms] [ERROR] Failed to load resource: net::ERR_CONNECTION_REFUSED @ http://localhost:8512/_stcore/host-config:0
[   54887ms] [ERROR] Failed to load resource: net::ERR_CONNECTION_REFUSED @ http://localhost:8512/_stcore/health:0
[   54887ms] [ERROR] Failed to load resource: net::ERR_CONNECTION_REFUSED @ http://localhost:8512/_stcore/host-config:0
[   55124ms] [ERROR] Failed to load resource: net::ERR_CONNECTION_REFUSED @ http://localhost:8512/_stcore/health:0
[   55125ms] [ERROR] Failed to load resource: net::ERR_CONNECTION_REFUSED @ http://localhost:8512/_stcore/host-config:0
[   55558ms] [ERROR] Failed to load resource: net::ERR_CONNECTION_REFUSED @ http://localhost:8512/_stcore/health:0
[   55558ms] [ERROR] Failed to load resource: net::ERR_CONNECTION_REFUSED @ http://localhost:8512/_stcore/host-config:0
[   56374ms] [ERROR] Failed to load resource: net::ERR_CONNECTION_REFUSED @ http://localhost:8512/_stcore/health:0
[   56374ms] [ERROR] Failed to load resource: net::ERR_CONNECTION_REFUSED @ http://localhost:8512/_stcore/host-config:0
[   57715ms] [ERROR] Failed to load resource: net::ERR_CONNECTION_REFUSED @ http://localhost:8512/_stcore/health:0
[   57715ms] [ERROR] Client Error in reaching server endpoint - No response received when attempting to reach /_stcore/health @ http://localhost:8512/static/js/index.k-9rUdPI.js:19
[   57716ms] [ERROR] Is Streamlit still running? If you accidentally stopped Streamlit, just restart it in your terminal: @ http://localhost:8512/static/js/index.k-9rUdPI.js:24
[   57716ms] [ERROR] Failed to load resource: net::ERR_CONNECTION_REFUSED @ http://localhost:8512/_stcore/host-config:0
[   59720ms] [ERROR] Failed to load resource: net::ERR_CONNECTION_REFUSED @ http://localhost:8512/_stcore/health:0
[   59721ms] [ERROR] Client Error in reaching server endpoint - No response received when attempting to reach /_stcore/health @ http://localhost:8512/static/js/index.k-9rUdPI.js:19
[   59721ms] [ERROR] Is Streamlit still running? If you accidentally stopped Streamlit, just restart it in your terminal: @ http://localhost:8512/static/js/index.k-9rUdPI.js:24
[   59721ms] [ERROR] Failed to load resource: net::ERR_CONNECTION_REFUSED @ http://localhost:8512/_stcore/host-config:0
[   61726ms] [ERROR] Failed to load resource: net::ERR_CONNECTION_REFUSED @ http://localhost:8512/_stcore/health:0
[   61726ms] [ERROR] Client Error in reaching server endpoint - No response received when attempting to reach /_stcore/health @ http://localhost:8512/static/js/index.k-9rUdPI.js:19
[   61726ms] [ERROR] Is Streamlit still running? If you accidentally stopped Streamlit, just restart it in your terminal: @ http://localhost:8512/static/js/index.k-9rUdPI.js:24
[   61727ms] [ERROR] Failed to load resource: net::ERR_CONNECTION_REFUSED @ http://localhost:8512/_stcore/host-config:0
[   63732ms] [ERROR] Failed to load resource: net::ERR_CONNECTION_REFUSED @ http://localhost:8512/_stcore/health:0
[   63732ms] [ERROR] Client Error in reaching server endpoint - No response received when attempting to reach /_stcore/health @ http://localhost:8512/static/js/index.k-9rUdPI.js:19
[   63733ms] [ERROR] Is Streamlit still running? If you accidentally stopped Streamlit, just restart it in your terminal: @ http://localhost:8512/static/js/index.k-9rUdPI.js:24
[   63733ms] [ERROR] Failed to load resource: net::ERR_CONNECTION_REFUSED @ http://localhost:8512/_stcore/host-config:0
[   65739ms] [ERROR] Failed to load resource: net::ERR_CONNECTION_REFUSED @ http://localhost:8512/_stcore/health:0
[   65739ms] [ERROR] Client Error in reaching server endpoint - No response received when attempting to reach /_stcore/health @ http://localhost:8512/static/js/index.k-9rUdPI.js:19
[   65739ms] [ERROR] Is Streamlit still running? If you accidentally stopped Streamlit, just restart it in your terminal: @ http://localhost:8512/static/js/index.k-9rUdPI.js:24
[   65740ms] [ERROR] Failed to load resource: net::ERR_CONNECTION_REFUSED @ http://localhost:8512/_stcore/host-config:0
[   67744ms] [ERROR] Failed to load resource: net::ERR_CONNECTION_REFUSED @ http://localhost:8512/_stcore/health:0
[   67745ms] [ERROR] Client Error in reaching server endpoint - No response received when attempting to reach /_stcore/health @ http://localhost:8512/static/js/index.k-9rUdPI.js:19
[   67745ms] [ERROR] Is Streamlit still running? If you accidentally stopped Streamlit, just restart it in your terminal: @ http://localhost:8512/static/js/index.k-9rUdPI.js:24
[   67745ms] [ERROR] Failed to load resource: net::ERR_CONNECTION_REFUSED @ http://localhost:8512/_stcore/host-config:0
[   69751ms] [ERROR] Failed to load resource: net::ERR_CONNECTION_REFUSED @ http://localhost:8512/_stcore/health:0
[   69751ms] [ERROR] Client Error in reaching server endpoint - No response received when attempting to reach /_stcore/health @ http://localhost:8512/static/js/index.k-9rUdPI.js:19
[   69751ms] [ERROR] Is Streamlit still running? If you accidentally stopped Streamlit, just restart it in your terminal: @ http://localhost:8512/static/js/index.k-9rUdPI.js:24
[   69752ms] [ERROR] Failed to load resource: net::ERR_CONNECTION_REFUSED @ http://localhost:8512/_stcore/host-config:0
[   71756ms] [ERROR] Failed to load resource: net::ERR_CONNECTION_REFUSED @ http://localhost:8512/_stcore/health:0
[   71756ms] [ERROR] Client Error in reaching server endpoint - No response received when attempting to reach /_stcore/health @ http://localhost:8512/static/js/index.k-9rUdPI.js:19
[   71756ms] [ERROR] Is Streamlit still running? If you accidentally stopped Streamlit, just restart it in your terminal: @ http://localhost:8512/static/js/index.k-9rUdPI.js:24
[   71756ms] [ERROR] Failed to load resource: net::ERR_CONNECTION_REFUSED @ http://localhost:8512/_stcore/host-config:0
[   73761ms] [ERROR] Failed to load resource: net::ERR_CONNECTION_REFUSED @ http://localhost:8512/_stcore/health:0
[   73761ms] [ERROR] Client Error in reaching server endpoint - No response received when attempting to reach /_stcore/health @ http://localhost:8512/static/js/index.k-9rUdPI.js:19
[   73761ms] [ERROR] Is Streamlit still running? If you accidentally stopped Streamlit, just restart it in your terminal: @ http://localhost:8512/static/js/index.k-9rUdPI.js:24
[   73762ms] [ERROR] Failed to load resource: net::ERR_CONNECTION_REFUSED @ http://localhost:8512/_stcore/host-config:0
[   75767ms] [ERROR] Failed to load resource: net::ERR_CONNECTION_REFUSED @ http://localhost:8512/_stcore/health:0
[   75767ms] [ERROR] Client Error in reaching server endpoint - No response received when attempting to reach /_stcore/health @ http://localhost:8512/static/js/index.k-9rUdPI.js:19
[   75767ms] [ERROR] Is Streamlit still running? If you accidentally stopped Streamlit, just restart it in your terminal: @ http://localhost:8512/static/js/index.k-9rUdPI.js:24
[   75768ms] [ERROR] Failed to load resource: net::ERR_CONNECTION_REFUSED @ http://localhost:8512/_stcore/host-config:0
[   77773ms] [ERROR] Failed to load resource: net::ERR_CONNECTION_REFUSED @ http://localhost:8512/_stcore/health:0
[   77773ms] [ERROR] Client Error in reaching server endpoint - No response received when attempting to reach /_stcore/health @ http://localhost:8512/static/js/index.k-9rUdPI.js:19
[   77773ms] [ERROR] Is Streamlit still running? If you accidentally stopped Streamlit, just restart it in your terminal: @ http://localhost:8512/static/js/index.k-9rUdPI.js:24
[   77774ms] [ERROR] Failed to load resource: net::ERR_CONNECTION_REFUSED @ http://localhost:8512/_stcore/host-config:0
[   79779ms] [ERROR] Failed to load resource: net::ERR_CONNECTION_REFUSED @ http://localhost:8512/_stcore/health:0
[   79779ms] [ERROR] Client Error in reaching server endpoint - No response received when attempting to reach /_stcore/health @ http://localhost:8512/static/js/index.k-9rUdPI.js:19
[   79779ms] [ERROR] Is Streamlit still running? If you accidentally stopped Streamlit, just restart it in your terminal: @ http://localhost:8512/static/js/index.k-9rUdPI.js:24
[   79780ms] [ERROR] Failed to load resource: net::ERR_CONNECTION_REFUSED @ http://localhost:8512/_stcore/host-config:0
[   81786ms] [ERROR] Failed to load resource: net::ERR_CONNECTION_REFUSED @ http://localhost:8512/_stcore/health:0
[   81786ms] [ERROR] Client Error in reaching server endpoint - No response received when attempting to reach /_stcore/health @ http://localhost:8512/static/js/index.k-9rUdPI.js:19
[   81786ms] [ERROR] Is Streamlit still running? If you accidentally stopped Streamlit, just restart it in your terminal: @ http://localhost:8512/static/js/index.k-9rUdPI.js:24
[   81786ms] [ERROR] Failed to load resource: net::ERR_CONNECTION_REFUSED @ http://localhost:8512/_stcore/host-config:0
[   83792ms] [ERROR] Failed to load resource: net::ERR_CONNECTION_REFUSED @ http://localhost:8512/_stcore/health:0
[   83792ms] [ERROR] Client Error in reaching server endpoint - No response received when attempting to reach /_stcore/health @ http://localhost:8512/static/js/index.k-9rUdPI.js:19
[   83792ms] [ERROR] Is Streamlit still running? If you accidentally stopped Streamlit, just restart it in your terminal: @ http://localhost:8512/static/js/index.k-9rUdPI.js:24
[   83792ms] [ERROR] Failed to load resource: net::ERR_CONNECTION_REFUSED @ http://localhost:8512/_stcore/host-config:0
[   85797ms] [ERROR] Failed to load resource: net::ERR_CONNECTION_REFUSED @ http://localhost:8512/_stcore/health:0
[   85797ms] [ERROR] Client Error in reaching server endpoint - No response received when attempting to reach /_stcore/health @ http://localhost:8512/static/js/index.k-9rUdPI.js:19
[   85797ms] [ERROR] Is Streamlit still running? If you accidentally stopped Streamlit, just restart it in your terminal: @ http://localhost:8512/static/js/index.k-9rUdPI.js:24
[   85797ms] [ERROR] Failed to load resource: net::ERR_CONNECTION_REFUSED @ http://localhost:8512/_stcore/host-config:0
[   87801ms] [ERROR] Failed to load resource: net::ERR_CONNECTION_REFUSED @ http://localhost:8512/_stcore/health:0
[   87801ms] [ERROR] Client Error in reaching server endpoint - No response received when attempting to reach /_stcore/health @ http://localhost:8512/static/js/index.k-9rUdPI.js:19
[   87802ms] [ERROR] Is Streamlit still running? If you accidentally stopped Streamlit, just restart it in your terminal: @ http://localhost:8512/static/js/index.k-9rUdPI.js:24
[   87802ms] [ERROR] Failed to load resource: net::ERR_CONNECTION_REFUSED @ http://localhost:8512/_stcore/host-config:0
[   89807ms] [ERROR] Failed to load resource: net::ERR_CONNECTION_REFUSED @ http://localhost:8512/_stcore/health:0
[   89808ms] [ERROR] Client Error in reaching server endpoint - No response received when attempting to reach /_stcore/health @ http://localhost:8512/static/js/index.k-9rUdPI.js:19
[   89808ms] [ERROR] Is Streamlit still running? If you accidentally stopped Streamlit, just restart it in your terminal: @ http://localhost:8512/static/js/index.k-9rUdPI.js:24
[   89808ms] [ERROR] Failed to load resource: net::ERR_CONNECTION_REFUSED @ http://localhost:8512/_stcore/host-config:0
[   91812ms] [ERROR] Failed to load resource: net::ERR_CONNECTION_REFUSED @ http://localhost:8512/_stcore/health:0
[   91813ms] [ERROR] Client Error in reaching server endpoint - No response received when attempting to reach /_stcore/health @ http://localhost:8512/static/js/index.k-9rUdPI.js:19
[   91813ms] [ERROR] Is Streamlit still running? If you accidentally stopped Streamlit, just restart it in your terminal: @ http://localhost:8512/static/js/index.k-9rUdPI.js:24
[   91813ms] [ERROR] Failed to load resource: net::ERR_CONNECTION_REFUSED @ http://localhost:8512/_stcore/host-config:0
[   93817ms] [ERROR] Failed to load resource: net::ERR_CONNECTION_REFUSED @ http://localhost:8512/_stcore/health:0
[   93817ms] [ERROR] Client Error in reaching server endpoint - No response received when attempting to reach /_stcore/health @ http://localhost:8512/static/js/index.k-9rUdPI.js:19
[   93817ms] [ERROR] Is Streamlit still running? If you accidentally stopped Streamlit, just restart it in your terminal: @ http://localhost:8512/static/js/index.k-9rUdPI.js:24
[   93817ms] [ERROR] Failed to load resource: net::ERR_CONNECTION_REFUSED @ http://localhost:8512/_stcore/host-config:0
[   95823ms] [ERROR] Failed to load resource: net::ERR_CONNECTION_REFUSED @ http://localhost:8512/_stcore/health:0
[   95823ms] [ERROR] Client Error in reaching server endpoint - No response received when attempting to reach /_stcore/health @ http://localhost:8512/static/js/index.k-9rUdPI.js:19
[   95823ms] [ERROR] Is Streamlit still running? If you accidentally stopped Streamlit, just restart it in your terminal: @ http://localhost:8512/static/js/index.k-9rUdPI.js:24
[   95823ms] [ERROR] Failed to load resource: net::ERR_CONNECTION_REFUSED @ http://localhost:8512/_stcore/host-config:0
[   97828ms] [ERROR] Failed to load resource: net::ERR_CONNECTION_REFUSED @ http://localhost:8512/_stcore/health:0
[   97829ms] [ERROR] Client Error in reaching server endpoint - No response received when attempting to reach /_stcore/health @ http://localhost:8512/static/js/index.k-9rUdPI.js:19
[   97829ms] [ERROR] Is Streamlit still running? If you accidentally stopped Streamlit, just restart it in your terminal: @ http://localhost:8512/static/js/index.k-9rUdPI.js:24
[   97829ms] [ERROR] Failed to load resource: net::ERR_CONNECTION_REFUSED @ http://localhost:8512/_stcore/host-config:0
[   99835ms] [ERROR] Failed to load resource: net::ERR_CONNECTION_REFUSED @ http://localhost:8512/_stcore/health:0
[   99835ms] [ERROR] Client Error in reaching server endpoint - No response received when attempting to reach /_stcore/health @ http://localhost:8512/static/js/index.k-9rUdPI.js:19
[   99835ms] [ERROR] Is Streamlit still running? If you accidentally stopped Streamlit, just restart it in your terminal: @ http://localhost:8512/static/js/index.k-9rUdPI.js:24
[   99836ms] [ERROR] Failed to load resource: net::ERR_CONNECTION_REFUSED @ http://localhost:8512/_stcore/host-config:0
[  101842ms] [ERROR] Failed to load resource: net::ERR_CONNECTION_REFUSED @ http://localhost:8512/_stcore/health:0
[  101842ms] [ERROR] Client Error in reaching server endpoint - No response received when attempting to reach /_stcore/health @ http://localhost:8512/static/js/index.k-9rUdPI.js:19
[  101842ms] [ERROR] Is Streamlit still running? If you accidentally stopped Streamlit, just restart it in your terminal: @ http://localhost:8512/static/js/index.k-9rUdPI.js:24
[  101842ms] [ERROR] Failed to load resource: net::ERR_CONNECTION_REFUSED @ http://localhost:8512/_stcore/host-config:0
[  103847ms] [ERROR] Failed to load resource: net::ERR_CONNECTION_REFUSED @ http://localhost:8512/_stcore/health:0
[  103848ms] [ERROR] Client Error in reaching server endpoint - No response received when attempting to reach /_stcore/health @ http://localhost:8512/static/js/index.k-9rUdPI.js:19
[  103848ms] [ERROR] Is Streamlit still running? If you accidentally stopped Streamlit, just restart it in your terminal: @ http://localhost:8512/static/js/index.k-9rUdPI.js:24
[  103848ms] [ERROR] Failed to load resource: net::ERR_CONNECTION_REFUSED @ http://localhost:8512/_stcore/host-config:0
[  105854ms] [ERROR] Failed to load resource: net::ERR_CONNECTION_REFUSED @ http://localhost:8512/_stcore/health:0
[  105854ms] [ERROR] Client Error in reaching server endpoint - No response received when attempting to reach /_stcore/health @ http://localhost:8512/static/js/index.k-9rUdPI.js:19
[  105854ms] [ERROR] Is Streamlit still running? If you accidentally stopped Streamlit, just restart it in your terminal: @ http://localhost:8512/static/js/index.k-9rUdPI.js:24
[  105855ms] [ERROR] Failed to load resource: net::ERR_CONNECTION_REFUSED @ http://localhost:8512/_stcore/host-config:0
[  107861ms] [ERROR] Failed to load resource: net::ERR_CONNECTION_REFUSED @ http://localhost:8512/_stcore/health:0
[  107861ms] [ERROR] Client Error in reaching server endpoint - No response received when attempting to reach /_stcore/health @ http://localhost:8512/static/js/index.k-9rUdPI.js:19
[  107861ms] [ERROR] Is Streamlit still running? If you accidentally stopped Streamlit, just restart it in your terminal: @ http://localhost:8512/static/js/index.k-9rUdPI.js:24
[  107861ms] [ERROR] Failed to load resource: net::ERR_CONNECTION_REFUSED @ http://localhost:8512/_stcore/host-config:0
[  109866ms] [ERROR] Failed to load resource: net::ERR_CONNECTION_REFUSED @ http://localhost:8512/_stcore/health:0
[  109867ms] [ERROR] Client Error in reaching server endpoint - No response received when attempting to reach /_stcore/health @ http://localhost:8512/static/js/index.k-9rUdPI.js:19
[  109867ms] [ERROR] Is Streamlit still running? If you accidentally stopped Streamlit, just restart it in your terminal: @ http://localhost:8512/static/js/index.k-9rUdPI.js:24
[  109867ms] [ERROR] Failed to load resource: net::ERR_CONNECTION_REFUSED @ http://localhost:8512/_stcore/host-config:0
[  111873ms] [ERROR] Failed to load resource: net::ERR_CONNECTION_REFUSED @ http://localhost:8512/_stcore/health:0
[  111873ms] [ERROR] Client Error in reaching server endpoint - No response received when attempting to reach /_stcore/health @ http://localhost:8512/static/js/index.k-9rUdPI.js:19
[  111873ms] [ERROR] Is Streamlit still running? If you accidentally stopped Streamlit, just restart it in your terminal: @ http://localhost:8512/static/js/index.k-9rUdPI.js:24
[  111873ms] [ERROR] Failed to load resource: net::ERR_CONNECTION_REFUSED @ http://localhost:8512/_stcore/host-config:0
[  113879ms] [ERROR] Failed to load resource: net::ERR_CONNECTION_REFUSED @ http://localhost:8512/_stcore/health:0
[  113879ms] [ERROR] Client Error in reaching server endpoint - No response received when attempting to reach /_stcore/health @ http://localhost:8512/static/js/index.k-9rUdPI.js:19
[  113880ms] [ERROR] Is Streamlit still running? If you accidentally stopped Streamlit, just restart it in your terminal: @ http://localhost:8512/static/js/index.k-9rUdPI.js:24
[  113880ms] [ERROR] Failed to load resource: net::ERR_CONNECTION_REFUSED @ http://localhost:8512/_stcore/host-config:0
[  115885ms] [ERROR] Failed to load resource: net::ERR_CONNECTION_REFUSED @ http://localhost:8512/_stcore/health:0
[  115885ms] [ERROR] Client Error in reaching server endpoint - No response received when attempting to reach /_stcore/health @ http://localhost:8512/static/js/index.k-9rUdPI.js:19
[  115885ms] [ERROR] Is Streamlit still running? If you accidentally stopped Streamlit, just restart it in your terminal: @ http://localhost:8512/static/js/index.k-9rUdPI.js:24
[  115885ms] [ERROR] Failed to load resource: net::ERR_CONNECTION_REFUSED @ http://localhost:8512/_stcore/host-config:0
[  117889ms] [ERROR] Failed to load resource: net::ERR_CONNECTION_REFUSED @ http://localhost:8512/_stcore/health:0
[  117889ms] [ERROR] Client Error in reaching server endpoint - No response received when attempting to reach /_stcore/health @ http://localhost:8512/static/js/index.k-9rUdPI.js:19
[  117890ms] [ERROR] Is Streamlit still running? If you accidentally stopped Streamlit, just restart it in your terminal: @ http://localhost:8512/static/js/index.k-9rUdPI.js:24
[  117890ms] [ERROR] Failed to load resource: net::ERR_CONNECTION_REFUSED @ http://localhost:8512/_stcore/host-config:0
[  119894ms] [ERROR] Failed to load resource: net::ERR_CONNECTION_REFUSED @ http://localhost:8512/_stcore/health:0
[  119894ms] [ERROR] Client Error in reaching server endpoint - No response received when attempting to reach /_stcore/health @ http://localhost:8512/static/js/index.k-9rUdPI.js:19
[  119895ms] [ERROR] Is Streamlit still running? If you accidentally stopped Streamlit, just restart it in your terminal: @ http://localhost:8512/static/js/index.k-9rUdPI.js:24
[  119895ms] [ERROR] Failed to load resource: net::ERR_CONNECTION_REFUSED @ http://localhost:8512/_stcore/host-config:0
[  121900ms] [ERROR] Failed to load resource: net::ERR_CONNECTION_REFUSED @ http://localhost:8512/_stcore/health:0
[  121900ms] [ERROR] Client Error in reaching server endpoint - No response received when attempting to reach /_stcore/health @ http://localhost:8512/static/js/index.k-9rUdPI.js:19
[  121900ms] [ERROR] Is Streamlit still running? If you accidentally stopped Streamlit, just restart it in your terminal: @ http://localhost:8512/static/js/index.k-9rUdPI.js:24
[  121901ms] [ERROR] Failed to load resource: net::ERR_CONNECTION_REFUSED @ http://localhost:8512/_stcore/host-config:0
[  123905ms] [ERROR] Failed to load resource: net::ERR_CONNECTION_REFUSED @ http://localhost:8512/_stcore/health:0
[  123905ms] [ERROR] Client Error in reaching server endpoint - No response received when attempting to reach /_stcore/health @ http://localhost:8512/static/js/index.k-9rUdPI.js:19
[  123906ms] [ERROR] Is Streamlit still running? If you accidentally stopped Streamlit, just restart it in your terminal: @ http://localhost:8512/static/js/index.k-9rUdPI.js:24
[  123906ms] [ERROR] Failed to load resource: net::ERR_CONNECTION_REFUSED @ http://localhost:8512/_stcore/host-config:0
[  125912ms] [ERROR] Failed to load resource: net::ERR_CONNECTION_REFUSED @ http://localhost:8512/_stcore/health:0
[  125912ms] [ERROR] Client Error in reaching server endpoint - No response received when attempting to reach /_stcore/health @ http://localhost:8512/static/js/index.k-9rUdPI.js:19
[  125913ms] [ERROR] Is Streamlit still running? If you accidentally stopped Streamlit, just restart it in your terminal: @ http://localhost:8512/static/js/index.k-9rUdPI.js:24
[  125913ms] [ERROR] Failed to load resource: net::ERR_CONNECTION_REFUSED @ http://localhost:8512/_stcore/host-config:0
[  127918ms] [ERROR] Failed to load resource: net::ERR_CONNECTION_REFUSED @ http://localhost:8512/_stcore/health:0
[  127918ms] [ERROR] Client Error in reaching server endpoint - No response received when attempting to reach /_stcore/health @ http://localhost:8512/static/js/index.k-9rUdPI.js:19
[  127919ms] [ERROR] Is Streamlit still running? If you accidentally stopped Streamlit, just restart it in your terminal: @ http://localhost:8512/static/js/index.k-9rUdPI.js:24
[  127919ms] [ERROR] Failed to load resource: net::ERR_CONNECTION_REFUSED @ http://localhost:8512/_stcore/host-config:0
[  129924ms] [ERROR] Failed to load resource: net::ERR_CONNECTION_REFUSED @ http://localhost:8512/_stcore/health:0
[  129925ms] [ERROR] Client Error in reaching server endpoint - No response received when attempting to reach /_stcore/health @ http://localhost:8512/static/js/index.k-9rUdPI.js:19
[  129925ms] [ERROR] Is Streamlit still running? If you accidentally stopped Streamlit, just restart it in your terminal: @ http://localhost:8512/static/js/index.k-9rUdPI.js:24
[  129925ms] [ERROR] Failed to load resource: net::ERR_CONNECTION_REFUSED @ http://localhost:8512/_stcore/host-config:0
[  131931ms] [ERROR] Failed to load resource: net::ERR_CONNECTION_REFUSED @ http://localhost:8512/_stcore/health:0
[  131931ms] [ERROR] Client Error in reaching server endpoint - No response received when attempting to reach /_stcore/health @ http://localhost:8512/static/js/index.k-9rUdPI.js:19
[  131931ms] [ERROR] Is Streamlit still running? If you accidentally stopped Streamlit, just restart it in your terminal: @ http://localhost:8512/static/js/index.k-9rUdPI.js:24
[  131932ms] [ERROR] Failed to load resource: net::ERR_CONNECTION_REFUSED @ http://localhost:8512/_stcore/host-config:0
[  133937ms] [ERROR] Failed to load resource: net::ERR_CONNECTION_REFUSED @ http://localhost:8512/_stcore/health:0
[  133937ms] [ERROR] Client Error in reaching server endpoint - No response received when attempting to reach /_stcore/health @ http://localhost:8512/static/js/index.k-9rUdPI.js:19
[  133938ms] [ERROR] Is Streamlit still running? If you accidentally stopped Streamlit, just restart it in your terminal: @ http://localhost:8512/static/js/index.k-9rUdPI.js:24
[  133938ms] [ERROR] Failed to load resource: net::ERR_CONNECTION_REFUSED @ http://localhost:8512/_stcore/host-config:0
[  135942ms] [ERROR] Failed to load resource: net::ERR_CONNECTION_REFUSED @ http://localhost:8512/_stcore/health:0
[  135942ms] [ERROR] Client Error in reaching server endpoint - No response received when attempting to reach /_stcore/health @ http://localhost:8512/static/js/index.k-9rUdPI.js:19
[  135943ms] [ERROR] Is Streamlit still running? If you accidentally stopped Streamlit, just restart it in your terminal: @ http://localhost:8512/static/js/index.k-9rUdPI.js:24
[  135943ms] [ERROR] Failed to load resource: net::ERR_CONNECTION_REFUSED @ http://localhost:8512/_stcore/host-config:0
[  137948ms] [ERROR] Failed to load resource: net::ERR_CONNECTION_REFUSED @ http://localhost:8512/_stcore/health:0
[  137948ms] [ERROR] Client Error in reaching server endpoint - No response received when attempting to reach /_stcore/health @ http://localhost:8512/static/js/index.k-9rUdPI.js:19
[  137948ms] [ERROR] Is Streamlit still running? If you accidentally stopped Streamlit, just restart it in your terminal: @ http://localhost:8512/static/js/index.k-9rUdPI.js:24
[  137949ms] [ERROR] Failed to load resource: net::ERR_CONNECTION_REFUSED @ http://localhost:8512/_stcore/host-config:0
[  139953ms] [ERROR] Failed to load resource: net::ERR_CONNECTION_REFUSED @ http://localhost:8512/_stcore/health:0
[  139953ms] [ERROR] Client Error in reaching server endpoint - No response received when attempting to reach /_stcore/health @ http://localhost:8512/static/js/index.k-9rUdPI.js:19
[  139954ms] [ERROR] Is Streamlit still running? If you accidentally stopped Streamlit, just restart it in your terminal: @ http://localhost:8512/static/js/index.k-9rUdPI.js:24
[  139954ms] [ERROR] Failed to load resource: net::ERR_CONNECTION_REFUSED @ http://localhost:8512/_stcore/host-config:0
[  141960ms] [ERROR] Failed to load resource: net::ERR_CONNECTION_REFUSED @ http://localhost:8512/_stcore/health:0
[  141960ms] [ERROR] Client Error in reaching server endpoint - No response received when attempting to reach /_stcore/health @ http://localhost:8512/static/js/index.k-9rUdPI.js:19
[  141960ms] [ERROR] Is Streamlit still running? If you accidentally stopped Streamlit, just restart it in your terminal: @ http://localhost:8512/static/js/index.k-9rUdPI.js:24
[  141960ms] [ERROR] Failed to load resource: net::ERR_CONNECTION_REFUSED @ http://localhost:8512/_stcore/host-config:0
[  143965ms] [ERROR] Failed to load resource: net::ERR_CONNECTION_REFUSED @ http://localhost:8512/_stcore/health:0
[  143965ms] [ERROR] Client Error in reaching server endpoint - No response received when attempting to reach /_stcore/health @ http://localhost:8512/static/js/index.k-9rUdPI.js:19
[  143965ms] [ERROR] Is Streamlit still running? If you accidentally stopped Streamlit, just restart it in your terminal: @ http://localhost:8512/static/js/index.k-9rUdPI.js:24
[  143966ms] [ERROR] Failed to load resource: net::ERR_CONNECTION_REFUSED @ http://localhost:8512/_stcore/host-config:0
[  145970ms] [ERROR] Failed to load resource: net::ERR_CONNECTION_REFUSED @ http://localhost:8512/_stcore/health:0
[  145970ms] [ERROR] Client Error in reaching server endpoint - No response received when attempting to reach /_stcore/health @ http://localhost:8512/static/js/index.k-9rUdPI.js:19
[  145971ms] [ERROR] Is Streamlit still running? If you accidentally stopped Streamlit, just restart it in your terminal: @ http://localhost:8512/static/js/index.k-9rUdPI.js:24
[  145971ms] [ERROR] Failed to load resource: net::ERR_CONNECTION_REFUSED @ http://localhost:8512/_stcore/host-config:0
[  147975ms] [ERROR] Failed to load resource: net::ERR_CONNECTION_REFUSED @ http://localhost:8512/_stcore/health:0
[  147975ms] [ERROR] Client Error in reaching server endpoint - No response received when attempting to reach /_stcore/health @ http://localhost:8512/static/js/index.k-9rUdPI.js:19
[  147976ms] [ERROR] Is Streamlit still running? If you accidentally stopped Streamlit, just restart it in your terminal: @ http://localhost:8512/static/js/index.k-9rUdPI.js:24
[  147976ms] [ERROR] Failed to load resource: net::ERR_CONNECTION_REFUSED @ http://localhost:8512/_stcore/host-config:0
[  149982ms] [ERROR] Failed to load resource: net::ERR_CONNECTION_REFUSED @ http://localhost:8512/_stcore/health:0
[  149982ms] [ERROR] Client Error in reaching server endpoint - No response received when attempting to reach /_stcore/health @ http://localhost:8512/static/js/index.k-9rUdPI.js:19
[  149982ms] [ERROR] Is Streamlit still running? If you accidentally stopped Streamlit, just restart it in your terminal: @ http://localhost:8512/static/js/index.k-9rUdPI.js:24
[  149982ms] [ERROR] Failed to load resource: net::ERR_CONNECTION_REFUSED @ http://localhost:8512/_stcore/host-config:0
[  151986ms] [ERROR] Failed to load resource: net::ERR_CONNECTION_REFUSED @ http://localhost:8512/_stcore/health:0
[  151987ms] [ERROR] Client Error in reaching server endpoint - No response received when attempting to reach /_stcore/health @ http://localhost:8512/static/js/index.k-9rUdPI.js:19
[  151987ms] [ERROR] Is Streamlit still running? If you accidentally stopped Streamlit, just restart it in your terminal: @ http://localhost:8512/static/js/index.k-9rUdPI.js:24
[  151987ms] [ERROR] Failed to load resource: net::ERR_CONNECTION_REFUSED @ http://localhost:8512/_stcore/host-config:0
[  153992ms] [ERROR] Failed to load resource: net::ERR_CONNECTION_REFUSED @ http://localhost:8512/_stcore/health:0
[  153992ms] [ERROR] Client Error in reaching server endpoint - No response received when attempting to reach /_stcore/health @ http://localhost:8512/static/js/index.k-9rUdPI.js:19
[  153992ms] [ERROR] Is Streamlit still running? If you accidentally stopped Streamlit, just restart it in your terminal: @ http://localhost:8512/static/js/index.k-9rUdPI.js:24
[  153993ms] [ERROR] Failed to load resource: net::ERR_CONNECTION_REFUSED @ http://localhost:8512/_stcore/host-config:0
[  155999ms] [ERROR] Failed to load resource: net::ERR_CONNECTION_REFUSED @ http://localhost:8512/_stcore/health:0
[  155999ms] [ERROR] Client Error in reaching server endpoint - No response received when attempting to reach /_stcore/health @ http://localhost:8512/static/js/index.k-9rUdPI.js:19
[  155999ms] [ERROR] Is Streamlit still running? If you accidentally stopped Streamlit, just restart it in your terminal: @ http://localhost:8512/static/js/index.k-9rUdPI.js:24
[  156000ms] [ERROR] Failed to load resource: net::ERR_CONNECTION_REFUSED @ http://localhost:8512/_stcore/host-config:0
[  158004ms] [ERROR] Failed to load resource: net::ERR_CONNECTION_REFUSED @ http://localhost:8512/_stcore/health:0
[  158005ms] [ERROR] Client Error in reaching server endpoint - No response received when attempting to reach /_stcore/health @ http://localhost:8512/static/js/index.k-9rUdPI.js:19
[  158005ms] [ERROR] Is Streamlit still running? If you accidentally stopped Streamlit, just restart it in your terminal: @ http://localhost:8512/static/js/index.k-9rUdPI.js:24
[  158005ms] [ERROR] Failed to load resource: net::ERR_CONNECTION_REFUSED @ http://localhost:8512/_stcore/host-config:0
[  160010ms] [ERROR] Failed to load resource: net::ERR_CONNECTION_REFUSED @ http://localhost:8512/_stcore/health:0
[  160010ms] [ERROR] Client Error in reaching server endpoint - No response received when attempting to reach /_stcore/health @ http://localhost:8512/static/js/index.k-9rUdPI.js:19
[  160010ms] [ERROR] Is Streamlit still running? If you accidentally stopped Streamlit, just restart it in your terminal: @ http://localhost:8512/static/js/index.k-9rUdPI.js:24
[  160010ms] [ERROR] Failed to load resource: net::ERR_CONNECTION_REFUSED @ http://localhost:8512/_stcore/host-config:0
[  162016ms] [ERROR] Failed to load resource: net::ERR_CONNECTION_REFUSED @ http://localhost:8512/_stcore/health:0
[  162016ms] [ERROR] Client Error in reaching server endpoint - No response received when attempting to reach /_stcore/health @ http://localhost:8512/static/js/index.k-9rUdPI.js:19
[  162016ms] [ERROR] Is Streamlit still running? If you accidentally stopped Streamlit, just restart it in your terminal: @ http://localhost:8512/static/js/index.k-9rUdPI.js:24
[  162016ms] [ERROR] Failed to load resource: net::ERR_CONNECTION_REFUSED @ http://localhost:8512/_stcore/host-config:0
[  164022ms] [ERROR] Failed to load resource: net::ERR_CONNECTION_REFUSED @ http://localhost:8512/_stcore/health:0
[  164022ms] [ERROR] Client Error in reaching server endpoint - No response received when attempting to reach /_stcore/health @ http://localhost:8512/static/js/index.k-9rUdPI.js:19
[  164022ms] [ERROR] Is Streamlit still running? If you accidentally stopped Streamlit, just restart it in your terminal: @ http://localhost:8512/static/js/index.k-9rUdPI.js:24
[  164022ms] [ERROR] Failed to load resource: net::ERR_CONNECTION_REFUSED @ http://localhost:8512/_stcore/host-config:0
[  166027ms] [ERROR] Failed to load resource: net::ERR_CONNECTION_REFUSED @ http://localhost:8512/_stcore/health:0
[  166027ms] [ERROR] Client Error in reaching server endpoint - No response received when attempting to reach /_stcore/health @ http://localhost:8512/static/js/index.k-9rUdPI.js:19
[  166028ms] [ERROR] Is Streamlit still running? If you accidentally stopped Streamlit, just restart it in your terminal: @ http://localhost:8512/static/js/index.k-9rUdPI.js:24
[  166028ms] [ERROR] Failed to load resource: net::ERR_CONNECTION_REFUSED @ http://localhost:8512/_stcore/host-config:0
[  168033ms] [ERROR] Failed to load resource: net::ERR_CONNECTION_REFUSED @ http://localhost:8512/_stcore/health:0
[  168034ms] [ERROR] Client Error in reaching server endpoint - No response received when attempting to reach /_stcore/health @ http://localhost:8512/static/js/index.k-9rUdPI.js:19
[  168034ms] [ERROR] Is Streamlit still running? If you accidentally stopped Streamlit, just restart it in your terminal: @ http://localhost:8512/static/js/index.k-9rUdPI.js:24
[  168034ms] [ERROR] Failed to load resource: net::ERR_CONNECTION_REFUSED @ http://localhost:8512/_stcore/host-config:0
[  170038ms] [ERROR] Failed to load resource: net::ERR_CONNECTION_REFUSED @ http://localhost:8512/_stcore/health:0
[  170038ms] [ERROR] Client Error in reaching server endpoint - No response received when attempting to reach /_stcore/health @ http://localhost:8512/static/js/index.k-9rUdPI.js:19
[  170038ms] [ERROR] Is Streamlit still running? If you accidentally stopped Streamlit, just restart it in your terminal: @ http://localhost:8512/static/js/index.k-9rUdPI.js:24
[  170039ms] [ERROR] Failed to load resource: net::ERR_CONNECTION_REFUSED @ http://localhost:8512/_stcore/host-config:0
[  172044ms] [ERROR] Failed to load resource: net::ERR_CONNECTION_REFUSED @ http://localhost:8512/_stcore/health:0
[  172045ms] [ERROR] Client Error in reaching server endpoint - No response received when attempting to reach /_stcore/health @ http://localhost:8512/static/js/index.k-9rUdPI.js:19
[  172045ms] [ERROR] Is Streamlit still running? If you accidentally stopped Streamlit, just restart it in your terminal: @ http://localhost:8512/static/js/index.k-9rUdPI.js:24
[  172045ms] [ERROR] Failed to load resource: net::ERR_CONNECTION_REFUSED @ http://localhost:8512/_stcore/host-config:0
[  174050ms] [ERROR] Failed to load resource: net::ERR_CONNECTION_REFUSED @ http://localhost:8512/_stcore/health:0
[  174050ms] [ERROR] Client Error in reaching server endpoint - No response received when attempting to reach /_stcore/health @ http://localhost:8512/static/js/index.k-9rUdPI.js:19
[  174051ms] [ERROR] Is Streamlit still running? If you accidentally stopped Streamlit, just restart it in your terminal: @ http://localhost:8512/static/js/index.k-9rUdPI.js:24
[  174051ms] [ERROR] Failed to load resource: net::ERR_CONNECTION_REFUSED @ http://localhost:8512/_stcore/host-config:0
[  176057ms] [ERROR] Failed to load resource: net::ERR_CONNECTION_REFUSED @ http://localhost:8512/_stcore/health:0
[  176057ms] [ERROR] Client Error in reaching server endpoint - No response received when attempting to reach /_stcore/health @ http://localhost:8512/static/js/index.k-9rUdPI.js:19
[  176057ms] [ERROR] Is Streamlit still running? If you accidentally stopped Streamlit, just restart it in your terminal: @ http://localhost:8512/static/js/index.k-9rUdPI.js:24
[  176057ms] [ERROR] Failed to load resource: net::ERR_CONNECTION_REFUSED @ http://localhost:8512/_stcore/host-config:0
[  178061ms] [ERROR] Failed to load resource: net::ERR_CONNECTION_REFUSED @ http://localhost:8512/_stcore/health:0
[  178061ms] [ERROR] Client Error in reaching server endpoint - No response received when attempting to reach /_stcore/health @ http://localhost:8512/static/js/index.k-9rUdPI.js:19
[  178061ms] [ERROR] Is Streamlit still running? If you accidentally stopped Streamlit, just restart it in your terminal: @ http://localhost:8512/static/js/index.k-9rUdPI.js:24
[  178061ms] [ERROR] Failed to load resource: net::ERR_CONNECTION_REFUSED @ http://localhost:8512/_stcore/host-config:0
[  180067ms] [ERROR] Failed to load resource: net::ERR_CONNECTION_REFUSED @ http://localhost:8512/_stcore/health:0
[  180067ms] [ERROR] Client Error in reaching server endpoint - No response received when attempting to reach /_stcore/health @ http://localhost:8512/static/js/index.k-9rUdPI.js:19
[  180067ms] [ERROR] Is Streamlit still running? If you accidentally stopped Streamlit, just restart it in your terminal: @ http://localhost:8512/static/js/index.k-9rUdPI.js:24
[  180068ms] [ERROR] Failed to load resource: net::ERR_CONNECTION_REFUSED @ http://localhost:8512/_stcore/host-config:0
[  182074ms] [ERROR] Failed to load resource: net::ERR_CONNECTION_REFUSED @ http://localhost:8512/_stcore/health:0
[  182074ms] [ERROR] Client Error in reaching server endpoint - No response received when attempting to reach /_stcore/health @ http://localhost:8512/static/js/index.k-9rUdPI.js:19
[  182075ms] [ERROR] Is Streamlit still running? If you accidentally stopped Streamlit, just restart it in your terminal: @ http://localhost:8512/static/js/index.k-9rUdPI.js:24
[  182075ms] [ERROR] Failed to load resource: net::ERR_CONNECTION_REFUSED @ http://localhost:8512/_stcore/host-config:0
[  184078ms] [ERROR] Failed to load resource: net::ERR_CONNECTION_REFUSED @ http://localhost:8512/_stcore/health:0
[  184078ms] [ERROR] Client Error in reaching server endpoint - No response received when attempting to reach /_stcore/health @ http://localhost:8512/static/js/index.k-9rUdPI.js:19
[  184078ms] [ERROR] Is Streamlit still running? If you accidentally stopped Streamlit, just restart it in your terminal: @ http://localhost:8512/static/js/index.k-9rUdPI.js:24
[  184078ms] [ERROR] Failed to load resource: net::ERR_CONNECTION_REFUSED @ http://localhost:8512/_stcore/host-config:0
[  186084ms] [ERROR] Failed to load resource: net::ERR_CONNECTION_REFUSED @ http://localhost:8512/_stcore/health:0
[  186084ms] [ERROR] Client Error in reaching server endpoint - No response received when attempting to reach /_stcore/health @ http://localhost:8512/static/js/index.k-9rUdPI.js:19
[  186085ms] [ERROR] Is Streamlit still running? If you accidentally stopped Streamlit, just restart it in your terminal: @ http://localhost:8512/static/js/index.k-9rUdPI.js:24
[  186085ms] [ERROR] Failed to load resource: net::ERR_CONNECTION_REFUSED @ http://localhost:8512/_stcore/host-config:0
[  188090ms] [ERROR] Failed to load resource: net::ERR_CONNECTION_REFUSED @ http://localhost:8512/_stcore/health:0
[  188090ms] [ERROR] Client Error in reaching server endpoint - No response received when attempting to reach /_stcore/health @ http://localhost:8512/static/js/index.k-9rUdPI.js:19
[  188090ms] [ERROR] Is Streamlit still running? If you accidentally stopped Streamlit, just restart it in your terminal: @ http://localhost:8512/static/js/index.k-9rUdPI.js:24
[  188090ms] [ERROR] Failed to load resource: net::ERR_CONNECTION_REFUSED @ http://localhost:8512/_stcore/host-config:0
[  190095ms] [ERROR] Failed to load resource: net::ERR_CONNECTION_REFUSED @ http://localhost:8512/_stcore/health:0
[  190096ms] [ERROR] Client Error in reaching server endpoint - No response received when attempting to reach /_stcore/health @ http://localhost:8512/static/js/index.k-9rUdPI.js:19
[  190096ms] [ERROR] Is Streamlit still running? If you accidentally stopped Streamlit, just restart it in your terminal: @ http://localhost:8512/static/js/index.k-9rUdPI.js:24
[  190096ms] [ERROR] Failed to load resource: net::ERR_CONNECTION_REFUSED @ http://localhost:8512/_stcore/host-config:0
[  192101ms] [ERROR] Failed to load resource: net::ERR_CONNECTION_REFUSED @ http://localhost:8512/_stcore/health:0
[  192101ms] [ERROR] Client Error in reaching server endpoint - No response received when attempting to reach /_stcore/health @ http://localhost:8512/static/js/index.k-9rUdPI.js:19
[  192101ms] [ERROR] Is Streamlit still running? If you accidentally stopped Streamlit, just restart it in your terminal: @ http://localhost:8512/static/js/index.k-9rUdPI.js:24
[  192102ms] [ERROR] Failed to load resource: net::ERR_CONNECTION_REFUSED @ http://localhost:8512/_stcore/host-config:0
[  194106ms] [ERROR] Failed to load resource: net::ERR_CONNECTION_REFUSED @ http://localhost:8512/_stcore/health:0
[  194107ms] [ERROR] Client Error in reaching server endpoint - No response received when attempting to reach /_stcore/health @ http://localhost:8512/static/js/index.k-9rUdPI.js:19
[  194107ms] [ERROR] Is Streamlit still running? If you accidentally stopped Streamlit, just restart it in your terminal: @ http://localhost:8512/static/js/index.k-9rUdPI.js:24
[  194107ms] [ERROR] Failed to load resource: net::ERR_CONNECTION_REFUSED @ http://localhost:8512/_stcore/host-config:0
[  196112ms] [ERROR] Failed to load resource: net::ERR_CONNECTION_REFUSED @ http://localhost:8512/_stcore/health:0
[  196112ms] [ERROR] Client Error in reaching server endpoint - No response received when attempting to reach /_stcore/health @ http://localhost:8512/static/js/index.k-9rUdPI.js:19
[  196113ms] [ERROR] Is Streamlit still running? If you accidentally stopped Streamlit, just restart it in your terminal: @ http://localhost:8512/static/js/index.k-9rUdPI.js:24
[  196113ms] [ERROR] Failed to load resource: net::ERR_CONNECTION_REFUSED @ http://localhost:8512/_stcore/host-config:0
[  198117ms] [ERROR] Failed to load resource: net::ERR_CONNECTION_REFUSED @ http://localhost:8512/_stcore/health:0
[  198117ms] [ERROR] Client Error in reaching server endpoint - No response received when attempting to reach /_stcore/health @ http://localhost:8512/static/js/index.k-9rUdPI.js:19
[  198117ms] [ERROR] Is Streamlit still running? If you accidentally stopped Streamlit, just restart it in your terminal: @ http://localhost:8512/static/js/index.k-9rUdPI.js:24
[  198118ms] [ERROR] Failed to load resource: net::ERR_CONNECTION_REFUSED @ http://localhost:8512/_stcore/host-config:0
[  200123ms] [ERROR] Failed to load resource: net::ERR_CONNECTION_REFUSED @ http://localhost:8512/_stcore/health:0
[  200123ms] [ERROR] Client Error in reaching server endpoint - No response received when attempting to reach /_stcore/health @ http://localhost:8512/static/js/index.k-9rUdPI.js:19
[  200124ms] [ERROR] Is Streamlit still running? If you accidentally stopped Streamlit, just restart it in your terminal: @ http://localhost:8512/static/js/index.k-9rUdPI.js:24
[  200124ms] [ERROR] Failed to load resource: net::ERR_CONNECTION_REFUSED @ http://localhost:8512/_stcore/host-config:0
[  202127ms] [ERROR] Failed to load resource: net::ERR_CONNECTION_REFUSED @ http://localhost:8512/_stcore/health:0
[  202127ms] [ERROR] Client Error in reaching server endpoint - No response received when attempting to reach /_stcore/health @ http://localhost:8512/static/js/index.k-9rUdPI.js:19
[  202127ms] [ERROR] Is Streamlit still running? If you accidentally stopped Streamlit, just restart it in your terminal: @ http://localhost:8512/static/js/index.k-9rUdPI.js:24
[  202128ms] [ERROR] Failed to load resource: net::ERR_CONNECTION_REFUSED @ http://localhost:8512/_stcore/host-config:0
[  204133ms] [ERROR] Failed to load resource: net::ERR_CONNECTION_REFUSED @ http://localhost:8512/_stcore/health:0
[  204133ms] [ERROR] Client Error in reaching server endpoint - No response received when attempting to reach /_stcore/health @ http://localhost:8512/static/js/index.k-9rUdPI.js:19
[  204133ms] [ERROR] Is Streamlit still running? If you accidentally stopped Streamlit, just restart it in your terminal: @ http://localhost:8512/static/js/index.k-9rUdPI.js:24
[  204134ms] [ERROR] Failed to load resource: net::ERR_CONNECTION_REFUSED @ http://localhost:8512/_stcore/host-config:0
[  206138ms] [ERROR] Failed to load resource: net::ERR_CONNECTION_REFUSED @ http://localhost:8512/_stcore/health:0
[  206138ms] [ERROR] Client Error in reaching server endpoint - No response received when attempting to reach /_stcore/health @ http://localhost:8512/static/js/index.k-9rUdPI.js:19
[  206138ms] [ERROR] Is Streamlit still running? If you accidentally stopped Streamlit, just restart it in your terminal: @ http://localhost:8512/static/js/index.k-9rUdPI.js:24
[  206139ms] [ERROR] Failed to load resource: net::ERR_CONNECTION_REFUSED @ http://localhost:8512/_stcore/host-config:0
[  208145ms] [ERROR] Failed to load resource: net::ERR_CONNECTION_REFUSED @ http://localhost:8512/_stcore/health:0
[  208145ms] [ERROR] Client Error in reaching server endpoint - No response received when attempting to reach /_stcore/health @ http://localhost:8512/static/js/index.k-9rUdPI.js:19
[  208145ms] [ERROR] Is Streamlit still running? If you accidentally stopped Streamlit, just restart it in your terminal: @ http://localhost:8512/static/js/index.k-9rUdPI.js:24
[  208145ms] [ERROR] Failed to load resource: net::ERR_CONNECTION_REFUSED @ http://localhost:8512/_stcore/host-config:0
[  210151ms] [ERROR] Failed to load resource: net::ERR_CONNECTION_REFUSED @ http://localhost:8512/_stcore/health:0
[  210151ms] [ERROR] Client Error in reaching server endpoint - No response received when attempting to reach /_stcore/health @ http://localhost:8512/static/js/index.k-9rUdPI.js:19
[  210151ms] [ERROR] Is Streamlit still running? If you accidentally stopped Streamlit, just restart it in your terminal: @ http://localhost:8512/static/js/index.k-9rUdPI.js:24
[  210152ms] [ERROR] Failed to load resource: net::ERR_CONNECTION_REFUSED @ http://localhost:8512/_stcore/host-config:0
[  212154ms] [ERROR] Failed to load resource: net::ERR_CONNECTION_REFUSED @ http://localhost:8512/_stcore/health:0
[  212154ms] [ERROR] Client Error in reaching server endpoint - No response received when attempting to reach /_stcore/health @ http://localhost:8512/static/js/index.k-9rUdPI.js:19
[  212154ms] [ERROR] Is Streamlit still running? If you accidentally stopped Streamlit, just restart it in your terminal: @ http://localhost:8512/static/js/index.k-9rUdPI.js:24
[  212154ms] [ERROR] Failed to load resource: net::ERR_CONNECTION_REFUSED @ http://localhost:8512/_stcore/host-config:0
[  214157ms] [ERROR] Failed to load resource: net::ERR_CONNECTION_REFUSED @ http://localhost:8512/_stcore/health:0
[  214157ms] [ERROR] Client Error in reaching server endpoint - No response received when attempting to reach /_stcore/health @ http://localhost:8512/static/js/index.k-9rUdPI.js:19
[  214157ms] [ERROR] Is Streamlit still running? If you accidentally stopped Streamlit, just restart it in your terminal: @ http://localhost:8512/static/js/index.k-9rUdPI.js:24
[  214158ms] [ERROR] Failed to load resource: net::ERR_CONNECTION_REFUSED @ http://localhost:8512/_stcore/host-config:0
[  216161ms] [ERROR] Failed to load resource: net::ERR_CONNECTION_REFUSED @ http://localhost:8512/_stcore/health:0
[  216161ms] [ERROR] Client Error in reaching server endpoint - No response received when attempting to reach /_stcore/health @ http://localhost:8512/static/js/index.k-9rUdPI.js:19
[  216162ms] [ERROR] Is Streamlit still running? If you accidentally stopped Streamlit, just restart it in your terminal: @ http://localhost:8512/static/js/index.k-9rUdPI.js:24
[  216162ms] [ERROR] Failed to load resource: net::ERR_CONNECTION_REFUSED @ http://localhost:8512/_stcore/host-config:0
[  218164ms] [ERROR] Failed to load resource: net::ERR_CONNECTION_REFUSED @ http://localhost:8512/_stcore/health:0
[  218164ms] [ERROR] Client Error in reaching server endpoint - No response received when attempting to reach /_stcore/health @ http://localhost:8512/static/js/index.k-9rUdPI.js:19
[  218164ms] [ERROR] Is Streamlit still running? If you accidentally stopped Streamlit, just restart it in your terminal: @ http://localhost:8512/static/js/index.k-9rUdPI.js:24
[  218164ms] [ERROR] Failed to load resource: net::ERR_CONNECTION_REFUSED @ http://localhost:8512/_stcore/host-config:0
[  220169ms] [ERROR] Failed to load resource: net::ERR_CONNECTION_REFUSED @ http://localhost:8512/_stcore/health:0
[  220169ms] [ERROR] Client Error in reaching server endpoint - No response received when attempting to reach /_stcore/health @ http://localhost:8512/static/js/index.k-9rUdPI.js:19
[  220169ms] [ERROR] Is Streamlit still running? If you accidentally stopped Streamlit, just restart it in your terminal: @ http://localhost:8512/static/js/index.k-9rUdPI.js:24
[  220170ms] [ERROR] Failed to load resource: net::ERR_CONNECTION_REFUSED @ http://localhost:8512/_stcore/host-config:0
[  222174ms] [ERROR] Failed to load resource: net::ERR_CONNECTION_REFUSED @ http://localhost:8512/_stcore/health:0
[  222174ms] [ERROR] Client Error in reaching server endpoint - No response received when attempting to reach /_stcore/health @ http://localhost:8512/static/js/index.k-9rUdPI.js:19
[  222175ms] [ERROR] Is Streamlit still running? If you accidentally stopped Streamlit, just restart it in your terminal: @ http://localhost:8512/static/js/index.k-9rUdPI.js:24
[  222175ms] [ERROR] Failed to load resource: net::ERR_CONNECTION_REFUSED @ http://localhost:8512/_stcore/host-config:0
[  224178ms] [ERROR] Failed to load resource: net::ERR_CONNECTION_REFUSED @ http://localhost:8512/_stcore/health:0
[  224178ms] [ERROR] Client Error in reaching server endpoint - No response received when attempting to reach /_stcore/health @ http://localhost:8512/static/js/index.k-9rUdPI.js:19
[  224178ms] [ERROR] Is Streamlit still running? If you accidentally stopped Streamlit, just restart it in your terminal: @ http://localhost:8512/static/js/index.k-9rUdPI.js:24
[  224179ms] [ERROR] Failed to load resource: net::ERR_CONNECTION_REFUSED @ http://localhost:8512/_stcore/host-config:0
[  226183ms] [ERROR] Failed to load resource: net::ERR_CONNECTION_REFUSED @ http://localhost:8512/_stcore/health:0
[  226183ms] [ERROR] Client Error in reaching server endpoint - No response received when attempting to reach /_stcore/health @ http://localhost:8512/static/js/index.k-9rUdPI.js:19
[  226183ms] [ERROR] Is Streamlit still running? If you accidentally stopped Streamlit, just restart it in your terminal: @ http://localhost:8512/static/js/index.k-9rUdPI.js:24
[  226184ms] [ERROR] Failed to load resource: net::ERR_CONNECTION_REFUSED @ http://localhost:8512/_stcore/host-config:0
[  228187ms] [ERROR] Failed to load resource: net::ERR_CONNECTION_REFUSED @ http://localhost:8512/_stcore/health:0
[  228187ms] [ERROR] Client Error in reaching server endpoint - No response received when attempting to reach /_stcore/health @ http://localhost:8512/static/js/index.k-9rUdPI.js:19
[  228187ms] [ERROR] Is Streamlit still running? If you accidentally stopped Streamlit, just restart it in your terminal: @ http://localhost:8512/static/js/index.k-9rUdPI.js:24
[  228187ms] [ERROR] Failed to load resource: net::ERR_CONNECTION_REFUSED @ http://localhost:8512/_stcore/host-config:0
[  230192ms] [ERROR] Failed to load resource: net::ERR_CONNECTION_REFUSED @ http://localhost:8512/_stcore/health:0
[  230192ms] [ERROR] Client Error in reaching server endpoint - No response received when attempting to reach /_stcore/health @ http://localhost:8512/static/js/index.k-9rUdPI.js:19
[  230193ms] [ERROR] Is Streamlit still running? If you accidentally stopped Streamlit, just restart it in your terminal: @ http://localhost:8512/static/js/index.k-9rUdPI.js:24
[  230193ms] [ERROR] Failed to load resource: net::ERR_CONNECTION_REFUSED @ http://localhost:8512/_stcore/host-config:0
[  232198ms] [ERROR] Failed to load resource: net::ERR_CONNECTION_REFUSED @ http://localhost:8512/_stcore/health:0
[  232198ms] [ERROR] Client Error in reaching server endpoint - No response received when attempting to reach /_stcore/health @ http://localhost:8512/static/js/index.k-9rUdPI.js:19
[  232198ms] [ERROR] Is Streamlit still running? If you accidentally stopped Streamlit, just restart it in your terminal: @ http://localhost:8512/static/js/index.k-9rUdPI.js:24
[  232198ms] [ERROR] Failed to load resource: net::ERR_CONNECTION_REFUSED @ http://localhost:8512/_stcore/host-config:0
[  234202ms] [ERROR] Failed to load resource: net::ERR_CONNECTION_REFUSED @ http://localhost:8512/_stcore/health:0
[  234202ms] [ERROR] Client Error in reaching server endpoint - No response received when attempting to reach /_stcore/health @ http://localhost:8512/static/js/index.k-9rUdPI.js:19
[  234202ms] [ERROR] Is Streamlit still running? If you accidentally stopped Streamlit, just restart it in your terminal: @ http://localhost:8512/static/js/index.k-9rUdPI.js:24
[  234202ms] [ERROR] Failed to load resource: net::ERR_CONNECTION_REFUSED @ http://localhost:8512/_stcore/host-config:0
[  236207ms] [ERROR] Failed to load resource: net::ERR_CONNECTION_REFUSED @ http://localhost:8512/_stcore/health:0
[  236207ms] [ERROR] Client Error in reaching server endpoint - No response received when attempting to reach /_stcore/health @ http://localhost:8512/static/js/index.k-9rUdPI.js:19
[  236207ms] [ERROR] Is Streamlit still running? If you accidentally stopped Streamlit, just restart it in your terminal: @ http://localhost:8512/static/js/index.k-9rUdPI.js:24
[  236207ms] [ERROR] Failed to load resource: net::ERR_CONNECTION_REFUSED @ http://localhost:8512/_stcore/host-config:0
