[    1232ms] [WARNING] WARN Dropping "fit-x" because spec has discrete width. @ http://localhost:8501/static/js/embed.BwU7eQR9.js:0
[    1245ms] [WARNING] WARN Dropping "fit-x" because spec has discrete width. @ http://localhost:8501/static/js/embed.BwU7eQR9.js:0
[    1249ms] [WARNING] WARN Infinite extent for field "pl_bi_start": [Infinity, -Infinity] @ http://localhost:8501/static/js/embed.BwU7eQR9.js:0
[    1249ms] [WARNING] WARN Infinite extent for field "pl_bi_end": [Infinity, -Infinity] @ http://localhost:8501/static/js/embed.BwU7eQR9.js:0
[    1249ms] [WARNING] WARN Infinite extent for field "median_pct": [Infinity, -Infinity] @ http://localhost:8501/static/js/embed.BwU7eQR9.js:0
[    1252ms] [WARNING] WARN Dropping "fit-x" because spec has discrete width. @ http://localhost:8501/static/js/embed.BwU7eQR9.js:0
[    1254ms] [WARNING] WARN Infinite extent for field "pl_bi_start": [Infinity, -Infinity] @ http://localhost:8501/static/js/embed.BwU7eQR9.js:0
[    1254ms] [WARNING] WARN Infinite extent for field "pl_bi_end": [Infinity, -Infinity] @ http://localhost:8501/static/js/embed.BwU7eQR9.js:0
[    1254ms] [WARNING] WARN Infinite extent for field "actual_median_pct": [Infinity, -Infinity] @ http://localhost:8501/static/js/embed.BwU7eQR9.js:0
[    1257ms] [WARNING] WARN Dropping "fit-x" because spec has discrete width. @ http://localhost:8501/static/js/embed.BwU7eQR9.js:0
[    1259ms] [WARNING] WARN Infinite extent for field "volume_bi_start": [Infinity, -Infinity] @ http://localhost:8501/static/js/embed.BwU7eQR9.js:0
[    1259ms] [WARNING] WARN Infinite extent for field "volume_bi_end": [Infinity, -Infinity] @ http://localhost:8501/static/js/embed.BwU7eQR9.js:0
[    1259ms] [WARNING] WARN Infinite extent for field "median_spread": [Infinity, -Infinity] @ http://localhost:8501/static/js/embed.BwU7eQR9.js:0
[   57478ms] [WARNING] WARN Dropping "fit-x" because spec has discrete width. @ http://localhost:8501/static/js/embed.BwU7eQR9.js:0
[   57484ms] [WARNING] WARN Dropping "fit-x" because spec has discrete width. @ http://localhost:8501/static/js/embed.BwU7eQR9.js:0
[   57486ms] [WARNING] WARN Infinite extent for field "pl_bi_start": [Infinity, -Infinity] @ http://localhost:8501/static/js/embed.BwU7eQR9.js:0
[   57486ms] [WARNING] WARN Infinite extent for field "pl_bi_end": [Infinity, -Infinity] @ http://localhost:8501/static/js/embed.BwU7eQR9.js:0
[   57486ms] [WARNING] WARN Infinite extent for field "median_pct": [Infinity, -Infinity] @ http://localhost:8501/static/js/embed.BwU7eQR9.js:0
[   57488ms] [WARNING] WARN Dropping "fit-x" because spec has discrete width. @ http://localhost:8501/static/js/embed.BwU7eQR9.js:0
[   57491ms] [WARNING] WARN Infinite extent for field "pl_bi_start": [Infinity, -Infinity] @ http://localhost:8501/static/js/embed.BwU7eQR9.js:0
[   57491ms] [WARNING] WARN Infinite extent for field "pl_bi_end": [Infinity, -Infinity] @ http://localhost:8501/static/js/embed.BwU7eQR9.js:0
[   57491ms] [WARNING] WARN Infinite extent for field "actual_median_pct": [Infinity, -Infinity] @ http://localhost:8501/static/js/embed.BwU7eQR9.js:0
[   57492ms] [WARNING] WARN Dropping "fit-x" because spec has discrete width. @ http://localhost:8501/static/js/embed.BwU7eQR9.js:0
[   57494ms] [WARNING] WARN Infinite extent for field "volume_bi_start": [Infinity, -Infinity] @ http://localhost:8501/static/js/embed.BwU7eQR9.js:0
[   57494ms] [WARNING] WARN Infinite extent for field "volume_bi_end": [Infinity, -Infinity] @ http://localhost:8501/static/js/embed.BwU7eQR9.js:0
[   57494ms] [WARNING] WARN Infinite extent for field "median_spread": [Infinity, -Infinity] @ http://localhost:8501/static/js/embed.BwU7eQR9.js:0
[   91158ms] [WARNING] WARN Dropping "fit-x" because spec has discrete width. @ http://localhost:8501/static/js/embed.BwU7eQR9.js:0
[   91166ms] [WARNING] WARN Dropping "fit-x" because spec has discrete width. @ http://localhost:8501/static/js/embed.BwU7eQR9.js:0
[   91169ms] [WARNING] WARN Infinite extent for field "pl_bi_start": [Infinity, -Infinity] @ http://localhost:8501/static/js/embed.BwU7eQR9.js:0
[   91169ms] [WARNING] WARN Infinite extent for field "pl_bi_end": [Infinity, -Infinity] @ http://localhost:8501/static/js/embed.BwU7eQR9.js:0
[   91169ms] [WARNING] WARN Infinite extent for field "median_pct": [Infinity, -Infinity] @ http://localhost:8501/static/js/embed.BwU7eQR9.js:0
[   91171ms] [WARNING] WARN Dropping "fit-x" because spec has discrete width. @ http://localhost:8501/static/js/embed.BwU7eQR9.js:0
[   91173ms] [WARNING] WARN Infinite extent for field "pl_bi_start": [Infinity, -Infinity] @ http://localhost:8501/static/js/embed.BwU7eQR9.js:0
[   91173ms] [WARNING] WARN Infinite extent for field "pl_bi_end": [Infinity, -Infinity] @ http://localhost:8501/static/js/embed.BwU7eQR9.js:0
[   91173ms] [WARNING] WARN Infinite extent for field "actual_median_pct": [Infinity, -Infinity] @ http://localhost:8501/static/js/embed.BwU7eQR9.js:0
[   91175ms] [WARNING] WARN Dropping "fit-x" because spec has discrete width. @ http://localhost:8501/static/js/embed.BwU7eQR9.js:0
[   91177ms] [WARNING] WARN Infinite extent for field "volume_bi_start": [Infinity, -Infinity] @ http://localhost:8501/static/js/embed.BwU7eQR9.js:0
[   91177ms] [WARNING] WARN Infinite extent for field "volume_bi_end": [Infinity, -Infinity] @ http://localhost:8501/static/js/embed.BwU7eQR9.js:0
[   91177ms] [WARNING] WARN Infinite extent for field "median_spread": [Infinity, -Infinity] @ http://localhost:8501/static/js/embed.BwU7eQR9.js:0
[  102711ms] [WARNING] WebSocket onclose @ http://localhost:8501/static/js/index.k-9rUdPI.js:20
[  106227ms] [ERROR] Failed to load resource: net::ERR_CONNECTION_REFUSED @ http://localhost:8501/_stcore/host-config:0
[  106227ms] [ERROR] Failed to load resource: net::ERR_CONNECTION_REFUSED @ http://localhost:8501/_stcore/health:0
[  106329ms] [ERROR] Failed to load resource: net::ERR_CONNECTION_REFUSED @ http://localhost:8501/_stcore/health:0
[  106329ms] [ERROR] Failed to load resource: net::ERR_CONNECTION_REFUSED @ http://localhost:8501/_stcore/host-config:0
[  106507ms] [ERROR] Failed to load resource: net::ERR_CONNECTION_REFUSED @ http://localhost:8501/_stcore/health:0
[  106507ms] [ERROR] Failed to load resource: net::ERR_CONNECTION_REFUSED @ http://localhost:8501/_stcore/host-config:0
[  106937ms] [ERROR] Failed to load resource: net::ERR_CONNECTION_REFUSED @ http://localhost:8501/_stcore/health:0
[  106937ms] [ERROR] Failed to load resource: net::ERR_CONNECTION_REFUSED @ http://localhost:8501/_stcore/host-config:0
[  107622ms] [ERROR] Failed to load resource: net::ERR_CONNECTION_REFUSED @ http://localhost:8501/_stcore/health:0
[  107622ms] [ERROR] Failed to load resource: net::ERR_CONNECTION_REFUSED @ http://localhost:8501/_stcore/host-config:0
[  108990ms] [ERROR] Failed to load resource: net::ERR_CONNECTION_REFUSED @ http://localhost:8501/_stcore/health:0
[  108990ms] [ERROR] Client Error in reaching server endpoint - No response received when attempting to reach /_stcore/health @ http://localhost:8501/static/js/index.k-9rUdPI.js:19
[  108991ms] [ERROR] Is Streamlit still running? If you accidentally stopped Streamlit, just restart it in your terminal: @ http://localhost:8501/static/js/index.k-9rUdPI.js:24
[  108991ms] [ERROR] Failed to load resource: net::ERR_CONNECTION_REFUSED @ http://localhost:8501/_stcore/host-config:0
[  109019ms] [ERROR] Failed to load resource: net::ERR_CONNECTION_REFUSED @ http://localhost:8501/static/media/SourceCodeVF-Upright.ttf.BjWn63N-.woff2:0
